#
# A fatal error has been detected by the Java Runtime Environment:
#
#  SIGSEGV (0xb) at pc=0x00007fdf390690ba, pid=6040, tid=140596370683648
#
# JRE version: Java(TM) SE Runtime Environment (8.0_31-b13) (build 1.8.0_31-b13)
# Java VM: Java HotSpot(TM) 64-Bit Server VM (25.31-b07 mixed mode linux-amd64 compressed oops)
# Problematic frame:
# v  ~BufferBlob::jni_fast_GetLongField
#
# Failed to write core dump. Core dumps have been disabled. To enable core dumping, try "ulimit -c unlimited" before starting Java again
#
# If you would like to submit a bug report, please visit:
#   http://bugreport.java.com/bugreport/crash.jsp
# The crash happened outside the Java Virtual Machine in native code.
# See problematic frame for where to report the bug.
#

---------------  T H R E A D  ---------------

Current thread (0x00007fdf48225000):  JavaThread "AWT-XAWT" daemon [_thread_in_native, id=6060, stack(0x00007fdf24ab3000,0x00007fdf24bb4000)]

siginfo: si_signo: 11 (SIGSEGV), si_code: 1 (SEGV_MAPERR), si_addr: 0x0000000000000000

Registers:
RAX=0x00007fdf4e5cd2e0, RBX=0x00007fdf482251e8, RCX=0x00007fdf4f027320, RDX=0x0000000000000042
RSP=0x00007fdf24bb24f8, RBP=0x00007fdf24bb2520, RSI=0x0000000000000000, RDI=0x00007fdf482251e8
R8 =0x0000000000000005, R9 =0x0000000000000000, R10=0x0000000000000022, R11=0x00007fdf393b8bd8
R12=0x00007fdee400d4f0, R13=0x0000000000000000, R14=0x00007fdf2693c7c0, R15=0x00007fdf48225000
RIP=0x00007fdf390690ba, EFLAGS=0x0000000000010246, CSGSFS=0x0000000000000033, ERR=0x0000000000000004
  TRAPNO=0x000000000000000e

Top of Stack: (sp=0x00007fdf24bb24f8)
0x00007fdf24bb24f8:   00007fdf2671b0a1 00007fdf3518bc00
0x00007fdf24bb2508:   00007fdee400d4f0 00007fdf24bb25d0
0x00007fdf24bb2518:   00007fdf24bb25a0 0000000000000000
0x00007fdf24bb2528:   00007fdf261feae8 00007fdf3518bc00
0x00007fdf24bb2538:   00007fdf24bb2560 0000000000000000
0x00007fdf24bb2548:   00007fdf261f69a3 00007fdf24bb25d0
0x00007fdf24bb2558:   00007fdf2671439f 00007fdf24bb25b0
0x00007fdf24bb2568:   00007fdf393b8c76 0000000000000000
0x00007fdf24bb2578:   00007fdf3929cef6 00007fdf24bb25d0
0x00007fdf24bb2588:   00007fdf391749ec 00007fdf24bb2630
0x00007fdf24bb2598:   00000000e21105f8 00000000e2013270
0x00007fdf24bb25a8:   0000000000000001 00007fdf24bb2630
0x00007fdf24bb25b8:   00007fdf39007160 00007fdf24bb2630
0x00007fdf24bb25c8:   00007fdf39007160 0000000000000000
0x00007fdf24bb25d8:   00007fdf390074a0 00007fdef8000e30
0x00007fdf24bb25e8:   00000000e2159f20 00007fdf24bb25f0
0x00007fdf24bb25f8:   00007fdf3531b074 00007fdf24bb2678
0x00007fdf24bb2608:   00007fdf353247f0 0000000000000000
0x00007fdf24bb2618:   00007fdf3531b1a8 00007fdf24bb25d0
0x00007fdf24bb2628:   00007fdf24bb2670 00007fdf24bb26c0
0x00007fdf24bb2638:   00007fdf3900798d 0000000000000000
0x00007fdf24bb2648:   00000000e2593ac8 0000000000000000
0x00007fdf24bb2658:   0000000000000000 0000000000000000
0x00007fdf24bb2668:   00000000e2159f20 0000000000000000
0x00007fdf24bb2678:   00000000e2111170 00007fdf24bb2680
0x00007fdf24bb2688:   00007fdf3531aeb5 00007fdf24bb26d0
0x00007fdf24bb2698:   00007fdf353247f0 0000000000000000
0x00007fdf24bb26a8:   00007fdf3531aec0 00007fdf24bb2670
0x00007fdf24bb26b8:   00007fdf24bb26d0 00007fdf24bb2718
0x00007fdf24bb26c8:   00007fdf390079d2 00000000e2111170
0x00007fdf24bb26d8:   00007fdf24bb26d8 00007fdf34e94c93
0x00007fdf24bb26e8:   00007fdf24bb2728 00007fdf34f07b78 

Instructions: (pc=0x00007fdf390690ba)
0x00007fdf3906909a:   00 00 00 00 00 00 44 8b 15 21 b7 59 15 4c 8b ce
0x00007fdf390690aa:   41 f6 c2 01 0f 85 2e 00 00 00 4d 33 ca 4d 33 ca
0x00007fdf390690ba:   4d 8b 09 4c 8b da 49 c1 eb 02 4b 8b 04 19 49 bb
0x00007fdf390690ca:   c8 47 60 4e df 7f 00 00 4c 33 d8 4c 33 d8 45 3b 

Register to memory mapping:

RAX=0x00007fdf4e5cd2e0: <offset 0xf242e0> in /usr/lib/jvm/java-8-oracle/jre/lib/amd64/server/libjvm.so at 0x00007fdf4d6a9000
RBX=0x00007fdf482251e8 is an unknown value
RCX=0x00007fdf4f027320: <offset 0x219320> in /lib/x86_64-linux-gnu/libpthread.so.0 at 0x00007fdf4ee0e000
RDX=0x0000000000000042 is an unknown value
RSP=0x00007fdf24bb24f8 is pointing into the stack for thread: 0x00007fdf48225000
RBP=0x00007fdf24bb2520 is pointing into the stack for thread: 0x00007fdf48225000
RSI=0x0000000000000000 is an unknown value
RDI=0x00007fdf482251e8 is an unknown value
R8 =0x0000000000000005 is an unknown value
R9 =0x0000000000000000 is an unknown value
R10=0x0000000000000022 is an unknown value
R11=0x00007fdf393b8bd8 is at entry_point+24 in (nmethod*)0x00007fdf393b8a50
R12=0x00007fdee400d4f0 is an unknown value
R13=0x0000000000000000 is an unknown value
R14=0x00007fdf2693c7c0: <offset 0x2587c0> in /usr/lib/jvm/java-8-oracle/jre/lib/amd64/libawt_xawt.so at 0x00007fdf266e4000
R15=0x00007fdf48225000 is a thread


Stack: [0x00007fdf24ab3000,0x00007fdf24bb4000],  sp=0x00007fdf24bb24f8,  free space=1021k
Native frames: (J=compiled Java code, j=interpreted, Vv=VM code, C=native code)
v  ~BufferBlob::jni_fast_GetLongField
C  [libX11.so.6+0x61ae8]  _XimServerDestroy+0x58

Java frames: (J=compiled Java code, j=interpreted, Vv=VM code)
J 1025  sun.awt.X11.XlibWrapper.XFilterEvent(JJ)Z (0 bytes) @ 0x00007fdf393b8c04 [0x00007fdf393b8bc0+0x44]
j  sun.awt.X11.XToolkit.run(Z)V+300
j  sun.awt.X11.XToolkit.run()V+5
j  java.lang.Thread.run()V+11
v  ~StubRoutines::call_stub

---------------  P R O C E S S  ---------------

Java Threads: ( => current thread )
  0x00007fdf48009800 JavaThread "DestroyJavaVM" [_thread_blocked, id=6042, stack(0x00007fdf4f12a000,0x00007fdf4f22b000)]
  0x00007fdf4837d000 JavaThread "AWT-EventQueue-0" [_thread_blocked, id=6063, stack(0x00007fdef3cff000,0x00007fdef3e00000)]
  0x00007fdf4837b800 JavaThread "AWT-Shutdown" [_thread_blocked, id=6062, stack(0x00007fdf24078000,0x00007fdf24179000)]
=>0x00007fdf48225000 JavaThread "AWT-XAWT" daemon [_thread_in_native, id=6060, stack(0x00007fdf24ab3000,0x00007fdf24bb4000)]
  0x00007fdf48202000 JavaThread "Java2D Disposer" daemon [_thread_blocked, id=6059, stack(0x00007fdf24fc4000,0x00007fdf250c5000)]
  0x00007fdf480b3000 JavaThread "Service Thread" daemon [_thread_blocked, id=6057, stack(0x00007fdf26d10000,0x00007fdf26e11000)]
  0x00007fdf480b0000 JavaThread "C1 CompilerThread2" daemon [_thread_blocked, id=6056, stack(0x00007fdf26e11000,0x00007fdf26f12000)]
  0x00007fdf480ae800 JavaThread "C2 CompilerThread1" daemon [_thread_blocked, id=6055, stack(0x00007fdf26f12000,0x00007fdf27013000)]
  0x00007fdf480ab800 JavaThread "C2 CompilerThread0" daemon [_thread_blocked, id=6054, stack(0x00007fdf27013000,0x00007fdf27114000)]
  0x00007fdf480a9800 JavaThread "Signal Dispatcher" daemon [_thread_blocked, id=6053, stack(0x00007fdf27114000,0x00007fdf27215000)]
  0x00007fdf4807c000 JavaThread "Finalizer" daemon [_thread_blocked, id=6052, stack(0x00007fdf278f9000,0x00007fdf279fa000)]
  0x00007fdf4807a000 JavaThread "Reference Handler" daemon [_thread_blocked, id=6051, stack(0x00007fdf279fa000,0x00007fdf27afb000)]

Other Threads:
  0x00007fdf48075000 VMThread [stack: 0x00007fdf27afb000,0x00007fdf27bfc000] [id=6050]
  0x00007fdf480ba000 WatcherThread [stack: 0x00007fdf26c0f000,0x00007fdf26d10000] [id=6058]

VM state:not at safepoint (normal execution)

VM Mutex/Monitor currently owned by a thread: None

Heap:
 PSYoungGen      total 27648K, used 8196K [0x00000000e1f00000, 0x00000000e3d80000, 0x0000000100000000)
  eden space 24064K, 34% used [0x00000000e1f00000,0x00000000e27010f8,0x00000000e3680000)
  from space 3584K, 0% used [0x00000000e3a00000,0x00000000e3a00000,0x00000000e3d80000)
  to   space 3584K, 0% used [0x00000000e3680000,0x00000000e3680000,0x00000000e3a00000)
 ParOldGen       total 62976K, used 0K [0x00000000a5c00000, 0x00000000a9980000, 0x00000000e1f00000)
  object space 62976K, 0% used [0x00000000a5c00000,0x00000000a5c00000,0x00000000a9980000)
 Metaspace       used 14787K, capacity 15048K, committed 15232K, reserved 1062912K
  class space    used 1808K, capacity 1869K, committed 1920K, reserved 1048576K

Card table byte_map: [0x00007fdf4c036000,0x00007fdf4c309000] byte_map_base: 0x00007fdf4bb08000

Marking Bits: (ParMarkBitMap*) 0x00007fdf4e6042a0
 Begin Bits: [0x00007fdf3593a000, 0x00007fdf36fca000)
 End Bits:   [0x00007fdf36fca000, 0x00007fdf3865a000)

Polling page: 0x00007fdf4f24b000

CodeCache: size=245760Kb used=3868Kb max_used=3868Kb free=241891Kb
 bounds [0x00007fdf39000000, 0x00007fdf393d0000, 0x00007fdf48000000]
 total_blobs=1621 nmethods=1053 adapters=483
 compilation: enabled

Compilation events (10 events):
Event: 5281,247 Thread 0x00007fdf480b0000 1049  s    3       java.util.Vector::toArray (12 bytes)
Event: 5281,247 Thread 0x00007fdf480b0000 nmethod 1049 0x00007fdf393c3e10 code [0x00007fdf393c3f80, 0x00007fdf393c4388]
Event: 6654,267 Thread 0x00007fdf480b0000 1050   !   3       sun.awt.X11.XToolkit$1::dispatchEvent (34 bytes)
Event: 6654,269 Thread 0x00007fdf480b0000 nmethod 1050 0x00007fdf393c5dd0 code [0x00007fdf393c6020, 0x00007fdf393c6e38]
Event: 6654,269 Thread 0x00007fdf480b0000 1051       3       sun.awt.X11.XMSelection$1::dispatchEvent (10 bytes)
Event: 6654,270 Thread 0x00007fdf480b0000 nmethod 1051 0x00007fdf393c3510 code [0x00007fdf393c36c0, 0x00007fdf393c3b18]
Event: 6654,270 Thread 0x00007fdf480b0000 1052       3       sun.awt.X11.XMSelection::processRootEvent (32 bytes)
Event: 6654,270 Thread 0x00007fdf480b0000 nmethod 1052 0x00007fdf393c2d10 code [0x00007fdf393c2ec0, 0x00007fdf393c3298]
Event: 9956,328 Thread 0x00007fdf480b0000 1053       3       sun.awt.XSettings$Update::needBytes (65 bytes)
Event: 9956,329 Thread 0x00007fdf480b0000 nmethod 1053 0x00007fdf393c7510 code [0x00007fdf393c7740, 0x00007fdf393c83b8]

GC Heap History (0 events):
No events

Deoptimization events (4 events):
Event: 0,480 Thread 0x00007fdf48009800 Uncommon trap: reason=class_check action=maybe_recompile pc=0x00007fdf391a963c method=java.io.DataInputStream.readInt()I @ 4
Event: 0,480 Thread 0x00007fdf48009800 Uncommon trap: reason=class_check action=maybe_recompile pc=0x00007fdf391a963c method=java.io.DataInputStream.readInt()I @ 4
Event: 0,480 Thread 0x00007fdf48009800 Uncommon trap: reason=class_check action=maybe_recompile pc=0x00007fdf391a963c method=java.io.DataInputStream.readInt()I @ 4
Event: 0,480 Thread 0x00007fdf48009800 Uncommon trap: reason=class_check action=maybe_recompile pc=0x00007fdf391a963c method=java.io.DataInputStream.readInt()I @ 4

Internal exceptions (10 events):
Event: 0,506 Thread 0x00007fdf48009800 Exception <a 'java/security/PrivilegedActionException'> (0x00000000e2335070) thrown at [/HUDSON/workspace/8-2-build-linux-amd64/jdk8u31/2394/hotspot/src/share/vm/prims/jvm.cpp, line 1312]
Event: 0,507 Thread 0x00007fdf48009800 Exception <a 'java/security/PrivilegedActionException'> (0x00000000e23392f0) thrown at [/HUDSON/workspace/8-2-build-linux-amd64/jdk8u31/2394/hotspot/src/share/vm/prims/jvm.cpp, line 1312]
Event: 0,507 Thread 0x00007fdf48009800 Exception <a 'java/security/PrivilegedActionException'> (0x00000000e233d370) thrown at [/HUDSON/workspace/8-2-build-linux-amd64/jdk8u31/2394/hotspot/src/share/vm/prims/jvm.cpp, line 1312]
Event: 0,507 Thread 0x00007fdf48009800 Exception <a 'java/security/PrivilegedActionException'> (0x00000000e2341708) thrown at [/HUDSON/workspace/8-2-build-linux-amd64/jdk8u31/2394/hotspot/src/share/vm/prims/jvm.cpp, line 1312]
Event: 0,508 Thread 0x00007fdf48009800 Exception <a 'java/security/PrivilegedActionException'> (0x00000000e23457e8) thrown at [/HUDSON/workspace/8-2-build-linux-amd64/jdk8u31/2394/hotspot/src/share/vm/prims/jvm.cpp, line 1312]
Event: 0,508 Thread 0x00007fdf48009800 Exception <a 'java/security/PrivilegedActionException'> (0x00000000e23497d0) thrown at [/HUDSON/workspace/8-2-build-linux-amd64/jdk8u31/2394/hotspot/src/share/vm/prims/jvm.cpp, line 1312]
Event: 0,528 Thread 0x00007fdf48009800 Exception <a 'java/security/PrivilegedActionException'> (0x00000000e235e060) thrown at [/HUDSON/workspace/8-2-build-linux-amd64/jdk8u31/2394/hotspot/src/share/vm/prims/jvm.cpp, line 1312]
Event: 0,716 Thread 0x00007fdf48009800 Exception <a 'java/security/PrivilegedActionException'> (0x00000000e24911f0) thrown at [/HUDSON/workspace/8-2-build-linux-amd64/jdk8u31/2394/hotspot/src/share/vm/prims/jvm.cpp, line 1312]
Event: 0,717 Thread 0x00007fdf48009800 Exception <a 'java/security/PrivilegedActionException'> (0x00000000e2495b98) thrown at [/HUDSON/workspace/8-2-build-linux-amd64/jdk8u31/2394/hotspot/src/share/vm/prims/jvm.cpp, line 1312]
Event: 1,035 Thread 0x00007fdf4837d000 Exception <a 'java/lang/UnsupportedOperationException': > (0x00000000e24cd0d0) thrown at [/HUDSON/workspace/8-2-build-linux-amd64/jdk8u31/2394/hotspot/src/share/vm/prims/jni.cpp, line 742]

Events (10 events):
Event: 7,924 loading class sun/awt/X11/XErrorEvent
Event: 7,925 loading class sun/awt/X11/XErrorEvent done
Event: 3297,925 loading class sun/awt/X11/XkbEvent
Event: 3297,937 loading class sun/awt/X11/XkbEvent done
Event: 3297,937 loading class sun/awt/X11/XkbAnyEvent
Event: 3297,937 loading class sun/awt/X11/XkbAnyEvent done
Event: 9956,316 loading class sun/awt/X11/XAWTXSettings$1
Event: 9956,337 loading class sun/awt/X11/XAWTXSettings$1 done
Event: 9956,475 loading class sun/awt/X11/XDestroyWindowEvent
Event: 9956,605 loading class sun/awt/X11/XDestroyWindowEvent done


Dynamic libraries:
00400000-00401000 r-xp 00000000 08:06 3149874                            /usr/lib/jvm/java-8-oracle/bin/java
00600000-00601000 rw-p 00000000 08:06 3149874                            /usr/lib/jvm/java-8-oracle/bin/java
01ee8000-01f09000 rw-p 00000000 00:00 0                                  [heap]
a5c00000-a9980000 rw-p 00000000 00:00 0 
a9980000-e1f00000 ---p 00000000 00:00 0 
e1f00000-e3d80000 rw-p 00000000 00:00 0 
e3d80000-100000000 ---p 00000000 00:00 0 
100000000-1001e0000 rw-p 00000000 00:00 0 
1001e0000-140000000 ---p 00000000 00:00 0 
7fdee4000000-7fdee4037000 rw-p 00000000 00:00 0 
7fdee4037000-7fdee8000000 ---p 00000000 00:00 0 
7fdeec000000-7fdeec021000 rw-p 00000000 00:00 0 
7fdeec021000-7fdef0000000 ---p 00000000 00:00 0 
7fdef3aff000-7fdef3bff000 rw-p 00000000 00:00 0 
7fdef3bff000-7fdef3cff000 ---p 00000000 00:00 0 
7fdef3cff000-7fdef3d02000 ---p 00000000 00:00 0 
7fdef3d02000-7fdef4000000 rw-p 00000000 00:00 0                          [stack:6063]
7fdef4000000-7fdef4021000 rw-p 00000000 00:00 0 
7fdef4021000-7fdef8000000 ---p 00000000 00:00 0 
7fdef8000000-7fdef8026000 rw-p 00000000 00:00 0 
7fdef8026000-7fdefc000000 ---p 00000000 00:00 0 
7fdefc000000-7fdefc021000 rw-p 00000000 00:00 0 
7fdefc021000-7fdf00000000 ---p 00000000 00:00 0 
7fdf00000000-7fdf00021000 rw-p 00000000 00:00 0 
7fdf00021000-7fdf04000000 ---p 00000000 00:00 0 
7fdf04000000-7fdf040ca000 rw-p 00000000 00:00 0 
7fdf040ca000-7fdf08000000 ---p 00000000 00:00 0 
7fdf08000000-7fdf086cf000 rw-p 00000000 00:00 0 
7fdf086cf000-7fdf0c000000 ---p 00000000 00:00 0 
7fdf0c000000-7fdf0c021000 rw-p 00000000 00:00 0 
7fdf0c021000-7fdf10000000 ---p 00000000 00:00 0 
7fdf10000000-7fdf100c6000 rw-p 00000000 00:00 0 
7fdf100c6000-7fdf14000000 ---p 00000000 00:00 0 
7fdf14000000-7fdf14021000 rw-p 00000000 00:00 0 
7fdf14021000-7fdf18000000 ---p 00000000 00:00 0 
7fdf18000000-7fdf18021000 rw-p 00000000 00:00 0 
7fdf18021000-7fdf1c000000 ---p 00000000 00:00 0 
7fdf1c000000-7fdf1c021000 rw-p 00000000 00:00 0 
7fdf1c021000-7fdf20000000 ---p 00000000 00:00 0 
7fdf20000000-7fdf20021000 rw-p 00000000 00:00 0 
7fdf20021000-7fdf24000000 ---p 00000000 00:00 0 
7fdf24078000-7fdf2407b000 ---p 00000000 00:00 0 
7fdf2407b000-7fdf24179000 rw-p 00000000 00:00 0                          [stack:6062]
7fdf24179000-7fdf24184000 r--s 00000000 08:06 917788                     /var/cache/fontconfig/945677eb7aeaf62f1d50efc3fb3ec7d8-le64.cache-4
7fdf241e5000-7fdf2424e000 r-xp 00000000 08:06 3149737                    /usr/lib/jvm/java-8-oracle/jre/lib/amd64/libt2k.so
7fdf2424e000-7fdf2444d000 ---p 00069000 08:06 3149737                    /usr/lib/jvm/java-8-oracle/jre/lib/amd64/libt2k.so
7fdf2444d000-7fdf24454000 rw-p 00068000 08:06 3149737                    /usr/lib/jvm/java-8-oracle/jre/lib/amd64/libt2k.so
7fdf24454000-7fdf24464000 rw-p 00000000 00:00 0 
7fdf24464000-7fdf24475000 r-xp 00000000 08:06 3149767                    /usr/lib/jvm/java-8-oracle/jre/lib/amd64/libnio.so
7fdf24475000-7fdf24674000 ---p 00011000 08:06 3149767                    /usr/lib/jvm/java-8-oracle/jre/lib/amd64/libnio.so
7fdf24674000-7fdf24675000 rw-p 00010000 08:06 3149767                    /usr/lib/jvm/java-8-oracle/jre/lib/amd64/libnio.so
7fdf24675000-7fdf2468b000 r-xp 00000000 08:06 3149777                    /usr/lib/jvm/java-8-oracle/jre/lib/amd64/libnet.so
7fdf2468b000-7fdf2488b000 ---p 00016000 08:06 3149777                    /usr/lib/jvm/java-8-oracle/jre/lib/amd64/libnet.so
7fdf2488b000-7fdf2488c000 rw-p 00016000 08:06 3149777                    /usr/lib/jvm/java-8-oracle/jre/lib/amd64/libnet.so
7fdf2488c000-7fdf24a8c000 rw-p 00000000 00:00 0 
7fdf24a91000-7fdf24a92000 r--s 00000000 08:06 917794                     /var/cache/fontconfig/c05880de57d1f5e948fdfacc138775d9-le64.cache-4
7fdf24a92000-7fdf24a98000 r--s 00000000 08:06 917774                     /var/cache/fontconfig/2cd17615ca594fa2959ae173292e504c-le64.cache-4
7fdf24a98000-7fdf24a9f000 r--s 00000000 08:06 917791                     /var/cache/fontconfig/a755afe4a08bf5b97852ceb7400b47bc-le64.cache-4
7fdf24a9f000-7fdf24ab3000 r--s 00000000 08:06 917769                     /var/cache/fontconfig/04aabc0a78ac019cf9454389977116d2-le64.cache-4
7fdf24ab3000-7fdf24ab6000 ---p 00000000 00:00 0 
7fdf24ab6000-7fdf24bb4000 rw-p 00000000 00:00 0                          [stack:6060]
7fdf24bb4000-7fdf24bb9000 r-xp 00000000 08:06 2891577                    /usr/lib/x86_64-linux-gnu/libXfixes.so.3.1.0
7fdf24bb9000-7fdf24db8000 ---p 00005000 08:06 2891577                    /usr/lib/x86_64-linux-gnu/libXfixes.so.3.1.0
7fdf24db8000-7fdf24db9000 r--p 00004000 08:06 2891577                    /usr/lib/x86_64-linux-gnu/libXfixes.so.3.1.0
7fdf24db9000-7fdf24dba000 rw-p 00005000 08:06 2891577                    /usr/lib/x86_64-linux-gnu/libXfixes.so.3.1.0
7fdf24dba000-7fdf24dc3000 r-xp 00000000 08:06 2891569                    /usr/lib/x86_64-linux-gnu/libXcursor.so.1.0.2
7fdf24dc3000-7fdf24fc2000 ---p 00009000 08:06 2891569                    /usr/lib/x86_64-linux-gnu/libXcursor.so.1.0.2
7fdf24fc2000-7fdf24fc3000 r--p 00008000 08:06 2891569                    /usr/lib/x86_64-linux-gnu/libXcursor.so.1.0.2
7fdf24fc3000-7fdf24fc4000 rw-p 00009000 08:06 2891569                    /usr/lib/x86_64-linux-gnu/libXcursor.so.1.0.2
7fdf24fc4000-7fdf24fc7000 ---p 00000000 00:00 0 
7fdf24fc7000-7fdf250c5000 rw-p 00000000 00:00 0                          [stack:6059]
7fdf250c5000-7fdf250db000 r-xp 00000000 08:06 13373313                   /lib/x86_64-linux-gnu/libgcc_s.so.1
7fdf250db000-7fdf252da000 ---p 00016000 08:06 13373313                   /lib/x86_64-linux-gnu/libgcc_s.so.1
7fdf252da000-7fdf252db000 rw-p 00015000 08:06 13373313                   /lib/x86_64-linux-gnu/libgcc_s.so.1
7fdf252db000-7fdf25340000 r-xp 00000000 08:06 3149779                    /usr/lib/jvm/java-8-oracle/jre/lib/amd64/libfontmanager.so
7fdf25340000-7fdf2553f000 ---p 00065000 08:06 3149779                    /usr/lib/jvm/java-8-oracle/jre/lib/amd64/libfontmanager.so
7fdf2553f000-7fdf25543000 rw-p 00064000 08:06 3149779                    /usr/lib/jvm/java-8-oracle/jre/lib/amd64/libfontmanager.so
7fdf25543000-7fdf25554000 rw-p 00000000 00:00 0 
7fdf25554000-7fdf25559000 r-xp 00000000 08:06 2891573                    /usr/lib/x86_64-linux-gnu/libXdmcp.so.6.0.0
7fdf25559000-7fdf25758000 ---p 00005000 08:06 2891573                    /usr/lib/x86_64-linux-gnu/libXdmcp.so.6.0.0
7fdf25758000-7fdf25759000 r--p 00004000 08:06 2891573                    /usr/lib/x86_64-linux-gnu/libXdmcp.so.6.0.0
7fdf25759000-7fdf2575a000 rw-p 00005000 08:06 2891573                    /usr/lib/x86_64-linux-gnu/libXdmcp.so.6.0.0
7fdf2575a000-7fdf2575c000 r-xp 00000000 08:06 2891562                    /usr/lib/x86_64-linux-gnu/libXau.so.6.0.0
7fdf2575c000-7fdf2595c000 ---p 00002000 08:06 2891562                    /usr/lib/x86_64-linux-gnu/libXau.so.6.0.0
7fdf2595c000-7fdf2595d000 r--p 00002000 08:06 2891562                    /usr/lib/x86_64-linux-gnu/libXau.so.6.0.0
7fdf2595d000-7fdf2595e000 rw-p 00003000 08:06 2891562                    /usr/lib/x86_64-linux-gnu/libXau.so.6.0.0
7fdf2595e000-7fdf2597b000 r-xp 00000000 08:06 2892632                    /usr/lib/x86_64-linux-gnu/libxcb.so.1.1.0
7fdf2597b000-7fdf25b7b000 ---p 0001d000 08:06 2892632                    /usr/lib/x86_64-linux-gnu/libxcb.so.1.1.0
7fdf25b7b000-7fdf25b7c000 r--p 0001d000 08:06 2892632                    /usr/lib/x86_64-linux-gnu/libxcb.so.1.1.0
7fdf25b7c000-7fdf25b7d000 rw-p 0001e000 08:06 2892632                    /usr/lib/x86_64-linux-gnu/libxcb.so.1.1.0
7fdf25b7d000-7fdf25b8c000 r-xp 00000000 08:06 2891583                    /usr/lib/x86_64-linux-gnu/libXi.so.6.1.0
7fdf25b8c000-7fdf25d8b000 ---p 0000f000 08:06 2891583                    /usr/lib/x86_64-linux-gnu/libXi.so.6.1.0
7fdf25d8b000-7fdf25d8c000 r--p 0000e000 08:06 2891583                    /usr/lib/x86_64-linux-gnu/libXi.so.6.1.0
7fdf25d8c000-7fdf25d8d000 rw-p 0000f000 08:06 2891583                    /usr/lib/x86_64-linux-gnu/libXi.so.6.1.0
7fdf25d8d000-7fdf25d92000 r-xp 00000000 08:06 2891603                    /usr/lib/x86_64-linux-gnu/libXtst.so.6.1.0
7fdf25d92000-7fdf25f91000 ---p 00005000 08:06 2891603                    /usr/lib/x86_64-linux-gnu/libXtst.so.6.1.0
7fdf25f91000-7fdf25f92000 r--p 00004000 08:06 2891603                    /usr/lib/x86_64-linux-gnu/libXtst.so.6.1.0
7fdf25f92000-7fdf25f93000 rw-p 00005000 08:06 2891603                    /usr/lib/x86_64-linux-gnu/libXtst.so.6.1.0
7fdf25f93000-7fdf25f9c000 r-xp 00000000 08:06 2891597                    /usr/lib/x86_64-linux-gnu/libXrender.so.1.3.0
7fdf25f9c000-7fdf2619b000 ---p 00009000 08:06 2891597                    /usr/lib/x86_64-linux-gnu/libXrender.so.1.3.0
7fdf2619b000-7fdf2619c000 r--p 00008000 08:06 2891597                    /usr/lib/x86_64-linux-gnu/libXrender.so.1.3.0
7fdf2619c000-7fdf2619d000 rw-p 00009000 08:06 2891597                    /usr/lib/x86_64-linux-gnu/libXrender.so.1.3.0
7fdf2619d000-7fdf262cd000 r-xp 00000000 08:06 2891558                    /usr/lib/x86_64-linux-gnu/libX11.so.6.3.0
7fdf262cd000-7fdf264cd000 ---p 00130000 08:06 2891558                    /usr/lib/x86_64-linux-gnu/libX11.so.6.3.0
7fdf264cd000-7fdf264ce000 r--p 00130000 08:06 2891558                    /usr/lib/x86_64-linux-gnu/libX11.so.6.3.0
7fdf264ce000-7fdf264d2000 rw-p 00131000 08:06 2891558                    /usr/lib/x86_64-linux-gnu/libX11.so.6.3.0
7fdf264d2000-7fdf264e3000 r-xp 00000000 08:06 2891575                    /usr/lib/x86_64-linux-gnu/libXext.so.6.4.0
7fdf264e3000-7fdf266e2000 ---p 00011000 08:06 2891575                    /usr/lib/x86_64-linux-gnu/libXext.so.6.4.0
7fdf266e2000-7fdf266e3000 r--p 00010000 08:06 2891575                    /usr/lib/x86_64-linux-gnu/libXext.so.6.4.0
7fdf266e3000-7fdf266e4000 rw-p 00011000 08:06 2891575                    /usr/lib/x86_64-linux-gnu/libXext.so.6.4.0
7fdf266e4000-7fdf26738000 r-xp 00000000 08:06 3149772                    /usr/lib/jvm/java-8-oracle/jre/lib/amd64/libawt_xawt.so
7fdf26738000-7fdf26938000 ---p 00054000 08:06 3149772                    /usr/lib/jvm/java-8-oracle/jre/lib/amd64/libawt_xawt.so
7fdf26938000-7fdf2693c000 rw-p 00054000 08:06 3149772                    /usr/lib/jvm/java-8-oracle/jre/lib/amd64/libawt_xawt.so
7fdf2693c000-7fdf2693d000 rw-p 00000000 00:00 0 
7fdf2693d000-7fdf269df000 r-xp 00000000 08:06 3149784                    /usr/lib/jvm/java-8-oracle/jre/lib/amd64/libawt.so
7fdf269df000-7fdf26bdf000 ---p 000a2000 08:06 3149784                    /usr/lib/jvm/java-8-oracle/jre/lib/amd64/libawt.so
7fdf26bdf000-7fdf26beb000 rw-p 000a2000 08:06 3149784                    /usr/lib/jvm/java-8-oracle/jre/lib/amd64/libawt.so
7fdf26beb000-7fdf26c0f000 rw-p 00000000 00:00 0 
7fdf26c0f000-7fdf26c10000 ---p 00000000 00:00 0 
7fdf26c10000-7fdf26d10000 rw-p 00000000 00:00 0                          [stack:6058]
7fdf26d10000-7fdf26d13000 ---p 00000000 00:00 0 
7fdf26d13000-7fdf26e11000 rw-p 00000000 00:00 0                          [stack:6057]
7fdf26e11000-7fdf26e14000 ---p 00000000 00:00 0 
7fdf26e14000-7fdf26f12000 rw-p 00000000 00:00 0                          [stack:6056]
7fdf26f12000-7fdf26f15000 ---p 00000000 00:00 0 
7fdf26f15000-7fdf27013000 rw-p 00000000 00:00 0                          [stack:6055]
7fdf27013000-7fdf27016000 ---p 00000000 00:00 0 
7fdf27016000-7fdf27114000 rw-p 00000000 00:00 0                          [stack:6054]
7fdf27114000-7fdf27117000 ---p 00000000 00:00 0 
7fdf27117000-7fdf27215000 rw-p 00000000 00:00 0                          [stack:6053]
7fdf27215000-7fdf278f9000 r--p 00000000 08:06 2890563                    /usr/lib/locale/locale-archive
7fdf278f9000-7fdf278fc000 ---p 00000000 00:00 0 
7fdf278fc000-7fdf279fa000 rw-p 00000000 00:00 0                          [stack:6052]
7fdf279fa000-7fdf279fd000 ---p 00000000 00:00 0 
7fdf279fd000-7fdf27afb000 rw-p 00000000 00:00 0                          [stack:6051]
7fdf27afb000-7fdf27afc000 ---p 00000000 00:00 0 
7fdf27afc000-7fdf28000000 rw-p 00000000 00:00 0                          [stack:6050]
7fdf28000000-7fdf28021000 rw-p 00000000 00:00 0 
7fdf28021000-7fdf2c000000 ---p 00000000 00:00 0 
7fdf2c000000-7fdf2c021000 rw-p 00000000 00:00 0 
7fdf2c021000-7fdf30000000 ---p 00000000 00:00 0 
7fdf30000000-7fdf30021000 rw-p 00000000 00:00 0 
7fdf30021000-7fdf34000000 ---p 00000000 00:00 0 
7fdf34000000-7fdf34001000 r--s 00000000 08:06 917804                     /var/cache/fontconfig/e7071f4a29fa870f4323321c154eba04-le64.cache-4
7fdf34001000-7fdf34002000 r--s 00000000 08:06 917771                     /var/cache/fontconfig/0d8c3b2ac0904cb8a57a757ad11a4a08-le64.cache-4
7fdf34002000-7fdf34006000 r--s 00000000 08:06 929082                     /var/cache/fontconfig/6d41288fd70b0be22e8c3a91e032eec0-le64.cache-4
7fdf34006000-7fdf34007000 r--s 00000000 08:06 917773                     /var/cache/fontconfig/1ac9eb803944fde146138c791f5cc56a-le64.cache-4
7fdf34007000-7fdf3400b000 r--s 00000000 08:06 917777                     /var/cache/fontconfig/385c0604a188198f04d133e54aba7fe7-le64.cache-4
7fdf3400b000-7fdf34010000 r--s 00000000 08:06 917787                     /var/cache/fontconfig/8801497958630a81b71ace7c5f9b32a8-le64.cache-4
7fdf34010000-7fdf34017000 r--s 00000000 08:06 917775                     /var/cache/fontconfig/3047814df9a2f067bd2d96a2b9c36e5a-le64.cache-4
7fdf34017000-7fdf3401d000 r--s 00000000 08:06 917792                     /var/cache/fontconfig/b47c4e1ecd0709278f4910c18777a504-le64.cache-4
7fdf3401d000-7fdf34030000 r--s 00000000 08:06 917798                     /var/cache/fontconfig/d52a8644073d54c13679302ca1180695-le64.cache-4
7fdf34030000-7fdf3403d000 r--s 00000000 08:06 926744                     /var/cache/fontconfig/e13b20fdb08344e0e664864cc2ede53d-le64.cache-4
7fdf3403d000-7fdf3405f000 r--p 00000000 08:06 4599592                    /usr/share/locale-langpack/pt_BR/LC_MESSAGES/libc.mo
7fdf3405f000-7fdf34c1c000 rw-p 00000000 00:00 0 
7fdf34c1c000-7fdf34df2000 r--s 03cae000 08:06 2897646                    /usr/lib/jvm/java-8-oracle/jre/lib/rt.jar
7fdf34df2000-7fdf3865a000 rw-p 00000000 00:00 0 
7fdf3865a000-7fdf3865b000 ---p 00000000 00:00 0 
7fdf3865b000-7fdf3875b000 rw-p 00000000 00:00 0                          [stack:6049]
7fdf3875b000-7fdf3875c000 ---p 00000000 00:00 0 
7fdf3875c000-7fdf3885c000 rw-p 00000000 00:00 0                          [stack:6048]
7fdf3885c000-7fdf3885d000 ---p 00000000 00:00 0 
7fdf3885d000-7fdf3895d000 rw-p 00000000 00:00 0                          [stack:6047]
7fdf3895d000-7fdf3895e000 ---p 00000000 00:00 0 
7fdf3895e000-7fdf38a7d000 rw-p 00000000 00:00 0                          [stack:6046]
7fdf38a7d000-7fdf38c40000 ---p 00000000 00:00 0 
7fdf38c40000-7fdf38c50000 rw-p 00000000 00:00 0 
7fdf38c50000-7fdf39000000 ---p 00000000 00:00 0 
7fdf39000000-7fdf393d0000 rwxp 00000000 00:00 0 
7fdf393d0000-7fdf48000000 ---p 00000000 00:00 0 
7fdf48000000-7fdf485a4000 rw-p 00000000 00:00 0 
7fdf485a4000-7fdf4c000000 ---p 00000000 00:00 0 
7fdf4c000000-7fdf4c001000 r--s 00000000 08:06 917801                     /var/cache/fontconfig/dc05db6664285cc2f12bf69c139ae4c3-le64.cache-4
7fdf4c001000-7fdf4c00a000 r--s 00000000 08:06 927419                     /var/cache/fontconfig/3f7329c5293ffd510edef78f73874cfd-le64.cache-4
7fdf4c00a000-7fdf4c015000 r--s 00116000 08:06 3149822                    /usr/lib/jvm/java-8-oracle/jre/lib/ext/localedata.jar
7fdf4c015000-7fdf4c055000 rw-p 00000000 00:00 0 
7fdf4c055000-7fdf4c217000 ---p 00000000 00:00 0 
7fdf4c217000-7fdf4c227000 rw-p 00000000 00:00 0 
7fdf4c227000-7fdf4c308000 ---p 00000000 00:00 0 
7fdf4c308000-7fdf4c309000 rw-p 00000000 00:00 0 
7fdf4c309000-7fdf4c323000 r-xp 00000000 08:06 3149765                    /usr/lib/jvm/java-8-oracle/jre/lib/amd64/libzip.so
7fdf4c323000-7fdf4c523000 ---p 0001a000 08:06 3149765                    /usr/lib/jvm/java-8-oracle/jre/lib/amd64/libzip.so
7fdf4c523000-7fdf4c524000 rw-p 0001a000 08:06 3149765                    /usr/lib/jvm/java-8-oracle/jre/lib/amd64/libzip.so
7fdf4c524000-7fdf4c52f000 r-xp 00000000 08:06 13375663                   /lib/x86_64-linux-gnu/libnss_files-2.19.so
7fdf4c52f000-7fdf4c72e000 ---p 0000b000 08:06 13375663                   /lib/x86_64-linux-gnu/libnss_files-2.19.so
7fdf4c72e000-7fdf4c72f000 r--p 0000a000 08:06 13375663                   /lib/x86_64-linux-gnu/libnss_files-2.19.so
7fdf4c72f000-7fdf4c730000 rw-p 0000b000 08:06 13375663                   /lib/x86_64-linux-gnu/libnss_files-2.19.so
7fdf4c730000-7fdf4c73b000 r-xp 00000000 08:06 13373484                   /lib/x86_64-linux-gnu/libnss_nis-2.19.so
7fdf4c73b000-7fdf4c93a000 ---p 0000b000 08:06 13373484                   /lib/x86_64-linux-gnu/libnss_nis-2.19.so
7fdf4c93a000-7fdf4c93b000 r--p 0000a000 08:06 13373484                   /lib/x86_64-linux-gnu/libnss_nis-2.19.so
7fdf4c93b000-7fdf4c93c000 rw-p 0000b000 08:06 13373484                   /lib/x86_64-linux-gnu/libnss_nis-2.19.so
7fdf4c93c000-7fdf4c953000 r-xp 00000000 08:06 13373456                   /lib/x86_64-linux-gnu/libnsl-2.19.so
7fdf4c953000-7fdf4cb52000 ---p 00017000 08:06 13373456                   /lib/x86_64-linux-gnu/libnsl-2.19.so
7fdf4cb52000-7fdf4cb53000 r--p 00016000 08:06 13373456                   /lib/x86_64-linux-gnu/libnsl-2.19.so
7fdf4cb53000-7fdf4cb54000 rw-p 00017000 08:06 13373456                   /lib/x86_64-linux-gnu/libnsl-2.19.so
7fdf4cb54000-7fdf4cb56000 rw-p 00000000 00:00 0 
7fdf4cb56000-7fdf4cb5f000 r-xp 00000000 08:06 13373409                   /lib/x86_64-linux-gnu/libnss_compat-2.19.so
7fdf4cb5f000-7fdf4cd5e000 ---p 00009000 08:06 13373409                   /lib/x86_64-linux-gnu/libnss_compat-2.19.so
7fdf4cd5e000-7fdf4cd5f000 r--p 00008000 08:06 13373409                   /lib/x86_64-linux-gnu/libnss_compat-2.19.so
7fdf4cd5f000-7fdf4cd60000 rw-p 00009000 08:06 13373409                   /lib/x86_64-linux-gnu/libnss_compat-2.19.so
7fdf4cd60000-7fdf4cd8a000 r-xp 00000000 08:06 3149771                    /usr/lib/jvm/java-8-oracle/jre/lib/amd64/libjava.so
7fdf4cd8a000-7fdf4cf8a000 ---p 0002a000 08:06 3149771                    /usr/lib/jvm/java-8-oracle/jre/lib/amd64/libjava.so
7fdf4cf8a000-7fdf4cf8c000 rw-p 0002a000 08:06 3149771                    /usr/lib/jvm/java-8-oracle/jre/lib/amd64/libjava.so
7fdf4cf8c000-7fdf4cf99000 r-xp 00000000 08:06 3149749                    /usr/lib/jvm/java-8-oracle/jre/lib/amd64/libverify.so
7fdf4cf99000-7fdf4d199000 ---p 0000d000 08:06 3149749                    /usr/lib/jvm/java-8-oracle/jre/lib/amd64/libverify.so
7fdf4d199000-7fdf4d19b000 rw-p 0000d000 08:06 3149749                    /usr/lib/jvm/java-8-oracle/jre/lib/amd64/libverify.so
7fdf4d19b000-7fdf4d1a2000 r-xp 00000000 08:06 13373365                   /lib/x86_64-linux-gnu/librt-2.19.so
7fdf4d1a2000-7fdf4d3a1000 ---p 00007000 08:06 13373365                   /lib/x86_64-linux-gnu/librt-2.19.so
7fdf4d3a1000-7fdf4d3a2000 r--p 00006000 08:06 13373365                   /lib/x86_64-linux-gnu/librt-2.19.so
7fdf4d3a2000-7fdf4d3a3000 rw-p 00007000 08:06 13373365                   /lib/x86_64-linux-gnu/librt-2.19.so
7fdf4d3a3000-7fdf4d4a8000 r-xp 00000000 08:06 13373421                   /lib/x86_64-linux-gnu/libm-2.19.so
7fdf4d4a8000-7fdf4d6a7000 ---p 00105000 08:06 13373421                   /lib/x86_64-linux-gnu/libm-2.19.so
7fdf4d6a7000-7fdf4d6a8000 r--p 00104000 08:06 13373421                   /lib/x86_64-linux-gnu/libm-2.19.so
7fdf4d6a8000-7fdf4d6a9000 rw-p 00105000 08:06 13373421                   /lib/x86_64-linux-gnu/libm-2.19.so
7fdf4d6a9000-7fdf4e317000 r-xp 00000000 08:06 3149745                    /usr/lib/jvm/java-8-oracle/jre/lib/amd64/server/libjvm.so
7fdf4e317000-7fdf4e516000 ---p 00c6e000 08:06 3149745                    /usr/lib/jvm/java-8-oracle/jre/lib/amd64/server/libjvm.so
7fdf4e516000-7fdf4e5ec000 rw-p 00c6d000 08:06 3149745                    /usr/lib/jvm/java-8-oracle/jre/lib/amd64/server/libjvm.so
7fdf4e5ec000-7fdf4e62f000 rw-p 00000000 00:00 0 
7fdf4e62f000-7fdf4e7ea000 r-xp 00000000 08:06 13373363                   /lib/x86_64-linux-gnu/libc-2.19.so
7fdf4e7ea000-7fdf4e9ea000 ---p 001bb000 08:06 13373363                   /lib/x86_64-linux-gnu/libc-2.19.so
7fdf4e9ea000-7fdf4e9ee000 r--p 001bb000 08:06 13373363                   /lib/x86_64-linux-gnu/libc-2.19.so
7fdf4e9ee000-7fdf4e9f0000 rw-p 001bf000 08:06 13373363                   /lib/x86_64-linux-gnu/libc-2.19.so
7fdf4e9f0000-7fdf4e9f5000 rw-p 00000000 00:00 0 
7fdf4e9f5000-7fdf4e9f8000 r-xp 00000000 08:06 13373405                   /lib/x86_64-linux-gnu/libdl-2.19.so
7fdf4e9f8000-7fdf4ebf7000 ---p 00003000 08:06 13373405                   /lib/x86_64-linux-gnu/libdl-2.19.so
7fdf4ebf7000-7fdf4ebf8000 r--p 00002000 08:06 13373405                   /lib/x86_64-linux-gnu/libdl-2.19.so
7fdf4ebf8000-7fdf4ebf9000 rw-p 00003000 08:06 13373405                   /lib/x86_64-linux-gnu/libdl-2.19.so
7fdf4ebf9000-7fdf4ec0e000 r-xp 00000000 08:06 2895139                    /usr/lib/jvm/java-8-oracle/lib/amd64/jli/libjli.so
7fdf4ec0e000-7fdf4ee0d000 ---p 00015000 08:06 2895139                    /usr/lib/jvm/java-8-oracle/lib/amd64/jli/libjli.so
7fdf4ee0d000-7fdf4ee0e000 rw-p 00014000 08:06 2895139                    /usr/lib/jvm/java-8-oracle/lib/amd64/jli/libjli.so
7fdf4ee0e000-7fdf4ee27000 r-xp 00000000 08:06 13373494                   /lib/x86_64-linux-gnu/libpthread-2.19.so
7fdf4ee27000-7fdf4f026000 ---p 00019000 08:06 13373494                   /lib/x86_64-linux-gnu/libpthread-2.19.so
7fdf4f026000-7fdf4f027000 r--p 00018000 08:06 13373494                   /lib/x86_64-linux-gnu/libpthread-2.19.so
7fdf4f027000-7fdf4f028000 rw-p 00019000 08:06 13373494                   /lib/x86_64-linux-gnu/libpthread-2.19.so
7fdf4f028000-7fdf4f02c000 rw-p 00000000 00:00 0 
7fdf4f02c000-7fdf4f04f000 r-xp 00000000 08:06 13373350                   /lib/x86_64-linux-gnu/ld-2.19.so
7fdf4f04f000-7fdf4f051000 r--s 00000000 08:06 917785                     /var/cache/fontconfig/767a8244fc0220cfb567a839d0392e0b-le64.cache-4
7fdf4f051000-7fdf4f052000 r--s 00000000 08:06 923908                     /var/cache/fontconfig/4794a0821666d79190d59a36cb4f44b5-le64.cache-4
7fdf4f052000-7fdf4f056000 r--s 00000000 08:06 917799                     /var/cache/fontconfig/d589a48862398ed80a3d6066f4f56f4c-le64.cache-4
7fdf4f056000-7fdf4f069000 r--s 00344000 08:06 2897476                    /usr/lib/jvm/java-8-oracle/jre/lib/resources.jar
7fdf4f069000-7fdf4f12a000 rw-p 00000000 00:00 0 
7fdf4f12a000-7fdf4f12d000 ---p 00000000 00:00 0 
7fdf4f12d000-7fdf4f22f000 rw-p 00000000 00:00 0                          [stack:6042]
7fdf4f22f000-7fdf4f230000 r--s 00000000 08:06 917781                     /var/cache/fontconfig/56cf4f4769d0f4abc89a4895d7bd3ae1-le64.cache-4
7fdf4f230000-7fdf4f231000 r--s 00000000 08:06 917793                     /var/cache/fontconfig/b9d506c9ac06c20b433354fa67a72993-le64.cache-4
7fdf4f231000-7fdf4f232000 r--s 00000000 08:06 917770                     /var/cache/fontconfig/0c9eb80ebd1c36541ebe2852d3bb0c49-le64.cache-4
7fdf4f232000-7fdf4f236000 r--s 00000000 08:06 929081                     /var/cache/fontconfig/7ef2298fde41cc6eeb7af42e48b7d293-le64.cache-4
7fdf4f236000-7fdf4f23d000 r--s 00000000 08:06 3287063                    /usr/lib/x86_64-linux-gnu/gconv/gconv-modules.cache
7fdf4f23d000-7fdf4f242000 r--s 002f8000 08:06 2895166                    /usr/lib/jvm/java-8-oracle/jre/lib/charsets.jar
7fdf4f242000-7fdf4f24a000 rw-s 00000000 08:06 15728861                   /tmp/hsperfdata_claudio/6040
7fdf4f24a000-7fdf4f24b000 rw-p 00000000 00:00 0 
7fdf4f24b000-7fdf4f24c000 r--p 00000000 00:00 0 
7fdf4f24c000-7fdf4f24e000 rw-p 00000000 00:00 0 
7fdf4f24e000-7fdf4f24f000 r--p 00022000 08:06 13373350                   /lib/x86_64-linux-gnu/ld-2.19.so
7fdf4f24f000-7fdf4f250000 rw-p 00023000 08:06 13373350                   /lib/x86_64-linux-gnu/ld-2.19.so
7fdf4f250000-7fdf4f251000 rw-p 00000000 00:00 0 
7fff9bd46000-7fff9bd67000 rw-p 00000000 00:00 0                          [stack]
7fff9bdc2000-7fff9bdc4000 r-xp 00000000 00:00 0                          [vdso]
ffffffffff600000-ffffffffff601000 r-xp 00000000 00:00 0                  [vsyscall]

VM Arguments:
jvm_args: -Dfile.encoding=UTF-8 
java_command: br.ufrj.cos.expline.scicumulus.conversion.main.ScicumulusInstantiator
java_class_path (initial): /home/claudio/Área de Trabalho/Repositories/expline-scicumulus-instantiation/bin
Launcher Type: SUN_STANDARD

Environment Variables:
JAVA_HOME=/usr/lib/jvm/java-8-oracle
PATH=/usr/local/sbin:/usr/local/bin:/usr/sbin:/usr/bin:/sbin:/bin:/usr/games:/usr/local/games:/usr/lib/jvm/java-8-oracle/bin:/usr/lib/jvm/java-8-oracle/db/bin:/usr/lib/jvm/java-8-oracle/jre/bin
SHELL=/bin/bash
DISPLAY=:0.0

Signal Handlers:
SIGSEGV: [libjvm.so+0xa7a650], sa_mask[0]=11111111011111111101111111111110, sa_flags=SA_RESTART|SA_SIGINFO
SIGBUS: [libjvm.so+0xa7a650], sa_mask[0]=11111111011111111101111111111110, sa_flags=SA_RESTART|SA_SIGINFO
SIGFPE: [libjvm.so+0x8e28f0], sa_mask[0]=11111111011111111101111111111110, sa_flags=SA_RESTART|SA_SIGINFO
SIGPIPE: [libjvm.so+0x8e28f0], sa_mask[0]=11111111011111111101111111111110, sa_flags=SA_RESTART|SA_SIGINFO
SIGXFSZ: [libjvm.so+0x8e28f0], sa_mask[0]=11111111011111111101111111111110, sa_flags=SA_RESTART|SA_SIGINFO
SIGILL: [libjvm.so+0x8e28f0], sa_mask[0]=11111111011111111101111111111110, sa_flags=SA_RESTART|SA_SIGINFO
SIGUSR1: SIG_DFL, sa_mask[0]=00000000000000000000000000000000, sa_flags=none
SIGUSR2: [libjvm.so+0x8e4120], sa_mask[0]=00100000000000000000000000000000, sa_flags=SA_RESTART|SA_SIGINFO
SIGHUP: [libjvm.so+0x8e54e0], sa_mask[0]=11111111011111111101111111111110, sa_flags=SA_RESTART|SA_SIGINFO
SIGINT: [libjvm.so+0x8e54e0], sa_mask[0]=11111111011111111101111111111110, sa_flags=SA_RESTART|SA_SIGINFO
SIGTERM: [libjvm.so+0x8e54e0], sa_mask[0]=11111111011111111101111111111110, sa_flags=SA_RESTART|SA_SIGINFO
SIGQUIT: [libjvm.so+0x8e54e0], sa_mask[0]=11111111011111111101111111111110, sa_flags=SA_RESTART|SA_SIGINFO


---------------  S Y S T E M  ---------------

OS:DISTRIB_ID=Ubuntu
DISTRIB_RELEASE=14.04
DISTRIB_CODENAME=trusty
DISTRIB_DESCRIPTION="Ubuntu 14.04.2 LTS"

uname:Linux 3.13.0-45-generic #74-Ubuntu SMP Tue Jan 13 19:36:28 UTC 2015 x86_64
libc:glibc 2.19 NPTL 2.19 
rlimit: STACK 8192k, CORE 0k, NPROC 45977, NOFILE 4096, AS infinity
load average:0,55 0,70 0,78

/proc/meminfo:
MemTotal:        5906704 kB
MemFree:         3549128 kB
Buffers:          135852 kB
Cached:          1009184 kB
SwapCached:            0 kB
Active:          1260260 kB
Inactive:         722208 kB
Active(anon):     678568 kB
Inactive(anon):   165648 kB
Active(file):     581692 kB
Inactive(file):   556560 kB
Unevictable:          32 kB
Mlocked:              32 kB
SwapTotal:       1990652 kB
SwapFree:        1990368 kB
Dirty:              1604 kB
Writeback:             0 kB
AnonPages:        837636 kB
Mapped:            68476 kB
Shmem:              6612 kB
Slab:             296336 kB
SReclaimable:     262504 kB
SUnreclaim:        33832 kB
KernelStack:        3120 kB
PageTables:        12656 kB
NFS_Unstable:          0 kB
Bounce:                0 kB
WritebackTmp:          0 kB
CommitLimit:     4944004 kB
Committed_AS:    3086832 kB
VmallocTotal:   34359738367 kB
VmallocUsed:      551584 kB
VmallocChunk:   34359177692 kB
HardwareCorrupted:     0 kB
AnonHugePages:    632832 kB
HugePages_Total:       0
HugePages_Free:        0
HugePages_Rsvd:        0
HugePages_Surp:        0
Hugepagesize:       2048 kB
DirectMap4k:       72784 kB
DirectMap2M:     6012928 kB


CPU:total 4 (2 cores per cpu, 2 threads per core) family 6 model 37 stepping 5, cmov, cx8, fxsr, mmx, sse, sse2, sse3, ssse3, sse4.1, sse4.2, popcnt, ht, tsc, tscinvbit

/proc/cpuinfo:
processor	: 0
vendor_id	: GenuineIntel
cpu family	: 6
model		: 37
model name	: Intel(R) Core(TM) i3 CPU       M 370  @ 2.40GHz
stepping	: 5
microcode	: 0x2
cpu MHz		: 2394.000
cache size	: 3072 KB
physical id	: 0
siblings	: 4
core id		: 0
cpu cores	: 2
apicid		: 0
initial apicid	: 0
fpu		: yes
fpu_exception	: yes
cpuid level	: 11
wp		: yes
flags		: fpu vme de pse tsc msr pae mce cx8 apic sep mtrr pge mca cmov pat pse36 clflush dts acpi mmx fxsr sse sse2 ss ht tm pbe syscall nx rdtscp lm constant_tsc arch_perfmon pebs bts rep_good nopl xtopology nonstop_tsc aperfmperf pni dtes64 monitor ds_cpl vmx est tm2 ssse3 cx16 xtpr pdcm pcid sse4_1 sse4_2 popcnt lahf_lm arat dtherm tpr_shadow vnmi flexpriority ept vpid
bogomips	: 4788.16
clflush size	: 64
cache_alignment	: 64
address sizes	: 36 bits physical, 48 bits virtual
power management:

processor	: 1
vendor_id	: GenuineIntel
cpu family	: 6
model		: 37
model name	: Intel(R) Core(TM) i3 CPU       M 370  @ 2.40GHz
stepping	: 5
microcode	: 0x2
cpu MHz		: 2394.000
cache size	: 3072 KB
physical id	: 0
siblings	: 4
core id		: 2
cpu cores	: 2
apicid		: 4
initial apicid	: 4
fpu		: yes
fpu_exception	: yes
cpuid level	: 11
wp		: yes
flags		: fpu vme de pse tsc msr pae mce cx8 apic sep mtrr pge mca cmov pat pse36 clflush dts acpi mmx fxsr sse sse2 ss ht tm pbe syscall nx rdtscp lm constant_tsc arch_perfmon pebs bts rep_good nopl xtopology nonstop_tsc aperfmperf pni dtes64 monitor ds_cpl vmx est tm2 ssse3 cx16 xtpr pdcm pcid sse4_1 sse4_2 popcnt lahf_lm arat dtherm tpr_shadow vnmi flexpriority ept vpid
bogomips	: 4788.16
clflush size	: 64
cache_alignment	: 64
address sizes	: 36 bits physical, 48 bits virtual
power management:

processor	: 2
vendor_id	: GenuineIntel
cpu family	: 6
model		: 37
model name	: Intel(R) Core(TM) i3 CPU       M 370  @ 2.40GHz
stepping	: 5
microcode	: 0x2
cpu MHz		: 2394.000
cache size	: 3072 KB
physical id	: 0
siblings	: 4
core id		: 0
cpu cores	: 2
apicid		: 1
initial apicid	: 1
fpu		: yes
fpu_exception	: yes
cpuid level	: 11
wp		: yes
flags		: fpu vme de pse tsc msr pae mce cx8 apic sep mtrr pge mca cmov pat pse36 clflush dts acpi mmx fxsr sse sse2 ss ht tm pbe syscall nx rdtscp lm constant_tsc arch_perfmon pebs bts rep_good nopl xtopology nonstop_tsc aperfmperf pni dtes64 monitor ds_cpl vmx est tm2 ssse3 cx16 xtpr pdcm pcid sse4_1 sse4_2 popcnt lahf_lm arat dtherm tpr_shadow vnmi flexpriority ept vpid
bogomips	: 4788.16
clflush size	: 64
cache_alignment	: 64
address sizes	: 36 bits physical, 48 bits virtual
power management:

processor	: 3
vendor_id	: GenuineIntel
cpu family	: 6
model		: 37
model name	: Intel(R) Core(TM) i3 CPU       M 370  @ 2.40GHz
stepping	: 5
microcode	: 0x2
cpu MHz		: 2394.000
cache size	: 3072 KB
physical id	: 0
siblings	: 4
core id		: 2
cpu cores	: 2
apicid		: 5
initial apicid	: 5
fpu		: yes
fpu_exception	: yes
cpuid level	: 11
wp		: yes
flags		: fpu vme de pse tsc msr pae mce cx8 apic sep mtrr pge mca cmov pat pse36 clflush dts acpi mmx fxsr sse sse2 ss ht tm pbe syscall nx rdtscp lm constant_tsc arch_perfmon pebs bts rep_good nopl xtopology nonstop_tsc aperfmperf pni dtes64 monitor ds_cpl vmx est tm2 ssse3 cx16 xtpr pdcm pcid sse4_1 sse4_2 popcnt lahf_lm arat dtherm tpr_shadow vnmi flexpriority ept vpid
bogomips	: 4788.16
clflush size	: 64
cache_alignment	: 64
address sizes	: 36 bits physical, 48 bits virtual
power management:



Memory: 4k page, physical 5906704k(3549128k free), swap 1990652k(1990368k free)

vm_info: Java HotSpot(TM) 64-Bit Server VM (25.31-b07) for linux-amd64 JRE (1.8.0_31-b13), built on Dec 17 2014 20:40:15 by "java_re" with gcc 4.3.0 20080428 (Red Hat 4.3.0-8)

time: Sat Mar 21 20:07:40 2015
elapsed time: 9957 seconds (0d 2h 45m 57s)

