#
# A fatal error has been detected by the Java Runtime Environment:
#
#  SIGSEGV (0xb) at pc=0x00007f81ed0690ba, pid=9871, tid=140195760318208
#
# JRE version: Java(TM) SE Runtime Environment (8.0_31-b13) (build 1.8.0_31-b13)
# Java VM: Java HotSpot(TM) 64-Bit Server VM (25.31-b07 mixed mode linux-amd64 compressed oops)
# Problematic frame:
# v  ~BufferBlob::jni_fast_GetLongField
#
# Failed to write core dump. Core dumps have been disabled. To enable core dumping, try "ulimit -c unlimited" before starting Java again
#
# If you would like to submit a bug report, please visit:
#   http://bugreport.java.com/bugreport/crash.jsp
# The crash happened outside the Java Virtual Machine in native code.
# See problematic frame for where to report the bug.
#

---------------  T H R E A D  ---------------

Current thread (0x00007f81fc255800):  JavaThread "AWT-XAWT" daemon [_thread_in_native, id=9892, stack(0x00007f81de6e2000,0x00007f81de7e3000)]

siginfo: si_signo: 11 (SIGSEGV), si_code: 1 (SEGV_MAPERR), si_addr: 0x0000000000000000

Registers:
RAX=0x00007f820431e2e0, RBX=0x00007f81fc2559e8, RCX=0x00007f8204d78320, RDX=0x0000000000000042
RSP=0x00007f81de7e1778, RBP=0x00007f81de7e17a0, RSI=0x0000000000000000, RDI=0x00007f81fc2559e8
R8 =0x0000000000000005, R9 =0x0000000000000000, R10=0x0000000000000022, R11=0x00007f81ed3b35d8
R12=0x00007f81a400b7b0, R13=0x0000000000000000, R14=0x00007f81e46267c0, R15=0x00007f81fc255800
RIP=0x00007f81ed0690ba, EFLAGS=0x0000000000010246, CSGSFS=0x0000000000000033, ERR=0x0000000000000004
  TRAPNO=0x000000000000000e

Top of Stack: (sp=0x00007f81de7e1778)
0x00007f81de7e1778:   00007f81e44050a1 00007f8200c32d98
0x00007f81de7e1788:   00007f81a400b7b0 00007f81de7e1850
0x00007f81de7e1798:   00007f81de7e1820 0000000000000000
0x00007f81de7e17a8:   00007f81dfd2cae8 00007f8200c32d98
0x00007f81de7e17b8:   00007f81de7e17e0 0000000000000000
0x00007f81de7e17c8:   00007f81dfd249a3 00007f81de7e1850
0x00007f81de7e17d8:   00007f81e43fe39f 00007f81de7e1830
0x00007f81de7e17e8:   00007f81ed3b3676 0000000000000000
0x00007f81de7e17f8:   00007f81ed2a7576 00007f81de7e1850
0x00007f81de7e1808:   00007f81ed16f7ec 00007f81de7e18b0
0x00007f81de7e1818:   00000000e2188fb8 00000000e208bc90
0x00007f81de7e1828:   0000000000000001 00007f81de7e18b0
0x00007f81de7e1838:   00007f81ed007160 00007f81de7e18b0
0x00007f81de7e1848:   00007f81ed007160 0000000000000000
0x00007f81de7e1858:   00007f81ed0074a0 00007f81ac000e30
0x00007f81de7e1868:   00000000e21d2190 00007f81de7e1870
0x00007f81de7e1878:   00007f8200dc03fc 00007f81de7e18f8
0x00007f81de7e1888:   00007f8200dc9828 0000000000000000
0x00007f81de7e1898:   00007f8200dc0530 00007f81de7e1850
0x00007f81de7e18a8:   00007f81de7e18f0 00007f81de7e1940
0x00007f81de7e18b8:   00007f81ed00798d 0000000000000000
0x00007f81de7e18c8:   00000000e2621d98 0000000000000000
0x00007f81de7e18d8:   0000000000000000 0000000000000000
0x00007f81de7e18e8:   00000000e21d2190 0000000000000000
0x00007f81de7e18f8:   00000000e2189b30 00007f81de7e1900
0x00007f81de7e1908:   00007f8200dc023d 00007f81de7e1950
0x00007f81de7e1918:   00007f8200dc9828 0000000000000000
0x00007f81de7e1928:   00007f8200dc0248 00007f81de7e18f0
0x00007f81de7e1938:   00007f81de7e1950 00007f81de7e1998
0x00007f81de7e1948:   00007f81ed0079d2 00000000e2189b30
0x00007f81de7e1958:   00007f81de7e1958 00007f820093bc93
0x00007f81de7e1968:   00007f81de7e19a8 00007f82009aeb78 

Instructions: (pc=0x00007f81ed0690ba)
0x00007f81ed06909a:   00 00 00 00 00 00 44 8b 15 21 c7 2e 17 4c 8b ce
0x00007f81ed0690aa:   41 f6 c2 01 0f 85 2e 00 00 00 4d 33 ca 4d 33 ca
0x00007f81ed0690ba:   4d 8b 09 4c 8b da 49 c1 eb 02 4b 8b 04 19 49 bb
0x00007f81ed0690ca:   c8 57 35 04 82 7f 00 00 4c 33 d8 4c 33 d8 45 3b 

Register to memory mapping:

RAX=0x00007f820431e2e0: <offset 0xf242e0> in /usr/lib/jvm/java-8-oracle/jre/lib/amd64/server/libjvm.so at 0x00007f82033fa000
RBX=0x00007f81fc2559e8 is an unknown value
RCX=0x00007f8204d78320: <offset 0x219320> in /lib/x86_64-linux-gnu/libpthread.so.0 at 0x00007f8204b5f000
RDX=0x0000000000000042 is an unknown value
RSP=0x00007f81de7e1778 is pointing into the stack for thread: 0x00007f81fc255800
RBP=0x00007f81de7e17a0 is pointing into the stack for thread: 0x00007f81fc255800
RSI=0x0000000000000000 is an unknown value
RDI=0x00007f81fc2559e8 is an unknown value
R8 =0x0000000000000005 is an unknown value
R9 =0x0000000000000000 is an unknown value
R10=0x0000000000000022 is an unknown value
R11=0x00007f81ed3b35d8 is at entry_point+24 in (nmethod*)0x00007f81ed3b3450
R12=0x00007f81a400b7b0 is an unknown value
R13=0x0000000000000000 is an unknown value
R14=0x00007f81e46267c0: <offset 0x2587c0> in /usr/lib/jvm/java-8-oracle/jre/lib/amd64/libawt_xawt.so at 0x00007f81e43ce000
R15=0x00007f81fc255800 is a thread


Stack: [0x00007f81de6e2000,0x00007f81de7e3000],  sp=0x00007f81de7e1778,  free space=1021k
Native frames: (J=compiled Java code, j=interpreted, Vv=VM code, C=native code)
v  ~BufferBlob::jni_fast_GetLongField
C  [libX11.so.6+0x61ae8]  _XimServerDestroy+0x58

Java frames: (J=compiled Java code, j=interpreted, Vv=VM code)
J 1064  sun.awt.X11.XlibWrapper.XFilterEvent(JJ)Z (0 bytes) @ 0x00007f81ed3b3604 [0x00007f81ed3b35c0+0x44]
j  sun.awt.X11.XToolkit.run(Z)V+300
j  sun.awt.X11.XToolkit.run()V+5
j  java.lang.Thread.run()V+11
v  ~StubRoutines::call_stub

---------------  P R O C E S S  ---------------

Java Threads: ( => current thread )
  0x00007f81fc009800 JavaThread "DestroyJavaVM" [_thread_blocked, id=9877, stack(0x00007f8204e7b000,0x00007f8204f7c000)]
  0x00007f81fc385800 JavaThread "AWT-EventQueue-0" [_thread_blocked, id=9894, stack(0x00007f81dda39000,0x00007f81ddb3a000)]
  0x00007f81fc384000 JavaThread "AWT-Shutdown" [_thread_blocked, id=9893, stack(0x00007f81ddb3a000,0x00007f81ddc3b000)]
=>0x00007f81fc255800 JavaThread "AWT-XAWT" daemon [_thread_in_native, id=9892, stack(0x00007f81de6e2000,0x00007f81de7e3000)]
  0x00007f81fc232800 JavaThread "Java2D Disposer" daemon [_thread_blocked, id=9891, stack(0x00007f81e40bb000,0x00007f81e41bc000)]
  0x00007f81fc0c8000 JavaThread "Service Thread" daemon [_thread_blocked, id=9889, stack(0x00007f81e49fa000,0x00007f81e4afb000)]
  0x00007f81fc0b0000 JavaThread "C1 CompilerThread2" daemon [_thread_blocked, id=9888, stack(0x00007f81e4afb000,0x00007f81e4bfc000)]
  0x00007f81fc0ae800 JavaThread "C2 CompilerThread1" daemon [_thread_blocked, id=9887, stack(0x00007f81ec0d0000,0x00007f81ec1d1000)]
  0x00007f81fc0ab800 JavaThread "C2 CompilerThread0" daemon [_thread_blocked, id=9886, stack(0x00007f81ec1d1000,0x00007f81ec2d2000)]
  0x00007f81fc0a9800 JavaThread "Signal Dispatcher" daemon [_thread_blocked, id=9885, stack(0x00007f81ec2d2000,0x00007f81ec3d3000)]
  0x00007f81fc07c000 JavaThread "Finalizer" daemon [_thread_blocked, id=9884, stack(0x00007f81ec3d3000,0x00007f81ec4d4000)]
  0x00007f81fc07a000 JavaThread "Reference Handler" daemon [_thread_blocked, id=9883, stack(0x00007f81ec4d4000,0x00007f81ec5d5000)]

Other Threads:
  0x00007f81fc075000 VMThread [stack: 0x00007f81ec5d5000,0x00007f81ec6d6000] [id=9882]
  0x00007f81fc0ca000 WatcherThread [stack: 0x00007f81e48f9000,0x00007f81e49fa000] [id=9890]

VM state:not at safepoint (normal execution)

VM Mutex/Monitor currently owned by a thread: None

Heap:
 PSYoungGen      total 27648K, used 8681K [0x00000000e1f00000, 0x00000000e3d80000, 0x0000000100000000)
  eden space 24064K, 36% used [0x00000000e1f00000,0x00000000e277a658,0x00000000e3680000)
  from space 3584K, 0% used [0x00000000e3a00000,0x00000000e3a00000,0x00000000e3d80000)
  to   space 3584K, 0% used [0x00000000e3680000,0x00000000e3680000,0x00000000e3a00000)
 ParOldGen       total 62976K, used 0K [0x00000000a5c00000, 0x00000000a9980000, 0x00000000e1f00000)
  object space 62976K, 0% used [0x00000000a5c00000,0x00000000a5c00000,0x00000000a9980000)
 Metaspace       used 14846K, capacity 15050K, committed 15232K, reserved 1062912K
  class space    used 1818K, capacity 1871K, committed 1920K, reserved 1048576K

Card table byte_map: [0x00007f82019c7000,0x00007f8201c9a000] byte_map_base: 0x00007f8201499000

Marking Bits: (ParMarkBitMap*) 0x00007f82043552a0
 Begin Bits: [0x00007f81e52e0000, 0x00007f81e6970000)
 End Bits:   [0x00007f81e6970000, 0x00007f81e8000000)

Polling page: 0x00007f8204f9c000

CodeCache: size=245760Kb used=3980Kb max_used=3986Kb free=241779Kb
 bounds [0x00007f81ed000000, 0x00007f81ed3f0000, 0x00007f81fc000000]
 total_blobs=1678 nmethods=1097 adapters=496
 compilation: enabled

Compilation events (10 events):
Event: 1401,172 Thread 0x00007f81fc0b0000 1093       3       java.util.Vector$Itr::checkForComodification (23 bytes)
Event: 1401,172 Thread 0x00007f81fc0b0000 nmethod 1093 0x00007f81ed3e1310 code [0x00007f81ed3e1480, 0x00007f81ed3e16a8]
Event: 1699,852 Thread 0x00007f81fc0ab800 1094   !   4       sun.awt.X11.XToolkit::callTimeoutTasks (220 bytes)
Event: 1699,859 Thread 0x00007f81fc0ab800 nmethod 1094 0x00007f81ed3e4dd0 code [0x00007f81ed3e4f60, 0x00007f81ed3e51d8]
Event: 2096,257 Thread 0x00007f81fc0ae800 1095   !   4       sun.awt.X11.XToolkit::getNextTaskTime (55 bytes)
Event: 2096,266 Thread 0x00007f81fc0ae800 nmethod 1095 0x00007f81ed3e4490 code [0x00007f81ed3e4620, 0x00007f81ed3e4950]
Event: 4590,863 Thread 0x00007f81fc0b0000 1096       1       sun.awt.X11.Native::getByte (8 bytes)
Event: 4590,863 Thread 0x00007f81fc0b0000 nmethod 1096 0x00007f81ed3e4190 code [0x00007f81ed3e42e0, 0x00007f81ed3e43f0]
Event: 4590,864 Thread 0x00007f81fc0b0000 1097       3       sun.awt.XSettings$Update::needBytes (65 bytes)
Event: 4590,865 Thread 0x00007f81fc0b0000 nmethod 1097 0x00007f81ed3dff10 code [0x00007f81ed3e0140, 0x00007f81ed3e0db8]

GC Heap History (0 events):
No events

Deoptimization events (8 events):
Event: 0,381 Thread 0x00007f81fc009800 Uncommon trap: reason=class_check action=maybe_recompile pc=0x00007f81ed19f0f8 method=java.io.DataInputStream.readChar()C @ 4
Event: 0,381 Thread 0x00007f81fc009800 Uncommon trap: reason=class_check action=maybe_recompile pc=0x00007f81ed19f0f8 method=java.io.DataInputStream.readChar()C @ 4
Event: 0,381 Thread 0x00007f81fc009800 Uncommon trap: reason=class_check action=maybe_recompile pc=0x00007f81ed19f0f8 method=java.io.DataInputStream.readChar()C @ 4
Event: 0,381 Thread 0x00007f81fc009800 Uncommon trap: reason=class_check action=maybe_recompile pc=0x00007f81ed19f0f8 method=java.io.DataInputStream.readChar()C @ 4
Event: 0,419 Thread 0x00007f81fc009800 Uncommon trap: reason=class_check action=maybe_recompile pc=0x00007f81ed1a0efc method=java.io.DataInputStream.readInt()I @ 4
Event: 0,419 Thread 0x00007f81fc009800 Uncommon trap: reason=class_check action=maybe_recompile pc=0x00007f81ed1a0efc method=java.io.DataInputStream.readInt()I @ 4
Event: 0,419 Thread 0x00007f81fc009800 Uncommon trap: reason=class_check action=maybe_recompile pc=0x00007f81ed1a0efc method=java.io.DataInputStream.readInt()I @ 4
Event: 0,419 Thread 0x00007f81fc009800 Uncommon trap: reason=class_check action=maybe_recompile pc=0x00007f81ed1a0efc method=java.io.DataInputStream.readInt()I @ 4

Internal exceptions (10 events):
Event: 0,440 Thread 0x00007f81fc009800 Exception <a 'java/security/PrivilegedActionException'> (0x00000000e23b0b98) thrown at [/HUDSON/workspace/8-2-build-linux-amd64/jdk8u31/2394/hotspot/src/share/vm/prims/jvm.cpp, line 1312]
Event: 0,441 Thread 0x00007f81fc009800 Exception <a 'java/security/PrivilegedActionException'> (0x00000000e23b4e78) thrown at [/HUDSON/workspace/8-2-build-linux-amd64/jdk8u31/2394/hotspot/src/share/vm/prims/jvm.cpp, line 1312]
Event: 0,442 Thread 0x00007f81fc009800 Exception <a 'java/security/PrivilegedActionException'> (0x00000000e23b8ec8) thrown at [/HUDSON/workspace/8-2-build-linux-amd64/jdk8u31/2394/hotspot/src/share/vm/prims/jvm.cpp, line 1312]
Event: 0,442 Thread 0x00007f81fc009800 Exception <a 'java/security/PrivilegedActionException'> (0x00000000e23bd210) thrown at [/HUDSON/workspace/8-2-build-linux-amd64/jdk8u31/2394/hotspot/src/share/vm/prims/jvm.cpp, line 1312]
Event: 0,443 Thread 0x00007f81fc009800 Exception <a 'java/security/PrivilegedActionException'> (0x00000000e23c1820) thrown at [/HUDSON/workspace/8-2-build-linux-amd64/jdk8u31/2394/hotspot/src/share/vm/prims/jvm.cpp, line 1312]
Event: 0,443 Thread 0x00007f81fc009800 Exception <a 'java/security/PrivilegedActionException'> (0x00000000e23c5808) thrown at [/HUDSON/workspace/8-2-build-linux-amd64/jdk8u31/2394/hotspot/src/share/vm/prims/jvm.cpp, line 1312]
Event: 0,464 Thread 0x00007f81fc009800 Exception <a 'java/security/PrivilegedActionException'> (0x00000000e23d9fe8) thrown at [/HUDSON/workspace/8-2-build-linux-amd64/jdk8u31/2394/hotspot/src/share/vm/prims/jvm.cpp, line 1312]
Event: 0,591 Thread 0x00007f81fc009800 Exception <a 'java/security/PrivilegedActionException'> (0x00000000e2503298) thrown at [/HUDSON/workspace/8-2-build-linux-amd64/jdk8u31/2394/hotspot/src/share/vm/prims/jvm.cpp, line 1312]
Event: 0,637 Thread 0x00007f81fc009800 Exception <a 'java/security/PrivilegedActionException'> (0x00000000e252d428) thrown at [/HUDSON/workspace/8-2-build-linux-amd64/jdk8u31/2394/hotspot/src/share/vm/prims/jvm.cpp, line 1312]
Event: 1,049 Thread 0x00007f81fc385800 Exception <a 'java/lang/UnsupportedOperationException': > (0x00000000e25bee78) thrown at [/HUDSON/workspace/8-2-build-linux-amd64/jdk8u31/2394/hotspot/src/share/vm/prims/jni.cpp, line 742]

Events (10 events):
Event: 10,228 loading class javax/swing/Autoscroller
Event: 10,228 loading class javax/swing/Autoscroller done
Event: 10,243 loading class java/awt/Component$FlipBufferStrategy
Event: 10,244 loading class java/awt/Component$FlipBufferStrategy done
Event: 10,246 loading class sun/awt/X11/XErrorEvent
Event: 10,247 loading class sun/awt/X11/XErrorEvent done
Event: 4590,862 loading class sun/awt/X11/XAWTXSettings$1
Event: 4590,862 loading class sun/awt/X11/XAWTXSettings$1 done
Event: 4591,008 loading class sun/awt/X11/XDestroyWindowEvent
Event: 4591,133 loading class sun/awt/X11/XDestroyWindowEvent done


Dynamic libraries:
00400000-00401000 r-xp 00000000 08:06 3149874                            /usr/lib/jvm/java-8-oracle/bin/java
00600000-00601000 rw-p 00000000 08:06 3149874                            /usr/lib/jvm/java-8-oracle/bin/java
0099a000-009bb000 rw-p 00000000 00:00 0                                  [heap]
a5c00000-a9980000 rw-p 00000000 00:00 0 
a9980000-e1f00000 ---p 00000000 00:00 0 
e1f00000-e3d80000 rw-p 00000000 00:00 0 
e3d80000-100000000 ---p 00000000 00:00 0 
100000000-1001e0000 rw-p 00000000 00:00 0 
1001e0000-140000000 ---p 00000000 00:00 0 
7f81a0000000-7f81a0021000 rw-p 00000000 00:00 0 
7f81a0021000-7f81a4000000 ---p 00000000 00:00 0 
7f81a4000000-7f81a4036000 rw-p 00000000 00:00 0 
7f81a4036000-7f81a8000000 ---p 00000000 00:00 0 
7f81a8000000-7f81a8021000 rw-p 00000000 00:00 0 
7f81a8021000-7f81ac000000 ---p 00000000 00:00 0 
7f81ac000000-7f81ac02f000 rw-p 00000000 00:00 0 
7f81ac02f000-7f81b0000000 ---p 00000000 00:00 0 
7f81b0000000-7f81b0021000 rw-p 00000000 00:00 0 
7f81b0021000-7f81b4000000 ---p 00000000 00:00 0 
7f81b4000000-7f81b4021000 rw-p 00000000 00:00 0 
7f81b4021000-7f81b8000000 ---p 00000000 00:00 0 
7f81b8000000-7f81b80db000 rw-p 00000000 00:00 0 
7f81b80db000-7f81bc000000 ---p 00000000 00:00 0 
7f81bc000000-7f81bc65a000 rw-p 00000000 00:00 0 
7f81bc65a000-7f81c0000000 ---p 00000000 00:00 0 
7f81c0000000-7f81c0021000 rw-p 00000000 00:00 0 
7f81c0021000-7f81c4000000 ---p 00000000 00:00 0 
7f81c4000000-7f81c413c000 rw-p 00000000 00:00 0 
7f81c413c000-7f81c8000000 ---p 00000000 00:00 0 
7f81c8000000-7f81c8021000 rw-p 00000000 00:00 0 
7f81c8021000-7f81cc000000 ---p 00000000 00:00 0 
7f81cc000000-7f81cc021000 rw-p 00000000 00:00 0 
7f81cc021000-7f81d0000000 ---p 00000000 00:00 0 
7f81d0000000-7f81d0021000 rw-p 00000000 00:00 0 
7f81d0021000-7f81d4000000 ---p 00000000 00:00 0 
7f81d4000000-7f81d4021000 rw-p 00000000 00:00 0 
7f81d4021000-7f81d8000000 ---p 00000000 00:00 0 
7f81d8000000-7f81d8021000 rw-p 00000000 00:00 0 
7f81d8021000-7f81dc000000 ---p 00000000 00:00 0 
7f81dd839000-7f81dd939000 rw-p 00000000 00:00 0 
7f81dd939000-7f81dda39000 ---p 00000000 00:00 0 
7f81dda39000-7f81dda3c000 ---p 00000000 00:00 0 
7f81dda3c000-7f81ddb3a000 rw-p 00000000 00:00 0                          [stack:9894]
7f81ddb3a000-7f81ddb3d000 ---p 00000000 00:00 0 
7f81ddb3d000-7f81dde3b000 rw-p 00000000 00:00 0                          [stack:9893]
7f81dde3b000-7f81ddea4000 r-xp 00000000 08:06 3149737                    /usr/lib/jvm/java-8-oracle/jre/lib/amd64/libt2k.so
7f81ddea4000-7f81de0a3000 ---p 00069000 08:06 3149737                    /usr/lib/jvm/java-8-oracle/jre/lib/amd64/libt2k.so
7f81de0a3000-7f81de0aa000 rw-p 00068000 08:06 3149737                    /usr/lib/jvm/java-8-oracle/jre/lib/amd64/libt2k.so
7f81de0aa000-7f81de0ba000 rw-p 00000000 00:00 0 
7f81de0ba000-7f81de0cb000 r-xp 00000000 08:06 3149767                    /usr/lib/jvm/java-8-oracle/jre/lib/amd64/libnio.so
7f81de0cb000-7f81de2ca000 ---p 00011000 08:06 3149767                    /usr/lib/jvm/java-8-oracle/jre/lib/amd64/libnio.so
7f81de2ca000-7f81de2cb000 rw-p 00010000 08:06 3149767                    /usr/lib/jvm/java-8-oracle/jre/lib/amd64/libnio.so
7f81de2cb000-7f81de2e1000 r-xp 00000000 08:06 3149777                    /usr/lib/jvm/java-8-oracle/jre/lib/amd64/libnet.so
7f81de2e1000-7f81de4e1000 ---p 00016000 08:06 3149777                    /usr/lib/jvm/java-8-oracle/jre/lib/amd64/libnet.so
7f81de4e1000-7f81de4e2000 rw-p 00016000 08:06 3149777                    /usr/lib/jvm/java-8-oracle/jre/lib/amd64/libnet.so
7f81de4e2000-7f81de6e2000 rw-p 00000000 00:00 0 
7f81de6e2000-7f81de6e5000 ---p 00000000 00:00 0 
7f81de6e5000-7f81de7e3000 rw-p 00000000 00:00 0                          [stack:9892]
7f81de7e3000-7f81de7e8000 r-xp 00000000 08:06 2891577                    /usr/lib/x86_64-linux-gnu/libXfixes.so.3.1.0
7f81de7e8000-7f81de9e7000 ---p 00005000 08:06 2891577                    /usr/lib/x86_64-linux-gnu/libXfixes.so.3.1.0
7f81de9e7000-7f81de9e8000 r--p 00004000 08:06 2891577                    /usr/lib/x86_64-linux-gnu/libXfixes.so.3.1.0
7f81de9e8000-7f81de9e9000 rw-p 00005000 08:06 2891577                    /usr/lib/x86_64-linux-gnu/libXfixes.so.3.1.0
7f81de9e9000-7f81de9f2000 r-xp 00000000 08:06 2891569                    /usr/lib/x86_64-linux-gnu/libXcursor.so.1.0.2
7f81de9f2000-7f81debf1000 ---p 00009000 08:06 2891569                    /usr/lib/x86_64-linux-gnu/libXcursor.so.1.0.2
7f81debf1000-7f81debf2000 r--p 00008000 08:06 2891569                    /usr/lib/x86_64-linux-gnu/libXcursor.so.1.0.2
7f81debf2000-7f81debf3000 rw-p 00009000 08:06 2891569                    /usr/lib/x86_64-linux-gnu/libXcursor.so.1.0.2
7f81debf3000-7f81dec09000 r-xp 00000000 08:06 13373313                   /lib/x86_64-linux-gnu/libgcc_s.so.1
7f81dec09000-7f81dee08000 ---p 00016000 08:06 13373313                   /lib/x86_64-linux-gnu/libgcc_s.so.1
7f81dee08000-7f81dee09000 rw-p 00015000 08:06 13373313                   /lib/x86_64-linux-gnu/libgcc_s.so.1
7f81dee09000-7f81dee6e000 r-xp 00000000 08:06 3149779                    /usr/lib/jvm/java-8-oracle/jre/lib/amd64/libfontmanager.so
7f81dee6e000-7f81df06d000 ---p 00065000 08:06 3149779                    /usr/lib/jvm/java-8-oracle/jre/lib/amd64/libfontmanager.so
7f81df06d000-7f81df071000 rw-p 00064000 08:06 3149779                    /usr/lib/jvm/java-8-oracle/jre/lib/amd64/libfontmanager.so
7f81df071000-7f81df082000 rw-p 00000000 00:00 0 
7f81df082000-7f81df087000 r-xp 00000000 08:06 2891573                    /usr/lib/x86_64-linux-gnu/libXdmcp.so.6.0.0
7f81df087000-7f81df286000 ---p 00005000 08:06 2891573                    /usr/lib/x86_64-linux-gnu/libXdmcp.so.6.0.0
7f81df286000-7f81df287000 r--p 00004000 08:06 2891573                    /usr/lib/x86_64-linux-gnu/libXdmcp.so.6.0.0
7f81df287000-7f81df288000 rw-p 00005000 08:06 2891573                    /usr/lib/x86_64-linux-gnu/libXdmcp.so.6.0.0
7f81df288000-7f81df28a000 r-xp 00000000 08:06 2891562                    /usr/lib/x86_64-linux-gnu/libXau.so.6.0.0
7f81df28a000-7f81df48a000 ---p 00002000 08:06 2891562                    /usr/lib/x86_64-linux-gnu/libXau.so.6.0.0
7f81df48a000-7f81df48b000 r--p 00002000 08:06 2891562                    /usr/lib/x86_64-linux-gnu/libXau.so.6.0.0
7f81df48b000-7f81df48c000 rw-p 00003000 08:06 2891562                    /usr/lib/x86_64-linux-gnu/libXau.so.6.0.0
7f81df48c000-7f81df4a9000 r-xp 00000000 08:06 2892632                    /usr/lib/x86_64-linux-gnu/libxcb.so.1.1.0
7f81df4a9000-7f81df6a9000 ---p 0001d000 08:06 2892632                    /usr/lib/x86_64-linux-gnu/libxcb.so.1.1.0
7f81df6a9000-7f81df6aa000 r--p 0001d000 08:06 2892632                    /usr/lib/x86_64-linux-gnu/libxcb.so.1.1.0
7f81df6aa000-7f81df6ab000 rw-p 0001e000 08:06 2892632                    /usr/lib/x86_64-linux-gnu/libxcb.so.1.1.0
7f81df6ab000-7f81df6ba000 r-xp 00000000 08:06 2891583                    /usr/lib/x86_64-linux-gnu/libXi.so.6.1.0
7f81df6ba000-7f81df8b9000 ---p 0000f000 08:06 2891583                    /usr/lib/x86_64-linux-gnu/libXi.so.6.1.0
7f81df8b9000-7f81df8ba000 r--p 0000e000 08:06 2891583                    /usr/lib/x86_64-linux-gnu/libXi.so.6.1.0
7f81df8ba000-7f81df8bb000 rw-p 0000f000 08:06 2891583                    /usr/lib/x86_64-linux-gnu/libXi.so.6.1.0
7f81df8bb000-7f81df8c0000 r-xp 00000000 08:06 2891603                    /usr/lib/x86_64-linux-gnu/libXtst.so.6.1.0
7f81df8c0000-7f81dfabf000 ---p 00005000 08:06 2891603                    /usr/lib/x86_64-linux-gnu/libXtst.so.6.1.0
7f81dfabf000-7f81dfac0000 r--p 00004000 08:06 2891603                    /usr/lib/x86_64-linux-gnu/libXtst.so.6.1.0
7f81dfac0000-7f81dfac1000 rw-p 00005000 08:06 2891603                    /usr/lib/x86_64-linux-gnu/libXtst.so.6.1.0
7f81dfac1000-7f81dfaca000 r-xp 00000000 08:06 2891597                    /usr/lib/x86_64-linux-gnu/libXrender.so.1.3.0
7f81dfaca000-7f81dfcc9000 ---p 00009000 08:06 2891597                    /usr/lib/x86_64-linux-gnu/libXrender.so.1.3.0
7f81dfcc9000-7f81dfcca000 r--p 00008000 08:06 2891597                    /usr/lib/x86_64-linux-gnu/libXrender.so.1.3.0
7f81dfcca000-7f81dfccb000 rw-p 00009000 08:06 2891597                    /usr/lib/x86_64-linux-gnu/libXrender.so.1.3.0
7f81dfccb000-7f81dfdfb000 r-xp 00000000 08:06 2891558                    /usr/lib/x86_64-linux-gnu/libX11.so.6.3.0
7f81dfdfb000-7f81dfffb000 ---p 00130000 08:06 2891558                    /usr/lib/x86_64-linux-gnu/libX11.so.6.3.0
7f81dfffb000-7f81dfffc000 r--p 00130000 08:06 2891558                    /usr/lib/x86_64-linux-gnu/libX11.so.6.3.0
7f81dfffc000-7f81e0000000 rw-p 00131000 08:06 2891558                    /usr/lib/x86_64-linux-gnu/libX11.so.6.3.0
7f81e0000000-7f81e0021000 rw-p 00000000 00:00 0 
7f81e0021000-7f81e4000000 ---p 00000000 00:00 0 
7f81e40bb000-7f81e40be000 ---p 00000000 00:00 0 
7f81e40be000-7f81e41bc000 rw-p 00000000 00:00 0                          [stack:9891]
7f81e41bc000-7f81e41cd000 r-xp 00000000 08:06 2891575                    /usr/lib/x86_64-linux-gnu/libXext.so.6.4.0
7f81e41cd000-7f81e43cc000 ---p 00011000 08:06 2891575                    /usr/lib/x86_64-linux-gnu/libXext.so.6.4.0
7f81e43cc000-7f81e43cd000 r--p 00010000 08:06 2891575                    /usr/lib/x86_64-linux-gnu/libXext.so.6.4.0
7f81e43cd000-7f81e43ce000 rw-p 00011000 08:06 2891575                    /usr/lib/x86_64-linux-gnu/libXext.so.6.4.0
7f81e43ce000-7f81e4422000 r-xp 00000000 08:06 3149772                    /usr/lib/jvm/java-8-oracle/jre/lib/amd64/libawt_xawt.so
7f81e4422000-7f81e4622000 ---p 00054000 08:06 3149772                    /usr/lib/jvm/java-8-oracle/jre/lib/amd64/libawt_xawt.so
7f81e4622000-7f81e4626000 rw-p 00054000 08:06 3149772                    /usr/lib/jvm/java-8-oracle/jre/lib/amd64/libawt_xawt.so
7f81e4626000-7f81e4627000 rw-p 00000000 00:00 0 
7f81e4627000-7f81e46c9000 r-xp 00000000 08:06 3149784                    /usr/lib/jvm/java-8-oracle/jre/lib/amd64/libawt.so
7f81e46c9000-7f81e48c9000 ---p 000a2000 08:06 3149784                    /usr/lib/jvm/java-8-oracle/jre/lib/amd64/libawt.so
7f81e48c9000-7f81e48d5000 rw-p 000a2000 08:06 3149784                    /usr/lib/jvm/java-8-oracle/jre/lib/amd64/libawt.so
7f81e48d5000-7f81e48f9000 rw-p 00000000 00:00 0 
7f81e48f9000-7f81e48fa000 ---p 00000000 00:00 0 
7f81e48fa000-7f81e49fa000 rw-p 00000000 00:00 0                          [stack:9890]
7f81e49fa000-7f81e49fd000 ---p 00000000 00:00 0 
7f81e49fd000-7f81e4afb000 rw-p 00000000 00:00 0                          [stack:9889]
7f81e4afb000-7f81e4afe000 ---p 00000000 00:00 0 
7f81e4afe000-7f81e4bfc000 rw-p 00000000 00:00 0                          [stack:9888]
7f81e4bfc000-7f81e52e0000 r--p 00000000 08:06 2890563                    /usr/lib/locale/locale-archive
7f81e52e0000-7f81e8000000 rw-p 00000000 00:00 0 
7f81e8000000-7f81e8021000 rw-p 00000000 00:00 0 
7f81e8021000-7f81ec000000 ---p 00000000 00:00 0 
7f81ec009000-7f81ec03a000 rw-p 00000000 00:00 0 
7f81ec03a000-7f81ec03b000 r--s 00000000 08:06 917794                     /var/cache/fontconfig/c05880de57d1f5e948fdfacc138775d9-le64.cache-4
7f81ec03b000-7f81ec046000 r--s 00000000 08:06 917788                     /var/cache/fontconfig/945677eb7aeaf62f1d50efc3fb3ec7d8-le64.cache-4
7f81ec046000-7f81ec04c000 r--s 00000000 08:06 917774                     /var/cache/fontconfig/2cd17615ca594fa2959ae173292e504c-le64.cache-4
7f81ec04c000-7f81ec04d000 r--s 00000000 08:06 917804                     /var/cache/fontconfig/e7071f4a29fa870f4323321c154eba04-le64.cache-4
7f81ec04d000-7f81ec04e000 r--s 00000000 08:06 917771                     /var/cache/fontconfig/0d8c3b2ac0904cb8a57a757ad11a4a08-le64.cache-4
7f81ec04e000-7f81ec055000 r--s 00000000 08:06 917791                     /var/cache/fontconfig/a755afe4a08bf5b97852ceb7400b47bc-le64.cache-4
7f81ec055000-7f81ec059000 r--s 00000000 08:06 929082                     /var/cache/fontconfig/6d41288fd70b0be22e8c3a91e032eec0-le64.cache-4
7f81ec059000-7f81ec06d000 r--s 00000000 08:06 917769                     /var/cache/fontconfig/04aabc0a78ac019cf9454389977116d2-le64.cache-4
7f81ec06d000-7f81ec06e000 r--s 00000000 08:06 917773                     /var/cache/fontconfig/1ac9eb803944fde146138c791f5cc56a-le64.cache-4
7f81ec06e000-7f81ec072000 r--s 00000000 08:06 917777                     /var/cache/fontconfig/385c0604a188198f04d133e54aba7fe7-le64.cache-4
7f81ec072000-7f81ec073000 r--s 00000000 08:06 917801                     /var/cache/fontconfig/dc05db6664285cc2f12bf69c139ae4c3-le64.cache-4
7f81ec073000-7f81ec078000 r--s 00000000 08:06 917787                     /var/cache/fontconfig/8801497958630a81b71ace7c5f9b32a8-le64.cache-4
7f81ec078000-7f81ec07f000 r--s 00000000 08:06 917775                     /var/cache/fontconfig/3047814df9a2f067bd2d96a2b9c36e5a-le64.cache-4
7f81ec07f000-7f81ec085000 r--s 00000000 08:06 917792                     /var/cache/fontconfig/b47c4e1ecd0709278f4910c18777a504-le64.cache-4
7f81ec085000-7f81ec098000 r--s 00000000 08:06 917798                     /var/cache/fontconfig/d52a8644073d54c13679302ca1180695-le64.cache-4
7f81ec098000-7f81ec0a1000 r--s 00000000 08:06 927419                     /var/cache/fontconfig/3f7329c5293ffd510edef78f73874cfd-le64.cache-4
7f81ec0a1000-7f81ec0ae000 r--s 00000000 08:06 926744                     /var/cache/fontconfig/e13b20fdb08344e0e664864cc2ede53d-le64.cache-4
7f81ec0ae000-7f81ec0d0000 r--p 00000000 08:06 4599592                    /usr/share/locale-langpack/pt_BR/LC_MESSAGES/libc.mo
7f81ec0d0000-7f81ec0d3000 ---p 00000000 00:00 0 
7f81ec0d3000-7f81ec1d1000 rw-p 00000000 00:00 0                          [stack:9887]
7f81ec1d1000-7f81ec1d4000 ---p 00000000 00:00 0 
7f81ec1d4000-7f81ec2d2000 rw-p 00000000 00:00 0                          [stack:9886]
7f81ec2d2000-7f81ec2d5000 ---p 00000000 00:00 0 
7f81ec2d5000-7f81ec3d3000 rw-p 00000000 00:00 0                          [stack:9885]
7f81ec3d3000-7f81ec3d6000 ---p 00000000 00:00 0 
7f81ec3d6000-7f81ec4d4000 rw-p 00000000 00:00 0                          [stack:9884]
7f81ec4d4000-7f81ec4d7000 ---p 00000000 00:00 0 
7f81ec4d7000-7f81ec5d5000 rw-p 00000000 00:00 0                          [stack:9883]
7f81ec5d5000-7f81ec5d6000 ---p 00000000 00:00 0 
7f81ec5d6000-7f81ed000000 rw-p 00000000 00:00 0                          [stack:9882]
7f81ed000000-7f81ed3f0000 rwxp 00000000 00:00 0 
7f81ed3f0000-7f81fc000000 ---p 00000000 00:00 0 
7f81fc000000-7f81fc62d000 rw-p 00000000 00:00 0 
7f81fc62d000-7f8200000000 ---p 00000000 00:00 0 
7f8200000000-7f820000b000 r--s 00116000 08:06 3149822                    /usr/lib/jvm/java-8-oracle/jre/lib/ext/localedata.jar
7f820000b000-7f82006c3000 rw-p 00000000 00:00 0 
7f82006c3000-7f8200899000 r--s 03cae000 08:06 2897646                    /usr/lib/jvm/java-8-oracle/jre/lib/rt.jar
7f8200899000-7f82013e1000 rw-p 00000000 00:00 0 
7f82013e1000-7f82013e2000 ---p 00000000 00:00 0 
7f82013e2000-7f82014e2000 rw-p 00000000 00:00 0                          [stack:9881]
7f82014e2000-7f82014e3000 ---p 00000000 00:00 0 
7f82014e3000-7f82015e3000 rw-p 00000000 00:00 0                          [stack:9880]
7f82015e3000-7f82015e4000 ---p 00000000 00:00 0 
7f82015e4000-7f82016e4000 rw-p 00000000 00:00 0                          [stack:9879]
7f82016e4000-7f82016e5000 ---p 00000000 00:00 0 
7f82016e5000-7f8201804000 rw-p 00000000 00:00 0                          [stack:9878]
7f8201804000-7f82019c7000 ---p 00000000 00:00 0 
7f82019c7000-7f82019e6000 rw-p 00000000 00:00 0 
7f82019e6000-7f8201ba8000 ---p 00000000 00:00 0 
7f8201ba8000-7f8201bb8000 rw-p 00000000 00:00 0 
7f8201bb8000-7f8201c99000 ---p 00000000 00:00 0 
7f8201c99000-7f8201caa000 rw-p 00000000 00:00 0 
7f8201caa000-7f820205a000 ---p 00000000 00:00 0 
7f820205a000-7f8202074000 r-xp 00000000 08:06 3149765                    /usr/lib/jvm/java-8-oracle/jre/lib/amd64/libzip.so
7f8202074000-7f8202274000 ---p 0001a000 08:06 3149765                    /usr/lib/jvm/java-8-oracle/jre/lib/amd64/libzip.so
7f8202274000-7f8202275000 rw-p 0001a000 08:06 3149765                    /usr/lib/jvm/java-8-oracle/jre/lib/amd64/libzip.so
7f8202275000-7f8202280000 r-xp 00000000 08:06 13375663                   /lib/x86_64-linux-gnu/libnss_files-2.19.so
7f8202280000-7f820247f000 ---p 0000b000 08:06 13375663                   /lib/x86_64-linux-gnu/libnss_files-2.19.so
7f820247f000-7f8202480000 r--p 0000a000 08:06 13375663                   /lib/x86_64-linux-gnu/libnss_files-2.19.so
7f8202480000-7f8202481000 rw-p 0000b000 08:06 13375663                   /lib/x86_64-linux-gnu/libnss_files-2.19.so
7f8202481000-7f820248c000 r-xp 00000000 08:06 13373484                   /lib/x86_64-linux-gnu/libnss_nis-2.19.so
7f820248c000-7f820268b000 ---p 0000b000 08:06 13373484                   /lib/x86_64-linux-gnu/libnss_nis-2.19.so
7f820268b000-7f820268c000 r--p 0000a000 08:06 13373484                   /lib/x86_64-linux-gnu/libnss_nis-2.19.so
7f820268c000-7f820268d000 rw-p 0000b000 08:06 13373484                   /lib/x86_64-linux-gnu/libnss_nis-2.19.so
7f820268d000-7f82026a4000 r-xp 00000000 08:06 13373456                   /lib/x86_64-linux-gnu/libnsl-2.19.so
7f82026a4000-7f82028a3000 ---p 00017000 08:06 13373456                   /lib/x86_64-linux-gnu/libnsl-2.19.so
7f82028a3000-7f82028a4000 r--p 00016000 08:06 13373456                   /lib/x86_64-linux-gnu/libnsl-2.19.so
7f82028a4000-7f82028a5000 rw-p 00017000 08:06 13373456                   /lib/x86_64-linux-gnu/libnsl-2.19.so
7f82028a5000-7f82028a7000 rw-p 00000000 00:00 0 
7f82028a7000-7f82028b0000 r-xp 00000000 08:06 13373409                   /lib/x86_64-linux-gnu/libnss_compat-2.19.so
7f82028b0000-7f8202aaf000 ---p 00009000 08:06 13373409                   /lib/x86_64-linux-gnu/libnss_compat-2.19.so
7f8202aaf000-7f8202ab0000 r--p 00008000 08:06 13373409                   /lib/x86_64-linux-gnu/libnss_compat-2.19.so
7f8202ab0000-7f8202ab1000 rw-p 00009000 08:06 13373409                   /lib/x86_64-linux-gnu/libnss_compat-2.19.so
7f8202ab1000-7f8202adb000 r-xp 00000000 08:06 3149771                    /usr/lib/jvm/java-8-oracle/jre/lib/amd64/libjava.so
7f8202adb000-7f8202cdb000 ---p 0002a000 08:06 3149771                    /usr/lib/jvm/java-8-oracle/jre/lib/amd64/libjava.so
7f8202cdb000-7f8202cdd000 rw-p 0002a000 08:06 3149771                    /usr/lib/jvm/java-8-oracle/jre/lib/amd64/libjava.so
7f8202cdd000-7f8202cea000 r-xp 00000000 08:06 3149749                    /usr/lib/jvm/java-8-oracle/jre/lib/amd64/libverify.so
7f8202cea000-7f8202eea000 ---p 0000d000 08:06 3149749                    /usr/lib/jvm/java-8-oracle/jre/lib/amd64/libverify.so
7f8202eea000-7f8202eec000 rw-p 0000d000 08:06 3149749                    /usr/lib/jvm/java-8-oracle/jre/lib/amd64/libverify.so
7f8202eec000-7f8202ef3000 r-xp 00000000 08:06 13373365                   /lib/x86_64-linux-gnu/librt-2.19.so
7f8202ef3000-7f82030f2000 ---p 00007000 08:06 13373365                   /lib/x86_64-linux-gnu/librt-2.19.so
7f82030f2000-7f82030f3000 r--p 00006000 08:06 13373365                   /lib/x86_64-linux-gnu/librt-2.19.so
7f82030f3000-7f82030f4000 rw-p 00007000 08:06 13373365                   /lib/x86_64-linux-gnu/librt-2.19.so
7f82030f4000-7f82031f9000 r-xp 00000000 08:06 13373421                   /lib/x86_64-linux-gnu/libm-2.19.so
7f82031f9000-7f82033f8000 ---p 00105000 08:06 13373421                   /lib/x86_64-linux-gnu/libm-2.19.so
7f82033f8000-7f82033f9000 r--p 00104000 08:06 13373421                   /lib/x86_64-linux-gnu/libm-2.19.so
7f82033f9000-7f82033fa000 rw-p 00105000 08:06 13373421                   /lib/x86_64-linux-gnu/libm-2.19.so
7f82033fa000-7f8204068000 r-xp 00000000 08:06 3149745                    /usr/lib/jvm/java-8-oracle/jre/lib/amd64/server/libjvm.so
7f8204068000-7f8204267000 ---p 00c6e000 08:06 3149745                    /usr/lib/jvm/java-8-oracle/jre/lib/amd64/server/libjvm.so
7f8204267000-7f820433d000 rw-p 00c6d000 08:06 3149745                    /usr/lib/jvm/java-8-oracle/jre/lib/amd64/server/libjvm.so
7f820433d000-7f8204380000 rw-p 00000000 00:00 0 
7f8204380000-7f820453b000 r-xp 00000000 08:06 13373363                   /lib/x86_64-linux-gnu/libc-2.19.so
7f820453b000-7f820473b000 ---p 001bb000 08:06 13373363                   /lib/x86_64-linux-gnu/libc-2.19.so
7f820473b000-7f820473f000 r--p 001bb000 08:06 13373363                   /lib/x86_64-linux-gnu/libc-2.19.so
7f820473f000-7f8204741000 rw-p 001bf000 08:06 13373363                   /lib/x86_64-linux-gnu/libc-2.19.so
7f8204741000-7f8204746000 rw-p 00000000 00:00 0 
7f8204746000-7f8204749000 r-xp 00000000 08:06 13373405                   /lib/x86_64-linux-gnu/libdl-2.19.so
7f8204749000-7f8204948000 ---p 00003000 08:06 13373405                   /lib/x86_64-linux-gnu/libdl-2.19.so
7f8204948000-7f8204949000 r--p 00002000 08:06 13373405                   /lib/x86_64-linux-gnu/libdl-2.19.so
7f8204949000-7f820494a000 rw-p 00003000 08:06 13373405                   /lib/x86_64-linux-gnu/libdl-2.19.so
7f820494a000-7f820495f000 r-xp 00000000 08:06 2895139                    /usr/lib/jvm/java-8-oracle/lib/amd64/jli/libjli.so
7f820495f000-7f8204b5e000 ---p 00015000 08:06 2895139                    /usr/lib/jvm/java-8-oracle/lib/amd64/jli/libjli.so
7f8204b5e000-7f8204b5f000 rw-p 00014000 08:06 2895139                    /usr/lib/jvm/java-8-oracle/lib/amd64/jli/libjli.so
7f8204b5f000-7f8204b78000 r-xp 00000000 08:06 13373494                   /lib/x86_64-linux-gnu/libpthread-2.19.so
7f8204b78000-7f8204d77000 ---p 00019000 08:06 13373494                   /lib/x86_64-linux-gnu/libpthread-2.19.so
7f8204d77000-7f8204d78000 r--p 00018000 08:06 13373494                   /lib/x86_64-linux-gnu/libpthread-2.19.so
7f8204d78000-7f8204d79000 rw-p 00019000 08:06 13373494                   /lib/x86_64-linux-gnu/libpthread-2.19.so
7f8204d79000-7f8204d7d000 rw-p 00000000 00:00 0 
7f8204d7d000-7f8204da0000 r-xp 00000000 08:06 13373350                   /lib/x86_64-linux-gnu/ld-2.19.so
7f8204da0000-7f8204da2000 r--s 00000000 08:06 917785                     /var/cache/fontconfig/767a8244fc0220cfb567a839d0392e0b-le64.cache-4
7f8204da2000-7f8204da3000 r--s 00000000 08:06 923908                     /var/cache/fontconfig/4794a0821666d79190d59a36cb4f44b5-le64.cache-4
7f8204da3000-7f8204da7000 r--s 00000000 08:06 917799                     /var/cache/fontconfig/d589a48862398ed80a3d6066f4f56f4c-le64.cache-4
7f8204da7000-7f8204dba000 r--s 00344000 08:06 2897476                    /usr/lib/jvm/java-8-oracle/jre/lib/resources.jar
7f8204dba000-7f8204e7b000 rw-p 00000000 00:00 0 
7f8204e7b000-7f8204e7e000 ---p 00000000 00:00 0 
7f8204e7e000-7f8204f80000 rw-p 00000000 00:00 0                          [stack:9877]
7f8204f80000-7f8204f81000 r--s 00000000 08:06 917781                     /var/cache/fontconfig/56cf4f4769d0f4abc89a4895d7bd3ae1-le64.cache-4
7f8204f81000-7f8204f82000 r--s 00000000 08:06 917793                     /var/cache/fontconfig/b9d506c9ac06c20b433354fa67a72993-le64.cache-4
7f8204f82000-7f8204f83000 r--s 00000000 08:06 917770                     /var/cache/fontconfig/0c9eb80ebd1c36541ebe2852d3bb0c49-le64.cache-4
7f8204f83000-7f8204f87000 r--s 00000000 08:06 929081                     /var/cache/fontconfig/7ef2298fde41cc6eeb7af42e48b7d293-le64.cache-4
7f8204f87000-7f8204f8e000 r--s 00000000 08:06 3287063                    /usr/lib/x86_64-linux-gnu/gconv/gconv-modules.cache
7f8204f8e000-7f8204f93000 r--s 002f8000 08:06 2895166                    /usr/lib/jvm/java-8-oracle/jre/lib/charsets.jar
7f8204f93000-7f8204f9b000 rw-s 00000000 08:06 15729137                   /tmp/hsperfdata_claudio/9871
7f8204f9b000-7f8204f9c000 rw-p 00000000 00:00 0 
7f8204f9c000-7f8204f9d000 r--p 00000000 00:00 0 
7f8204f9d000-7f8204f9f000 rw-p 00000000 00:00 0 
7f8204f9f000-7f8204fa0000 r--p 00022000 08:06 13373350                   /lib/x86_64-linux-gnu/ld-2.19.so
7f8204fa0000-7f8204fa1000 rw-p 00023000 08:06 13373350                   /lib/x86_64-linux-gnu/ld-2.19.so
7f8204fa1000-7f8204fa2000 rw-p 00000000 00:00 0 
7fff56d53000-7fff56d74000 rw-p 00000000 00:00 0                          [stack]
7fff56dfe000-7fff56e00000 r-xp 00000000 00:00 0                          [vdso]
ffffffffff600000-ffffffffff601000 r-xp 00000000 00:00 0                  [vsyscall]

VM Arguments:
jvm_args: -Dfile.encoding=UTF-8 
java_command: br.ufrj.cos.expline.scicumulus.conversion.mainInterface.ScicumulusInstantiator
java_class_path (initial): /home/claudio/Área de Trabalho/Repositories/expline-scicumulus-instantiation/bin
Launcher Type: SUN_STANDARD

Environment Variables:
JAVA_HOME=/usr/lib/jvm/java-8-oracle
PATH=/usr/local/sbin:/usr/local/bin:/usr/sbin:/usr/bin:/sbin:/bin:/usr/games:/usr/local/games:/usr/lib/jvm/java-8-oracle/bin:/usr/lib/jvm/java-8-oracle/db/bin:/usr/lib/jvm/java-8-oracle/jre/bin
SHELL=/bin/bash
DISPLAY=:0.0

Signal Handlers:
SIGSEGV: [libjvm.so+0xa7a650], sa_mask[0]=11111111011111111101111111111110, sa_flags=SA_RESTART|SA_SIGINFO
SIGBUS: [libjvm.so+0xa7a650], sa_mask[0]=11111111011111111101111111111110, sa_flags=SA_RESTART|SA_SIGINFO
SIGFPE: [libjvm.so+0x8e28f0], sa_mask[0]=11111111011111111101111111111110, sa_flags=SA_RESTART|SA_SIGINFO
SIGPIPE: [libjvm.so+0x8e28f0], sa_mask[0]=11111111011111111101111111111110, sa_flags=SA_RESTART|SA_SIGINFO
SIGXFSZ: [libjvm.so+0x8e28f0], sa_mask[0]=11111111011111111101111111111110, sa_flags=SA_RESTART|SA_SIGINFO
SIGILL: [libjvm.so+0x8e28f0], sa_mask[0]=11111111011111111101111111111110, sa_flags=SA_RESTART|SA_SIGINFO
SIGUSR1: SIG_DFL, sa_mask[0]=00000000000000000000000000000000, sa_flags=none
SIGUSR2: [libjvm.so+0x8e4120], sa_mask[0]=00100000000000000000000000000000, sa_flags=SA_RESTART|SA_SIGINFO
SIGHUP: [libjvm.so+0x8e54e0], sa_mask[0]=11111111011111111101111111111110, sa_flags=SA_RESTART|SA_SIGINFO
SIGINT: [libjvm.so+0x8e54e0], sa_mask[0]=11111111011111111101111111111110, sa_flags=SA_RESTART|SA_SIGINFO
SIGTERM: [libjvm.so+0x8e54e0], sa_mask[0]=11111111011111111101111111111110, sa_flags=SA_RESTART|SA_SIGINFO
SIGQUIT: [libjvm.so+0x8e54e0], sa_mask[0]=11111111011111111101111111111110, sa_flags=SA_RESTART|SA_SIGINFO


---------------  S Y S T E M  ---------------

OS:DISTRIB_ID=Ubuntu
DISTRIB_RELEASE=14.04
DISTRIB_CODENAME=trusty
DISTRIB_DESCRIPTION="Ubuntu 14.04.2 LTS"

uname:Linux 3.13.0-45-generic #74-Ubuntu SMP Tue Jan 13 19:36:28 UTC 2015 x86_64
libc:glibc 2.19 NPTL 2.19 
rlimit: STACK 8192k, CORE 0k, NPROC 45977, NOFILE 4096, AS infinity
load average:0,55 0,70 0,78

/proc/meminfo:
MemTotal:        5906704 kB
MemFree:         3549128 kB
Buffers:          135852 kB
Cached:          1009184 kB
SwapCached:            0 kB
Active:          1260260 kB
Inactive:         722208 kB
Active(anon):     678568 kB
Inactive(anon):   165648 kB
Active(file):     581692 kB
Inactive(file):   556560 kB
Unevictable:          32 kB
Mlocked:              32 kB
SwapTotal:       1990652 kB
SwapFree:        1990368 kB
Dirty:              1604 kB
Writeback:             0 kB
AnonPages:        837636 kB
Mapped:            68476 kB
Shmem:              6612 kB
Slab:             296336 kB
SReclaimable:     262504 kB
SUnreclaim:        33832 kB
KernelStack:        3120 kB
PageTables:        12656 kB
NFS_Unstable:          0 kB
Bounce:                0 kB
WritebackTmp:          0 kB
CommitLimit:     4944004 kB
Committed_AS:    3086832 kB
VmallocTotal:   34359738367 kB
VmallocUsed:      551584 kB
VmallocChunk:   34359177692 kB
HardwareCorrupted:     0 kB
AnonHugePages:    632832 kB
HugePages_Total:       0
HugePages_Free:        0
HugePages_Rsvd:        0
HugePages_Surp:        0
Hugepagesize:       2048 kB
DirectMap4k:       72784 kB
DirectMap2M:     6012928 kB


CPU:total 4 (2 cores per cpu, 2 threads per core) family 6 model 37 stepping 5, cmov, cx8, fxsr, mmx, sse, sse2, sse3, ssse3, sse4.1, sse4.2, popcnt, ht, tsc, tscinvbit

/proc/cpuinfo:
processor	: 0
vendor_id	: GenuineIntel
cpu family	: 6
model		: 37
model name	: Intel(R) Core(TM) i3 CPU       M 370  @ 2.40GHz
stepping	: 5
microcode	: 0x2
cpu MHz		: 2394.000
cache size	: 3072 KB
physical id	: 0
siblings	: 4
core id		: 0
cpu cores	: 2
apicid		: 0
initial apicid	: 0
fpu		: yes
fpu_exception	: yes
cpuid level	: 11
wp		: yes
flags		: fpu vme de pse tsc msr pae mce cx8 apic sep mtrr pge mca cmov pat pse36 clflush dts acpi mmx fxsr sse sse2 ss ht tm pbe syscall nx rdtscp lm constant_tsc arch_perfmon pebs bts rep_good nopl xtopology nonstop_tsc aperfmperf pni dtes64 monitor ds_cpl vmx est tm2 ssse3 cx16 xtpr pdcm pcid sse4_1 sse4_2 popcnt lahf_lm arat dtherm tpr_shadow vnmi flexpriority ept vpid
bogomips	: 4788.16
clflush size	: 64
cache_alignment	: 64
address sizes	: 36 bits physical, 48 bits virtual
power management:

processor	: 1
vendor_id	: GenuineIntel
cpu family	: 6
model		: 37
model name	: Intel(R) Core(TM) i3 CPU       M 370  @ 2.40GHz
stepping	: 5
microcode	: 0x2
cpu MHz		: 2394.000
cache size	: 3072 KB
physical id	: 0
siblings	: 4
core id		: 2
cpu cores	: 2
apicid		: 4
initial apicid	: 4
fpu		: yes
fpu_exception	: yes
cpuid level	: 11
wp		: yes
flags		: fpu vme de pse tsc msr pae mce cx8 apic sep mtrr pge mca cmov pat pse36 clflush dts acpi mmx fxsr sse sse2 ss ht tm pbe syscall nx rdtscp lm constant_tsc arch_perfmon pebs bts rep_good nopl xtopology nonstop_tsc aperfmperf pni dtes64 monitor ds_cpl vmx est tm2 ssse3 cx16 xtpr pdcm pcid sse4_1 sse4_2 popcnt lahf_lm arat dtherm tpr_shadow vnmi flexpriority ept vpid
bogomips	: 4788.16
clflush size	: 64
cache_alignment	: 64
address sizes	: 36 bits physical, 48 bits virtual
power management:

processor	: 2
vendor_id	: GenuineIntel
cpu family	: 6
model		: 37
model name	: Intel(R) Core(TM) i3 CPU       M 370  @ 2.40GHz
stepping	: 5
microcode	: 0x2
cpu MHz		: 2394.000
cache size	: 3072 KB
physical id	: 0
siblings	: 4
core id		: 0
cpu cores	: 2
apicid		: 1
initial apicid	: 1
fpu		: yes
fpu_exception	: yes
cpuid level	: 11
wp		: yes
flags		: fpu vme de pse tsc msr pae mce cx8 apic sep mtrr pge mca cmov pat pse36 clflush dts acpi mmx fxsr sse sse2 ss ht tm pbe syscall nx rdtscp lm constant_tsc arch_perfmon pebs bts rep_good nopl xtopology nonstop_tsc aperfmperf pni dtes64 monitor ds_cpl vmx est tm2 ssse3 cx16 xtpr pdcm pcid sse4_1 sse4_2 popcnt lahf_lm arat dtherm tpr_shadow vnmi flexpriority ept vpid
bogomips	: 4788.16
clflush size	: 64
cache_alignment	: 64
address sizes	: 36 bits physical, 48 bits virtual
power management:

processor	: 3
vendor_id	: GenuineIntel
cpu family	: 6
model		: 37
model name	: Intel(R) Core(TM) i3 CPU       M 370  @ 2.40GHz
stepping	: 5
microcode	: 0x2
cpu MHz		: 2394.000
cache size	: 3072 KB
physical id	: 0
siblings	: 4
core id		: 2
cpu cores	: 2
apicid		: 5
initial apicid	: 5
fpu		: yes
fpu_exception	: yes
cpuid level	: 11
wp		: yes
flags		: fpu vme de pse tsc msr pae mce cx8 apic sep mtrr pge mca cmov pat pse36 clflush dts acpi mmx fxsr sse sse2 ss ht tm pbe syscall nx rdtscp lm constant_tsc arch_perfmon pebs bts rep_good nopl xtopology nonstop_tsc aperfmperf pni dtes64 monitor ds_cpl vmx est tm2 ssse3 cx16 xtpr pdcm pcid sse4_1 sse4_2 popcnt lahf_lm arat dtherm tpr_shadow vnmi flexpriority ept vpid
bogomips	: 4788.16
clflush size	: 64
cache_alignment	: 64
address sizes	: 36 bits physical, 48 bits virtual
power management:



Memory: 4k page, physical 5906704k(3549128k free), swap 1990652k(1990368k free)

vm_info: Java HotSpot(TM) 64-Bit Server VM (25.31-b07) for linux-amd64 JRE (1.8.0_31-b13), built on Dec 17 2014 20:40:15 by "java_re" with gcc 4.3.0 20080428 (Red Hat 4.3.0-8)

time: Sat Mar 21 20:07:40 2015
elapsed time: 4592 seconds (0d 1h 16m 32s)

