#
# A fatal error has been detected by the Java Runtime Environment:
#
#  SIGSEGV (0xb) at pc=0x00007f2a350690ba, pid=9769, tid=139818916599552
#
# JRE version: Java(TM) SE Runtime Environment (8.0_31-b13) (build 1.8.0_31-b13)
# Java VM: Java HotSpot(TM) 64-Bit Server VM (25.31-b07 mixed mode linux-amd64 compressed oops)
# Problematic frame:
# v  ~BufferBlob::jni_fast_GetLongField
#
# Failed to write core dump. Core dumps have been disabled. To enable core dumping, try "ulimit -c unlimited" before starting Java again
#
# If you would like to submit a bug report, please visit:
#   http://bugreport.java.com/bugreport/crash.jsp
# The crash happened outside the Java Virtual Machine in native code.
# See problematic frame for where to report the bug.
#

---------------  T H R E A D  ---------------

Current thread (0x00007f2a4428d800):  JavaThread "AWT-XAWT" daemon [_thread_in_native, id=9790, stack(0x00007f2a20cb5000,0x00007f2a20db6000)]

siginfo: si_signo: 11 (SIGSEGV), si_code: 1 (SEGV_MAPERR), si_addr: 0x0000000000000000

Registers:
RAX=0x00007f2a4a8372e0, RBX=0x00007f2a4428d9e8, RCX=0x00007f2a4b291320, RDX=0x0000000000000042
RSP=0x00007f2a20db4478, RBP=0x00007f2a20db44a0, RSI=0x0000000000000000, RDI=0x00007f2a4428d9e8
R8 =0x0000000000000005, R9 =0x0000000000000000, R10=0x0000000000000018, R11=0x00007f2a353c8058
R12=0x00007f29e400d6f0, R13=0x0000000000000000, R14=0x00007f2a22b3e7c0, R15=0x00007f2a4428d800
RIP=0x00007f2a350690ba, EFLAGS=0x0000000000010246, CSGSFS=0x0000000000000033, ERR=0x0000000000000004
  TRAPNO=0x000000000000000e

Top of Stack: (sp=0x00007f2a20db4478)
0x00007f2a20db4478:   00007f2a2291d0a1 00007f2a31379c00
0x00007f2a20db4488:   00007f29e400d6f0 00007f2a20db4550
0x00007f2a20db4498:   00007f2a20db4520 0000000000000000
0x00007f2a20db44a8:   00007f2a22400ae8 00007f2a31379c00
0x00007f2a20db44b8:   00007f2a20db44e0 0000000000000000
0x00007f2a20db44c8:   00007f2a223f89a3 00007f2a20db4550
0x00007f2a20db44d8:   00007f2a2291639f 00007f2a20db4530
0x00007f2a20db44e8:   00007f2a353c80f6 0000000000000000
0x00007f2a20db44f8:   00007f2a352a15f6 00007f2a20db4550
0x00007f2a20db4508:   00007f2a3516c6ec 00007f2a20db45b0
0x00007f2a20db4518:   00000000e2110b30 00000000e2013828
0x00007f2a20db4528:   0000000000000001 00007f2a20db45b0
0x00007f2a20db4538:   00007f2a35007160 00007f2a20db45b0
0x00007f2a20db4548:   00007f2a35007160 0000000000000000
0x00007f2a20db4558:   00007f2a350074a0 00007f29ec000e30
0x00007f2a20db4568:   00000000e2159c20 00007f2a20db4570
0x00007f2a20db4578:   00007f2a315073fc 00007f2a20db45f8
0x00007f2a20db4588:   00007f2a31510828 0000000000000000
0x00007f2a20db4598:   00007f2a31507530 00007f2a20db4550
0x00007f2a20db45a8:   00007f2a20db45f0 00007f2a20db4640
0x00007f2a20db45b8:   00007f2a3500798d 0000000000000000
0x00007f2a20db45c8:   00000000e25a9600 0000000000000000
0x00007f2a20db45d8:   0000000000000000 0000000000000000
0x00007f2a20db45e8:   00000000e2159c20 0000000000000000
0x00007f2a20db45f8:   00000000e21116a8 00007f2a20db4600
0x00007f2a20db4608:   00007f2a3150723d 00007f2a20db4650
0x00007f2a20db4618:   00007f2a31510828 0000000000000000
0x00007f2a20db4628:   00007f2a31507248 00007f2a20db45f0
0x00007f2a20db4638:   00007f2a20db4650 00007f2a20db4698
0x00007f2a20db4648:   00007f2a350079d2 00000000e21116a8
0x00007f2a20db4658:   00007f2a20db4658 00007f2a31082c93
0x00007f2a20db4668:   00007f2a20db46a8 00007f2a310f5b78 

Instructions: (pc=0x00007f2a350690ba)
0x00007f2a3506909a:   00 00 00 00 00 00 44 8b 15 21 57 80 15 4c 8b ce
0x00007f2a350690aa:   41 f6 c2 01 0f 85 2e 00 00 00 4d 33 ca 4d 33 ca
0x00007f2a350690ba:   4d 8b 09 4c 8b da 49 c1 eb 02 4b 8b 04 19 49 bb
0x00007f2a350690ca:   c8 e7 86 4a 2a 7f 00 00 4c 33 d8 4c 33 d8 45 3b 

Register to memory mapping:

RAX=0x00007f2a4a8372e0: <offset 0xf242e0> in /usr/lib/jvm/java-8-oracle/jre/lib/amd64/server/libjvm.so at 0x00007f2a49913000
RBX=0x00007f2a4428d9e8 is an unknown value
RCX=0x00007f2a4b291320: <offset 0x219320> in /lib/x86_64-linux-gnu/libpthread.so.0 at 0x00007f2a4b078000
RDX=0x0000000000000042 is an unknown value
RSP=0x00007f2a20db4478 is pointing into the stack for thread: 0x00007f2a4428d800
RBP=0x00007f2a20db44a0 is pointing into the stack for thread: 0x00007f2a4428d800
RSI=0x0000000000000000 is an unknown value
RDI=0x00007f2a4428d9e8 is an unknown value
R8 =0x0000000000000005 is an unknown value
R9 =0x0000000000000000 is an unknown value
R10=0x0000000000000018 is an unknown value
R11=0x00007f2a353c8058 is at entry_point+24 in (nmethod*)0x00007f2a353c7ed0
R12=0x00007f29e400d6f0 is an unknown value
R13=0x0000000000000000 is an unknown value
R14=0x00007f2a22b3e7c0: <offset 0x2587c0> in /usr/lib/jvm/java-8-oracle/jre/lib/amd64/libawt_xawt.so at 0x00007f2a228e6000
R15=0x00007f2a4428d800 is a thread


Stack: [0x00007f2a20cb5000,0x00007f2a20db6000],  sp=0x00007f2a20db4478,  free space=1021k
Native frames: (J=compiled Java code, j=interpreted, Vv=VM code, C=native code)
v  ~BufferBlob::jni_fast_GetLongField
C  [libX11.so.6+0x61ae8]  _XimServerDestroy+0x58

Java frames: (J=compiled Java code, j=interpreted, Vv=VM code)
J 1057  sun.awt.X11.XlibWrapper.XFilterEvent(JJ)Z (0 bytes) @ 0x00007f2a353c8084 [0x00007f2a353c8040+0x44]
j  sun.awt.X11.XToolkit.run(Z)V+300
j  sun.awt.X11.XToolkit.run()V+5
j  java.lang.Thread.run()V+11
v  ~StubRoutines::call_stub

---------------  P R O C E S S  ---------------

Java Threads: ( => current thread )
  0x00007f2a44009800 JavaThread "DestroyJavaVM" [_thread_blocked, id=9770, stack(0x00007f2a4b394000,0x00007f2a4b495000)]
  0x00007f2a443e5800 JavaThread "AWT-EventQueue-0" [_thread_blocked, id=9793, stack(0x00007f2a2000c000,0x00007f2a2010d000)]
  0x00007f2a443e3800 JavaThread "AWT-Shutdown" [_thread_blocked, id=9792, stack(0x00007f2a2010d000,0x00007f2a2020e000)]
=>0x00007f2a4428d800 JavaThread "AWT-XAWT" daemon [_thread_in_native, id=9790, stack(0x00007f2a20cb5000,0x00007f2a20db6000)]
  0x00007f2a44222800 JavaThread "Java2D Disposer" daemon [_thread_blocked, id=9789, stack(0x00007f2a211c6000,0x00007f2a212c7000)]
  0x00007f2a440b3000 JavaThread "Service Thread" daemon [_thread_blocked, id=9787, stack(0x00007f2a22f12000,0x00007f2a23013000)]
  0x00007f2a440b0000 JavaThread "C1 CompilerThread2" daemon [_thread_blocked, id=9786, stack(0x00007f2a23013000,0x00007f2a23114000)]
  0x00007f2a440ae800 JavaThread "C2 CompilerThread1" daemon [_thread_blocked, id=9785, stack(0x00007f2a23114000,0x00007f2a23215000)]
  0x00007f2a440ab800 JavaThread "C2 CompilerThread0" daemon [_thread_blocked, id=9784, stack(0x00007f2a23215000,0x00007f2a23316000)]
  0x00007f2a440a9800 JavaThread "Signal Dispatcher" daemon [_thread_blocked, id=9783, stack(0x00007f2a23316000,0x00007f2a23417000)]
  0x00007f2a4407c000 JavaThread "Finalizer" daemon [_thread_blocked, id=9782, stack(0x00007f2a23afb000,0x00007f2a23bfc000)]
  0x00007f2a4407a000 JavaThread "Reference Handler" daemon [_thread_blocked, id=9781, stack(0x00007f2a23bfc000,0x00007f2a23cfd000)]

Other Threads:
  0x00007f2a44075000 VMThread [stack: 0x00007f2a23cfd000,0x00007f2a23dfe000] [id=9780]
  0x00007f2a440c2000 WatcherThread [stack: 0x00007f2a22e11000,0x00007f2a22f12000] [id=9788]

VM state:not at safepoint (normal execution)

VM Mutex/Monitor currently owned by a thread: None

Heap:
 PSYoungGen      total 27648K, used 8200K [0x00000000e1f00000, 0x00000000e3d80000, 0x0000000100000000)
  eden space 24064K, 34% used [0x00000000e1f00000,0x00000000e2702028,0x00000000e3680000)
  from space 3584K, 0% used [0x00000000e3a00000,0x00000000e3a00000,0x00000000e3d80000)
  to   space 3584K, 0% used [0x00000000e3680000,0x00000000e3680000,0x00000000e3a00000)
 ParOldGen       total 62976K, used 0K [0x00000000a5c00000, 0x00000000a9980000, 0x00000000e1f00000)
  object space 62976K, 0% used [0x00000000a5c00000,0x00000000a5c00000,0x00000000a9980000)
 Metaspace       used 14823K, capacity 15050K, committed 15232K, reserved 1062912K
  class space    used 1818K, capacity 1871K, committed 1920K, reserved 1048576K

Card table byte_map: [0x00007f2a34d2d000,0x00007f2a35000000] byte_map_base: 0x00007f2a347ff000

Marking Bits: (ParMarkBitMap*) 0x00007f2a4a86e2a0
 Begin Bits: [0x00007f2a31b28000, 0x00007f2a331b8000)
 End Bits:   [0x00007f2a331b8000, 0x00007f2a34848000)

Polling page: 0x00007f2a4b4b5000

CodeCache: size=245760Kb used=3897Kb max_used=3903Kb free=241862Kb
 bounds [0x00007f2a35000000, 0x00007f2a353e0000, 0x00007f2a44000000]
 total_blobs=1645 nmethods=1066 adapters=494
 compilation: enabled

Compilation events (10 events):
Event: 1374,008 Thread 0x00007f2a440b0000 1063       3       java.util.Vector$Itr::checkForComodification (23 bytes)
Event: 1374,008 Thread 0x00007f2a440b0000 nmethod 1063 0x00007f2a353cbcd0 code [0x00007f2a353cbe40, 0x00007f2a353cc068]
Event: 1871,316 Thread 0x00007f2a440ae800 1064   !   4       sun.awt.X11.XToolkit::callTimeoutTasks (220 bytes)
Event: 1871,322 Thread 0x00007f2a440ae800 nmethod 1064 0x00007f2a353cb590 code [0x00007f2a353cb720, 0x00007f2a353cb998]
Event: 2215,700 Thread 0x00007f2a440ab800 1065   !   4       sun.awt.X11.XToolkit::getNextTaskTime (55 bytes)
Event: 2215,715 Thread 0x00007f2a440ab800 nmethod 1065 0x00007f2a353cac50 code [0x00007f2a353cade0, 0x00007f2a353cb110]
Event: 4676,040 Thread 0x00007f2a440b0000 1066       1       sun.awt.X11.Native::getByte (8 bytes)
Event: 4676,041 Thread 0x00007f2a440b0000 nmethod 1066 0x00007f2a353d12d0 code [0x00007f2a353d1420, 0x00007f2a353d1530]
Event: 4676,041 Thread 0x00007f2a440b0000 1067       3       sun.awt.XSettings$Update::needBytes (65 bytes)
Event: 4676,042 Thread 0x00007f2a440b0000 nmethod 1067 0x00007f2a353cfed0 code [0x00007f2a353d0100, 0x00007f2a353d0d78]

GC Heap History (0 events):
No events

Deoptimization events (4 events):
Event: 0,414 Thread 0x00007f2a44009800 Uncommon trap: reason=class_check action=maybe_recompile pc=0x00007f2a35198438 method=java.io.DataInputStream.readChar()C @ 4
Event: 0,414 Thread 0x00007f2a44009800 Uncommon trap: reason=class_check action=maybe_recompile pc=0x00007f2a35198438 method=java.io.DataInputStream.readChar()C @ 4
Event: 0,414 Thread 0x00007f2a44009800 Uncommon trap: reason=class_check action=maybe_recompile pc=0x00007f2a35198438 method=java.io.DataInputStream.readChar()C @ 4
Event: 0,414 Thread 0x00007f2a44009800 Uncommon trap: reason=class_check action=maybe_recompile pc=0x00007f2a35198438 method=java.io.DataInputStream.readChar()C @ 4

Internal exceptions (10 events):
Event: 0,495 Thread 0x00007f2a44009800 Exception <a 'java/security/PrivilegedActionException'> (0x00000000e2338440) thrown at [/HUDSON/workspace/8-2-build-linux-amd64/jdk8u31/2394/hotspot/src/share/vm/prims/jvm.cpp, line 1312]
Event: 0,495 Thread 0x00007f2a44009800 Exception <a 'java/security/PrivilegedActionException'> (0x00000000e233c720) thrown at [/HUDSON/workspace/8-2-build-linux-amd64/jdk8u31/2394/hotspot/src/share/vm/prims/jvm.cpp, line 1312]
Event: 0,496 Thread 0x00007f2a44009800 Exception <a 'java/security/PrivilegedActionException'> (0x00000000e2340770) thrown at [/HUDSON/workspace/8-2-build-linux-amd64/jdk8u31/2394/hotspot/src/share/vm/prims/jvm.cpp, line 1312]
Event: 0,497 Thread 0x00007f2a44009800 Exception <a 'java/security/PrivilegedActionException'> (0x00000000e2344ab8) thrown at [/HUDSON/workspace/8-2-build-linux-amd64/jdk8u31/2394/hotspot/src/share/vm/prims/jvm.cpp, line 1312]
Event: 0,497 Thread 0x00007f2a44009800 Exception <a 'java/security/PrivilegedActionException'> (0x00000000e23490c8) thrown at [/HUDSON/workspace/8-2-build-linux-amd64/jdk8u31/2394/hotspot/src/share/vm/prims/jvm.cpp, line 1312]
Event: 0,498 Thread 0x00007f2a44009800 Exception <a 'java/security/PrivilegedActionException'> (0x00000000e234d0b0) thrown at [/HUDSON/workspace/8-2-build-linux-amd64/jdk8u31/2394/hotspot/src/share/vm/prims/jvm.cpp, line 1312]
Event: 0,522 Thread 0x00007f2a44009800 Exception <a 'java/security/PrivilegedActionException'> (0x00000000e2361890) thrown at [/HUDSON/workspace/8-2-build-linux-amd64/jdk8u31/2394/hotspot/src/share/vm/prims/jvm.cpp, line 1312]
Event: 0,678 Thread 0x00007f2a44009800 Exception <a 'java/security/PrivilegedActionException'> (0x00000000e248ab40) thrown at [/HUDSON/workspace/8-2-build-linux-amd64/jdk8u31/2394/hotspot/src/share/vm/prims/jvm.cpp, line 1312]
Event: 0,740 Thread 0x00007f2a44009800 Exception <a 'java/security/PrivilegedActionException'> (0x00000000e252d570) thrown at [/HUDSON/workspace/8-2-build-linux-amd64/jdk8u31/2394/hotspot/src/share/vm/prims/jvm.cpp, line 1312]
Event: 1,131 Thread 0x00007f2a443e5800 Exception <a 'java/lang/UnsupportedOperationException': > (0x00000000e24cf590) thrown at [/HUDSON/workspace/8-2-build-linux-amd64/jdk8u31/2394/hotspot/src/share/vm/prims/jni.cpp, line 742]

Events (10 events):
Event: 5,801 loading class javax/swing/Autoscroller
Event: 5,801 loading class javax/swing/Autoscroller done
Event: 5,812 loading class java/awt/Component$FlipBufferStrategy
Event: 5,813 loading class java/awt/Component$FlipBufferStrategy done
Event: 5,819 loading class sun/awt/X11/XErrorEvent
Event: 5,819 loading class sun/awt/X11/XErrorEvent done
Event: 4676,040 loading class sun/awt/X11/XAWTXSettings$1
Event: 4676,040 loading class sun/awt/X11/XAWTXSettings$1 done
Event: 4676,190 loading class sun/awt/X11/XDestroyWindowEvent
Event: 4676,317 loading class sun/awt/X11/XDestroyWindowEvent done


Dynamic libraries:
00400000-00401000 r-xp 00000000 08:06 3149874                            /usr/lib/jvm/java-8-oracle/bin/java
00600000-00601000 rw-p 00000000 08:06 3149874                            /usr/lib/jvm/java-8-oracle/bin/java
023c0000-023e1000 rw-p 00000000 00:00 0                                  [heap]
a5c00000-a9980000 rw-p 00000000 00:00 0 
a9980000-e1f00000 ---p 00000000 00:00 0 
e1f00000-e3d80000 rw-p 00000000 00:00 0 
e3d80000-100000000 ---p 00000000 00:00 0 
100000000-1001e0000 rw-p 00000000 00:00 0 
1001e0000-140000000 ---p 00000000 00:00 0 
7f29e4000000-7f29e428f000 rw-p 00000000 00:00 0 
7f29e428f000-7f29e8000000 ---p 00000000 00:00 0 
7f29ebe00000-7f29ebf00000 rw-p 00000000 00:00 0 
7f29ebf00000-7f29ec000000 ---p 00000000 00:00 0 
7f29ec000000-7f29ec02a000 rw-p 00000000 00:00 0 
7f29ec02a000-7f29f0000000 ---p 00000000 00:00 0 
7f29f0000000-7f29f0021000 rw-p 00000000 00:00 0 
7f29f0021000-7f29f4000000 ---p 00000000 00:00 0 
7f29f4000000-7f29f4021000 rw-p 00000000 00:00 0 
7f29f4021000-7f29f8000000 ---p 00000000 00:00 0 
7f29f8000000-7f29f8021000 rw-p 00000000 00:00 0 
7f29f8021000-7f29fc000000 ---p 00000000 00:00 0 
7f29fc000000-7f29fc6ad000 rw-p 00000000 00:00 0 
7f29fc6ad000-7f2a00000000 ---p 00000000 00:00 0 
7f2a00000000-7f2a00021000 rw-p 00000000 00:00 0 
7f2a00021000-7f2a04000000 ---p 00000000 00:00 0 
7f2a04000000-7f2a040f1000 rw-p 00000000 00:00 0 
7f2a040f1000-7f2a08000000 ---p 00000000 00:00 0 
7f2a08000000-7f2a0812d000 rw-p 00000000 00:00 0 
7f2a0812d000-7f2a0c000000 ---p 00000000 00:00 0 
7f2a0c000000-7f2a0c021000 rw-p 00000000 00:00 0 
7f2a0c021000-7f2a10000000 ---p 00000000 00:00 0 
7f2a10000000-7f2a10021000 rw-p 00000000 00:00 0 
7f2a10021000-7f2a14000000 ---p 00000000 00:00 0 
7f2a14000000-7f2a14021000 rw-p 00000000 00:00 0 
7f2a14021000-7f2a18000000 ---p 00000000 00:00 0 
7f2a18000000-7f2a18021000 rw-p 00000000 00:00 0 
7f2a18021000-7f2a1c000000 ---p 00000000 00:00 0 
7f2a1c000000-7f2a1c021000 rw-p 00000000 00:00 0 
7f2a1c021000-7f2a20000000 ---p 00000000 00:00 0 
7f2a2000c000-7f2a2000f000 ---p 00000000 00:00 0 
7f2a2000f000-7f2a2010d000 rw-p 00000000 00:00 0                          [stack:9793]
7f2a2010d000-7f2a20110000 ---p 00000000 00:00 0 
7f2a20110000-7f2a2040e000 rw-p 00000000 00:00 0                          [stack:9792]
7f2a2040e000-7f2a20477000 r-xp 00000000 08:06 3149737                    /usr/lib/jvm/java-8-oracle/jre/lib/amd64/libt2k.so
7f2a20477000-7f2a20676000 ---p 00069000 08:06 3149737                    /usr/lib/jvm/java-8-oracle/jre/lib/amd64/libt2k.so
7f2a20676000-7f2a2067d000 rw-p 00068000 08:06 3149737                    /usr/lib/jvm/java-8-oracle/jre/lib/amd64/libt2k.so
7f2a2067d000-7f2a2068d000 rw-p 00000000 00:00 0 
7f2a2068d000-7f2a2069e000 r-xp 00000000 08:06 3149767                    /usr/lib/jvm/java-8-oracle/jre/lib/amd64/libnio.so
7f2a2069e000-7f2a2089d000 ---p 00011000 08:06 3149767                    /usr/lib/jvm/java-8-oracle/jre/lib/amd64/libnio.so
7f2a2089d000-7f2a2089e000 rw-p 00010000 08:06 3149767                    /usr/lib/jvm/java-8-oracle/jre/lib/amd64/libnio.so
7f2a2089e000-7f2a208b4000 r-xp 00000000 08:06 3149777                    /usr/lib/jvm/java-8-oracle/jre/lib/amd64/libnet.so
7f2a208b4000-7f2a20ab4000 ---p 00016000 08:06 3149777                    /usr/lib/jvm/java-8-oracle/jre/lib/amd64/libnet.so
7f2a20ab4000-7f2a20ab5000 rw-p 00016000 08:06 3149777                    /usr/lib/jvm/java-8-oracle/jre/lib/amd64/libnet.so
7f2a20ab5000-7f2a20cb5000 rw-p 00000000 00:00 0 
7f2a20cb5000-7f2a20cb8000 ---p 00000000 00:00 0 
7f2a20cb8000-7f2a20db6000 rw-p 00000000 00:00 0                          [stack:9790]
7f2a20db6000-7f2a20dbb000 r-xp 00000000 08:06 2891577                    /usr/lib/x86_64-linux-gnu/libXfixes.so.3.1.0
7f2a20dbb000-7f2a20fba000 ---p 00005000 08:06 2891577                    /usr/lib/x86_64-linux-gnu/libXfixes.so.3.1.0
7f2a20fba000-7f2a20fbb000 r--p 00004000 08:06 2891577                    /usr/lib/x86_64-linux-gnu/libXfixes.so.3.1.0
7f2a20fbb000-7f2a20fbc000 rw-p 00005000 08:06 2891577                    /usr/lib/x86_64-linux-gnu/libXfixes.so.3.1.0
7f2a20fbc000-7f2a20fc5000 r-xp 00000000 08:06 2891569                    /usr/lib/x86_64-linux-gnu/libXcursor.so.1.0.2
7f2a20fc5000-7f2a211c4000 ---p 00009000 08:06 2891569                    /usr/lib/x86_64-linux-gnu/libXcursor.so.1.0.2
7f2a211c4000-7f2a211c5000 r--p 00008000 08:06 2891569                    /usr/lib/x86_64-linux-gnu/libXcursor.so.1.0.2
7f2a211c5000-7f2a211c6000 rw-p 00009000 08:06 2891569                    /usr/lib/x86_64-linux-gnu/libXcursor.so.1.0.2
7f2a211c6000-7f2a211c9000 ---p 00000000 00:00 0 
7f2a211c9000-7f2a212c7000 rw-p 00000000 00:00 0                          [stack:9789]
7f2a212c7000-7f2a212dd000 r-xp 00000000 08:06 13373313                   /lib/x86_64-linux-gnu/libgcc_s.so.1
7f2a212dd000-7f2a214dc000 ---p 00016000 08:06 13373313                   /lib/x86_64-linux-gnu/libgcc_s.so.1
7f2a214dc000-7f2a214dd000 rw-p 00015000 08:06 13373313                   /lib/x86_64-linux-gnu/libgcc_s.so.1
7f2a214dd000-7f2a21542000 r-xp 00000000 08:06 3149779                    /usr/lib/jvm/java-8-oracle/jre/lib/amd64/libfontmanager.so
7f2a21542000-7f2a21741000 ---p 00065000 08:06 3149779                    /usr/lib/jvm/java-8-oracle/jre/lib/amd64/libfontmanager.so
7f2a21741000-7f2a21745000 rw-p 00064000 08:06 3149779                    /usr/lib/jvm/java-8-oracle/jre/lib/amd64/libfontmanager.so
7f2a21745000-7f2a21756000 rw-p 00000000 00:00 0 
7f2a21756000-7f2a2175b000 r-xp 00000000 08:06 2891573                    /usr/lib/x86_64-linux-gnu/libXdmcp.so.6.0.0
7f2a2175b000-7f2a2195a000 ---p 00005000 08:06 2891573                    /usr/lib/x86_64-linux-gnu/libXdmcp.so.6.0.0
7f2a2195a000-7f2a2195b000 r--p 00004000 08:06 2891573                    /usr/lib/x86_64-linux-gnu/libXdmcp.so.6.0.0
7f2a2195b000-7f2a2195c000 rw-p 00005000 08:06 2891573                    /usr/lib/x86_64-linux-gnu/libXdmcp.so.6.0.0
7f2a2195c000-7f2a2195e000 r-xp 00000000 08:06 2891562                    /usr/lib/x86_64-linux-gnu/libXau.so.6.0.0
7f2a2195e000-7f2a21b5e000 ---p 00002000 08:06 2891562                    /usr/lib/x86_64-linux-gnu/libXau.so.6.0.0
7f2a21b5e000-7f2a21b5f000 r--p 00002000 08:06 2891562                    /usr/lib/x86_64-linux-gnu/libXau.so.6.0.0
7f2a21b5f000-7f2a21b60000 rw-p 00003000 08:06 2891562                    /usr/lib/x86_64-linux-gnu/libXau.so.6.0.0
7f2a21b60000-7f2a21b7d000 r-xp 00000000 08:06 2892632                    /usr/lib/x86_64-linux-gnu/libxcb.so.1.1.0
7f2a21b7d000-7f2a21d7d000 ---p 0001d000 08:06 2892632                    /usr/lib/x86_64-linux-gnu/libxcb.so.1.1.0
7f2a21d7d000-7f2a21d7e000 r--p 0001d000 08:06 2892632                    /usr/lib/x86_64-linux-gnu/libxcb.so.1.1.0
7f2a21d7e000-7f2a21d7f000 rw-p 0001e000 08:06 2892632                    /usr/lib/x86_64-linux-gnu/libxcb.so.1.1.0
7f2a21d7f000-7f2a21d8e000 r-xp 00000000 08:06 2891583                    /usr/lib/x86_64-linux-gnu/libXi.so.6.1.0
7f2a21d8e000-7f2a21f8d000 ---p 0000f000 08:06 2891583                    /usr/lib/x86_64-linux-gnu/libXi.so.6.1.0
7f2a21f8d000-7f2a21f8e000 r--p 0000e000 08:06 2891583                    /usr/lib/x86_64-linux-gnu/libXi.so.6.1.0
7f2a21f8e000-7f2a21f8f000 rw-p 0000f000 08:06 2891583                    /usr/lib/x86_64-linux-gnu/libXi.so.6.1.0
7f2a21f8f000-7f2a21f94000 r-xp 00000000 08:06 2891603                    /usr/lib/x86_64-linux-gnu/libXtst.so.6.1.0
7f2a21f94000-7f2a22193000 ---p 00005000 08:06 2891603                    /usr/lib/x86_64-linux-gnu/libXtst.so.6.1.0
7f2a22193000-7f2a22194000 r--p 00004000 08:06 2891603                    /usr/lib/x86_64-linux-gnu/libXtst.so.6.1.0
7f2a22194000-7f2a22195000 rw-p 00005000 08:06 2891603                    /usr/lib/x86_64-linux-gnu/libXtst.so.6.1.0
7f2a22195000-7f2a2219e000 r-xp 00000000 08:06 2891597                    /usr/lib/x86_64-linux-gnu/libXrender.so.1.3.0
7f2a2219e000-7f2a2239d000 ---p 00009000 08:06 2891597                    /usr/lib/x86_64-linux-gnu/libXrender.so.1.3.0
7f2a2239d000-7f2a2239e000 r--p 00008000 08:06 2891597                    /usr/lib/x86_64-linux-gnu/libXrender.so.1.3.0
7f2a2239e000-7f2a2239f000 rw-p 00009000 08:06 2891597                    /usr/lib/x86_64-linux-gnu/libXrender.so.1.3.0
7f2a2239f000-7f2a224cf000 r-xp 00000000 08:06 2891558                    /usr/lib/x86_64-linux-gnu/libX11.so.6.3.0
7f2a224cf000-7f2a226cf000 ---p 00130000 08:06 2891558                    /usr/lib/x86_64-linux-gnu/libX11.so.6.3.0
7f2a226cf000-7f2a226d0000 r--p 00130000 08:06 2891558                    /usr/lib/x86_64-linux-gnu/libX11.so.6.3.0
7f2a226d0000-7f2a226d4000 rw-p 00131000 08:06 2891558                    /usr/lib/x86_64-linux-gnu/libX11.so.6.3.0
7f2a226d4000-7f2a226e5000 r-xp 00000000 08:06 2891575                    /usr/lib/x86_64-linux-gnu/libXext.so.6.4.0
7f2a226e5000-7f2a228e4000 ---p 00011000 08:06 2891575                    /usr/lib/x86_64-linux-gnu/libXext.so.6.4.0
7f2a228e4000-7f2a228e5000 r--p 00010000 08:06 2891575                    /usr/lib/x86_64-linux-gnu/libXext.so.6.4.0
7f2a228e5000-7f2a228e6000 rw-p 00011000 08:06 2891575                    /usr/lib/x86_64-linux-gnu/libXext.so.6.4.0
7f2a228e6000-7f2a2293a000 r-xp 00000000 08:06 3149772                    /usr/lib/jvm/java-8-oracle/jre/lib/amd64/libawt_xawt.so
7f2a2293a000-7f2a22b3a000 ---p 00054000 08:06 3149772                    /usr/lib/jvm/java-8-oracle/jre/lib/amd64/libawt_xawt.so
7f2a22b3a000-7f2a22b3e000 rw-p 00054000 08:06 3149772                    /usr/lib/jvm/java-8-oracle/jre/lib/amd64/libawt_xawt.so
7f2a22b3e000-7f2a22b3f000 rw-p 00000000 00:00 0 
7f2a22b3f000-7f2a22be1000 r-xp 00000000 08:06 3149784                    /usr/lib/jvm/java-8-oracle/jre/lib/amd64/libawt.so
7f2a22be1000-7f2a22de1000 ---p 000a2000 08:06 3149784                    /usr/lib/jvm/java-8-oracle/jre/lib/amd64/libawt.so
7f2a22de1000-7f2a22ded000 rw-p 000a2000 08:06 3149784                    /usr/lib/jvm/java-8-oracle/jre/lib/amd64/libawt.so
7f2a22ded000-7f2a22e11000 rw-p 00000000 00:00 0 
7f2a22e11000-7f2a22e12000 ---p 00000000 00:00 0 
7f2a22e12000-7f2a22f12000 rw-p 00000000 00:00 0                          [stack:9788]
7f2a22f12000-7f2a22f15000 ---p 00000000 00:00 0 
7f2a22f15000-7f2a23013000 rw-p 00000000 00:00 0                          [stack:9787]
7f2a23013000-7f2a23016000 ---p 00000000 00:00 0 
7f2a23016000-7f2a23114000 rw-p 00000000 00:00 0                          [stack:9786]
7f2a23114000-7f2a23117000 ---p 00000000 00:00 0 
7f2a23117000-7f2a23215000 rw-p 00000000 00:00 0                          [stack:9785]
7f2a23215000-7f2a23218000 ---p 00000000 00:00 0 
7f2a23218000-7f2a23316000 rw-p 00000000 00:00 0                          [stack:9784]
7f2a23316000-7f2a23319000 ---p 00000000 00:00 0 
7f2a23319000-7f2a23417000 rw-p 00000000 00:00 0                          [stack:9783]
7f2a23417000-7f2a23afb000 r--p 00000000 08:06 2890563                    /usr/lib/locale/locale-archive
7f2a23afb000-7f2a23afe000 ---p 00000000 00:00 0 
7f2a23afe000-7f2a23bfc000 rw-p 00000000 00:00 0                          [stack:9782]
7f2a23bfc000-7f2a23bff000 ---p 00000000 00:00 0 
7f2a23bff000-7f2a23cfd000 rw-p 00000000 00:00 0                          [stack:9781]
7f2a23cfd000-7f2a23cfe000 ---p 00000000 00:00 0 
7f2a23cfe000-7f2a24000000 rw-p 00000000 00:00 0                          [stack:9780]
7f2a24000000-7f2a24021000 rw-p 00000000 00:00 0 
7f2a24021000-7f2a28000000 ---p 00000000 00:00 0 
7f2a28000000-7f2a28021000 rw-p 00000000 00:00 0 
7f2a28021000-7f2a2c000000 ---p 00000000 00:00 0 
7f2a2c000000-7f2a2c021000 rw-p 00000000 00:00 0 
7f2a2c021000-7f2a30000000 ---p 00000000 00:00 0 
7f2a3003b000-7f2a3003c000 r--s 00000000 08:06 917794                     /var/cache/fontconfig/c05880de57d1f5e948fdfacc138775d9-le64.cache-4
7f2a3003c000-7f2a30047000 r--s 00000000 08:06 917788                     /var/cache/fontconfig/945677eb7aeaf62f1d50efc3fb3ec7d8-le64.cache-4
7f2a30047000-7f2a3004d000 r--s 00000000 08:06 917774                     /var/cache/fontconfig/2cd17615ca594fa2959ae173292e504c-le64.cache-4
7f2a3004d000-7f2a3004e000 r--s 00000000 08:06 917804                     /var/cache/fontconfig/e7071f4a29fa870f4323321c154eba04-le64.cache-4
7f2a3004e000-7f2a30055000 r--s 00000000 08:06 917791                     /var/cache/fontconfig/a755afe4a08bf5b97852ceb7400b47bc-le64.cache-4
7f2a30055000-7f2a30059000 r--s 00000000 08:06 929082                     /var/cache/fontconfig/6d41288fd70b0be22e8c3a91e032eec0-le64.cache-4
7f2a30059000-7f2a3006d000 r--s 00000000 08:06 917769                     /var/cache/fontconfig/04aabc0a78ac019cf9454389977116d2-le64.cache-4
7f2a3006d000-7f2a30071000 r--s 00000000 08:06 917777                     /var/cache/fontconfig/385c0604a188198f04d133e54aba7fe7-le64.cache-4
7f2a30071000-7f2a30076000 r--s 00000000 08:06 917787                     /var/cache/fontconfig/8801497958630a81b71ace7c5f9b32a8-le64.cache-4
7f2a30076000-7f2a3007d000 r--s 00000000 08:06 917775                     /var/cache/fontconfig/3047814df9a2f067bd2d96a2b9c36e5a-le64.cache-4
7f2a3007d000-7f2a30083000 r--s 00000000 08:06 917792                     /var/cache/fontconfig/b47c4e1ecd0709278f4910c18777a504-le64.cache-4
7f2a30083000-7f2a30096000 r--s 00000000 08:06 917798                     /var/cache/fontconfig/d52a8644073d54c13679302ca1180695-le64.cache-4
7f2a30096000-7f2a3009f000 r--s 00000000 08:06 927419                     /var/cache/fontconfig/3f7329c5293ffd510edef78f73874cfd-le64.cache-4
7f2a3009f000-7f2a300c1000 r--p 00000000 08:06 4599592                    /usr/share/locale-langpack/pt_BR/LC_MESSAGES/libc.mo
7f2a300c1000-7f2a30e80000 rw-p 00000000 00:00 0 
7f2a30e80000-7f2a31056000 r--s 03cae000 08:06 2897646                    /usr/lib/jvm/java-8-oracle/jre/lib/rt.jar
7f2a31056000-7f2a34848000 rw-p 00000000 00:00 0 
7f2a34848000-7f2a34849000 ---p 00000000 00:00 0 
7f2a34849000-7f2a34949000 rw-p 00000000 00:00 0                          [stack:9775]
7f2a34949000-7f2a3494a000 ---p 00000000 00:00 0 
7f2a3494a000-7f2a34a4a000 rw-p 00000000 00:00 0                          [stack:9774]
7f2a34a4a000-7f2a34a4b000 ---p 00000000 00:00 0 
7f2a34a4b000-7f2a34b6a000 rw-p 00000000 00:00 0                          [stack:9773]
7f2a34b6a000-7f2a34d2d000 ---p 00000000 00:00 0 
7f2a34d2d000-7f2a34d4c000 rw-p 00000000 00:00 0 
7f2a34d4c000-7f2a34f0e000 ---p 00000000 00:00 0 
7f2a34f0e000-7f2a34f1e000 rw-p 00000000 00:00 0 
7f2a34f1e000-7f2a34fff000 ---p 00000000 00:00 0 
7f2a34fff000-7f2a35000000 rw-p 00000000 00:00 0 
7f2a35000000-7f2a353e0000 rwxp 00000000 00:00 0 
7f2a353e0000-7f2a44000000 ---p 00000000 00:00 0 
7f2a44000000-7f2a44597000 rw-p 00000000 00:00 0 
7f2a44597000-7f2a48000000 ---p 00000000 00:00 0 
7f2a48000000-7f2a48001000 r--s 00000000 08:06 917771                     /var/cache/fontconfig/0d8c3b2ac0904cb8a57a757ad11a4a08-le64.cache-4
7f2a48001000-7f2a48002000 r--s 00000000 08:06 917773                     /var/cache/fontconfig/1ac9eb803944fde146138c791f5cc56a-le64.cache-4
7f2a48002000-7f2a48003000 r--s 00000000 08:06 917801                     /var/cache/fontconfig/dc05db6664285cc2f12bf69c139ae4c3-le64.cache-4
7f2a48003000-7f2a48010000 r--s 00000000 08:06 926744                     /var/cache/fontconfig/e13b20fdb08344e0e664864cc2ede53d-le64.cache-4
7f2a48010000-7f2a4801b000 r--s 00116000 08:06 3149822                    /usr/lib/jvm/java-8-oracle/jre/lib/ext/localedata.jar
7f2a4801b000-7f2a480b2000 rw-p 00000000 00:00 0 
7f2a480b2000-7f2a480b3000 ---p 00000000 00:00 0 
7f2a480b3000-7f2a481c3000 rw-p 00000000 00:00 0                          [stack:9772]
7f2a481c3000-7f2a48573000 ---p 00000000 00:00 0 
7f2a48573000-7f2a4858d000 r-xp 00000000 08:06 3149765                    /usr/lib/jvm/java-8-oracle/jre/lib/amd64/libzip.so
7f2a4858d000-7f2a4878d000 ---p 0001a000 08:06 3149765                    /usr/lib/jvm/java-8-oracle/jre/lib/amd64/libzip.so
7f2a4878d000-7f2a4878e000 rw-p 0001a000 08:06 3149765                    /usr/lib/jvm/java-8-oracle/jre/lib/amd64/libzip.so
7f2a4878e000-7f2a48799000 r-xp 00000000 08:06 13375663                   /lib/x86_64-linux-gnu/libnss_files-2.19.so
7f2a48799000-7f2a48998000 ---p 0000b000 08:06 13375663                   /lib/x86_64-linux-gnu/libnss_files-2.19.so
7f2a48998000-7f2a48999000 r--p 0000a000 08:06 13375663                   /lib/x86_64-linux-gnu/libnss_files-2.19.so
7f2a48999000-7f2a4899a000 rw-p 0000b000 08:06 13375663                   /lib/x86_64-linux-gnu/libnss_files-2.19.so
7f2a4899a000-7f2a489a5000 r-xp 00000000 08:06 13373484                   /lib/x86_64-linux-gnu/libnss_nis-2.19.so
7f2a489a5000-7f2a48ba4000 ---p 0000b000 08:06 13373484                   /lib/x86_64-linux-gnu/libnss_nis-2.19.so
7f2a48ba4000-7f2a48ba5000 r--p 0000a000 08:06 13373484                   /lib/x86_64-linux-gnu/libnss_nis-2.19.so
7f2a48ba5000-7f2a48ba6000 rw-p 0000b000 08:06 13373484                   /lib/x86_64-linux-gnu/libnss_nis-2.19.so
7f2a48ba6000-7f2a48bbd000 r-xp 00000000 08:06 13373456                   /lib/x86_64-linux-gnu/libnsl-2.19.so
7f2a48bbd000-7f2a48dbc000 ---p 00017000 08:06 13373456                   /lib/x86_64-linux-gnu/libnsl-2.19.so
7f2a48dbc000-7f2a48dbd000 r--p 00016000 08:06 13373456                   /lib/x86_64-linux-gnu/libnsl-2.19.so
7f2a48dbd000-7f2a48dbe000 rw-p 00017000 08:06 13373456                   /lib/x86_64-linux-gnu/libnsl-2.19.so
7f2a48dbe000-7f2a48dc0000 rw-p 00000000 00:00 0 
7f2a48dc0000-7f2a48dc9000 r-xp 00000000 08:06 13373409                   /lib/x86_64-linux-gnu/libnss_compat-2.19.so
7f2a48dc9000-7f2a48fc8000 ---p 00009000 08:06 13373409                   /lib/x86_64-linux-gnu/libnss_compat-2.19.so
7f2a48fc8000-7f2a48fc9000 r--p 00008000 08:06 13373409                   /lib/x86_64-linux-gnu/libnss_compat-2.19.so
7f2a48fc9000-7f2a48fca000 rw-p 00009000 08:06 13373409                   /lib/x86_64-linux-gnu/libnss_compat-2.19.so
7f2a48fca000-7f2a48ff4000 r-xp 00000000 08:06 3149771                    /usr/lib/jvm/java-8-oracle/jre/lib/amd64/libjava.so
7f2a48ff4000-7f2a491f4000 ---p 0002a000 08:06 3149771                    /usr/lib/jvm/java-8-oracle/jre/lib/amd64/libjava.so
7f2a491f4000-7f2a491f6000 rw-p 0002a000 08:06 3149771                    /usr/lib/jvm/java-8-oracle/jre/lib/amd64/libjava.so
7f2a491f6000-7f2a49203000 r-xp 00000000 08:06 3149749                    /usr/lib/jvm/java-8-oracle/jre/lib/amd64/libverify.so
7f2a49203000-7f2a49403000 ---p 0000d000 08:06 3149749                    /usr/lib/jvm/java-8-oracle/jre/lib/amd64/libverify.so
7f2a49403000-7f2a49405000 rw-p 0000d000 08:06 3149749                    /usr/lib/jvm/java-8-oracle/jre/lib/amd64/libverify.so
7f2a49405000-7f2a4940c000 r-xp 00000000 08:06 13373365                   /lib/x86_64-linux-gnu/librt-2.19.so
7f2a4940c000-7f2a4960b000 ---p 00007000 08:06 13373365                   /lib/x86_64-linux-gnu/librt-2.19.so
7f2a4960b000-7f2a4960c000 r--p 00006000 08:06 13373365                   /lib/x86_64-linux-gnu/librt-2.19.so
7f2a4960c000-7f2a4960d000 rw-p 00007000 08:06 13373365                   /lib/x86_64-linux-gnu/librt-2.19.so
7f2a4960d000-7f2a49712000 r-xp 00000000 08:06 13373421                   /lib/x86_64-linux-gnu/libm-2.19.so
7f2a49712000-7f2a49911000 ---p 00105000 08:06 13373421                   /lib/x86_64-linux-gnu/libm-2.19.so
7f2a49911000-7f2a49912000 r--p 00104000 08:06 13373421                   /lib/x86_64-linux-gnu/libm-2.19.so
7f2a49912000-7f2a49913000 rw-p 00105000 08:06 13373421                   /lib/x86_64-linux-gnu/libm-2.19.so
7f2a49913000-7f2a4a581000 r-xp 00000000 08:06 3149745                    /usr/lib/jvm/java-8-oracle/jre/lib/amd64/server/libjvm.so
7f2a4a581000-7f2a4a780000 ---p 00c6e000 08:06 3149745                    /usr/lib/jvm/java-8-oracle/jre/lib/amd64/server/libjvm.so
7f2a4a780000-7f2a4a856000 rw-p 00c6d000 08:06 3149745                    /usr/lib/jvm/java-8-oracle/jre/lib/amd64/server/libjvm.so
7f2a4a856000-7f2a4a899000 rw-p 00000000 00:00 0 
7f2a4a899000-7f2a4aa54000 r-xp 00000000 08:06 13373363                   /lib/x86_64-linux-gnu/libc-2.19.so
7f2a4aa54000-7f2a4ac54000 ---p 001bb000 08:06 13373363                   /lib/x86_64-linux-gnu/libc-2.19.so
7f2a4ac54000-7f2a4ac58000 r--p 001bb000 08:06 13373363                   /lib/x86_64-linux-gnu/libc-2.19.so
7f2a4ac58000-7f2a4ac5a000 rw-p 001bf000 08:06 13373363                   /lib/x86_64-linux-gnu/libc-2.19.so
7f2a4ac5a000-7f2a4ac5f000 rw-p 00000000 00:00 0 
7f2a4ac5f000-7f2a4ac62000 r-xp 00000000 08:06 13373405                   /lib/x86_64-linux-gnu/libdl-2.19.so
7f2a4ac62000-7f2a4ae61000 ---p 00003000 08:06 13373405                   /lib/x86_64-linux-gnu/libdl-2.19.so
7f2a4ae61000-7f2a4ae62000 r--p 00002000 08:06 13373405                   /lib/x86_64-linux-gnu/libdl-2.19.so
7f2a4ae62000-7f2a4ae63000 rw-p 00003000 08:06 13373405                   /lib/x86_64-linux-gnu/libdl-2.19.so
7f2a4ae63000-7f2a4ae78000 r-xp 00000000 08:06 2895139                    /usr/lib/jvm/java-8-oracle/lib/amd64/jli/libjli.so
7f2a4ae78000-7f2a4b077000 ---p 00015000 08:06 2895139                    /usr/lib/jvm/java-8-oracle/lib/amd64/jli/libjli.so
7f2a4b077000-7f2a4b078000 rw-p 00014000 08:06 2895139                    /usr/lib/jvm/java-8-oracle/lib/amd64/jli/libjli.so
7f2a4b078000-7f2a4b091000 r-xp 00000000 08:06 13373494                   /lib/x86_64-linux-gnu/libpthread-2.19.so
7f2a4b091000-7f2a4b290000 ---p 00019000 08:06 13373494                   /lib/x86_64-linux-gnu/libpthread-2.19.so
7f2a4b290000-7f2a4b291000 r--p 00018000 08:06 13373494                   /lib/x86_64-linux-gnu/libpthread-2.19.so
7f2a4b291000-7f2a4b292000 rw-p 00019000 08:06 13373494                   /lib/x86_64-linux-gnu/libpthread-2.19.so
7f2a4b292000-7f2a4b296000 rw-p 00000000 00:00 0 
7f2a4b296000-7f2a4b2b9000 r-xp 00000000 08:06 13373350                   /lib/x86_64-linux-gnu/ld-2.19.so
7f2a4b2b9000-7f2a4b2bb000 r--s 00000000 08:06 917785                     /var/cache/fontconfig/767a8244fc0220cfb567a839d0392e0b-le64.cache-4
7f2a4b2bb000-7f2a4b2bc000 r--s 00000000 08:06 923908                     /var/cache/fontconfig/4794a0821666d79190d59a36cb4f44b5-le64.cache-4
7f2a4b2bc000-7f2a4b2c0000 r--s 00000000 08:06 917799                     /var/cache/fontconfig/d589a48862398ed80a3d6066f4f56f4c-le64.cache-4
7f2a4b2c0000-7f2a4b2d3000 r--s 00344000 08:06 2897476                    /usr/lib/jvm/java-8-oracle/jre/lib/resources.jar
7f2a4b2d3000-7f2a4b394000 rw-p 00000000 00:00 0 
7f2a4b394000-7f2a4b397000 ---p 00000000 00:00 0 
7f2a4b397000-7f2a4b499000 rw-p 00000000 00:00 0                          [stack:9770]
7f2a4b499000-7f2a4b49a000 r--s 00000000 08:06 917781                     /var/cache/fontconfig/56cf4f4769d0f4abc89a4895d7bd3ae1-le64.cache-4
7f2a4b49a000-7f2a4b49b000 r--s 00000000 08:06 917793                     /var/cache/fontconfig/b9d506c9ac06c20b433354fa67a72993-le64.cache-4
7f2a4b49b000-7f2a4b49c000 r--s 00000000 08:06 917770                     /var/cache/fontconfig/0c9eb80ebd1c36541ebe2852d3bb0c49-le64.cache-4
7f2a4b49c000-7f2a4b4a0000 r--s 00000000 08:06 929081                     /var/cache/fontconfig/7ef2298fde41cc6eeb7af42e48b7d293-le64.cache-4
7f2a4b4a0000-7f2a4b4a7000 r--s 00000000 08:06 3287063                    /usr/lib/x86_64-linux-gnu/gconv/gconv-modules.cache
7f2a4b4a7000-7f2a4b4ac000 r--s 002f8000 08:06 2895166                    /usr/lib/jvm/java-8-oracle/jre/lib/charsets.jar
7f2a4b4ac000-7f2a4b4b4000 rw-s 00000000 08:06 15729134                   /tmp/hsperfdata_claudio/9769
7f2a4b4b4000-7f2a4b4b5000 rw-p 00000000 00:00 0 
7f2a4b4b5000-7f2a4b4b6000 r--p 00000000 00:00 0 
7f2a4b4b6000-7f2a4b4b8000 rw-p 00000000 00:00 0 
7f2a4b4b8000-7f2a4b4b9000 r--p 00022000 08:06 13373350                   /lib/x86_64-linux-gnu/ld-2.19.so
7f2a4b4b9000-7f2a4b4ba000 rw-p 00023000 08:06 13373350                   /lib/x86_64-linux-gnu/ld-2.19.so
7f2a4b4ba000-7f2a4b4bb000 rw-p 00000000 00:00 0 
7fff644be000-7fff644df000 rw-p 00000000 00:00 0                          [stack]
7fff64553000-7fff64555000 r-xp 00000000 00:00 0                          [vdso]
ffffffffff600000-ffffffffff601000 r-xp 00000000 00:00 0                  [vsyscall]

VM Arguments:
jvm_args: -Dfile.encoding=UTF-8 
java_command: br.ufrj.cos.expline.scicumulus.conversion.mainInterface.ScicumulusInstantiator
java_class_path (initial): /home/claudio/Área de Trabalho/Repositories/expline-scicumulus-instantiation/bin
Launcher Type: SUN_STANDARD

Environment Variables:
JAVA_HOME=/usr/lib/jvm/java-8-oracle
PATH=/usr/local/sbin:/usr/local/bin:/usr/sbin:/usr/bin:/sbin:/bin:/usr/games:/usr/local/games:/usr/lib/jvm/java-8-oracle/bin:/usr/lib/jvm/java-8-oracle/db/bin:/usr/lib/jvm/java-8-oracle/jre/bin
SHELL=/bin/bash
DISPLAY=:0.0

Signal Handlers:
SIGSEGV: [libjvm.so+0xa7a650], sa_mask[0]=11111111011111111101111111111110, sa_flags=SA_RESTART|SA_SIGINFO
SIGBUS: [libjvm.so+0xa7a650], sa_mask[0]=11111111011111111101111111111110, sa_flags=SA_RESTART|SA_SIGINFO
SIGFPE: [libjvm.so+0x8e28f0], sa_mask[0]=11111111011111111101111111111110, sa_flags=SA_RESTART|SA_SIGINFO
SIGPIPE: [libjvm.so+0x8e28f0], sa_mask[0]=11111111011111111101111111111110, sa_flags=SA_RESTART|SA_SIGINFO
SIGXFSZ: [libjvm.so+0x8e28f0], sa_mask[0]=11111111011111111101111111111110, sa_flags=SA_RESTART|SA_SIGINFO
SIGILL: [libjvm.so+0x8e28f0], sa_mask[0]=11111111011111111101111111111110, sa_flags=SA_RESTART|SA_SIGINFO
SIGUSR1: SIG_DFL, sa_mask[0]=00000000000000000000000000000000, sa_flags=none
SIGUSR2: [libjvm.so+0x8e4120], sa_mask[0]=00100000000000000000000000000000, sa_flags=SA_RESTART|SA_SIGINFO
SIGHUP: [libjvm.so+0x8e54e0], sa_mask[0]=11111111011111111101111111111110, sa_flags=SA_RESTART|SA_SIGINFO
SIGINT: [libjvm.so+0x8e54e0], sa_mask[0]=11111111011111111101111111111110, sa_flags=SA_RESTART|SA_SIGINFO
SIGTERM: [libjvm.so+0x8e54e0], sa_mask[0]=11111111011111111101111111111110, sa_flags=SA_RESTART|SA_SIGINFO
SIGQUIT: [libjvm.so+0x8e54e0], sa_mask[0]=11111111011111111101111111111110, sa_flags=SA_RESTART|SA_SIGINFO


---------------  S Y S T E M  ---------------

OS:DISTRIB_ID=Ubuntu
DISTRIB_RELEASE=14.04
DISTRIB_CODENAME=trusty
DISTRIB_DESCRIPTION="Ubuntu 14.04.2 LTS"

uname:Linux 3.13.0-45-generic #74-Ubuntu SMP Tue Jan 13 19:36:28 UTC 2015 x86_64
libc:glibc 2.19 NPTL 2.19 
rlimit: STACK 8192k, CORE 0k, NPROC 45977, NOFILE 4096, AS infinity
load average:0,55 0,70 0,78

/proc/meminfo:
MemTotal:        5906704 kB
MemFree:         3549128 kB
Buffers:          135852 kB
Cached:          1009184 kB
SwapCached:            0 kB
Active:          1260260 kB
Inactive:         722208 kB
Active(anon):     678568 kB
Inactive(anon):   165648 kB
Active(file):     581692 kB
Inactive(file):   556560 kB
Unevictable:          32 kB
Mlocked:              32 kB
SwapTotal:       1990652 kB
SwapFree:        1990368 kB
Dirty:              1604 kB
Writeback:             0 kB
AnonPages:        837636 kB
Mapped:            68476 kB
Shmem:              6612 kB
Slab:             296336 kB
SReclaimable:     262504 kB
SUnreclaim:        33832 kB
KernelStack:        3120 kB
PageTables:        12656 kB
NFS_Unstable:          0 kB
Bounce:                0 kB
WritebackTmp:          0 kB
CommitLimit:     4944004 kB
Committed_AS:    3086832 kB
VmallocTotal:   34359738367 kB
VmallocUsed:      551584 kB
VmallocChunk:   34359177692 kB
HardwareCorrupted:     0 kB
AnonHugePages:    632832 kB
HugePages_Total:       0
HugePages_Free:        0
HugePages_Rsvd:        0
HugePages_Surp:        0
Hugepagesize:       2048 kB
DirectMap4k:       72784 kB
DirectMap2M:     6012928 kB


CPU:total 4 (2 cores per cpu, 2 threads per core) family 6 model 37 stepping 5, cmov, cx8, fxsr, mmx, sse, sse2, sse3, ssse3, sse4.1, sse4.2, popcnt, ht, tsc, tscinvbit

/proc/cpuinfo:
processor	: 0
vendor_id	: GenuineIntel
cpu family	: 6
model		: 37
model name	: Intel(R) Core(TM) i3 CPU       M 370  @ 2.40GHz
stepping	: 5
microcode	: 0x2
cpu MHz		: 2394.000
cache size	: 3072 KB
physical id	: 0
siblings	: 4
core id		: 0
cpu cores	: 2
apicid		: 0
initial apicid	: 0
fpu		: yes
fpu_exception	: yes
cpuid level	: 11
wp		: yes
flags		: fpu vme de pse tsc msr pae mce cx8 apic sep mtrr pge mca cmov pat pse36 clflush dts acpi mmx fxsr sse sse2 ss ht tm pbe syscall nx rdtscp lm constant_tsc arch_perfmon pebs bts rep_good nopl xtopology nonstop_tsc aperfmperf pni dtes64 monitor ds_cpl vmx est tm2 ssse3 cx16 xtpr pdcm pcid sse4_1 sse4_2 popcnt lahf_lm arat dtherm tpr_shadow vnmi flexpriority ept vpid
bogomips	: 4788.16
clflush size	: 64
cache_alignment	: 64
address sizes	: 36 bits physical, 48 bits virtual
power management:

processor	: 1
vendor_id	: GenuineIntel
cpu family	: 6
model		: 37
model name	: Intel(R) Core(TM) i3 CPU       M 370  @ 2.40GHz
stepping	: 5
microcode	: 0x2
cpu MHz		: 2394.000
cache size	: 3072 KB
physical id	: 0
siblings	: 4
core id		: 2
cpu cores	: 2
apicid		: 4
initial apicid	: 4
fpu		: yes
fpu_exception	: yes
cpuid level	: 11
wp		: yes
flags		: fpu vme de pse tsc msr pae mce cx8 apic sep mtrr pge mca cmov pat pse36 clflush dts acpi mmx fxsr sse sse2 ss ht tm pbe syscall nx rdtscp lm constant_tsc arch_perfmon pebs bts rep_good nopl xtopology nonstop_tsc aperfmperf pni dtes64 monitor ds_cpl vmx est tm2 ssse3 cx16 xtpr pdcm pcid sse4_1 sse4_2 popcnt lahf_lm arat dtherm tpr_shadow vnmi flexpriority ept vpid
bogomips	: 4788.16
clflush size	: 64
cache_alignment	: 64
address sizes	: 36 bits physical, 48 bits virtual
power management:

processor	: 2
vendor_id	: GenuineIntel
cpu family	: 6
model		: 37
model name	: Intel(R) Core(TM) i3 CPU       M 370  @ 2.40GHz
stepping	: 5
microcode	: 0x2
cpu MHz		: 2394.000
cache size	: 3072 KB
physical id	: 0
siblings	: 4
core id		: 0
cpu cores	: 2
apicid		: 1
initial apicid	: 1
fpu		: yes
fpu_exception	: yes
cpuid level	: 11
wp		: yes
flags		: fpu vme de pse tsc msr pae mce cx8 apic sep mtrr pge mca cmov pat pse36 clflush dts acpi mmx fxsr sse sse2 ss ht tm pbe syscall nx rdtscp lm constant_tsc arch_perfmon pebs bts rep_good nopl xtopology nonstop_tsc aperfmperf pni dtes64 monitor ds_cpl vmx est tm2 ssse3 cx16 xtpr pdcm pcid sse4_1 sse4_2 popcnt lahf_lm arat dtherm tpr_shadow vnmi flexpriority ept vpid
bogomips	: 4788.16
clflush size	: 64
cache_alignment	: 64
address sizes	: 36 bits physical, 48 bits virtual
power management:

processor	: 3
vendor_id	: GenuineIntel
cpu family	: 6
model		: 37
model name	: Intel(R) Core(TM) i3 CPU       M 370  @ 2.40GHz
stepping	: 5
microcode	: 0x2
cpu MHz		: 2394.000
cache size	: 3072 KB
physical id	: 0
siblings	: 4
core id		: 2
cpu cores	: 2
apicid		: 5
initial apicid	: 5
fpu		: yes
fpu_exception	: yes
cpuid level	: 11
wp		: yes
flags		: fpu vme de pse tsc msr pae mce cx8 apic sep mtrr pge mca cmov pat pse36 clflush dts acpi mmx fxsr sse sse2 ss ht tm pbe syscall nx rdtscp lm constant_tsc arch_perfmon pebs bts rep_good nopl xtopology nonstop_tsc aperfmperf pni dtes64 monitor ds_cpl vmx est tm2 ssse3 cx16 xtpr pdcm pcid sse4_1 sse4_2 popcnt lahf_lm arat dtherm tpr_shadow vnmi flexpriority ept vpid
bogomips	: 4788.16
clflush size	: 64
cache_alignment	: 64
address sizes	: 36 bits physical, 48 bits virtual
power management:



Memory: 4k page, physical 5906704k(3549128k free), swap 1990652k(1990368k free)

vm_info: Java HotSpot(TM) 64-Bit Server VM (25.31-b07) for linux-amd64 JRE (1.8.0_31-b13), built on Dec 17 2014 20:40:15 by "java_re" with gcc 4.3.0 20080428 (Red Hat 4.3.0-8)

time: Sat Mar 21 20:07:40 2015
elapsed time: 4677 seconds (0d 1h 17m 57s)

