#
# A fatal error has been detected by the Java Runtime Environment:
#
#  SIGSEGV (0xb) at pc=0x00007f909d0690ba, pid=9718, tid=140258678880000
#
# JRE version: Java(TM) SE Runtime Environment (8.0_31-b13) (build 1.8.0_31-b13)
# Java VM: Java HotSpot(TM) 64-Bit Server VM (25.31-b07 mixed mode linux-amd64 compressed oops)
# Problematic frame:
# v  ~BufferBlob::jni_fast_GetLongField
#
# Failed to write core dump. Core dumps have been disabled. To enable core dumping, try "ulimit -c unlimited" before starting Java again
#
# If you would like to submit a bug report, please visit:
#   http://bugreport.java.com/bugreport/crash.jsp
# The crash happened outside the Java Virtual Machine in native code.
# See problematic frame for where to report the bug.
#

---------------  T H R E A D  ---------------

Current thread (0x00007f90ac24d800):  JavaThread "AWT-XAWT" daemon [_thread_in_native, id=9739, stack(0x00007f9084ab3000,0x00007f9084bb4000)]

siginfo: si_signo: 11 (SIGSEGV), si_code: 1 (SEGV_MAPERR), si_addr: 0x0000000000000000

Registers:
RAX=0x00007f90b26ca2e0, RBX=0x00007f90ac24d9e8, RCX=0x00007f90b3124320, RDX=0x0000000000000042
RSP=0x00007f9084bb27f8, RBP=0x00007f9084bb2820, RSI=0x0000000000000000, RDI=0x00007f90ac24d9e8
R8 =0x0000000000000005, R9 =0x0000000000000000, R10=0x000000000000001c, R11=0x00007f909d3cfcd8
R12=0x00007f904800b1b0, R13=0x0000000000000000, R14=0x00007f908693c7c0, R15=0x00007f90ac24d800
RIP=0x00007f909d0690ba, EFLAGS=0x0000000000010246, CSGSFS=0x0000000000000033, ERR=0x0000000000000004
  TRAPNO=0x000000000000000e

Top of Stack: (sp=0x00007f9084bb27f8)
0x00007f9084bb27f8:   00007f908671b0a1 00007f9094e03eb0
0x00007f9084bb2808:   00007f904800b1b0 00007f9084bb28d0
0x00007f9084bb2818:   00007f9084bb28a0 0000000000000000
0x00007f9084bb2828:   00007f90861feae8 00007f9094e03eb0
0x00007f9084bb2838:   00007f9084bb2860 0000000000000000
0x00007f9084bb2848:   00007f90861f69a3 00007f9084bb28d0
0x00007f9084bb2858:   00007f908671439f 00007f9084bb28b0
0x00007f9084bb2868:   00007f909d3cfd76 0000000000000000
0x00007f9084bb2878:   00007f909d298b36 00007f9084bb28d0
0x00007f9084bb2888:   00007f909d170cec 00007f9084bb2930
0x00007f9084bb2898:   00000000e2188e38 00000000e208bb18
0x00007f9084bb28a8:   0000000000000001 00007f9084bb2930
0x00007f9084bb28b8:   00007f909d007160 00007f9084bb2930
0x00007f9084bb28c8:   00007f909d007160 0000000000000000
0x00007f9084bb28d8:   00007f909d0074a0 00007f905c000e30
0x00007f9084bb28e8:   00000000e21d2128 00007f9084bb28f0
0x00007f9084bb28f8:   00007f9094f913fc 00007f9084bb2978
0x00007f9084bb2908:   00007f9094f9a828 0000000000000000
0x00007f9084bb2918:   00007f9094f91530 00007f9084bb28d0
0x00007f9084bb2928:   00007f9084bb2970 00007f9084bb29c0
0x00007f9084bb2938:   00007f909d00798d 0000000000000000
0x00007f9084bb2948:   00000000e2621c60 0000000000000000
0x00007f9084bb2958:   0000000000000000 0000000000000000
0x00007f9084bb2968:   00000000e21d2128 0000000000000000
0x00007f9084bb2978:   00000000e21899b0 00007f9084bb2980
0x00007f9084bb2988:   00007f9094f9123d 00007f9084bb29d0
0x00007f9084bb2998:   00007f9094f9a828 0000000000000000
0x00007f9084bb29a8:   00007f9094f91248 00007f9084bb2970
0x00007f9084bb29b8:   00007f9084bb29d0 00007f9084bb2a18
0x00007f9084bb29c8:   00007f909d0079d2 00000000e21899b0
0x00007f9084bb29d8:   00007f9084bb29d8 00007f9094b0cc93
0x00007f9084bb29e8:   00007f9084bb2a28 00007f9094b7fb78 

Instructions: (pc=0x00007f909d0690ba)
0x00007f909d06909a:   00 00 00 00 00 00 44 8b 15 21 87 69 15 4c 8b ce
0x00007f909d0690aa:   41 f6 c2 01 0f 85 2e 00 00 00 4d 33 ca 4d 33 ca
0x00007f909d0690ba:   4d 8b 09 4c 8b da 49 c1 eb 02 4b 8b 04 19 49 bb
0x00007f909d0690ca:   c8 17 70 b2 90 7f 00 00 4c 33 d8 4c 33 d8 45 3b 

Register to memory mapping:

RAX=0x00007f90b26ca2e0: <offset 0xf242e0> in /usr/lib/jvm/java-8-oracle/jre/lib/amd64/server/libjvm.so at 0x00007f90b17a6000
RBX=0x00007f90ac24d9e8 is an unknown value
RCX=0x00007f90b3124320: <offset 0x219320> in /lib/x86_64-linux-gnu/libpthread.so.0 at 0x00007f90b2f0b000
RDX=0x0000000000000042 is an unknown value
RSP=0x00007f9084bb27f8 is pointing into the stack for thread: 0x00007f90ac24d800
RBP=0x00007f9084bb2820 is pointing into the stack for thread: 0x00007f90ac24d800
RSI=0x0000000000000000 is an unknown value
RDI=0x00007f90ac24d9e8 is an unknown value
R8 =0x0000000000000005 is an unknown value
R9 =0x0000000000000000 is an unknown value
R10=0x000000000000001c is an unknown value
R11=0x00007f909d3cfcd8 is at entry_point+24 in (nmethod*)0x00007f909d3cfb50
R12=0x00007f904800b1b0 is an unknown value
R13=0x0000000000000000 is an unknown value
R14=0x00007f908693c7c0: <offset 0x2587c0> in /usr/lib/jvm/java-8-oracle/jre/lib/amd64/libawt_xawt.so at 0x00007f90866e4000
R15=0x00007f90ac24d800 is a thread


Stack: [0x00007f9084ab3000,0x00007f9084bb4000],  sp=0x00007f9084bb27f8,  free space=1021k
Native frames: (J=compiled Java code, j=interpreted, Vv=VM code, C=native code)
v  ~BufferBlob::jni_fast_GetLongField
C  [libX11.so.6+0x61ae8]  _XimServerDestroy+0x58

Java frames: (J=compiled Java code, j=interpreted, Vv=VM code)
J 1060  sun.awt.X11.XlibWrapper.XFilterEvent(JJ)Z (0 bytes) @ 0x00007f909d3cfd04 [0x00007f909d3cfcc0+0x44]
j  sun.awt.X11.XToolkit.run(Z)V+300
j  sun.awt.X11.XToolkit.run()V+5
j  java.lang.Thread.run()V+11
v  ~StubRoutines::call_stub

---------------  P R O C E S S  ---------------

Java Threads: ( => current thread )
  0x00007f90ac009800 JavaThread "DestroyJavaVM" [_thread_blocked, id=9724, stack(0x00007f90b3227000,0x00007f90b3328000)]
  0x00007f90ac3a5800 JavaThread "AWT-EventQueue-0" [_thread_blocked, id=9741, stack(0x00007f9057dfe000,0x00007f9057eff000)]
  0x00007f90ac3a4000 JavaThread "AWT-Shutdown" [_thread_blocked, id=9740, stack(0x00007f9057eff000,0x00007f9058000000)]
=>0x00007f90ac24d800 JavaThread "AWT-XAWT" daemon [_thread_in_native, id=9739, stack(0x00007f9084ab3000,0x00007f9084bb4000)]
  0x00007f90ac222800 JavaThread "Java2D Disposer" daemon [_thread_blocked, id=9738, stack(0x00007f9084fc4000,0x00007f90850c5000)]
  0x00007f90ac0d0000 JavaThread "Service Thread" daemon [_thread_blocked, id=9736, stack(0x00007f9086d10000,0x00007f9086e11000)]
  0x00007f90ac0b0000 JavaThread "C1 CompilerThread2" daemon [_thread_blocked, id=9735, stack(0x00007f9086e11000,0x00007f9086f12000)]
  0x00007f90ac0ae000 JavaThread "C2 CompilerThread1" daemon [_thread_blocked, id=9734, stack(0x00007f9086f12000,0x00007f9087013000)]
  0x00007f90ac0ab000 JavaThread "C2 CompilerThread0" daemon [_thread_blocked, id=9733, stack(0x00007f9087013000,0x00007f9087114000)]
  0x00007f90ac0a9000 JavaThread "Signal Dispatcher" daemon [_thread_blocked, id=9732, stack(0x00007f9087114000,0x00007f9087215000)]
  0x00007f90ac07c000 JavaThread "Finalizer" daemon [_thread_blocked, id=9731, stack(0x00007f90878f9000,0x00007f90879fa000)]
  0x00007f90ac07a000 JavaThread "Reference Handler" daemon [_thread_blocked, id=9730, stack(0x00007f90879fa000,0x00007f9087afb000)]

Other Threads:
  0x00007f90ac075000 VMThread [stack: 0x00007f9087afb000,0x00007f9087bfc000] [id=9729]
  0x00007f90ac0d2000 WatcherThread [stack: 0x00007f9086c0f000,0x00007f9086d10000] [id=9737]

VM state:not at safepoint (normal execution)

VM Mutex/Monitor currently owned by a thread: None

Heap:
 PSYoungGen      total 27648K, used 8681K [0x00000000e1f00000, 0x00000000e3d80000, 0x0000000100000000)
  eden space 24064K, 36% used [0x00000000e1f00000,0x00000000e277a680,0x00000000e3680000)
  from space 3584K, 0% used [0x00000000e3a00000,0x00000000e3a00000,0x00000000e3d80000)
  to   space 3584K, 0% used [0x00000000e3680000,0x00000000e3680000,0x00000000e3a00000)
 ParOldGen       total 62976K, used 0K [0x00000000a5c00000, 0x00000000a9980000, 0x00000000e1f00000)
  object space 62976K, 0% used [0x00000000a5c00000,0x00000000a5c00000,0x00000000a9980000)
 Metaspace       used 14754K, capacity 14986K, committed 15232K, reserved 1062912K
  class space    used 1808K, capacity 1871K, committed 1920K, reserved 1048576K

Card table byte_map: [0x00007f909cd2d000,0x00007f909d000000] byte_map_base: 0x00007f909c7ff000

Marking Bits: (ParMarkBitMap*) 0x00007f90b27012a0
 Begin Bits: [0x00007f90952e0000, 0x00007f9096970000)
 End Bits:   [0x00007f9096970000, 0x00007f9098000000)

Polling page: 0x00007f90b3348000

CodeCache: size=245760Kb used=3960Kb max_used=3966Kb free=241799Kb
 bounds [0x00007f909d000000, 0x00007f909d3f0000, 0x00007f90ac000000]
 total_blobs=1651 nmethods=1084 adapters=482
 compilation: enabled

Compilation events (10 events):
Event: 1383,377 Thread 0x00007f90ac0b0000 1080       3       java.util.Vector$Itr::checkForComodification (23 bytes)
Event: 1383,377 Thread 0x00007f90ac0b0000 nmethod 1080 0x00007f909d3db810 code [0x00007f909d3db980, 0x00007f909d3dbba8]
Event: 1596,763 Thread 0x00007f90ac0ab000 1081   !   4       sun.awt.X11.XToolkit::callTimeoutTasks (220 bytes)
Event: 1596,771 Thread 0x00007f90ac0ab000 nmethod 1081 0x00007f909d3db0d0 code [0x00007f909d3db260, 0x00007f909d3db4d8]
Event: 2018,353 Thread 0x00007f90ac0ae000 1082   !   4       sun.awt.X11.XToolkit::getNextTaskTime (55 bytes)
Event: 2018,361 Thread 0x00007f90ac0ae000 nmethod 1082 0x00007f909d3dea50 code [0x00007f909d3debe0, 0x00007f909d3def10]
Event: 4708,937 Thread 0x00007f90ac0b0000 1083       1       sun.awt.X11.Native::getByte (8 bytes)
Event: 4708,938 Thread 0x00007f90ac0b0000 nmethod 1083 0x00007f909d3dadd0 code [0x00007f909d3daf20, 0x00007f909d3db030]
Event: 4708,938 Thread 0x00007f90ac0b0000 1084       3       sun.awt.XSettings$Update::needBytes (65 bytes)
Event: 4708,939 Thread 0x00007f90ac0b0000 nmethod 1084 0x00007f909d3e0ed0 code [0x00007f909d3e1100, 0x00007f909d3e1d78]

GC Heap History (0 events):
No events

Deoptimization events (4 events):
Event: 0,390 Thread 0x00007f90ac009800 Uncommon trap: reason=class_check action=maybe_recompile pc=0x00007f909d1a8e7c method=java.io.DataInputStream.readInt()I @ 4
Event: 0,390 Thread 0x00007f90ac009800 Uncommon trap: reason=class_check action=maybe_recompile pc=0x00007f909d1a8e7c method=java.io.DataInputStream.readInt()I @ 4
Event: 0,390 Thread 0x00007f90ac009800 Uncommon trap: reason=class_check action=maybe_recompile pc=0x00007f909d1a8e7c method=java.io.DataInputStream.readInt()I @ 4
Event: 0,390 Thread 0x00007f90ac009800 Uncommon trap: reason=class_check action=maybe_recompile pc=0x00007f909d1a8e7c method=java.io.DataInputStream.readInt()I @ 4

Internal exceptions (10 events):
Event: 0,417 Thread 0x00007f90ac009800 Exception <a 'java/security/PrivilegedActionException'> (0x00000000e23b0a90) thrown at [/HUDSON/workspace/8-2-build-linux-amd64/jdk8u31/2394/hotspot/src/share/vm/prims/jvm.cpp, line 1312]
Event: 0,417 Thread 0x00007f90ac009800 Exception <a 'java/security/PrivilegedActionException'> (0x00000000e23b4d70) thrown at [/HUDSON/workspace/8-2-build-linux-amd64/jdk8u31/2394/hotspot/src/share/vm/prims/jvm.cpp, line 1312]
Event: 0,418 Thread 0x00007f90ac009800 Exception <a 'java/security/PrivilegedActionException'> (0x00000000e23b8dc0) thrown at [/HUDSON/workspace/8-2-build-linux-amd64/jdk8u31/2394/hotspot/src/share/vm/prims/jvm.cpp, line 1312]
Event: 0,418 Thread 0x00007f90ac009800 Exception <a 'java/security/PrivilegedActionException'> (0x00000000e23bd108) thrown at [/HUDSON/workspace/8-2-build-linux-amd64/jdk8u31/2394/hotspot/src/share/vm/prims/jvm.cpp, line 1312]
Event: 0,419 Thread 0x00007f90ac009800 Exception <a 'java/security/PrivilegedActionException'> (0x00000000e23c1718) thrown at [/HUDSON/workspace/8-2-build-linux-amd64/jdk8u31/2394/hotspot/src/share/vm/prims/jvm.cpp, line 1312]
Event: 0,420 Thread 0x00007f90ac009800 Exception <a 'java/security/PrivilegedActionException'> (0x00000000e23c5700) thrown at [/HUDSON/workspace/8-2-build-linux-amd64/jdk8u31/2394/hotspot/src/share/vm/prims/jvm.cpp, line 1312]
Event: 0,439 Thread 0x00007f90ac009800 Exception <a 'java/security/PrivilegedActionException'> (0x00000000e23d9f00) thrown at [/HUDSON/workspace/8-2-build-linux-amd64/jdk8u31/2394/hotspot/src/share/vm/prims/jvm.cpp, line 1312]
Event: 0,559 Thread 0x00007f90ac009800 Exception <a 'java/security/PrivilegedActionException'> (0x00000000e2503200) thrown at [/HUDSON/workspace/8-2-build-linux-amd64/jdk8u31/2394/hotspot/src/share/vm/prims/jvm.cpp, line 1312]
Event: 0,593 Thread 0x00007f90ac009800 Exception <a 'java/security/PrivilegedActionException'> (0x00000000e252d558) thrown at [/HUDSON/workspace/8-2-build-linux-amd64/jdk8u31/2394/hotspot/src/share/vm/prims/jvm.cpp, line 1312]
Event: 0,929 Thread 0x00007f90ac3a5800 Exception <a 'java/lang/UnsupportedOperationException': > (0x00000000e25bc5e0) thrown at [/HUDSON/workspace/8-2-build-linux-amd64/jdk8u31/2394/hotspot/src/share/vm/prims/jni.cpp, line 742]

Events (10 events):
Event: 21,576 loading class javax/swing/Autoscroller
Event: 21,576 loading class javax/swing/Autoscroller done
Event: 21,594 loading class java/awt/Component$FlipBufferStrategy
Event: 21,594 loading class java/awt/Component$FlipBufferStrategy done
Event: 21,597 loading class sun/awt/X11/XErrorEvent
Event: 21,597 loading class sun/awt/X11/XErrorEvent done
Event: 4708,937 loading class sun/awt/X11/XAWTXSettings$1
Event: 4708,961 loading class sun/awt/X11/XAWTXSettings$1 done
Event: 4709,099 loading class sun/awt/X11/XDestroyWindowEvent
Event: 4709,227 loading class sun/awt/X11/XDestroyWindowEvent done


Dynamic libraries:
00400000-00401000 r-xp 00000000 08:06 3149874                            /usr/lib/jvm/java-8-oracle/bin/java
00600000-00601000 rw-p 00000000 08:06 3149874                            /usr/lib/jvm/java-8-oracle/bin/java
01eeb000-01f0c000 rw-p 00000000 00:00 0                                  [heap]
a5c00000-a9980000 rw-p 00000000 00:00 0 
a9980000-e1f00000 ---p 00000000 00:00 0 
e1f00000-e3d80000 rw-p 00000000 00:00 0 
e3d80000-100000000 ---p 00000000 00:00 0 
100000000-1001e0000 rw-p 00000000 00:00 0 
1001e0000-140000000 ---p 00000000 00:00 0 
7f9048000000-7f9048038000 rw-p 00000000 00:00 0 
7f9048038000-7f904c000000 ---p 00000000 00:00 0 
7f9050000000-7f9050021000 rw-p 00000000 00:00 0 
7f9050021000-7f9054000000 ---p 00000000 00:00 0 
7f9057bfe000-7f9057cfe000 rw-p 00000000 00:00 0 
7f9057cfe000-7f9057dfe000 ---p 00000000 00:00 0 
7f9057dfe000-7f9057e01000 ---p 00000000 00:00 0 
7f9057e01000-7f9057eff000 rw-p 00000000 00:00 0                          [stack:9741]
7f9057eff000-7f9057f02000 ---p 00000000 00:00 0 
7f9057f02000-7f9058000000 rw-p 00000000 00:00 0                          [stack:9740]
7f9058000000-7f9058021000 rw-p 00000000 00:00 0 
7f9058021000-7f905c000000 ---p 00000000 00:00 0 
7f905c000000-7f905c02d000 rw-p 00000000 00:00 0 
7f905c02d000-7f9060000000 ---p 00000000 00:00 0 
7f9060000000-7f9060021000 rw-p 00000000 00:00 0 
7f9060021000-7f9064000000 ---p 00000000 00:00 0 
7f9064000000-7f9064021000 rw-p 00000000 00:00 0 
7f9064021000-7f9068000000 ---p 00000000 00:00 0 
7f9068000000-7f90680f1000 rw-p 00000000 00:00 0 
7f90680f1000-7f906c000000 ---p 00000000 00:00 0 
7f906c000000-7f906c6cc000 rw-p 00000000 00:00 0 
7f906c6cc000-7f9070000000 ---p 00000000 00:00 0 
7f9070000000-7f9070021000 rw-p 00000000 00:00 0 
7f9070021000-7f9074000000 ---p 00000000 00:00 0 
7f9074000000-7f9074251000 rw-p 00000000 00:00 0 
7f9074251000-7f9078000000 ---p 00000000 00:00 0 
7f9078000000-7f9078021000 rw-p 00000000 00:00 0 
7f9078021000-7f907c000000 ---p 00000000 00:00 0 
7f907c000000-7f907c021000 rw-p 00000000 00:00 0 
7f907c021000-7f9080000000 ---p 00000000 00:00 0 
7f9080000000-7f9080021000 rw-p 00000000 00:00 0 
7f9080021000-7f9084000000 ---p 00000000 00:00 0 
7f908400c000-7f908420c000 rw-p 00000000 00:00 0 
7f908420c000-7f9084275000 r-xp 00000000 08:06 3149737                    /usr/lib/jvm/java-8-oracle/jre/lib/amd64/libt2k.so
7f9084275000-7f9084474000 ---p 00069000 08:06 3149737                    /usr/lib/jvm/java-8-oracle/jre/lib/amd64/libt2k.so
7f9084474000-7f908447b000 rw-p 00068000 08:06 3149737                    /usr/lib/jvm/java-8-oracle/jre/lib/amd64/libt2k.so
7f908447b000-7f908448b000 rw-p 00000000 00:00 0 
7f908448b000-7f908449c000 r-xp 00000000 08:06 3149767                    /usr/lib/jvm/java-8-oracle/jre/lib/amd64/libnio.so
7f908449c000-7f908469b000 ---p 00011000 08:06 3149767                    /usr/lib/jvm/java-8-oracle/jre/lib/amd64/libnio.so
7f908469b000-7f908469c000 rw-p 00010000 08:06 3149767                    /usr/lib/jvm/java-8-oracle/jre/lib/amd64/libnio.so
7f908469c000-7f90846b2000 r-xp 00000000 08:06 3149777                    /usr/lib/jvm/java-8-oracle/jre/lib/amd64/libnet.so
7f90846b2000-7f90848b2000 ---p 00016000 08:06 3149777                    /usr/lib/jvm/java-8-oracle/jre/lib/amd64/libnet.so
7f90848b2000-7f90848b3000 rw-p 00016000 08:06 3149777                    /usr/lib/jvm/java-8-oracle/jre/lib/amd64/libnet.so
7f90848b3000-7f9084ab3000 rw-p 00000000 00:00 0 
7f9084ab3000-7f9084ab6000 ---p 00000000 00:00 0 
7f9084ab6000-7f9084bb4000 rw-p 00000000 00:00 0                          [stack:9739]
7f9084bb4000-7f9084bb9000 r-xp 00000000 08:06 2891577                    /usr/lib/x86_64-linux-gnu/libXfixes.so.3.1.0
7f9084bb9000-7f9084db8000 ---p 00005000 08:06 2891577                    /usr/lib/x86_64-linux-gnu/libXfixes.so.3.1.0
7f9084db8000-7f9084db9000 r--p 00004000 08:06 2891577                    /usr/lib/x86_64-linux-gnu/libXfixes.so.3.1.0
7f9084db9000-7f9084dba000 rw-p 00005000 08:06 2891577                    /usr/lib/x86_64-linux-gnu/libXfixes.so.3.1.0
7f9084dba000-7f9084dc3000 r-xp 00000000 08:06 2891569                    /usr/lib/x86_64-linux-gnu/libXcursor.so.1.0.2
7f9084dc3000-7f9084fc2000 ---p 00009000 08:06 2891569                    /usr/lib/x86_64-linux-gnu/libXcursor.so.1.0.2
7f9084fc2000-7f9084fc3000 r--p 00008000 08:06 2891569                    /usr/lib/x86_64-linux-gnu/libXcursor.so.1.0.2
7f9084fc3000-7f9084fc4000 rw-p 00009000 08:06 2891569                    /usr/lib/x86_64-linux-gnu/libXcursor.so.1.0.2
7f9084fc4000-7f9084fc7000 ---p 00000000 00:00 0 
7f9084fc7000-7f90850c5000 rw-p 00000000 00:00 0                          [stack:9738]
7f90850c5000-7f90850db000 r-xp 00000000 08:06 13373313                   /lib/x86_64-linux-gnu/libgcc_s.so.1
7f90850db000-7f90852da000 ---p 00016000 08:06 13373313                   /lib/x86_64-linux-gnu/libgcc_s.so.1
7f90852da000-7f90852db000 rw-p 00015000 08:06 13373313                   /lib/x86_64-linux-gnu/libgcc_s.so.1
7f90852db000-7f9085340000 r-xp 00000000 08:06 3149779                    /usr/lib/jvm/java-8-oracle/jre/lib/amd64/libfontmanager.so
7f9085340000-7f908553f000 ---p 00065000 08:06 3149779                    /usr/lib/jvm/java-8-oracle/jre/lib/amd64/libfontmanager.so
7f908553f000-7f9085543000 rw-p 00064000 08:06 3149779                    /usr/lib/jvm/java-8-oracle/jre/lib/amd64/libfontmanager.so
7f9085543000-7f9085554000 rw-p 00000000 00:00 0 
7f9085554000-7f9085559000 r-xp 00000000 08:06 2891573                    /usr/lib/x86_64-linux-gnu/libXdmcp.so.6.0.0
7f9085559000-7f9085758000 ---p 00005000 08:06 2891573                    /usr/lib/x86_64-linux-gnu/libXdmcp.so.6.0.0
7f9085758000-7f9085759000 r--p 00004000 08:06 2891573                    /usr/lib/x86_64-linux-gnu/libXdmcp.so.6.0.0
7f9085759000-7f908575a000 rw-p 00005000 08:06 2891573                    /usr/lib/x86_64-linux-gnu/libXdmcp.so.6.0.0
7f908575a000-7f908575c000 r-xp 00000000 08:06 2891562                    /usr/lib/x86_64-linux-gnu/libXau.so.6.0.0
7f908575c000-7f908595c000 ---p 00002000 08:06 2891562                    /usr/lib/x86_64-linux-gnu/libXau.so.6.0.0
7f908595c000-7f908595d000 r--p 00002000 08:06 2891562                    /usr/lib/x86_64-linux-gnu/libXau.so.6.0.0
7f908595d000-7f908595e000 rw-p 00003000 08:06 2891562                    /usr/lib/x86_64-linux-gnu/libXau.so.6.0.0
7f908595e000-7f908597b000 r-xp 00000000 08:06 2892632                    /usr/lib/x86_64-linux-gnu/libxcb.so.1.1.0
7f908597b000-7f9085b7b000 ---p 0001d000 08:06 2892632                    /usr/lib/x86_64-linux-gnu/libxcb.so.1.1.0
7f9085b7b000-7f9085b7c000 r--p 0001d000 08:06 2892632                    /usr/lib/x86_64-linux-gnu/libxcb.so.1.1.0
7f9085b7c000-7f9085b7d000 rw-p 0001e000 08:06 2892632                    /usr/lib/x86_64-linux-gnu/libxcb.so.1.1.0
7f9085b7d000-7f9085b8c000 r-xp 00000000 08:06 2891583                    /usr/lib/x86_64-linux-gnu/libXi.so.6.1.0
7f9085b8c000-7f9085d8b000 ---p 0000f000 08:06 2891583                    /usr/lib/x86_64-linux-gnu/libXi.so.6.1.0
7f9085d8b000-7f9085d8c000 r--p 0000e000 08:06 2891583                    /usr/lib/x86_64-linux-gnu/libXi.so.6.1.0
7f9085d8c000-7f9085d8d000 rw-p 0000f000 08:06 2891583                    /usr/lib/x86_64-linux-gnu/libXi.so.6.1.0
7f9085d8d000-7f9085d92000 r-xp 00000000 08:06 2891603                    /usr/lib/x86_64-linux-gnu/libXtst.so.6.1.0
7f9085d92000-7f9085f91000 ---p 00005000 08:06 2891603                    /usr/lib/x86_64-linux-gnu/libXtst.so.6.1.0
7f9085f91000-7f9085f92000 r--p 00004000 08:06 2891603                    /usr/lib/x86_64-linux-gnu/libXtst.so.6.1.0
7f9085f92000-7f9085f93000 rw-p 00005000 08:06 2891603                    /usr/lib/x86_64-linux-gnu/libXtst.so.6.1.0
7f9085f93000-7f9085f9c000 r-xp 00000000 08:06 2891597                    /usr/lib/x86_64-linux-gnu/libXrender.so.1.3.0
7f9085f9c000-7f908619b000 ---p 00009000 08:06 2891597                    /usr/lib/x86_64-linux-gnu/libXrender.so.1.3.0
7f908619b000-7f908619c000 r--p 00008000 08:06 2891597                    /usr/lib/x86_64-linux-gnu/libXrender.so.1.3.0
7f908619c000-7f908619d000 rw-p 00009000 08:06 2891597                    /usr/lib/x86_64-linux-gnu/libXrender.so.1.3.0
7f908619d000-7f90862cd000 r-xp 00000000 08:06 2891558                    /usr/lib/x86_64-linux-gnu/libX11.so.6.3.0
7f90862cd000-7f90864cd000 ---p 00130000 08:06 2891558                    /usr/lib/x86_64-linux-gnu/libX11.so.6.3.0
7f90864cd000-7f90864ce000 r--p 00130000 08:06 2891558                    /usr/lib/x86_64-linux-gnu/libX11.so.6.3.0
7f90864ce000-7f90864d2000 rw-p 00131000 08:06 2891558                    /usr/lib/x86_64-linux-gnu/libX11.so.6.3.0
7f90864d2000-7f90864e3000 r-xp 00000000 08:06 2891575                    /usr/lib/x86_64-linux-gnu/libXext.so.6.4.0
7f90864e3000-7f90866e2000 ---p 00011000 08:06 2891575                    /usr/lib/x86_64-linux-gnu/libXext.so.6.4.0
7f90866e2000-7f90866e3000 r--p 00010000 08:06 2891575                    /usr/lib/x86_64-linux-gnu/libXext.so.6.4.0
7f90866e3000-7f90866e4000 rw-p 00011000 08:06 2891575                    /usr/lib/x86_64-linux-gnu/libXext.so.6.4.0
7f90866e4000-7f9086738000 r-xp 00000000 08:06 3149772                    /usr/lib/jvm/java-8-oracle/jre/lib/amd64/libawt_xawt.so
7f9086738000-7f9086938000 ---p 00054000 08:06 3149772                    /usr/lib/jvm/java-8-oracle/jre/lib/amd64/libawt_xawt.so
7f9086938000-7f908693c000 rw-p 00054000 08:06 3149772                    /usr/lib/jvm/java-8-oracle/jre/lib/amd64/libawt_xawt.so
7f908693c000-7f908693d000 rw-p 00000000 00:00 0 
7f908693d000-7f90869df000 r-xp 00000000 08:06 3149784                    /usr/lib/jvm/java-8-oracle/jre/lib/amd64/libawt.so
7f90869df000-7f9086bdf000 ---p 000a2000 08:06 3149784                    /usr/lib/jvm/java-8-oracle/jre/lib/amd64/libawt.so
7f9086bdf000-7f9086beb000 rw-p 000a2000 08:06 3149784                    /usr/lib/jvm/java-8-oracle/jre/lib/amd64/libawt.so
7f9086beb000-7f9086c0f000 rw-p 00000000 00:00 0 
7f9086c0f000-7f9086c10000 ---p 00000000 00:00 0 
7f9086c10000-7f9086d10000 rw-p 00000000 00:00 0                          [stack:9737]
7f9086d10000-7f9086d13000 ---p 00000000 00:00 0 
7f9086d13000-7f9086e11000 rw-p 00000000 00:00 0                          [stack:9736]
7f9086e11000-7f9086e14000 ---p 00000000 00:00 0 
7f9086e14000-7f9086f12000 rw-p 00000000 00:00 0                          [stack:9735]
7f9086f12000-7f9086f15000 ---p 00000000 00:00 0 
7f9086f15000-7f9087013000 rw-p 00000000 00:00 0                          [stack:9734]
7f9087013000-7f9087016000 ---p 00000000 00:00 0 
7f9087016000-7f9087114000 rw-p 00000000 00:00 0                          [stack:9733]
7f9087114000-7f9087117000 ---p 00000000 00:00 0 
7f9087117000-7f9087215000 rw-p 00000000 00:00 0                          [stack:9732]
7f9087215000-7f90878f9000 r--p 00000000 08:06 2890563                    /usr/lib/locale/locale-archive
7f90878f9000-7f90878fc000 ---p 00000000 00:00 0 
7f90878fc000-7f90879fa000 rw-p 00000000 00:00 0                          [stack:9731]
7f90879fa000-7f90879fd000 ---p 00000000 00:00 0 
7f90879fd000-7f9087afb000 rw-p 00000000 00:00 0                          [stack:9730]
7f9087afb000-7f9087afc000 ---p 00000000 00:00 0 
7f9087afc000-7f9088000000 rw-p 00000000 00:00 0                          [stack:9729]
7f9088000000-7f9088021000 rw-p 00000000 00:00 0 
7f9088021000-7f908c000000 ---p 00000000 00:00 0 
7f908c000000-7f908c021000 rw-p 00000000 00:00 0 
7f908c021000-7f9090000000 ---p 00000000 00:00 0 
7f9090000000-7f9090021000 rw-p 00000000 00:00 0 
7f9090021000-7f9094000000 ---p 00000000 00:00 0 
7f90940cb000-7f90940d6000 r--s 00000000 08:06 917788                     /var/cache/fontconfig/945677eb7aeaf62f1d50efc3fb3ec7d8-le64.cache-4
7f90940d6000-7f9098000000 rw-p 00000000 00:00 0 
7f9098000000-7f9098021000 rw-p 00000000 00:00 0 
7f9098021000-7f909c000000 ---p 00000000 00:00 0 
7f909c005000-7f909c006000 r--s 00000000 08:06 917794                     /var/cache/fontconfig/c05880de57d1f5e948fdfacc138775d9-le64.cache-4
7f909c006000-7f909c00c000 r--s 00000000 08:06 917774                     /var/cache/fontconfig/2cd17615ca594fa2959ae173292e504c-le64.cache-4
7f909c00c000-7f909c013000 r--s 00000000 08:06 917791                     /var/cache/fontconfig/a755afe4a08bf5b97852ceb7400b47bc-le64.cache-4
7f909c013000-7f909c017000 r--s 00000000 08:06 929082                     /var/cache/fontconfig/6d41288fd70b0be22e8c3a91e032eec0-le64.cache-4
7f909c017000-7f909c02b000 r--s 00000000 08:06 917769                     /var/cache/fontconfig/04aabc0a78ac019cf9454389977116d2-le64.cache-4
7f909c02b000-7f909c02f000 r--s 00000000 08:06 917777                     /var/cache/fontconfig/385c0604a188198f04d133e54aba7fe7-le64.cache-4
7f909c02f000-7f909c034000 r--s 00000000 08:06 917787                     /var/cache/fontconfig/8801497958630a81b71ace7c5f9b32a8-le64.cache-4
7f909c034000-7f909c03b000 r--s 00000000 08:06 917775                     /var/cache/fontconfig/3047814df9a2f067bd2d96a2b9c36e5a-le64.cache-4
7f909c03b000-7f909c041000 r--s 00000000 08:06 917792                     /var/cache/fontconfig/b47c4e1ecd0709278f4910c18777a504-le64.cache-4
7f909c041000-7f909c054000 r--s 00000000 08:06 917798                     /var/cache/fontconfig/d52a8644073d54c13679302ca1180695-le64.cache-4
7f909c054000-7f909c05d000 r--s 00000000 08:06 927419                     /var/cache/fontconfig/3f7329c5293ffd510edef78f73874cfd-le64.cache-4
7f909c05d000-7f909c06a000 r--s 00000000 08:06 926744                     /var/cache/fontconfig/e13b20fdb08344e0e664864cc2ede53d-le64.cache-4
7f909c06a000-7f909c075000 r--s 00116000 08:06 3149822                    /usr/lib/jvm/java-8-oracle/jre/lib/ext/localedata.jar
7f909c075000-7f909c097000 r--p 00000000 08:06 4599592                    /usr/share/locale-langpack/pt_BR/LC_MESSAGES/libc.mo
7f909c097000-7f909c229000 rw-p 00000000 00:00 0 
7f909c229000-7f909c3ff000 r--s 03cae000 08:06 2897646                    /usr/lib/jvm/java-8-oracle/jre/lib/rt.jar
7f909c3ff000-7f909c747000 rw-p 00000000 00:00 0 
7f909c747000-7f909c748000 ---p 00000000 00:00 0 
7f909c748000-7f909c848000 rw-p 00000000 00:00 0                          [stack:9728]
7f909c848000-7f909c849000 ---p 00000000 00:00 0 
7f909c849000-7f909c949000 rw-p 00000000 00:00 0                          [stack:9727]
7f909c949000-7f909c94a000 ---p 00000000 00:00 0 
7f909c94a000-7f909ca4a000 rw-p 00000000 00:00 0                          [stack:9726]
7f909ca4a000-7f909ca4b000 ---p 00000000 00:00 0 
7f909ca4b000-7f909cb6a000 rw-p 00000000 00:00 0                          [stack:9725]
7f909cb6a000-7f909cd2d000 ---p 00000000 00:00 0 
7f909cd2d000-7f909cd4c000 rw-p 00000000 00:00 0 
7f909cd4c000-7f909cf0e000 ---p 00000000 00:00 0 
7f909cf0e000-7f909cf1e000 rw-p 00000000 00:00 0 
7f909cf1e000-7f909cfff000 ---p 00000000 00:00 0 
7f909cfff000-7f909d000000 rw-p 00000000 00:00 0 
7f909d000000-7f909d3f0000 rwxp 00000000 00:00 0 
7f909d3f0000-7f90ac000000 ---p 00000000 00:00 0 
7f90ac000000-7f90ac62e000 rw-p 00000000 00:00 0 
7f90ac62e000-7f90b0000000 ---p 00000000 00:00 0 
7f90b0000000-7f90b0001000 r--s 00000000 08:06 917804                     /var/cache/fontconfig/e7071f4a29fa870f4323321c154eba04-le64.cache-4
7f90b0001000-7f90b0002000 r--s 00000000 08:06 917771                     /var/cache/fontconfig/0d8c3b2ac0904cb8a57a757ad11a4a08-le64.cache-4
7f90b0002000-7f90b0003000 r--s 00000000 08:06 917773                     /var/cache/fontconfig/1ac9eb803944fde146138c791f5cc56a-le64.cache-4
7f90b0003000-7f90b0004000 r--s 00000000 08:06 917801                     /var/cache/fontconfig/dc05db6664285cc2f12bf69c139ae4c3-le64.cache-4
7f90b0004000-7f90b0056000 rw-p 00000000 00:00 0 
7f90b0056000-7f90b0406000 ---p 00000000 00:00 0 
7f90b0406000-7f90b0420000 r-xp 00000000 08:06 3149765                    /usr/lib/jvm/java-8-oracle/jre/lib/amd64/libzip.so
7f90b0420000-7f90b0620000 ---p 0001a000 08:06 3149765                    /usr/lib/jvm/java-8-oracle/jre/lib/amd64/libzip.so
7f90b0620000-7f90b0621000 rw-p 0001a000 08:06 3149765                    /usr/lib/jvm/java-8-oracle/jre/lib/amd64/libzip.so
7f90b0621000-7f90b062c000 r-xp 00000000 08:06 13375663                   /lib/x86_64-linux-gnu/libnss_files-2.19.so
7f90b062c000-7f90b082b000 ---p 0000b000 08:06 13375663                   /lib/x86_64-linux-gnu/libnss_files-2.19.so
7f90b082b000-7f90b082c000 r--p 0000a000 08:06 13375663                   /lib/x86_64-linux-gnu/libnss_files-2.19.so
7f90b082c000-7f90b082d000 rw-p 0000b000 08:06 13375663                   /lib/x86_64-linux-gnu/libnss_files-2.19.so
7f90b082d000-7f90b0838000 r-xp 00000000 08:06 13373484                   /lib/x86_64-linux-gnu/libnss_nis-2.19.so
7f90b0838000-7f90b0a37000 ---p 0000b000 08:06 13373484                   /lib/x86_64-linux-gnu/libnss_nis-2.19.so
7f90b0a37000-7f90b0a38000 r--p 0000a000 08:06 13373484                   /lib/x86_64-linux-gnu/libnss_nis-2.19.so
7f90b0a38000-7f90b0a39000 rw-p 0000b000 08:06 13373484                   /lib/x86_64-linux-gnu/libnss_nis-2.19.so
7f90b0a39000-7f90b0a50000 r-xp 00000000 08:06 13373456                   /lib/x86_64-linux-gnu/libnsl-2.19.so
7f90b0a50000-7f90b0c4f000 ---p 00017000 08:06 13373456                   /lib/x86_64-linux-gnu/libnsl-2.19.so
7f90b0c4f000-7f90b0c50000 r--p 00016000 08:06 13373456                   /lib/x86_64-linux-gnu/libnsl-2.19.so
7f90b0c50000-7f90b0c51000 rw-p 00017000 08:06 13373456                   /lib/x86_64-linux-gnu/libnsl-2.19.so
7f90b0c51000-7f90b0c53000 rw-p 00000000 00:00 0 
7f90b0c53000-7f90b0c5c000 r-xp 00000000 08:06 13373409                   /lib/x86_64-linux-gnu/libnss_compat-2.19.so
7f90b0c5c000-7f90b0e5b000 ---p 00009000 08:06 13373409                   /lib/x86_64-linux-gnu/libnss_compat-2.19.so
7f90b0e5b000-7f90b0e5c000 r--p 00008000 08:06 13373409                   /lib/x86_64-linux-gnu/libnss_compat-2.19.so
7f90b0e5c000-7f90b0e5d000 rw-p 00009000 08:06 13373409                   /lib/x86_64-linux-gnu/libnss_compat-2.19.so
7f90b0e5d000-7f90b0e87000 r-xp 00000000 08:06 3149771                    /usr/lib/jvm/java-8-oracle/jre/lib/amd64/libjava.so
7f90b0e87000-7f90b1087000 ---p 0002a000 08:06 3149771                    /usr/lib/jvm/java-8-oracle/jre/lib/amd64/libjava.so
7f90b1087000-7f90b1089000 rw-p 0002a000 08:06 3149771                    /usr/lib/jvm/java-8-oracle/jre/lib/amd64/libjava.so
7f90b1089000-7f90b1096000 r-xp 00000000 08:06 3149749                    /usr/lib/jvm/java-8-oracle/jre/lib/amd64/libverify.so
7f90b1096000-7f90b1296000 ---p 0000d000 08:06 3149749                    /usr/lib/jvm/java-8-oracle/jre/lib/amd64/libverify.so
7f90b1296000-7f90b1298000 rw-p 0000d000 08:06 3149749                    /usr/lib/jvm/java-8-oracle/jre/lib/amd64/libverify.so
7f90b1298000-7f90b129f000 r-xp 00000000 08:06 13373365                   /lib/x86_64-linux-gnu/librt-2.19.so
7f90b129f000-7f90b149e000 ---p 00007000 08:06 13373365                   /lib/x86_64-linux-gnu/librt-2.19.so
7f90b149e000-7f90b149f000 r--p 00006000 08:06 13373365                   /lib/x86_64-linux-gnu/librt-2.19.so
7f90b149f000-7f90b14a0000 rw-p 00007000 08:06 13373365                   /lib/x86_64-linux-gnu/librt-2.19.so
7f90b14a0000-7f90b15a5000 r-xp 00000000 08:06 13373421                   /lib/x86_64-linux-gnu/libm-2.19.so
7f90b15a5000-7f90b17a4000 ---p 00105000 08:06 13373421                   /lib/x86_64-linux-gnu/libm-2.19.so
7f90b17a4000-7f90b17a5000 r--p 00104000 08:06 13373421                   /lib/x86_64-linux-gnu/libm-2.19.so
7f90b17a5000-7f90b17a6000 rw-p 00105000 08:06 13373421                   /lib/x86_64-linux-gnu/libm-2.19.so
7f90b17a6000-7f90b2414000 r-xp 00000000 08:06 3149745                    /usr/lib/jvm/java-8-oracle/jre/lib/amd64/server/libjvm.so
7f90b2414000-7f90b2613000 ---p 00c6e000 08:06 3149745                    /usr/lib/jvm/java-8-oracle/jre/lib/amd64/server/libjvm.so
7f90b2613000-7f90b26e9000 rw-p 00c6d000 08:06 3149745                    /usr/lib/jvm/java-8-oracle/jre/lib/amd64/server/libjvm.so
7f90b26e9000-7f90b272c000 rw-p 00000000 00:00 0 
7f90b272c000-7f90b28e7000 r-xp 00000000 08:06 13373363                   /lib/x86_64-linux-gnu/libc-2.19.so
7f90b28e7000-7f90b2ae7000 ---p 001bb000 08:06 13373363                   /lib/x86_64-linux-gnu/libc-2.19.so
7f90b2ae7000-7f90b2aeb000 r--p 001bb000 08:06 13373363                   /lib/x86_64-linux-gnu/libc-2.19.so
7f90b2aeb000-7f90b2aed000 rw-p 001bf000 08:06 13373363                   /lib/x86_64-linux-gnu/libc-2.19.so
7f90b2aed000-7f90b2af2000 rw-p 00000000 00:00 0 
7f90b2af2000-7f90b2af5000 r-xp 00000000 08:06 13373405                   /lib/x86_64-linux-gnu/libdl-2.19.so
7f90b2af5000-7f90b2cf4000 ---p 00003000 08:06 13373405                   /lib/x86_64-linux-gnu/libdl-2.19.so
7f90b2cf4000-7f90b2cf5000 r--p 00002000 08:06 13373405                   /lib/x86_64-linux-gnu/libdl-2.19.so
7f90b2cf5000-7f90b2cf6000 rw-p 00003000 08:06 13373405                   /lib/x86_64-linux-gnu/libdl-2.19.so
7f90b2cf6000-7f90b2d0b000 r-xp 00000000 08:06 2895139                    /usr/lib/jvm/java-8-oracle/lib/amd64/jli/libjli.so
7f90b2d0b000-7f90b2f0a000 ---p 00015000 08:06 2895139                    /usr/lib/jvm/java-8-oracle/lib/amd64/jli/libjli.so
7f90b2f0a000-7f90b2f0b000 rw-p 00014000 08:06 2895139                    /usr/lib/jvm/java-8-oracle/lib/amd64/jli/libjli.so
7f90b2f0b000-7f90b2f24000 r-xp 00000000 08:06 13373494                   /lib/x86_64-linux-gnu/libpthread-2.19.so
7f90b2f24000-7f90b3123000 ---p 00019000 08:06 13373494                   /lib/x86_64-linux-gnu/libpthread-2.19.so
7f90b3123000-7f90b3124000 r--p 00018000 08:06 13373494                   /lib/x86_64-linux-gnu/libpthread-2.19.so
7f90b3124000-7f90b3125000 rw-p 00019000 08:06 13373494                   /lib/x86_64-linux-gnu/libpthread-2.19.so
7f90b3125000-7f90b3129000 rw-p 00000000 00:00 0 
7f90b3129000-7f90b314c000 r-xp 00000000 08:06 13373350                   /lib/x86_64-linux-gnu/ld-2.19.so
7f90b314c000-7f90b314e000 r--s 00000000 08:06 917785                     /var/cache/fontconfig/767a8244fc0220cfb567a839d0392e0b-le64.cache-4
7f90b314e000-7f90b314f000 r--s 00000000 08:06 923908                     /var/cache/fontconfig/4794a0821666d79190d59a36cb4f44b5-le64.cache-4
7f90b314f000-7f90b3153000 r--s 00000000 08:06 917799                     /var/cache/fontconfig/d589a48862398ed80a3d6066f4f56f4c-le64.cache-4
7f90b3153000-7f90b3166000 r--s 00344000 08:06 2897476                    /usr/lib/jvm/java-8-oracle/jre/lib/resources.jar
7f90b3166000-7f90b3227000 rw-p 00000000 00:00 0 
7f90b3227000-7f90b322a000 ---p 00000000 00:00 0 
7f90b322a000-7f90b332c000 rw-p 00000000 00:00 0                          [stack:9724]
7f90b332c000-7f90b332d000 r--s 00000000 08:06 917781                     /var/cache/fontconfig/56cf4f4769d0f4abc89a4895d7bd3ae1-le64.cache-4
7f90b332d000-7f90b332e000 r--s 00000000 08:06 917793                     /var/cache/fontconfig/b9d506c9ac06c20b433354fa67a72993-le64.cache-4
7f90b332e000-7f90b332f000 r--s 00000000 08:06 917770                     /var/cache/fontconfig/0c9eb80ebd1c36541ebe2852d3bb0c49-le64.cache-4
7f90b332f000-7f90b3333000 r--s 00000000 08:06 929081                     /var/cache/fontconfig/7ef2298fde41cc6eeb7af42e48b7d293-le64.cache-4
7f90b3333000-7f90b333a000 r--s 00000000 08:06 3287063                    /usr/lib/x86_64-linux-gnu/gconv/gconv-modules.cache
7f90b333a000-7f90b333f000 r--s 002f8000 08:06 2895166                    /usr/lib/jvm/java-8-oracle/jre/lib/charsets.jar
7f90b333f000-7f90b3347000 rw-s 00000000 08:06 15729133                   /tmp/hsperfdata_claudio/9718
7f90b3347000-7f90b3348000 rw-p 00000000 00:00 0 
7f90b3348000-7f90b3349000 r--p 00000000 00:00 0 
7f90b3349000-7f90b334b000 rw-p 00000000 00:00 0 
7f90b334b000-7f90b334c000 r--p 00022000 08:06 13373350                   /lib/x86_64-linux-gnu/ld-2.19.so
7f90b334c000-7f90b334d000 rw-p 00023000 08:06 13373350                   /lib/x86_64-linux-gnu/ld-2.19.so
7f90b334d000-7f90b334e000 rw-p 00000000 00:00 0 
7fffefb9d000-7fffefbbe000 rw-p 00000000 00:00 0                          [stack]
7fffefbfe000-7fffefc00000 r-xp 00000000 00:00 0                          [vdso]
ffffffffff600000-ffffffffff601000 r-xp 00000000 00:00 0                  [vsyscall]

VM Arguments:
jvm_args: -Dfile.encoding=UTF-8 
java_command: br.ufrj.cos.expline.scicumulus.conversion.mainInterface.ScicumulusInstantiator
java_class_path (initial): /home/claudio/Área de Trabalho/Repositories/expline-scicumulus-instantiation/bin
Launcher Type: SUN_STANDARD

Environment Variables:
JAVA_HOME=/usr/lib/jvm/java-8-oracle
PATH=/usr/local/sbin:/usr/local/bin:/usr/sbin:/usr/bin:/sbin:/bin:/usr/games:/usr/local/games:/usr/lib/jvm/java-8-oracle/bin:/usr/lib/jvm/java-8-oracle/db/bin:/usr/lib/jvm/java-8-oracle/jre/bin
SHELL=/bin/bash
DISPLAY=:0.0

Signal Handlers:
SIGSEGV: [libjvm.so+0xa7a650], sa_mask[0]=11111111011111111101111111111110, sa_flags=SA_RESTART|SA_SIGINFO
SIGBUS: [libjvm.so+0xa7a650], sa_mask[0]=11111111011111111101111111111110, sa_flags=SA_RESTART|SA_SIGINFO
SIGFPE: [libjvm.so+0x8e28f0], sa_mask[0]=11111111011111111101111111111110, sa_flags=SA_RESTART|SA_SIGINFO
SIGPIPE: [libjvm.so+0x8e28f0], sa_mask[0]=11111111011111111101111111111110, sa_flags=SA_RESTART|SA_SIGINFO
SIGXFSZ: [libjvm.so+0x8e28f0], sa_mask[0]=11111111011111111101111111111110, sa_flags=SA_RESTART|SA_SIGINFO
SIGILL: [libjvm.so+0x8e28f0], sa_mask[0]=11111111011111111101111111111110, sa_flags=SA_RESTART|SA_SIGINFO
SIGUSR1: SIG_DFL, sa_mask[0]=00000000000000000000000000000000, sa_flags=none
SIGUSR2: [libjvm.so+0x8e4120], sa_mask[0]=00100000000000000000000000000000, sa_flags=SA_RESTART|SA_SIGINFO
SIGHUP: [libjvm.so+0x8e54e0], sa_mask[0]=11111111011111111101111111111110, sa_flags=SA_RESTART|SA_SIGINFO
SIGINT: [libjvm.so+0x8e54e0], sa_mask[0]=11111111011111111101111111111110, sa_flags=SA_RESTART|SA_SIGINFO
SIGTERM: [libjvm.so+0x8e54e0], sa_mask[0]=11111111011111111101111111111110, sa_flags=SA_RESTART|SA_SIGINFO
SIGQUIT: [libjvm.so+0x8e54e0], sa_mask[0]=11111111011111111101111111111110, sa_flags=SA_RESTART|SA_SIGINFO


---------------  S Y S T E M  ---------------

OS:DISTRIB_ID=Ubuntu
DISTRIB_RELEASE=14.04
DISTRIB_CODENAME=trusty
DISTRIB_DESCRIPTION="Ubuntu 14.04.2 LTS"

uname:Linux 3.13.0-45-generic #74-Ubuntu SMP Tue Jan 13 19:36:28 UTC 2015 x86_64
libc:glibc 2.19 NPTL 2.19 
rlimit: STACK 8192k, CORE 0k, NPROC 45977, NOFILE 4096, AS infinity
load average:0,55 0,70 0,78

/proc/meminfo:
MemTotal:        5906704 kB
MemFree:         3549128 kB
Buffers:          135852 kB
Cached:          1009184 kB
SwapCached:            0 kB
Active:          1260260 kB
Inactive:         722208 kB
Active(anon):     678568 kB
Inactive(anon):   165648 kB
Active(file):     581692 kB
Inactive(file):   556560 kB
Unevictable:          32 kB
Mlocked:              32 kB
SwapTotal:       1990652 kB
SwapFree:        1990368 kB
Dirty:              1604 kB
Writeback:             0 kB
AnonPages:        837636 kB
Mapped:            68476 kB
Shmem:              6612 kB
Slab:             296336 kB
SReclaimable:     262504 kB
SUnreclaim:        33832 kB
KernelStack:        3120 kB
PageTables:        12656 kB
NFS_Unstable:          0 kB
Bounce:                0 kB
WritebackTmp:          0 kB
CommitLimit:     4944004 kB
Committed_AS:    3086832 kB
VmallocTotal:   34359738367 kB
VmallocUsed:      551584 kB
VmallocChunk:   34359177692 kB
HardwareCorrupted:     0 kB
AnonHugePages:    632832 kB
HugePages_Total:       0
HugePages_Free:        0
HugePages_Rsvd:        0
HugePages_Surp:        0
Hugepagesize:       2048 kB
DirectMap4k:       72784 kB
DirectMap2M:     6012928 kB


CPU:total 4 (2 cores per cpu, 2 threads per core) family 6 model 37 stepping 5, cmov, cx8, fxsr, mmx, sse, sse2, sse3, ssse3, sse4.1, sse4.2, popcnt, ht, tsc, tscinvbit

/proc/cpuinfo:
processor	: 0
vendor_id	: GenuineIntel
cpu family	: 6
model		: 37
model name	: Intel(R) Core(TM) i3 CPU       M 370  @ 2.40GHz
stepping	: 5
microcode	: 0x2
cpu MHz		: 2394.000
cache size	: 3072 KB
physical id	: 0
siblings	: 4
core id		: 0
cpu cores	: 2
apicid		: 0
initial apicid	: 0
fpu		: yes
fpu_exception	: yes
cpuid level	: 11
wp		: yes
flags		: fpu vme de pse tsc msr pae mce cx8 apic sep mtrr pge mca cmov pat pse36 clflush dts acpi mmx fxsr sse sse2 ss ht tm pbe syscall nx rdtscp lm constant_tsc arch_perfmon pebs bts rep_good nopl xtopology nonstop_tsc aperfmperf pni dtes64 monitor ds_cpl vmx est tm2 ssse3 cx16 xtpr pdcm pcid sse4_1 sse4_2 popcnt lahf_lm arat dtherm tpr_shadow vnmi flexpriority ept vpid
bogomips	: 4788.16
clflush size	: 64
cache_alignment	: 64
address sizes	: 36 bits physical, 48 bits virtual
power management:

processor	: 1
vendor_id	: GenuineIntel
cpu family	: 6
model		: 37
model name	: Intel(R) Core(TM) i3 CPU       M 370  @ 2.40GHz
stepping	: 5
microcode	: 0x2
cpu MHz		: 2394.000
cache size	: 3072 KB
physical id	: 0
siblings	: 4
core id		: 2
cpu cores	: 2
apicid		: 4
initial apicid	: 4
fpu		: yes
fpu_exception	: yes
cpuid level	: 11
wp		: yes
flags		: fpu vme de pse tsc msr pae mce cx8 apic sep mtrr pge mca cmov pat pse36 clflush dts acpi mmx fxsr sse sse2 ss ht tm pbe syscall nx rdtscp lm constant_tsc arch_perfmon pebs bts rep_good nopl xtopology nonstop_tsc aperfmperf pni dtes64 monitor ds_cpl vmx est tm2 ssse3 cx16 xtpr pdcm pcid sse4_1 sse4_2 popcnt lahf_lm arat dtherm tpr_shadow vnmi flexpriority ept vpid
bogomips	: 4788.16
clflush size	: 64
cache_alignment	: 64
address sizes	: 36 bits physical, 48 bits virtual
power management:

processor	: 2
vendor_id	: GenuineIntel
cpu family	: 6
model		: 37
model name	: Intel(R) Core(TM) i3 CPU       M 370  @ 2.40GHz
stepping	: 5
microcode	: 0x2
cpu MHz		: 2394.000
cache size	: 3072 KB
physical id	: 0
siblings	: 4
core id		: 0
cpu cores	: 2
apicid		: 1
initial apicid	: 1
fpu		: yes
fpu_exception	: yes
cpuid level	: 11
wp		: yes
flags		: fpu vme de pse tsc msr pae mce cx8 apic sep mtrr pge mca cmov pat pse36 clflush dts acpi mmx fxsr sse sse2 ss ht tm pbe syscall nx rdtscp lm constant_tsc arch_perfmon pebs bts rep_good nopl xtopology nonstop_tsc aperfmperf pni dtes64 monitor ds_cpl vmx est tm2 ssse3 cx16 xtpr pdcm pcid sse4_1 sse4_2 popcnt lahf_lm arat dtherm tpr_shadow vnmi flexpriority ept vpid
bogomips	: 4788.16
clflush size	: 64
cache_alignment	: 64
address sizes	: 36 bits physical, 48 bits virtual
power management:

processor	: 3
vendor_id	: GenuineIntel
cpu family	: 6
model		: 37
model name	: Intel(R) Core(TM) i3 CPU       M 370  @ 2.40GHz
stepping	: 5
microcode	: 0x2
cpu MHz		: 2394.000
cache size	: 3072 KB
physical id	: 0
siblings	: 4
core id		: 2
cpu cores	: 2
apicid		: 5
initial apicid	: 5
fpu		: yes
fpu_exception	: yes
cpuid level	: 11
wp		: yes
flags		: fpu vme de pse tsc msr pae mce cx8 apic sep mtrr pge mca cmov pat pse36 clflush dts acpi mmx fxsr sse sse2 ss ht tm pbe syscall nx rdtscp lm constant_tsc arch_perfmon pebs bts rep_good nopl xtopology nonstop_tsc aperfmperf pni dtes64 monitor ds_cpl vmx est tm2 ssse3 cx16 xtpr pdcm pcid sse4_1 sse4_2 popcnt lahf_lm arat dtherm tpr_shadow vnmi flexpriority ept vpid
bogomips	: 4788.16
clflush size	: 64
cache_alignment	: 64
address sizes	: 36 bits physical, 48 bits virtual
power management:



Memory: 4k page, physical 5906704k(3549128k free), swap 1990652k(1990368k free)

vm_info: Java HotSpot(TM) 64-Bit Server VM (25.31-b07) for linux-amd64 JRE (1.8.0_31-b13), built on Dec 17 2014 20:40:15 by "java_re" with gcc 4.3.0 20080428 (Red Hat 4.3.0-8)

time: Sat Mar 21 20:07:40 2015
elapsed time: 4710 seconds (0d 1h 18m 30s)

