#
# A fatal error has been detected by the Java Runtime Environment:
#
#  SIGSEGV (0xb) at pc=0x00007fe7650690ba, pid=3554, tid=140630835816192
#
# JRE version: Java(TM) SE Runtime Environment (8.0_31-b13) (build 1.8.0_31-b13)
# Java VM: Java HotSpot(TM) 64-Bit Server VM (25.31-b07 mixed mode linux-amd64 compressed oops)
# Problematic frame:
# v  ~BufferBlob::jni_fast_GetLongField
#
# Failed to write core dump. Core dumps have been disabled. To enable core dumping, try "ulimit -c unlimited" before starting Java again
#
# If you would like to submit a bug report, please visit:
#   http://bugreport.java.com/bugreport/crash.jsp
# The crash happened outside the Java Virtual Machine in native code.
# See problematic frame for where to report the bug.
#

---------------  T H R E A D  ---------------

Current thread (0x00007fe77423c800):  JavaThread "AWT-XAWT" daemon [_thread_in_native, id=3575, stack(0x00007fe72af36000,0x00007fe72b037000)]

siginfo: si_signo: 11 (SIGSEGV), si_code: 1 (SEGV_MAPERR), si_addr: 0x0000000000000000

Registers:
RAX=0x00007fe77ca7b2e0, RBX=0x00007fe77423c9e8, RCX=0x00007fe77d4d5320, RDX=0x0000000000000042
RSP=0x00007fe72b0355f8, RBP=0x00007fe72b035620, RSI=0x0000000000000000, RDI=0x00007fe77423c9e8
R8 =0x0000000000000005, R9 =0x0000000000000000, R10=0x0000000000000016, R11=0x00007fe765347018
R12=0x00007fe714026b90, R13=0x0000000000000000, R14=0x00007fe760e1e7c0, R15=0x00007fe77423c800
RIP=0x00007fe7650690ba, EFLAGS=0x0000000000010246, CSGSFS=0x0000000000000033, ERR=0x0000000000000004
  TRAPNO=0x000000000000000e

Top of Stack: (sp=0x00007fe72b0355f8)
0x00007fe72b0355f8:   00007fe760bfd0a1 00007fe77938fbb0
0x00007fe72b035608:   00007fe714026b90 00007fe72b0356d0
0x00007fe72b035618:   00007fe72b0356a0 0000000000000000
0x00007fe72b035628:   00007fe7606e0ae8 00007fe77938fbb0
0x00007fe72b035638:   00007fe72b035660 0000000000000000
0x00007fe72b035648:   00007fe7606d89a3 00007fe72b0356d0
0x00007fe72b035658:   00007fe760bf639f 00007fe72b0356b0
0x00007fe72b035668:   00007fe7653470b6 0000000000000000
0x00007fe72b035678:   00007fe76524da36 00007fe72b0356d0
0x00007fe72b035688:   00007fe765170a2c 00007fe72b035730
0x00007fe72b035698:   00000000e218cb48 00000000e208f7a8
0x00007fe72b0356a8:   0000000000000001 00007fe72b035730
0x00007fe72b0356b8:   00007fe765007160 00007fe72b035730
0x00007fe72b0356c8:   00007fe765007160 0000000000000000
0x00007fe72b0356d8:   00007fe7650074a0 00007fe71c000e30
0x00007fe72b0356e8:   00000000e21d2570 00007fe72b0356f0
0x00007fe72b0356f8:   00007fe77951f3fc 00007fe72b035778
0x00007fe72b035708:   00007fe779528828 0000000000000000
0x00007fe72b035718:   00007fe77951f530 00007fe72b0356d0
0x00007fe72b035728:   00007fe72b035770 00007fe72b0357c0
0x00007fe72b035738:   00007fe76500798d 0000000000000000
0x00007fe72b035748:   00000000e2488be0 0000000000000000
0x00007fe72b035758:   0000000000000000 0000000000000000
0x00007fe72b035768:   00000000e21d2570 0000000000000000
0x00007fe72b035778:   00000000e218d6c0 00007fe72b035780
0x00007fe72b035788:   00007fe77951f23d 00007fe72b0357d0
0x00007fe72b035798:   00007fe779528828 0000000000000000
0x00007fe72b0357a8:   00007fe77951f248 00007fe72b035770
0x00007fe72b0357b8:   00007fe72b0357d0 00007fe72b035818
0x00007fe72b0357c8:   00007fe7650079d2 00000000e218d6c0
0x00007fe72b0357d8:   00007fe72b0357d8 00007fe779098c93
0x00007fe72b0357e8:   00007fe72b035828 00007fe77910bb78 

Instructions: (pc=0x00007fe7650690ba)
0x00007fe76506909a:   00 00 00 00 00 00 44 8b 15 21 97 a4 17 4c 8b ce
0x00007fe7650690aa:   41 f6 c2 01 0f 85 2e 00 00 00 4d 33 ca 4d 33 ca
0x00007fe7650690ba:   4d 8b 09 4c 8b da 49 c1 eb 02 4b 8b 04 19 49 bb
0x00007fe7650690ca:   c8 27 ab 7c e7 7f 00 00 4c 33 d8 4c 33 d8 45 3b 

Register to memory mapping:

RAX=0x00007fe77ca7b2e0: <offset 0xf242e0> in /usr/lib/jvm/java-8-oracle/jre/lib/amd64/server/libjvm.so at 0x00007fe77bb57000
RBX=0x00007fe77423c9e8 is an unknown value
RCX=0x00007fe77d4d5320: <offset 0x219320> in /lib/x86_64-linux-gnu/libpthread.so.0 at 0x00007fe77d2bc000
RDX=0x0000000000000042 is an unknown value
RSP=0x00007fe72b0355f8 is pointing into the stack for thread: 0x00007fe77423c800
RBP=0x00007fe72b035620 is pointing into the stack for thread: 0x00007fe77423c800
RSI=0x0000000000000000 is an unknown value
RDI=0x00007fe77423c9e8 is an unknown value
R8 =0x0000000000000005 is an unknown value
R9 =0x0000000000000000 is an unknown value
R10=0x0000000000000016 is an unknown value
R11=0x00007fe765347018 is at entry_point+24 in (nmethod*)0x00007fe765346e90
R12=0x00007fe714026b90 is an unknown value
R13=0x0000000000000000 is an unknown value
R14=0x00007fe760e1e7c0: <offset 0x2587c0> in /usr/lib/jvm/java-8-oracle/jre/lib/amd64/libawt_xawt.so at 0x00007fe760bc6000
R15=0x00007fe77423c800 is a thread


Stack: [0x00007fe72af36000,0x00007fe72b037000],  sp=0x00007fe72b0355f8,  free space=1021k
Native frames: (J=compiled Java code, j=interpreted, Vv=VM code, C=native code)
v  ~BufferBlob::jni_fast_GetLongField
C  [libX11.so.6+0x61ae8]  _XimServerDestroy+0x58

Java frames: (J=compiled Java code, j=interpreted, Vv=VM code)
J 887  sun.awt.X11.XlibWrapper.XFilterEvent(JJ)Z (0 bytes) @ 0x00007fe765347044 [0x00007fe765347000+0x44]
j  sun.awt.X11.XToolkit.run(Z)V+300
j  sun.awt.X11.XToolkit.run()V+5
j  java.lang.Thread.run()V+11
v  ~StubRoutines::call_stub

---------------  P R O C E S S  ---------------

Java Threads: ( => current thread )
  0x00007fe774009800 JavaThread "DestroyJavaVM" [_thread_blocked, id=3556, stack(0x00007fe77d5d8000,0x00007fe77d6d9000)]
  0x00007fe7742f8000 JavaThread "AWT-EventQueue-0" [_thread_blocked, id=3577, stack(0x00007fe72ab34000,0x00007fe72ac35000)]
  0x00007fe7742f6800 JavaThread "AWT-Shutdown" [_thread_blocked, id=3576, stack(0x00007fe72ac35000,0x00007fe72ad36000)]
=>0x00007fe77423c800 JavaThread "AWT-XAWT" daemon [_thread_in_native, id=3575, stack(0x00007fe72af36000,0x00007fe72b037000)]
  0x00007fe77420b000 JavaThread "Java2D Disposer" daemon [_thread_blocked, id=3574, stack(0x00007fe72b447000,0x00007fe72b548000)]
  0x00007fe7740c0000 JavaThread "Service Thread" daemon [_thread_blocked, id=3572, stack(0x00007fe7611f2000,0x00007fe7612f3000)]
  0x00007fe7740b0000 JavaThread "C1 CompilerThread2" daemon [_thread_blocked, id=3571, stack(0x00007fe7612f3000,0x00007fe7613f4000)]
  0x00007fe7740ae000 JavaThread "C2 CompilerThread1" daemon [_thread_blocked, id=3570, stack(0x00007fe7613f4000,0x00007fe7614f5000)]
  0x00007fe7740ab000 JavaThread "C2 CompilerThread0" daemon [_thread_blocked, id=3569, stack(0x00007fe7614f5000,0x00007fe7615f6000)]
  0x00007fe7740a9000 JavaThread "Signal Dispatcher" daemon [_thread_blocked, id=3568, stack(0x00007fe7615f6000,0x00007fe7616f7000)]
  0x00007fe77407c000 JavaThread "Finalizer" daemon [_thread_blocked, id=3567, stack(0x00007fe761ddb000,0x00007fe761edc000)]
  0x00007fe77407a000 JavaThread "Reference Handler" daemon [_thread_blocked, id=3566, stack(0x00007fe761edc000,0x00007fe761fdd000)]

Other Threads:
  0x00007fe774075000 VMThread [stack: 0x00007fe761fdd000,0x00007fe7620de000] [id=3565]
  0x00007fe7740c2000 WatcherThread [stack: 0x00007fe7610f1000,0x00007fe7611f2000] [id=3573]

VM state:not at safepoint (normal execution)

VM Mutex/Monitor currently owned by a thread: None

Heap:
 PSYoungGen      total 27648K, used 8203K [0x00000000e1f00000, 0x00000000e3d80000, 0x0000000100000000)
  eden space 24064K, 34% used [0x00000000e1f00000,0x00000000e2702e58,0x00000000e3680000)
  from space 3584K, 0% used [0x00000000e3a00000,0x00000000e3a00000,0x00000000e3d80000)
  to   space 3584K, 0% used [0x00000000e3680000,0x00000000e3680000,0x00000000e3a00000)
 ParOldGen       total 62976K, used 0K [0x00000000a5c00000, 0x00000000a9980000, 0x00000000e1f00000)
  object space 62976K, 0% used [0x00000000a5c00000,0x00000000a5c00000,0x00000000a9980000)
 Metaspace       used 13892K, capacity 14114K, committed 14336K, reserved 1062912K
  class space    used 1657K, capacity 1708K, committed 1792K, reserved 1048576K

Card table byte_map: [0x00007fe77a124000,0x00007fe77a3f7000] byte_map_base: 0x00007fe779bf6000

Marking Bits: (ParMarkBitMap*) 0x00007fe77cab22a0
 Begin Bits: [0x00007fe7622e0000, 0x00007fe763970000)
 End Bits:   [0x00007fe763970000, 0x00007fe765000000)

Polling page: 0x00007fe77d6f9000

CodeCache: size=245760Kb used=3428Kb max_used=3428Kb free=242331Kb
 bounds [0x00007fe765000000, 0x00007fe765360000, 0x00007fe774000000]
 total_blobs=1471 nmethods=907 adapters=480
 compilation: enabled

Compilation events (10 events):
Event: 15,907 Thread 0x00007fe7740b0000  903   !   3       java.awt.KeyboardFocusManager::getFocusOwner (42 bytes)
Event: 15,908 Thread 0x00007fe7740b0000 nmethod 903 0x00007fe765352890 code [0x00007fe765352a20, 0x00007fe765352e68]
Event: 15,913 Thread 0x00007fe7740b0000  904       3       sun.awt.im.InputMethodContext::dispatchEvent (62 bytes)
Event: 15,914 Thread 0x00007fe7740b0000 nmethod 904 0x00007fe765355e10 code [0x00007fe765356040, 0x00007fe765356d78]
Event: 15,914 Thread 0x00007fe7740b0000  906       1       javax.swing.JTabbedPane$Page::isEnabled (5 bytes)
Event: 15,914 Thread 0x00007fe7740b0000 nmethod 906 0x00007fe7653525d0 code [0x00007fe765352720, 0x00007fe765352830]
Event: 15,914 Thread 0x00007fe7740b0000  905       3       sun.awt.im.InputContext::dispatchEvent (173 bytes)
Event: 15,917 Thread 0x00007fe7740b0000 nmethod 905 0x00007fe765357110 code [0x00007fe765357460, 0x00007fe7653597f8]
Event: 996,371 Thread 0x00007fe7740b0000  907       3       java.util.Arrays::copyOf (13 bytes)
Event: 996,371 Thread 0x00007fe7740b0000 nmethod 907 0x00007fe765352190 code [0x00007fe765352300, 0x00007fe765352508]

GC Heap History (0 events):
No events

Deoptimization events (0 events):
No events

Internal exceptions (10 events):
Event: 0,423 Thread 0x00007fe774009800 Exception <a 'java/security/PrivilegedActionException'> (0x00000000e23a6958) thrown at [/HUDSON/workspace/8-2-build-linux-amd64/jdk8u31/2394/hotspot/src/share/vm/prims/jvm.cpp, line 1312]
Event: 0,423 Thread 0x00007fe774009800 Exception <a 'java/security/PrivilegedActionException'> (0x00000000e23a9be0) thrown at [/HUDSON/workspace/8-2-build-linux-amd64/jdk8u31/2394/hotspot/src/share/vm/prims/jvm.cpp, line 1312]
Event: 0,424 Thread 0x00007fe774009800 Exception <a 'java/security/PrivilegedActionException'> (0x00000000e23acaa8) thrown at [/HUDSON/workspace/8-2-build-linux-amd64/jdk8u31/2394/hotspot/src/share/vm/prims/jvm.cpp, line 1312]
Event: 0,424 Thread 0x00007fe774009800 Exception <a 'java/security/PrivilegedActionException'> (0x00000000e23afd00) thrown at [/HUDSON/workspace/8-2-build-linux-amd64/jdk8u31/2394/hotspot/src/share/vm/prims/jvm.cpp, line 1312]
Event: 0,424 Thread 0x00007fe774009800 Exception <a 'java/security/PrivilegedActionException'> (0x00000000e23b2c90) thrown at [/HUDSON/workspace/8-2-build-linux-amd64/jdk8u31/2394/hotspot/src/share/vm/prims/jvm.cpp, line 1312]
Event: 0,425 Thread 0x00007fe774009800 Exception <a 'java/security/PrivilegedActionException'> (0x00000000e23b5a30) thrown at [/HUDSON/workspace/8-2-build-linux-amd64/jdk8u31/2394/hotspot/src/share/vm/prims/jvm.cpp, line 1312]
Event: 0,443 Thread 0x00007fe774009800 Exception <a 'java/security/PrivilegedActionException'> (0x00000000e23ca2e8) thrown at [/HUDSON/workspace/8-2-build-linux-amd64/jdk8u31/2394/hotspot/src/share/vm/prims/jvm.cpp, line 1312]
Event: 0,486 Thread 0x00007fe774009800 Exception <a 'java/security/PrivilegedActionException'> (0x00000000e242cd18) thrown at [/HUDSON/workspace/8-2-build-linux-amd64/jdk8u31/2394/hotspot/src/share/vm/prims/jvm.cpp, line 1312]
Event: 0,486 Thread 0x00007fe774009800 Exception <a 'java/security/PrivilegedActionException'> (0x00000000e242fdc8) thrown at [/HUDSON/workspace/8-2-build-linux-amd64/jdk8u31/2394/hotspot/src/share/vm/prims/jvm.cpp, line 1312]
Event: 0,951 Thread 0x00007fe7742f8000 Exception <a 'java/lang/UnsupportedOperationException': > (0x00000000e24e02b0) thrown at [/HUDSON/workspace/8-2-build-linux-amd64/jdk8u31/2394/hotspot/src/share/vm/prims/jni.cpp, line 742]

Events (10 events):
Event: 15,907 loading class java/awt/Component$FlipBufferStrategy
Event: 15,907 loading class java/awt/Component$FlipBufferStrategy done
Event: 15,917 loading class sun/awt/X11/XErrorEvent
Event: 15,917 loading class sun/awt/X11/XErrorEvent done
Event: 181,557 loading class sun/awt/X11/XkbEvent
Event: 181,566 loading class sun/awt/X11/XkbEvent done
Event: 181,567 loading class sun/awt/X11/XkbAnyEvent
Event: 181,567 loading class sun/awt/X11/XkbAnyEvent done
Event: 997,244 loading class sun/awt/X11/XDestroyWindowEvent
Event: 997,244 loading class sun/awt/X11/XDestroyWindowEvent done


Dynamic libraries:
00400000-00401000 r-xp 00000000 08:06 3149874                            /usr/lib/jvm/java-8-oracle/bin/java
00600000-00601000 rw-p 00000000 08:06 3149874                            /usr/lib/jvm/java-8-oracle/bin/java
009b8000-009d9000 rw-p 00000000 00:00 0                                  [heap]
a5c00000-a9980000 rw-p 00000000 00:00 0 
a9980000-e1f00000 ---p 00000000 00:00 0 
e1f00000-e3d80000 rw-p 00000000 00:00 0 
e3d80000-100000000 ---p 00000000 00:00 0 
100000000-1001c0000 rw-p 00000000 00:00 0 
1001c0000-140000000 ---p 00000000 00:00 0 
7fe714000000-7fe7142a8000 rw-p 00000000 00:00 0 
7fe7142a8000-7fe718000000 ---p 00000000 00:00 0 
7fe71c000000-7fe71c025000 rw-p 00000000 00:00 0 
7fe71c025000-7fe720000000 ---p 00000000 00:00 0 
7fe720000000-7fe720021000 rw-p 00000000 00:00 0 
7fe720021000-7fe724000000 ---p 00000000 00:00 0 
7fe724000000-7fe724021000 rw-p 00000000 00:00 0 
7fe724021000-7fe728000000 ---p 00000000 00:00 0 
7fe729de2000-7fe729ded000 r--s 00000000 08:06 917788                     /var/cache/fontconfig/945677eb7aeaf62f1d50efc3fb3ec7d8-le64.cache-4
7fe72a05c000-7fe72a09c000 rw-p 00000000 00:00 0 
7fe72a09c000-7fe72a25c000 ---p 00000000 00:00 0 
7fe72a25c000-7fe72a2c5000 r-xp 00000000 08:06 3149737                    /usr/lib/jvm/java-8-oracle/jre/lib/amd64/libt2k.so
7fe72a2c5000-7fe72a4c4000 ---p 00069000 08:06 3149737                    /usr/lib/jvm/java-8-oracle/jre/lib/amd64/libt2k.so
7fe72a4c4000-7fe72a4cb000 rw-p 00068000 08:06 3149737                    /usr/lib/jvm/java-8-oracle/jre/lib/amd64/libt2k.so
7fe72a4cb000-7fe72a4db000 rw-p 00000000 00:00 0 
7fe72a4db000-7fe72a4ec000 r-xp 00000000 08:06 3149767                    /usr/lib/jvm/java-8-oracle/jre/lib/amd64/libnio.so
7fe72a4ec000-7fe72a6eb000 ---p 00011000 08:06 3149767                    /usr/lib/jvm/java-8-oracle/jre/lib/amd64/libnio.so
7fe72a6eb000-7fe72a6ec000 rw-p 00010000 08:06 3149767                    /usr/lib/jvm/java-8-oracle/jre/lib/amd64/libnio.so
7fe72a6ec000-7fe72a71d000 rw-p 00000000 00:00 0 
7fe72a71d000-7fe72a733000 r-xp 00000000 08:06 3149777                    /usr/lib/jvm/java-8-oracle/jre/lib/amd64/libnet.so
7fe72a733000-7fe72a933000 ---p 00016000 08:06 3149777                    /usr/lib/jvm/java-8-oracle/jre/lib/amd64/libnet.so
7fe72a933000-7fe72a934000 rw-p 00016000 08:06 3149777                    /usr/lib/jvm/java-8-oracle/jre/lib/amd64/libnet.so
7fe72a934000-7fe72ab34000 rw-p 00000000 00:00 0 
7fe72ab34000-7fe72ab37000 ---p 00000000 00:00 0 
7fe72ab37000-7fe72ac35000 rw-p 00000000 00:00 0                          [stack:3577]
7fe72ac35000-7fe72ac38000 ---p 00000000 00:00 0 
7fe72ac38000-7fe72af36000 rw-p 00000000 00:00 0                          [stack:3576]
7fe72af36000-7fe72af39000 ---p 00000000 00:00 0 
7fe72af39000-7fe72b037000 rw-p 00000000 00:00 0                          [stack:3575]
7fe72b037000-7fe72b03c000 r-xp 00000000 08:06 2891577                    /usr/lib/x86_64-linux-gnu/libXfixes.so.3.1.0
7fe72b03c000-7fe72b23b000 ---p 00005000 08:06 2891577                    /usr/lib/x86_64-linux-gnu/libXfixes.so.3.1.0
7fe72b23b000-7fe72b23c000 r--p 00004000 08:06 2891577                    /usr/lib/x86_64-linux-gnu/libXfixes.so.3.1.0
7fe72b23c000-7fe72b23d000 rw-p 00005000 08:06 2891577                    /usr/lib/x86_64-linux-gnu/libXfixes.so.3.1.0
7fe72b23d000-7fe72b246000 r-xp 00000000 08:06 2891569                    /usr/lib/x86_64-linux-gnu/libXcursor.so.1.0.2
7fe72b246000-7fe72b445000 ---p 00009000 08:06 2891569                    /usr/lib/x86_64-linux-gnu/libXcursor.so.1.0.2
7fe72b445000-7fe72b446000 r--p 00008000 08:06 2891569                    /usr/lib/x86_64-linux-gnu/libXcursor.so.1.0.2
7fe72b446000-7fe72b447000 rw-p 00009000 08:06 2891569                    /usr/lib/x86_64-linux-gnu/libXcursor.so.1.0.2
7fe72b447000-7fe72b44a000 ---p 00000000 00:00 0 
7fe72b44a000-7fe72b548000 rw-p 00000000 00:00 0                          [stack:3574]
7fe72b548000-7fe72b55e000 r-xp 00000000 08:06 13373313                   /lib/x86_64-linux-gnu/libgcc_s.so.1
7fe72b55e000-7fe72b75d000 ---p 00016000 08:06 13373313                   /lib/x86_64-linux-gnu/libgcc_s.so.1
7fe72b75d000-7fe72b75e000 rw-p 00015000 08:06 13373313                   /lib/x86_64-linux-gnu/libgcc_s.so.1
7fe72b75e000-7fe72b7c3000 r-xp 00000000 08:06 3149779                    /usr/lib/jvm/java-8-oracle/jre/lib/amd64/libfontmanager.so
7fe72b7c3000-7fe72b9c2000 ---p 00065000 08:06 3149779                    /usr/lib/jvm/java-8-oracle/jre/lib/amd64/libfontmanager.so
7fe72b9c2000-7fe72b9c6000 rw-p 00064000 08:06 3149779                    /usr/lib/jvm/java-8-oracle/jre/lib/amd64/libfontmanager.so
7fe72b9c6000-7fe72b9d7000 rw-p 00000000 00:00 0 
7fe72b9d7000-7fe72b9dc000 r-xp 00000000 08:06 2891573                    /usr/lib/x86_64-linux-gnu/libXdmcp.so.6.0.0
7fe72b9dc000-7fe72bbdb000 ---p 00005000 08:06 2891573                    /usr/lib/x86_64-linux-gnu/libXdmcp.so.6.0.0
7fe72bbdb000-7fe72bbdc000 r--p 00004000 08:06 2891573                    /usr/lib/x86_64-linux-gnu/libXdmcp.so.6.0.0
7fe72bbdc000-7fe72bbdd000 rw-p 00005000 08:06 2891573                    /usr/lib/x86_64-linux-gnu/libXdmcp.so.6.0.0
7fe72bbdd000-7fe72bbdf000 r-xp 00000000 08:06 2891562                    /usr/lib/x86_64-linux-gnu/libXau.so.6.0.0
7fe72bbdf000-7fe72bddf000 ---p 00002000 08:06 2891562                    /usr/lib/x86_64-linux-gnu/libXau.so.6.0.0
7fe72bddf000-7fe72bde0000 r--p 00002000 08:06 2891562                    /usr/lib/x86_64-linux-gnu/libXau.so.6.0.0
7fe72bde0000-7fe72bde1000 rw-p 00003000 08:06 2891562                    /usr/lib/x86_64-linux-gnu/libXau.so.6.0.0
7fe72bde1000-7fe72bdfe000 r-xp 00000000 08:06 2892632                    /usr/lib/x86_64-linux-gnu/libxcb.so.1.1.0
7fe72bdfe000-7fe72bffe000 ---p 0001d000 08:06 2892632                    /usr/lib/x86_64-linux-gnu/libxcb.so.1.1.0
7fe72bffe000-7fe72bfff000 r--p 0001d000 08:06 2892632                    /usr/lib/x86_64-linux-gnu/libxcb.so.1.1.0
7fe72bfff000-7fe72c000000 rw-p 0001e000 08:06 2892632                    /usr/lib/x86_64-linux-gnu/libxcb.so.1.1.0
7fe72c000000-7fe72c021000 rw-p 00000000 00:00 0 
7fe72c021000-7fe730000000 ---p 00000000 00:00 0 
7fe730000000-7fe730742000 rw-p 00000000 00:00 0 
7fe730742000-7fe734000000 ---p 00000000 00:00 0 
7fe734000000-7fe734052000 rw-p 00000000 00:00 0 
7fe734052000-7fe738000000 ---p 00000000 00:00 0 
7fe738000000-7fe738021000 rw-p 00000000 00:00 0 
7fe738021000-7fe73c000000 ---p 00000000 00:00 0 
7fe73c000000-7fe73c021000 rw-p 00000000 00:00 0 
7fe73c021000-7fe740000000 ---p 00000000 00:00 0 
7fe740000000-7fe7400aa000 rw-p 00000000 00:00 0 
7fe7400aa000-7fe744000000 ---p 00000000 00:00 0 
7fe744000000-7fe744021000 rw-p 00000000 00:00 0 
7fe744021000-7fe748000000 ---p 00000000 00:00 0 
7fe748000000-7fe748021000 rw-p 00000000 00:00 0 
7fe748021000-7fe74c000000 ---p 00000000 00:00 0 
7fe74c000000-7fe74c021000 rw-p 00000000 00:00 0 
7fe74c021000-7fe750000000 ---p 00000000 00:00 0 
7fe750000000-7fe750021000 rw-p 00000000 00:00 0 
7fe750021000-7fe754000000 ---p 00000000 00:00 0 
7fe754000000-7fe754021000 rw-p 00000000 00:00 0 
7fe754021000-7fe758000000 ---p 00000000 00:00 0 
7fe758000000-7fe758021000 rw-p 00000000 00:00 0 
7fe758021000-7fe75c000000 ---p 00000000 00:00 0 
7fe75c000000-7fe75c021000 rw-p 00000000 00:00 0 
7fe75c021000-7fe760000000 ---p 00000000 00:00 0 
7fe760009000-7fe76000a000 r--s 00000000 08:06 917794                     /var/cache/fontconfig/c05880de57d1f5e948fdfacc138775d9-le64.cache-4
7fe76000a000-7fe760010000 r--s 00000000 08:06 917774                     /var/cache/fontconfig/2cd17615ca594fa2959ae173292e504c-le64.cache-4
7fe760010000-7fe760011000 r--s 00000000 08:06 917804                     /var/cache/fontconfig/e7071f4a29fa870f4323321c154eba04-le64.cache-4
7fe760011000-7fe760012000 r--s 00000000 08:06 917771                     /var/cache/fontconfig/0d8c3b2ac0904cb8a57a757ad11a4a08-le64.cache-4
7fe760012000-7fe760019000 r--s 00000000 08:06 917791                     /var/cache/fontconfig/a755afe4a08bf5b97852ceb7400b47bc-le64.cache-4
7fe760019000-7fe76001d000 r--s 00000000 08:06 929082                     /var/cache/fontconfig/6d41288fd70b0be22e8c3a91e032eec0-le64.cache-4
7fe76001d000-7fe760031000 r--s 00000000 08:06 917769                     /var/cache/fontconfig/04aabc0a78ac019cf9454389977116d2-le64.cache-4
7fe760031000-7fe760032000 r--s 00000000 08:06 917773                     /var/cache/fontconfig/1ac9eb803944fde146138c791f5cc56a-le64.cache-4
7fe760032000-7fe760036000 r--s 00000000 08:06 917777                     /var/cache/fontconfig/385c0604a188198f04d133e54aba7fe7-le64.cache-4
7fe760036000-7fe760037000 r--s 00000000 08:06 917801                     /var/cache/fontconfig/dc05db6664285cc2f12bf69c139ae4c3-le64.cache-4
7fe760037000-7fe76003c000 r--s 00000000 08:06 917787                     /var/cache/fontconfig/8801497958630a81b71ace7c5f9b32a8-le64.cache-4
7fe76003c000-7fe760043000 r--s 00000000 08:06 917775                     /var/cache/fontconfig/3047814df9a2f067bd2d96a2b9c36e5a-le64.cache-4
7fe760043000-7fe760056000 r--s 00000000 08:06 917798                     /var/cache/fontconfig/d52a8644073d54c13679302ca1180695-le64.cache-4
7fe760056000-7fe76005f000 r--s 00000000 08:06 927419                     /var/cache/fontconfig/3f7329c5293ffd510edef78f73874cfd-le64.cache-4
7fe76005f000-7fe76006e000 r-xp 00000000 08:06 2891583                    /usr/lib/x86_64-linux-gnu/libXi.so.6.1.0
7fe76006e000-7fe76026d000 ---p 0000f000 08:06 2891583                    /usr/lib/x86_64-linux-gnu/libXi.so.6.1.0
7fe76026d000-7fe76026e000 r--p 0000e000 08:06 2891583                    /usr/lib/x86_64-linux-gnu/libXi.so.6.1.0
7fe76026e000-7fe76026f000 rw-p 0000f000 08:06 2891583                    /usr/lib/x86_64-linux-gnu/libXi.so.6.1.0
7fe76026f000-7fe760274000 r-xp 00000000 08:06 2891603                    /usr/lib/x86_64-linux-gnu/libXtst.so.6.1.0
7fe760274000-7fe760473000 ---p 00005000 08:06 2891603                    /usr/lib/x86_64-linux-gnu/libXtst.so.6.1.0
7fe760473000-7fe760474000 r--p 00004000 08:06 2891603                    /usr/lib/x86_64-linux-gnu/libXtst.so.6.1.0
7fe760474000-7fe760475000 rw-p 00005000 08:06 2891603                    /usr/lib/x86_64-linux-gnu/libXtst.so.6.1.0
7fe760475000-7fe76047e000 r-xp 00000000 08:06 2891597                    /usr/lib/x86_64-linux-gnu/libXrender.so.1.3.0
7fe76047e000-7fe76067d000 ---p 00009000 08:06 2891597                    /usr/lib/x86_64-linux-gnu/libXrender.so.1.3.0
7fe76067d000-7fe76067e000 r--p 00008000 08:06 2891597                    /usr/lib/x86_64-linux-gnu/libXrender.so.1.3.0
7fe76067e000-7fe76067f000 rw-p 00009000 08:06 2891597                    /usr/lib/x86_64-linux-gnu/libXrender.so.1.3.0
7fe76067f000-7fe7607af000 r-xp 00000000 08:06 2891558                    /usr/lib/x86_64-linux-gnu/libX11.so.6.3.0
7fe7607af000-7fe7609af000 ---p 00130000 08:06 2891558                    /usr/lib/x86_64-linux-gnu/libX11.so.6.3.0
7fe7609af000-7fe7609b0000 r--p 00130000 08:06 2891558                    /usr/lib/x86_64-linux-gnu/libX11.so.6.3.0
7fe7609b0000-7fe7609b4000 rw-p 00131000 08:06 2891558                    /usr/lib/x86_64-linux-gnu/libX11.so.6.3.0
7fe7609b4000-7fe7609c5000 r-xp 00000000 08:06 2891575                    /usr/lib/x86_64-linux-gnu/libXext.so.6.4.0
7fe7609c5000-7fe760bc4000 ---p 00011000 08:06 2891575                    /usr/lib/x86_64-linux-gnu/libXext.so.6.4.0
7fe760bc4000-7fe760bc5000 r--p 00010000 08:06 2891575                    /usr/lib/x86_64-linux-gnu/libXext.so.6.4.0
7fe760bc5000-7fe760bc6000 rw-p 00011000 08:06 2891575                    /usr/lib/x86_64-linux-gnu/libXext.so.6.4.0
7fe760bc6000-7fe760c1a000 r-xp 00000000 08:06 3149772                    /usr/lib/jvm/java-8-oracle/jre/lib/amd64/libawt_xawt.so
7fe760c1a000-7fe760e1a000 ---p 00054000 08:06 3149772                    /usr/lib/jvm/java-8-oracle/jre/lib/amd64/libawt_xawt.so
7fe760e1a000-7fe760e1e000 rw-p 00054000 08:06 3149772                    /usr/lib/jvm/java-8-oracle/jre/lib/amd64/libawt_xawt.so
7fe760e1e000-7fe760e1f000 rw-p 00000000 00:00 0 
7fe760e1f000-7fe760ec1000 r-xp 00000000 08:06 3149784                    /usr/lib/jvm/java-8-oracle/jre/lib/amd64/libawt.so
7fe760ec1000-7fe7610c1000 ---p 000a2000 08:06 3149784                    /usr/lib/jvm/java-8-oracle/jre/lib/amd64/libawt.so
7fe7610c1000-7fe7610cd000 rw-p 000a2000 08:06 3149784                    /usr/lib/jvm/java-8-oracle/jre/lib/amd64/libawt.so
7fe7610cd000-7fe7610f1000 rw-p 00000000 00:00 0 
7fe7610f1000-7fe7610f2000 ---p 00000000 00:00 0 
7fe7610f2000-7fe7611f2000 rw-p 00000000 00:00 0                          [stack:3573]
7fe7611f2000-7fe7611f5000 ---p 00000000 00:00 0 
7fe7611f5000-7fe7612f3000 rw-p 00000000 00:00 0                          [stack:3572]
7fe7612f3000-7fe7612f6000 ---p 00000000 00:00 0 
7fe7612f6000-7fe7613f4000 rw-p 00000000 00:00 0                          [stack:3571]
7fe7613f4000-7fe7613f7000 ---p 00000000 00:00 0 
7fe7613f7000-7fe7614f5000 rw-p 00000000 00:00 0                          [stack:3570]
7fe7614f5000-7fe7614f8000 ---p 00000000 00:00 0 
7fe7614f8000-7fe7615f6000 rw-p 00000000 00:00 0                          [stack:3569]
7fe7615f6000-7fe7615f9000 ---p 00000000 00:00 0 
7fe7615f9000-7fe7616f7000 rw-p 00000000 00:00 0                          [stack:3568]
7fe7616f7000-7fe761ddb000 r--p 00000000 08:06 2890563                    /usr/lib/locale/locale-archive
7fe761ddb000-7fe761dde000 ---p 00000000 00:00 0 
7fe761dde000-7fe761edc000 rw-p 00000000 00:00 0                          [stack:3567]
7fe761edc000-7fe761edf000 ---p 00000000 00:00 0 
7fe761edf000-7fe761fdd000 rw-p 00000000 00:00 0                          [stack:3566]
7fe761fdd000-7fe761fde000 ---p 00000000 00:00 0 
7fe761fde000-7fe765000000 rw-p 00000000 00:00 0                          [stack:3565]
7fe765000000-7fe765360000 rwxp 00000000 00:00 0 
7fe765360000-7fe774000000 ---p 00000000 00:00 0 
7fe774000000-7fe7743c2000 rw-p 00000000 00:00 0 
7fe7743c2000-7fe778000000 ---p 00000000 00:00 0 
7fe778000000-7fe778006000 r--s 00000000 08:06 917792                     /var/cache/fontconfig/b47c4e1ecd0709278f4910c18777a504-le64.cache-4
7fe778006000-7fe778013000 r--s 00000000 08:06 926744                     /var/cache/fontconfig/e13b20fdb08344e0e664864cc2ede53d-le64.cache-4
7fe778013000-7fe77801e000 r--s 00116000 08:06 3149822                    /usr/lib/jvm/java-8-oracle/jre/lib/ext/localedata.jar
7fe77801e000-7fe778040000 r--p 00000000 08:06 4599592                    /usr/share/locale-langpack/pt_BR/LC_MESSAGES/libc.mo
7fe778040000-7fe778e20000 rw-p 00000000 00:00 0 
7fe778e20000-7fe778ff6000 r--s 03cae000 08:06 2897646                    /usr/lib/jvm/java-8-oracle/jre/lib/rt.jar
7fe778ff6000-7fe779b3e000 rw-p 00000000 00:00 0 
7fe779b3e000-7fe779b3f000 ---p 00000000 00:00 0 
7fe779b3f000-7fe779c3f000 rw-p 00000000 00:00 0                          [stack:3560]
7fe779c3f000-7fe779c40000 ---p 00000000 00:00 0 
7fe779c40000-7fe779d40000 rw-p 00000000 00:00 0                          [stack:3559]
7fe779d40000-7fe779d41000 ---p 00000000 00:00 0 
7fe779d41000-7fe779e41000 rw-p 00000000 00:00 0                          [stack:3558]
7fe779e41000-7fe779e42000 ---p 00000000 00:00 0 
7fe779e42000-7fe779f61000 rw-p 00000000 00:00 0                          [stack:3557]
7fe779f61000-7fe77a124000 ---p 00000000 00:00 0 
7fe77a124000-7fe77a143000 rw-p 00000000 00:00 0 
7fe77a143000-7fe77a305000 ---p 00000000 00:00 0 
7fe77a305000-7fe77a315000 rw-p 00000000 00:00 0 
7fe77a315000-7fe77a3f6000 ---p 00000000 00:00 0 
7fe77a3f6000-7fe77a405000 rw-p 00000000 00:00 0 
7fe77a405000-7fe77a7b7000 ---p 00000000 00:00 0 
7fe77a7b7000-7fe77a7d1000 r-xp 00000000 08:06 3149765                    /usr/lib/jvm/java-8-oracle/jre/lib/amd64/libzip.so
7fe77a7d1000-7fe77a9d1000 ---p 0001a000 08:06 3149765                    /usr/lib/jvm/java-8-oracle/jre/lib/amd64/libzip.so
7fe77a9d1000-7fe77a9d2000 rw-p 0001a000 08:06 3149765                    /usr/lib/jvm/java-8-oracle/jre/lib/amd64/libzip.so
7fe77a9d2000-7fe77a9dd000 r-xp 00000000 08:06 13375663                   /lib/x86_64-linux-gnu/libnss_files-2.19.so
7fe77a9dd000-7fe77abdc000 ---p 0000b000 08:06 13375663                   /lib/x86_64-linux-gnu/libnss_files-2.19.so
7fe77abdc000-7fe77abdd000 r--p 0000a000 08:06 13375663                   /lib/x86_64-linux-gnu/libnss_files-2.19.so
7fe77abdd000-7fe77abde000 rw-p 0000b000 08:06 13375663                   /lib/x86_64-linux-gnu/libnss_files-2.19.so
7fe77abde000-7fe77abe9000 r-xp 00000000 08:06 13373484                   /lib/x86_64-linux-gnu/libnss_nis-2.19.so
7fe77abe9000-7fe77ade8000 ---p 0000b000 08:06 13373484                   /lib/x86_64-linux-gnu/libnss_nis-2.19.so
7fe77ade8000-7fe77ade9000 r--p 0000a000 08:06 13373484                   /lib/x86_64-linux-gnu/libnss_nis-2.19.so
7fe77ade9000-7fe77adea000 rw-p 0000b000 08:06 13373484                   /lib/x86_64-linux-gnu/libnss_nis-2.19.so
7fe77adea000-7fe77ae01000 r-xp 00000000 08:06 13373456                   /lib/x86_64-linux-gnu/libnsl-2.19.so
7fe77ae01000-7fe77b000000 ---p 00017000 08:06 13373456                   /lib/x86_64-linux-gnu/libnsl-2.19.so
7fe77b000000-7fe77b001000 r--p 00016000 08:06 13373456                   /lib/x86_64-linux-gnu/libnsl-2.19.so
7fe77b001000-7fe77b002000 rw-p 00017000 08:06 13373456                   /lib/x86_64-linux-gnu/libnsl-2.19.so
7fe77b002000-7fe77b004000 rw-p 00000000 00:00 0 
7fe77b004000-7fe77b00d000 r-xp 00000000 08:06 13373409                   /lib/x86_64-linux-gnu/libnss_compat-2.19.so
7fe77b00d000-7fe77b20c000 ---p 00009000 08:06 13373409                   /lib/x86_64-linux-gnu/libnss_compat-2.19.so
7fe77b20c000-7fe77b20d000 r--p 00008000 08:06 13373409                   /lib/x86_64-linux-gnu/libnss_compat-2.19.so
7fe77b20d000-7fe77b20e000 rw-p 00009000 08:06 13373409                   /lib/x86_64-linux-gnu/libnss_compat-2.19.so
7fe77b20e000-7fe77b238000 r-xp 00000000 08:06 3149771                    /usr/lib/jvm/java-8-oracle/jre/lib/amd64/libjava.so
7fe77b238000-7fe77b438000 ---p 0002a000 08:06 3149771                    /usr/lib/jvm/java-8-oracle/jre/lib/amd64/libjava.so
7fe77b438000-7fe77b43a000 rw-p 0002a000 08:06 3149771                    /usr/lib/jvm/java-8-oracle/jre/lib/amd64/libjava.so
7fe77b43a000-7fe77b447000 r-xp 00000000 08:06 3149749                    /usr/lib/jvm/java-8-oracle/jre/lib/amd64/libverify.so
7fe77b447000-7fe77b647000 ---p 0000d000 08:06 3149749                    /usr/lib/jvm/java-8-oracle/jre/lib/amd64/libverify.so
7fe77b647000-7fe77b649000 rw-p 0000d000 08:06 3149749                    /usr/lib/jvm/java-8-oracle/jre/lib/amd64/libverify.so
7fe77b649000-7fe77b650000 r-xp 00000000 08:06 13373365                   /lib/x86_64-linux-gnu/librt-2.19.so
7fe77b650000-7fe77b84f000 ---p 00007000 08:06 13373365                   /lib/x86_64-linux-gnu/librt-2.19.so
7fe77b84f000-7fe77b850000 r--p 00006000 08:06 13373365                   /lib/x86_64-linux-gnu/librt-2.19.so
7fe77b850000-7fe77b851000 rw-p 00007000 08:06 13373365                   /lib/x86_64-linux-gnu/librt-2.19.so
7fe77b851000-7fe77b956000 r-xp 00000000 08:06 13373421                   /lib/x86_64-linux-gnu/libm-2.19.so
7fe77b956000-7fe77bb55000 ---p 00105000 08:06 13373421                   /lib/x86_64-linux-gnu/libm-2.19.so
7fe77bb55000-7fe77bb56000 r--p 00104000 08:06 13373421                   /lib/x86_64-linux-gnu/libm-2.19.so
7fe77bb56000-7fe77bb57000 rw-p 00105000 08:06 13373421                   /lib/x86_64-linux-gnu/libm-2.19.so
7fe77bb57000-7fe77c7c5000 r-xp 00000000 08:06 3149745                    /usr/lib/jvm/java-8-oracle/jre/lib/amd64/server/libjvm.so
7fe77c7c5000-7fe77c9c4000 ---p 00c6e000 08:06 3149745                    /usr/lib/jvm/java-8-oracle/jre/lib/amd64/server/libjvm.so
7fe77c9c4000-7fe77ca9a000 rw-p 00c6d000 08:06 3149745                    /usr/lib/jvm/java-8-oracle/jre/lib/amd64/server/libjvm.so
7fe77ca9a000-7fe77cadd000 rw-p 00000000 00:00 0 
7fe77cadd000-7fe77cc98000 r-xp 00000000 08:06 13373363                   /lib/x86_64-linux-gnu/libc-2.19.so
7fe77cc98000-7fe77ce98000 ---p 001bb000 08:06 13373363                   /lib/x86_64-linux-gnu/libc-2.19.so
7fe77ce98000-7fe77ce9c000 r--p 001bb000 08:06 13373363                   /lib/x86_64-linux-gnu/libc-2.19.so
7fe77ce9c000-7fe77ce9e000 rw-p 001bf000 08:06 13373363                   /lib/x86_64-linux-gnu/libc-2.19.so
7fe77ce9e000-7fe77cea3000 rw-p 00000000 00:00 0 
7fe77cea3000-7fe77cea6000 r-xp 00000000 08:06 13373405                   /lib/x86_64-linux-gnu/libdl-2.19.so
7fe77cea6000-7fe77d0a5000 ---p 00003000 08:06 13373405                   /lib/x86_64-linux-gnu/libdl-2.19.so
7fe77d0a5000-7fe77d0a6000 r--p 00002000 08:06 13373405                   /lib/x86_64-linux-gnu/libdl-2.19.so
7fe77d0a6000-7fe77d0a7000 rw-p 00003000 08:06 13373405                   /lib/x86_64-linux-gnu/libdl-2.19.so
7fe77d0a7000-7fe77d0bc000 r-xp 00000000 08:06 2895139                    /usr/lib/jvm/java-8-oracle/lib/amd64/jli/libjli.so
7fe77d0bc000-7fe77d2bb000 ---p 00015000 08:06 2895139                    /usr/lib/jvm/java-8-oracle/lib/amd64/jli/libjli.so
7fe77d2bb000-7fe77d2bc000 rw-p 00014000 08:06 2895139                    /usr/lib/jvm/java-8-oracle/lib/amd64/jli/libjli.so
7fe77d2bc000-7fe77d2d5000 r-xp 00000000 08:06 13373494                   /lib/x86_64-linux-gnu/libpthread-2.19.so
7fe77d2d5000-7fe77d4d4000 ---p 00019000 08:06 13373494                   /lib/x86_64-linux-gnu/libpthread-2.19.so
7fe77d4d4000-7fe77d4d5000 r--p 00018000 08:06 13373494                   /lib/x86_64-linux-gnu/libpthread-2.19.so
7fe77d4d5000-7fe77d4d6000 rw-p 00019000 08:06 13373494                   /lib/x86_64-linux-gnu/libpthread-2.19.so
7fe77d4d6000-7fe77d4da000 rw-p 00000000 00:00 0 
7fe77d4da000-7fe77d4fd000 r-xp 00000000 08:06 13373350                   /lib/x86_64-linux-gnu/ld-2.19.so
7fe77d4fd000-7fe77d4ff000 r--s 00000000 08:06 917785                     /var/cache/fontconfig/767a8244fc0220cfb567a839d0392e0b-le64.cache-4
7fe77d4ff000-7fe77d500000 r--s 00000000 08:06 923908                     /var/cache/fontconfig/4794a0821666d79190d59a36cb4f44b5-le64.cache-4
7fe77d500000-7fe77d504000 r--s 00000000 08:06 917799                     /var/cache/fontconfig/d589a48862398ed80a3d6066f4f56f4c-le64.cache-4
7fe77d504000-7fe77d517000 r--s 00344000 08:06 2897476                    /usr/lib/jvm/java-8-oracle/jre/lib/resources.jar
7fe77d517000-7fe77d5d8000 rw-p 00000000 00:00 0 
7fe77d5d8000-7fe77d5db000 ---p 00000000 00:00 0 
7fe77d5db000-7fe77d6dd000 rw-p 00000000 00:00 0                          [stack:3556]
7fe77d6dd000-7fe77d6de000 r--s 00000000 08:06 917781                     /var/cache/fontconfig/56cf4f4769d0f4abc89a4895d7bd3ae1-le64.cache-4
7fe77d6de000-7fe77d6df000 r--s 00000000 08:06 917793                     /var/cache/fontconfig/b9d506c9ac06c20b433354fa67a72993-le64.cache-4
7fe77d6df000-7fe77d6e0000 r--s 00000000 08:06 917770                     /var/cache/fontconfig/0c9eb80ebd1c36541ebe2852d3bb0c49-le64.cache-4
7fe77d6e0000-7fe77d6e4000 r--s 00000000 08:06 929081                     /var/cache/fontconfig/7ef2298fde41cc6eeb7af42e48b7d293-le64.cache-4
7fe77d6e4000-7fe77d6eb000 r--s 00000000 08:06 3287063                    /usr/lib/x86_64-linux-gnu/gconv/gconv-modules.cache
7fe77d6eb000-7fe77d6f0000 r--s 002f8000 08:06 2895166                    /usr/lib/jvm/java-8-oracle/jre/lib/charsets.jar
7fe77d6f0000-7fe77d6f8000 rw-s 00000000 08:06 15728837                   /tmp/hsperfdata_claudio/3554
7fe77d6f8000-7fe77d6f9000 rw-p 00000000 00:00 0 
7fe77d6f9000-7fe77d6fa000 r--p 00000000 00:00 0 
7fe77d6fa000-7fe77d6fc000 rw-p 00000000 00:00 0 
7fe77d6fc000-7fe77d6fd000 r--p 00022000 08:06 13373350                   /lib/x86_64-linux-gnu/ld-2.19.so
7fe77d6fd000-7fe77d6fe000 rw-p 00023000 08:06 13373350                   /lib/x86_64-linux-gnu/ld-2.19.so
7fe77d6fe000-7fe77d6ff000 rw-p 00000000 00:00 0 
7fffd3741000-7fffd3762000 rw-p 00000000 00:00 0                          [stack]
7fffd37fe000-7fffd3800000 r-xp 00000000 00:00 0                          [vdso]
ffffffffff600000-ffffffffff601000 r-xp 00000000 00:00 0                  [vsyscall]

VM Arguments:
jvm_args: -Dfile.encoding=UTF-8 
java_command: br.ufrj.cos.expline.scicumulus.conversion.main.ScicumulusInstantiator
java_class_path (initial): /home/claudio/Área de Trabalho/Repositories/expline-scicumulus-instantiation/bin
Launcher Type: SUN_STANDARD

Environment Variables:
JAVA_HOME=/usr/lib/jvm/java-8-oracle
PATH=/usr/local/sbin:/usr/local/bin:/usr/sbin:/usr/bin:/sbin:/bin:/usr/games:/usr/local/games:/usr/lib/jvm/java-8-oracle/bin:/usr/lib/jvm/java-8-oracle/db/bin:/usr/lib/jvm/java-8-oracle/jre/bin
SHELL=/bin/bash
DISPLAY=:0.0

Signal Handlers:
SIGSEGV: [libjvm.so+0xa7a650], sa_mask[0]=11111111011111111101111111111110, sa_flags=SA_RESTART|SA_SIGINFO
SIGBUS: [libjvm.so+0xa7a650], sa_mask[0]=11111111011111111101111111111110, sa_flags=SA_RESTART|SA_SIGINFO
SIGFPE: [libjvm.so+0x8e28f0], sa_mask[0]=11111111011111111101111111111110, sa_flags=SA_RESTART|SA_SIGINFO
SIGPIPE: [libjvm.so+0x8e28f0], sa_mask[0]=11111111011111111101111111111110, sa_flags=SA_RESTART|SA_SIGINFO
SIGXFSZ: [libjvm.so+0x8e28f0], sa_mask[0]=11111111011111111101111111111110, sa_flags=SA_RESTART|SA_SIGINFO
SIGILL: [libjvm.so+0x8e28f0], sa_mask[0]=11111111011111111101111111111110, sa_flags=SA_RESTART|SA_SIGINFO
SIGUSR1: SIG_DFL, sa_mask[0]=00000000000000000000000000000000, sa_flags=none
SIGUSR2: [libjvm.so+0x8e4120], sa_mask[0]=00100000000000000000000000000000, sa_flags=SA_RESTART|SA_SIGINFO
SIGHUP: [libjvm.so+0x8e54e0], sa_mask[0]=11111111011111111101111111111110, sa_flags=SA_RESTART|SA_SIGINFO
SIGINT: [libjvm.so+0x8e54e0], sa_mask[0]=11111111011111111101111111111110, sa_flags=SA_RESTART|SA_SIGINFO
SIGTERM: [libjvm.so+0x8e54e0], sa_mask[0]=11111111011111111101111111111110, sa_flags=SA_RESTART|SA_SIGINFO
SIGQUIT: [libjvm.so+0x8e54e0], sa_mask[0]=11111111011111111101111111111110, sa_flags=SA_RESTART|SA_SIGINFO


---------------  S Y S T E M  ---------------

OS:DISTRIB_ID=Ubuntu
DISTRIB_RELEASE=14.04
DISTRIB_CODENAME=trusty
DISTRIB_DESCRIPTION="Ubuntu 14.04.2 LTS"

uname:Linux 3.13.0-45-generic #74-Ubuntu SMP Tue Jan 13 19:36:28 UTC 2015 x86_64
libc:glibc 2.19 NPTL 2.19 
rlimit: STACK 8192k, CORE 0k, NPROC 45977, NOFILE 4096, AS infinity
load average:0,02 0,20 0,52

/proc/meminfo:
MemTotal:        5906704 kB
MemFree:         2911200 kB
Buffers:          264236 kB
Cached:          1400172 kB
SwapCached:            0 kB
Active:          1911788 kB
Inactive:         737000 kB
Active(anon):     985316 kB
Inactive(anon):    91936 kB
Active(file):     926472 kB
Inactive(file):   645064 kB
Unevictable:          32 kB
Mlocked:              32 kB
SwapTotal:       1990652 kB
SwapFree:        1990652 kB
Dirty:               228 kB
Writeback:             0 kB
AnonPages:        784360 kB
Mapped:           135316 kB
Shmem:             93248 kB
Slab:             266656 kB
SReclaimable:     235748 kB
SUnreclaim:        30908 kB
KernelStack:        4160 kB
PageTables:        12956 kB
NFS_Unstable:          0 kB
Bounce:                0 kB
WritebackTmp:          0 kB
CommitLimit:     4944004 kB
Committed_AS:    2581308 kB
VmallocTotal:   34359738367 kB
VmallocUsed:      551696 kB
VmallocChunk:   34359176700 kB
HardwareCorrupted:     0 kB
AnonHugePages:    579584 kB
HugePages_Total:       0
HugePages_Free:        0
HugePages_Rsvd:        0
HugePages_Surp:        0
Hugepagesize:       2048 kB
DirectMap4k:       58448 kB
DirectMap2M:     6027264 kB


CPU:total 4 (2 cores per cpu, 2 threads per core) family 6 model 37 stepping 5, cmov, cx8, fxsr, mmx, sse, sse2, sse3, ssse3, sse4.1, sse4.2, popcnt, ht, tsc, tscinvbit

/proc/cpuinfo:
processor	: 0
vendor_id	: GenuineIntel
cpu family	: 6
model		: 37
model name	: Intel(R) Core(TM) i3 CPU       M 370  @ 2.40GHz
stepping	: 5
microcode	: 0x2
cpu MHz		: 2261.000
cache size	: 3072 KB
physical id	: 0
siblings	: 4
core id		: 0
cpu cores	: 2
apicid		: 0
initial apicid	: 0
fpu		: yes
fpu_exception	: yes
cpuid level	: 11
wp		: yes
flags		: fpu vme de pse tsc msr pae mce cx8 apic sep mtrr pge mca cmov pat pse36 clflush dts acpi mmx fxsr sse sse2 ss ht tm pbe syscall nx rdtscp lm constant_tsc arch_perfmon pebs bts rep_good nopl xtopology nonstop_tsc aperfmperf pni dtes64 monitor ds_cpl vmx est tm2 ssse3 cx16 xtpr pdcm pcid sse4_1 sse4_2 popcnt lahf_lm arat dtherm tpr_shadow vnmi flexpriority ept vpid
bogomips	: 4787.77
clflush size	: 64
cache_alignment	: 64
address sizes	: 36 bits physical, 48 bits virtual
power management:

processor	: 1
vendor_id	: GenuineIntel
cpu family	: 6
model		: 37
model name	: Intel(R) Core(TM) i3 CPU       M 370  @ 2.40GHz
stepping	: 5
microcode	: 0x2
cpu MHz		: 2394.000
cache size	: 3072 KB
physical id	: 0
siblings	: 4
core id		: 2
cpu cores	: 2
apicid		: 4
initial apicid	: 4
fpu		: yes
fpu_exception	: yes
cpuid level	: 11
wp		: yes
flags		: fpu vme de pse tsc msr pae mce cx8 apic sep mtrr pge mca cmov pat pse36 clflush dts acpi mmx fxsr sse sse2 ss ht tm pbe syscall nx rdtscp lm constant_tsc arch_perfmon pebs bts rep_good nopl xtopology nonstop_tsc aperfmperf pni dtes64 monitor ds_cpl vmx est tm2 ssse3 cx16 xtpr pdcm pcid sse4_1 sse4_2 popcnt lahf_lm arat dtherm tpr_shadow vnmi flexpriority ept vpid
bogomips	: 4787.77
clflush size	: 64
cache_alignment	: 64
address sizes	: 36 bits physical, 48 bits virtual
power management:

processor	: 2
vendor_id	: GenuineIntel
cpu family	: 6
model		: 37
model name	: Intel(R) Core(TM) i3 CPU       M 370  @ 2.40GHz
stepping	: 5
microcode	: 0x2
cpu MHz		: 2394.000
cache size	: 3072 KB
physical id	: 0
siblings	: 4
core id		: 0
cpu cores	: 2
apicid		: 1
initial apicid	: 1
fpu		: yes
fpu_exception	: yes
cpuid level	: 11
wp		: yes
flags		: fpu vme de pse tsc msr pae mce cx8 apic sep mtrr pge mca cmov pat pse36 clflush dts acpi mmx fxsr sse sse2 ss ht tm pbe syscall nx rdtscp lm constant_tsc arch_perfmon pebs bts rep_good nopl xtopology nonstop_tsc aperfmperf pni dtes64 monitor ds_cpl vmx est tm2 ssse3 cx16 xtpr pdcm pcid sse4_1 sse4_2 popcnt lahf_lm arat dtherm tpr_shadow vnmi flexpriority ept vpid
bogomips	: 4787.77
clflush size	: 64
cache_alignment	: 64
address sizes	: 36 bits physical, 48 bits virtual
power management:

processor	: 3
vendor_id	: GenuineIntel
cpu family	: 6
model		: 37
model name	: Intel(R) Core(TM) i3 CPU       M 370  @ 2.40GHz
stepping	: 5
microcode	: 0x2
cpu MHz		: 2394.000
cache size	: 3072 KB
physical id	: 0
siblings	: 4
core id		: 2
cpu cores	: 2
apicid		: 5
initial apicid	: 5
fpu		: yes
fpu_exception	: yes
cpuid level	: 11
wp		: yes
flags		: fpu vme de pse tsc msr pae mce cx8 apic sep mtrr pge mca cmov pat pse36 clflush dts acpi mmx fxsr sse sse2 ss ht tm pbe syscall nx rdtscp lm constant_tsc arch_perfmon pebs bts rep_good nopl xtopology nonstop_tsc aperfmperf pni dtes64 monitor ds_cpl vmx est tm2 ssse3 cx16 xtpr pdcm pcid sse4_1 sse4_2 popcnt lahf_lm arat dtherm tpr_shadow vnmi flexpriority ept vpid
bogomips	: 4787.77
clflush size	: 64
cache_alignment	: 64
address sizes	: 36 bits physical, 48 bits virtual
power management:



Memory: 4k page, physical 5906704k(2911200k free), swap 1990652k(1990652k free)

vm_info: Java HotSpot(TM) 64-Bit Server VM (25.31-b07) for linux-amd64 JRE (1.8.0_31-b13), built on Dec 17 2014 20:40:15 by "java_re" with gcc 4.3.0 20080428 (Red Hat 4.3.0-8)

time: Mon Mar  2 11:04:08 2015
elapsed time: 997 seconds (0d 0h 16m 37s)

