#
# A fatal error has been detected by the Java Runtime Environment:
#
#  SIGSEGV (0xb) at pc=0x00007fcd846120ba, pid=7142, tid=140519583749888
#
# JRE version: Java(TM) SE Runtime Environment (8.0_31-b13) (build 1.8.0_31-b13)
# Java VM: Java HotSpot(TM) 64-Bit Server VM (25.31-b07 mixed mode linux-amd64 compressed oops)
# Problematic frame:
# v  ~BufferBlob::jni_fast_GetLongField
#
# Failed to write core dump. Core dumps have been disabled. To enable core dumping, try "ulimit -c unlimited" before starting Java again
#
# If you would like to submit a bug report, please visit:
#   http://bugreport.java.com/bugreport/crash.jsp
# The crash happened outside the Java Virtual Machine in native code.
# See problematic frame for where to report the bug.
#

---------------  T H R E A D  ---------------

Current thread (0x00007fcd94245800):  JavaThread "AWT-XAWT" daemon [_thread_in_native, id=7165, stack(0x00007fcd43cf9000,0x00007fcd43dfa000)]

siginfo: si_signo: 11 (SIGSEGV), si_code: 1 (SEGV_MAPERR), si_addr: 0x0000000000000000

Registers:
RAX=0x00007fcd998a22e0, RBX=0x00007fcd942459e8, RCX=0x00007fcd9a2fc320, RDX=0x0000000000000042
RSP=0x00007fcd43df87f8, RBP=0x00007fcd43df8820, RSI=0x0000000000000000, RDI=0x00007fcd942459e8
R8 =0x0000000000000005, R9 =0x0000000000000000, R10=0x0000000000000024, R11=0x00007fcd8497cc18
R12=0x00007fcd38008f70, R13=0x0000000000000000, R14=0x00007fcd79c5b7c0, R15=0x00007fcd94245800
RIP=0x00007fcd846120ba, EFLAGS=0x0000000000010246, CSGSFS=0x0000000000000033, ERR=0x0000000000000004
  TRAPNO=0x000000000000000e

Top of Stack: (sp=0x00007fcd43df87f8)
0x00007fcd43df87f8:   00007fcd79a3a0a1 00007fcd80461c00
0x00007fcd43df8808:   00007fcd38008f70 00007fcd43df88d0
0x00007fcd43df8818:   00007fcd43df88a0 0000000000000000
0x00007fcd43df8828:   00007fcd79500ae8 00007fcd80461c00
0x00007fcd43df8838:   00007fcd43df8860 0000000000000000
0x00007fcd43df8848:   00007fcd794f89a3 00007fcd43df88d0
0x00007fcd43df8858:   00007fcd79a3339f 00007fcd43df88b0
0x00007fcd43df8868:   00007fcd8497ccb6 0000000000000000
0x00007fcd43df8878:   00007fcd84850836 00007fcd43df88d0
0x00007fcd43df8888:   00007fcd8471bc2c 00007fcd43df8930
0x00007fcd43df8898:   00000000e21105f8 00000000e2013270
0x00007fcd43df88a8:   0000000000000001 00007fcd43df8930
0x00007fcd43df88b8:   00007fcd845b0160 00007fcd43df8930
0x00007fcd43df88c8:   00007fcd845b0160 0000000000000000
0x00007fcd43df88d8:   00007fcd845b04a0 00007fcd3c000e30
0x00007fcd43df88e8:   00000000e2159f20 00007fcd43df88f0
0x00007fcd43df88f8:   00007fcd805f03ec 00007fcd43df8978
0x00007fcd43df8908:   00007fcd805f96a8 0000000000000000
0x00007fcd43df8918:   00007fcd805f0520 00007fcd43df88d0
0x00007fcd43df8928:   00007fcd43df8970 00007fcd43df89c0
0x00007fcd43df8938:   00007fcd845b098d 0000000000000000
0x00007fcd43df8948:   00000000e251ae68 0000000000000000
0x00007fcd43df8958:   0000000000000000 0000000000000000
0x00007fcd43df8968:   00000000e2159f20 0000000000000000
0x00007fcd43df8978:   00000000e2111170 00007fcd43df8980
0x00007fcd43df8988:   00007fcd805f022d 00007fcd43df89d0
0x00007fcd43df8998:   00007fcd805f96a8 0000000000000000
0x00007fcd43df89a8:   00007fcd805f0238 00007fcd43df8970
0x00007fcd43df89b8:   00007fcd43df89d0 00007fcd43df8a18
0x00007fcd43df89c8:   00007fcd845b09d2 00000000e2111170
0x00007fcd43df89d8:   00007fcd43df89d8 00007fcd8016ac93
0x00007fcd43df89e8:   00007fcd43df8a28 00007fcd801ddb78 

Instructions: (pc=0x00007fcd846120ba)
0x00007fcd8461209a:   00 00 00 00 00 00 44 8b 15 21 77 2c 15 4c 8b ce
0x00007fcd846120aa:   41 f6 c2 01 0f 85 2e 00 00 00 4d 33 ca 4d 33 ca
0x00007fcd846120ba:   4d 8b 09 4c 8b da 49 c1 eb 02 4b 8b 04 19 49 bb
0x00007fcd846120ca:   c8 97 8d 99 cd 7f 00 00 4c 33 d8 4c 33 d8 45 3b 

Register to memory mapping:

RAX=0x00007fcd998a22e0: <offset 0xf242e0> in /usr/lib/jvm/java-8-oracle/jre/lib/amd64/server/libjvm.so at 0x00007fcd9897e000
RBX=0x00007fcd942459e8 is an unknown value
RCX=0x00007fcd9a2fc320: <offset 0x219320> in /lib/x86_64-linux-gnu/libpthread.so.0 at 0x00007fcd9a0e3000
RDX=0x0000000000000042 is an unknown value
RSP=0x00007fcd43df87f8 is pointing into the stack for thread: 0x00007fcd94245800
RBP=0x00007fcd43df8820 is pointing into the stack for thread: 0x00007fcd94245800
RSI=0x0000000000000000 is an unknown value
RDI=0x00007fcd942459e8 is an unknown value
R8 =0x0000000000000005 is an unknown value
R9 =0x0000000000000000 is an unknown value
R10=0x0000000000000024 is an unknown value
R11=0x00007fcd8497cc18 is at entry_point+24 in (nmethod*)0x00007fcd8497ca90
R12=0x00007fcd38008f70 is an unknown value
R13=0x0000000000000000 is an unknown value
R14=0x00007fcd79c5b7c0: <offset 0x2587c0> in /usr/lib/jvm/java-8-oracle/jre/lib/amd64/libawt_xawt.so at 0x00007fcd79a03000
R15=0x00007fcd94245800 is a thread


Stack: [0x00007fcd43cf9000,0x00007fcd43dfa000],  sp=0x00007fcd43df87f8,  free space=1021k
Native frames: (J=compiled Java code, j=interpreted, Vv=VM code, C=native code)
v  ~BufferBlob::jni_fast_GetLongField
C  [libX11.so.6+0x61ae8]  _XimServerDestroy+0x58

Java frames: (J=compiled Java code, j=interpreted, Vv=VM code)
J 1084  sun.awt.X11.XlibWrapper.XFilterEvent(JJ)Z (0 bytes) @ 0x00007fcd8497cc44 [0x00007fcd8497cc00+0x44]
j  sun.awt.X11.XToolkit.run(Z)V+300
j  sun.awt.X11.XToolkit.run()V+5
j  java.lang.Thread.run()V+11
v  ~StubRoutines::call_stub

---------------  P R O C E S S  ---------------

Java Threads: ( => current thread )
  0x00007fcd94009800 JavaThread "DestroyJavaVM" [_thread_blocked, id=7148, stack(0x00007fcd9a3ff000,0x00007fcd9a500000)]
  0x00007fcd94385800 JavaThread "AWT-EventQueue-0" [_thread_blocked, id=7167, stack(0x00007fcd43050000,0x00007fcd43151000)]
  0x00007fcd94384000 JavaThread "AWT-Shutdown" [_thread_blocked, id=7166, stack(0x00007fcd43151000,0x00007fcd43252000)]
=>0x00007fcd94245800 JavaThread "AWT-XAWT" daemon [_thread_in_native, id=7165, stack(0x00007fcd43cf9000,0x00007fcd43dfa000)]
  0x00007fcd94222800 JavaThread "Java2D Disposer" daemon [_thread_blocked, id=7164, stack(0x00007fcd782a4000,0x00007fcd783a5000)]
  0x00007fcd940c8000 JavaThread "Service Thread" daemon [_thread_blocked, id=7162, stack(0x00007fcd7a02f000,0x00007fcd7a130000)]
  0x00007fcd940b0000 JavaThread "C1 CompilerThread2" daemon [_thread_blocked, id=7161, stack(0x00007fcd7a130000,0x00007fcd7a231000)]
  0x00007fcd940ae800 JavaThread "C2 CompilerThread1" daemon [_thread_blocked, id=7160, stack(0x00007fcd7a231000,0x00007fcd7a332000)]
  0x00007fcd940ab800 JavaThread "C2 CompilerThread0" daemon [_thread_blocked, id=7159, stack(0x00007fcd7a332000,0x00007fcd7a433000)]
  0x00007fcd940a9800 JavaThread "Signal Dispatcher" daemon [_thread_blocked, id=7158, stack(0x00007fcd7a433000,0x00007fcd7a534000)]
  0x00007fcd9407c000 JavaThread "Finalizer" daemon [_thread_blocked, id=7157, stack(0x00007fcd7ac18000,0x00007fcd7ad19000)]
  0x00007fcd9407a000 JavaThread "Reference Handler" daemon [_thread_blocked, id=7156, stack(0x00007fcd7ad19000,0x00007fcd7ae1a000)]

Other Threads:
  0x00007fcd94075000 VMThread [stack: 0x00007fcd7ae1a000,0x00007fcd7af1b000] [id=7155]
  0x00007fcd940ca000 WatcherThread [stack: 0x00007fcd79f2e000,0x00007fcd7a02f000] [id=7163]

VM state:not at safepoint (normal execution)

VM Mutex/Monitor currently owned by a thread: None

Heap:
 PSYoungGen      total 27648K, used 8196K [0x00000000e1f00000, 0x00000000e3d80000, 0x0000000100000000)
  eden space 24064K, 34% used [0x00000000e1f00000,0x00000000e2701060,0x00000000e3680000)
  from space 3584K, 0% used [0x00000000e3a00000,0x00000000e3a00000,0x00000000e3d80000)
  to   space 3584K, 0% used [0x00000000e3680000,0x00000000e3680000,0x00000000e3a00000)
 ParOldGen       total 62976K, used 0K [0x00000000a5c00000, 0x00000000a9980000, 0x00000000e1f00000)
  object space 62976K, 0% used [0x00000000a5c00000,0x00000000a5c00000,0x00000000a9980000)
 Metaspace       used 14810K, capacity 15016K, committed 15232K, reserved 1062912K
  class space    used 1798K, capacity 1837K, committed 1920K, reserved 1048576K

Card table byte_map: [0x00007fcd83f16000,0x00007fcd841e9000] byte_map_base: 0x00007fcd839e8000

Marking Bits: (ParMarkBitMap*) 0x00007fcd998d92a0
 Begin Bits: [0x00007fcd80c10000, 0x00007fcd822a0000)
 End Bits:   [0x00007fcd822a0000, 0x00007fcd83930000)

Polling page: 0x00007fcd9a520000

CodeCache: size=245760Kb used=4156Kb max_used=4156Kb free=241603Kb
 bounds [0x00007fcd845a9000, 0x00007fcd849c9000, 0x00007fcd935a9000]
 total_blobs=1733 nmethods=1164 adapters=484
 compilation: enabled

Compilation events (10 events):
Event: 3779,635 Thread 0x00007fcd940b0000 1160       3       java.util.Vector$Itr::<init> (6 bytes)
Event: 3779,636 Thread 0x00007fcd940b0000 nmethod 1160 0x00007fcd849b5050 code [0x00007fcd849b51c0, 0x00007fcd849b53f0]
Event: 3809,609 Thread 0x00007fcd940b0000 1161       3       java.util.Vector::<init> (53 bytes)
Event: 3809,610 Thread 0x00007fcd940b0000 nmethod 1161 0x00007fcd849b7a50 code [0x00007fcd849b7c00, 0x00007fcd849b80b8]
Event: 3809,610 Thread 0x00007fcd940b0000 1162  s    3       java.util.Vector::toArray (12 bytes)
Event: 3809,611 Thread 0x00007fcd940b0000 nmethod 1162 0x00007fcd849b7390 code [0x00007fcd849b7500, 0x00007fcd849b7908]
Event: 3809,611 Thread 0x00007fcd940b0000 1163   !   3       sun.awt.X11.XToolkit$1::dispatchEvent (34 bytes)
Event: 3809,612 Thread 0x00007fcd940b0000 nmethod 1163 0x00007fcd849b8290 code [0x00007fcd849b84e0, 0x00007fcd849b92f8]
Event: 7818,949 Thread 0x00007fcd940b0000 1164       3       sun.awt.XSettings$Update::needBytes (65 bytes)
Event: 7818,950 Thread 0x00007fcd940b0000 nmethod 1164 0x00007fcd849b99d0 code [0x00007fcd849b9c00, 0x00007fcd849ba878]

GC Heap History (0 events):
No events

Deoptimization events (8 events):
Event: 0,370 Thread 0x00007fcd94009800 Uncommon trap: reason=class_check action=maybe_recompile pc=0x00007fcd8474e4b8 method=java.io.DataInputStream.readChar()C @ 4
Event: 0,370 Thread 0x00007fcd94009800 Uncommon trap: reason=class_check action=maybe_recompile pc=0x00007fcd8474e4b8 method=java.io.DataInputStream.readChar()C @ 4
Event: 0,370 Thread 0x00007fcd94009800 Uncommon trap: reason=class_check action=maybe_recompile pc=0x00007fcd8474e4b8 method=java.io.DataInputStream.readChar()C @ 4
Event: 0,370 Thread 0x00007fcd94009800 Uncommon trap: reason=class_check action=maybe_recompile pc=0x00007fcd8474e4b8 method=java.io.DataInputStream.readChar()C @ 4
Event: 0,404 Thread 0x00007fcd94009800 Uncommon trap: reason=class_check action=maybe_recompile pc=0x00007fcd847502bc method=java.io.DataInputStream.readInt()I @ 4
Event: 0,404 Thread 0x00007fcd94009800 Uncommon trap: reason=class_check action=maybe_recompile pc=0x00007fcd847502bc method=java.io.DataInputStream.readInt()I @ 4
Event: 0,404 Thread 0x00007fcd94009800 Uncommon trap: reason=class_check action=maybe_recompile pc=0x00007fcd847502bc method=java.io.DataInputStream.readInt()I @ 4
Event: 0,404 Thread 0x00007fcd94009800 Uncommon trap: reason=class_check action=maybe_recompile pc=0x00007fcd847502bc method=java.io.DataInputStream.readInt()I @ 4

Internal exceptions (10 events):
Event: 0,423 Thread 0x00007fcd94009800 Exception <a 'java/security/PrivilegedActionException'> (0x00000000e2335188) thrown at [/HUDSON/workspace/8-2-build-linux-amd64/jdk8u31/2394/hotspot/src/share/vm/prims/jvm.cpp, line 1312]
Event: 0,424 Thread 0x00007fcd94009800 Exception <a 'java/security/PrivilegedActionException'> (0x00000000e2339408) thrown at [/HUDSON/workspace/8-2-build-linux-amd64/jdk8u31/2394/hotspot/src/share/vm/prims/jvm.cpp, line 1312]
Event: 0,424 Thread 0x00007fcd94009800 Exception <a 'java/security/PrivilegedActionException'> (0x00000000e233d488) thrown at [/HUDSON/workspace/8-2-build-linux-amd64/jdk8u31/2394/hotspot/src/share/vm/prims/jvm.cpp, line 1312]
Event: 0,424 Thread 0x00007fcd94009800 Exception <a 'java/security/PrivilegedActionException'> (0x00000000e2341820) thrown at [/HUDSON/workspace/8-2-build-linux-amd64/jdk8u31/2394/hotspot/src/share/vm/prims/jvm.cpp, line 1312]
Event: 0,425 Thread 0x00007fcd94009800 Exception <a 'java/security/PrivilegedActionException'> (0x00000000e2345900) thrown at [/HUDSON/workspace/8-2-build-linux-amd64/jdk8u31/2394/hotspot/src/share/vm/prims/jvm.cpp, line 1312]
Event: 0,425 Thread 0x00007fcd94009800 Exception <a 'java/security/PrivilegedActionException'> (0x00000000e23498e8) thrown at [/HUDSON/workspace/8-2-build-linux-amd64/jdk8u31/2394/hotspot/src/share/vm/prims/jvm.cpp, line 1312]
Event: 0,446 Thread 0x00007fcd94009800 Exception <a 'java/security/PrivilegedActionException'> (0x00000000e235e0b8) thrown at [/HUDSON/workspace/8-2-build-linux-amd64/jdk8u31/2394/hotspot/src/share/vm/prims/jvm.cpp, line 1312]
Event: 0,566 Thread 0x00007fcd94009800 Exception <a 'java/security/PrivilegedActionException'> (0x00000000e2491260) thrown at [/HUDSON/workspace/8-2-build-linux-amd64/jdk8u31/2394/hotspot/src/share/vm/prims/jvm.cpp, line 1312]
Event: 0,567 Thread 0x00007fcd94009800 Exception <a 'java/security/PrivilegedActionException'> (0x00000000e2495cb0) thrown at [/HUDSON/workspace/8-2-build-linux-amd64/jdk8u31/2394/hotspot/src/share/vm/prims/jvm.cpp, line 1312]
Event: 0,987 Thread 0x00007fcd94385800 Exception <a 'java/lang/UnsupportedOperationException': > (0x00000000e2545978) thrown at [/HUDSON/workspace/8-2-build-linux-amd64/jdk8u31/2394/hotspot/src/share/vm/prims/jni.cpp, line 742]

Events (10 events):
Event: 10,380 loading class sun/awt/X11/XErrorEvent
Event: 10,380 loading class sun/awt/X11/XErrorEvent done
Event: 1160,561 loading class sun/awt/X11/XkbEvent
Event: 1160,573 loading class sun/awt/X11/XkbEvent done
Event: 1160,573 loading class sun/awt/X11/XkbAnyEvent
Event: 1160,573 loading class sun/awt/X11/XkbAnyEvent done
Event: 7818,949 loading class sun/awt/X11/XAWTXSettings$1
Event: 7818,973 loading class sun/awt/X11/XAWTXSettings$1 done
Event: 7819,110 loading class sun/awt/X11/XDestroyWindowEvent
Event: 7819,231 loading class sun/awt/X11/XDestroyWindowEvent done


Dynamic libraries:
00400000-00401000 r-xp 00000000 08:06 3149874                            /usr/lib/jvm/java-8-oracle/bin/java
00600000-00601000 rw-p 00000000 08:06 3149874                            /usr/lib/jvm/java-8-oracle/bin/java
0235b000-0237c000 rw-p 00000000 00:00 0                                  [heap]
a5c00000-a9980000 rw-p 00000000 00:00 0 
a9980000-e1f00000 ---p 00000000 00:00 0 
e1f00000-e3d80000 rw-p 00000000 00:00 0 
e3d80000-100000000 ---p 00000000 00:00 0 
100000000-1001e0000 rw-p 00000000 00:00 0 
1001e0000-140000000 ---p 00000000 00:00 0 
7fcd34000000-7fcd34021000 rw-p 00000000 00:00 0 
7fcd34021000-7fcd38000000 ---p 00000000 00:00 0 
7fcd38000000-7fcd38036000 rw-p 00000000 00:00 0 
7fcd38036000-7fcd3c000000 ---p 00000000 00:00 0 
7fcd3c000000-7fcd3c02c000 rw-p 00000000 00:00 0 
7fcd3c02c000-7fcd40000000 ---p 00000000 00:00 0 
7fcd42e50000-7fcd42f50000 rw-p 00000000 00:00 0 
7fcd42f50000-7fcd43050000 ---p 00000000 00:00 0 
7fcd43050000-7fcd43053000 ---p 00000000 00:00 0 
7fcd43053000-7fcd43151000 rw-p 00000000 00:00 0                          [stack:7167]
7fcd43151000-7fcd43154000 ---p 00000000 00:00 0 
7fcd43154000-7fcd43452000 rw-p 00000000 00:00 0                          [stack:7166]
7fcd43452000-7fcd434bb000 r-xp 00000000 08:06 3149737                    /usr/lib/jvm/java-8-oracle/jre/lib/amd64/libt2k.so
7fcd434bb000-7fcd436ba000 ---p 00069000 08:06 3149737                    /usr/lib/jvm/java-8-oracle/jre/lib/amd64/libt2k.so
7fcd436ba000-7fcd436c1000 rw-p 00068000 08:06 3149737                    /usr/lib/jvm/java-8-oracle/jre/lib/amd64/libt2k.so
7fcd436c1000-7fcd436d1000 rw-p 00000000 00:00 0 
7fcd436d1000-7fcd436e2000 r-xp 00000000 08:06 3149767                    /usr/lib/jvm/java-8-oracle/jre/lib/amd64/libnio.so
7fcd436e2000-7fcd438e1000 ---p 00011000 08:06 3149767                    /usr/lib/jvm/java-8-oracle/jre/lib/amd64/libnio.so
7fcd438e1000-7fcd438e2000 rw-p 00010000 08:06 3149767                    /usr/lib/jvm/java-8-oracle/jre/lib/amd64/libnio.so
7fcd438e2000-7fcd438f8000 r-xp 00000000 08:06 3149777                    /usr/lib/jvm/java-8-oracle/jre/lib/amd64/libnet.so
7fcd438f8000-7fcd43af8000 ---p 00016000 08:06 3149777                    /usr/lib/jvm/java-8-oracle/jre/lib/amd64/libnet.so
7fcd43af8000-7fcd43af9000 rw-p 00016000 08:06 3149777                    /usr/lib/jvm/java-8-oracle/jre/lib/amd64/libnet.so
7fcd43af9000-7fcd43cf9000 rw-p 00000000 00:00 0 
7fcd43cf9000-7fcd43cfc000 ---p 00000000 00:00 0 
7fcd43cfc000-7fcd43dfa000 rw-p 00000000 00:00 0                          [stack:7165]
7fcd43dfa000-7fcd43dff000 r-xp 00000000 08:06 2891577                    /usr/lib/x86_64-linux-gnu/libXfixes.so.3.1.0
7fcd43dff000-7fcd43ffe000 ---p 00005000 08:06 2891577                    /usr/lib/x86_64-linux-gnu/libXfixes.so.3.1.0
7fcd43ffe000-7fcd43fff000 r--p 00004000 08:06 2891577                    /usr/lib/x86_64-linux-gnu/libXfixes.so.3.1.0
7fcd43fff000-7fcd44000000 rw-p 00005000 08:06 2891577                    /usr/lib/x86_64-linux-gnu/libXfixes.so.3.1.0
7fcd44000000-7fcd44021000 rw-p 00000000 00:00 0 
7fcd44021000-7fcd48000000 ---p 00000000 00:00 0 
7fcd48000000-7fcd48021000 rw-p 00000000 00:00 0 
7fcd48021000-7fcd4c000000 ---p 00000000 00:00 0 
7fcd4c000000-7fcd4c660000 rw-p 00000000 00:00 0 
7fcd4c660000-7fcd50000000 ---p 00000000 00:00 0 
7fcd50000000-7fcd50021000 rw-p 00000000 00:00 0 
7fcd50021000-7fcd54000000 ---p 00000000 00:00 0 
7fcd54000000-7fcd54137000 rw-p 00000000 00:00 0 
7fcd54137000-7fcd58000000 ---p 00000000 00:00 0 
7fcd58000000-7fcd58130000 rw-p 00000000 00:00 0 
7fcd58130000-7fcd5c000000 ---p 00000000 00:00 0 
7fcd5c000000-7fcd5c021000 rw-p 00000000 00:00 0 
7fcd5c021000-7fcd60000000 ---p 00000000 00:00 0 
7fcd60000000-7fcd60021000 rw-p 00000000 00:00 0 
7fcd60021000-7fcd64000000 ---p 00000000 00:00 0 
7fcd64000000-7fcd64021000 rw-p 00000000 00:00 0 
7fcd64021000-7fcd68000000 ---p 00000000 00:00 0 
7fcd68000000-7fcd68021000 rw-p 00000000 00:00 0 
7fcd68021000-7fcd6c000000 ---p 00000000 00:00 0 
7fcd6c000000-7fcd6c021000 rw-p 00000000 00:00 0 
7fcd6c021000-7fcd70000000 ---p 00000000 00:00 0 
7fcd70000000-7fcd70021000 rw-p 00000000 00:00 0 
7fcd70021000-7fcd74000000 ---p 00000000 00:00 0 
7fcd74000000-7fcd74021000 rw-p 00000000 00:00 0 
7fcd74021000-7fcd78000000 ---p 00000000 00:00 0 
7fcd78030000-7fcd78061000 rw-p 00000000 00:00 0 
7fcd78061000-7fcd7806c000 r--s 00000000 08:06 917788                     /var/cache/fontconfig/945677eb7aeaf62f1d50efc3fb3ec7d8-le64.cache-4
7fcd7806c000-7fcd78072000 r--s 00000000 08:06 917774                     /var/cache/fontconfig/2cd17615ca594fa2959ae173292e504c-le64.cache-4
7fcd78072000-7fcd78079000 r--s 00000000 08:06 917791                     /var/cache/fontconfig/a755afe4a08bf5b97852ceb7400b47bc-le64.cache-4
7fcd78079000-7fcd7807d000 r--s 00000000 08:06 929082                     /var/cache/fontconfig/6d41288fd70b0be22e8c3a91e032eec0-le64.cache-4
7fcd7807d000-7fcd78091000 r--s 00000000 08:06 917769                     /var/cache/fontconfig/04aabc0a78ac019cf9454389977116d2-le64.cache-4
7fcd78091000-7fcd78095000 r--s 00000000 08:06 917777                     /var/cache/fontconfig/385c0604a188198f04d133e54aba7fe7-le64.cache-4
7fcd78095000-7fcd7809a000 r--s 00000000 08:06 917787                     /var/cache/fontconfig/8801497958630a81b71ace7c5f9b32a8-le64.cache-4
7fcd7809a000-7fcd780a3000 r-xp 00000000 08:06 2891569                    /usr/lib/x86_64-linux-gnu/libXcursor.so.1.0.2
7fcd780a3000-7fcd782a2000 ---p 00009000 08:06 2891569                    /usr/lib/x86_64-linux-gnu/libXcursor.so.1.0.2
7fcd782a2000-7fcd782a3000 r--p 00008000 08:06 2891569                    /usr/lib/x86_64-linux-gnu/libXcursor.so.1.0.2
7fcd782a3000-7fcd782a4000 rw-p 00009000 08:06 2891569                    /usr/lib/x86_64-linux-gnu/libXcursor.so.1.0.2
7fcd782a4000-7fcd782a7000 ---p 00000000 00:00 0 
7fcd782a7000-7fcd783a5000 rw-p 00000000 00:00 0                          [stack:7164]
7fcd783a5000-7fcd783bb000 r-xp 00000000 08:06 13373313                   /lib/x86_64-linux-gnu/libgcc_s.so.1
7fcd783bb000-7fcd785ba000 ---p 00016000 08:06 13373313                   /lib/x86_64-linux-gnu/libgcc_s.so.1
7fcd785ba000-7fcd785bb000 rw-p 00015000 08:06 13373313                   /lib/x86_64-linux-gnu/libgcc_s.so.1
7fcd785bb000-7fcd78620000 r-xp 00000000 08:06 3149779                    /usr/lib/jvm/java-8-oracle/jre/lib/amd64/libfontmanager.so
7fcd78620000-7fcd7881f000 ---p 00065000 08:06 3149779                    /usr/lib/jvm/java-8-oracle/jre/lib/amd64/libfontmanager.so
7fcd7881f000-7fcd78823000 rw-p 00064000 08:06 3149779                    /usr/lib/jvm/java-8-oracle/jre/lib/amd64/libfontmanager.so
7fcd78823000-7fcd78834000 rw-p 00000000 00:00 0 
7fcd78834000-7fcd78856000 r--p 00000000 08:06 4599592                    /usr/share/locale-langpack/pt_BR/LC_MESSAGES/libc.mo
7fcd78856000-7fcd7885b000 r-xp 00000000 08:06 2891573                    /usr/lib/x86_64-linux-gnu/libXdmcp.so.6.0.0
7fcd7885b000-7fcd78a5a000 ---p 00005000 08:06 2891573                    /usr/lib/x86_64-linux-gnu/libXdmcp.so.6.0.0
7fcd78a5a000-7fcd78a5b000 r--p 00004000 08:06 2891573                    /usr/lib/x86_64-linux-gnu/libXdmcp.so.6.0.0
7fcd78a5b000-7fcd78a5c000 rw-p 00005000 08:06 2891573                    /usr/lib/x86_64-linux-gnu/libXdmcp.so.6.0.0
7fcd78a5c000-7fcd78a5e000 r-xp 00000000 08:06 2891562                    /usr/lib/x86_64-linux-gnu/libXau.so.6.0.0
7fcd78a5e000-7fcd78c5e000 ---p 00002000 08:06 2891562                    /usr/lib/x86_64-linux-gnu/libXau.so.6.0.0
7fcd78c5e000-7fcd78c5f000 r--p 00002000 08:06 2891562                    /usr/lib/x86_64-linux-gnu/libXau.so.6.0.0
7fcd78c5f000-7fcd78c60000 rw-p 00003000 08:06 2891562                    /usr/lib/x86_64-linux-gnu/libXau.so.6.0.0
7fcd78c60000-7fcd78c7d000 r-xp 00000000 08:06 2892632                    /usr/lib/x86_64-linux-gnu/libxcb.so.1.1.0
7fcd78c7d000-7fcd78e7d000 ---p 0001d000 08:06 2892632                    /usr/lib/x86_64-linux-gnu/libxcb.so.1.1.0
7fcd78e7d000-7fcd78e7e000 r--p 0001d000 08:06 2892632                    /usr/lib/x86_64-linux-gnu/libxcb.so.1.1.0
7fcd78e7e000-7fcd78e7f000 rw-p 0001e000 08:06 2892632                    /usr/lib/x86_64-linux-gnu/libxcb.so.1.1.0
7fcd78e7f000-7fcd78e8e000 r-xp 00000000 08:06 2891583                    /usr/lib/x86_64-linux-gnu/libXi.so.6.1.0
7fcd78e8e000-7fcd7908d000 ---p 0000f000 08:06 2891583                    /usr/lib/x86_64-linux-gnu/libXi.so.6.1.0
7fcd7908d000-7fcd7908e000 r--p 0000e000 08:06 2891583                    /usr/lib/x86_64-linux-gnu/libXi.so.6.1.0
7fcd7908e000-7fcd7908f000 rw-p 0000f000 08:06 2891583                    /usr/lib/x86_64-linux-gnu/libXi.so.6.1.0
7fcd7908f000-7fcd79094000 r-xp 00000000 08:06 2891603                    /usr/lib/x86_64-linux-gnu/libXtst.so.6.1.0
7fcd79094000-7fcd79293000 ---p 00005000 08:06 2891603                    /usr/lib/x86_64-linux-gnu/libXtst.so.6.1.0
7fcd79293000-7fcd79294000 r--p 00004000 08:06 2891603                    /usr/lib/x86_64-linux-gnu/libXtst.so.6.1.0
7fcd79294000-7fcd79295000 rw-p 00005000 08:06 2891603                    /usr/lib/x86_64-linux-gnu/libXtst.so.6.1.0
7fcd79295000-7fcd7929e000 r-xp 00000000 08:06 2891597                    /usr/lib/x86_64-linux-gnu/libXrender.so.1.3.0
7fcd7929e000-7fcd7949d000 ---p 00009000 08:06 2891597                    /usr/lib/x86_64-linux-gnu/libXrender.so.1.3.0
7fcd7949d000-7fcd7949e000 r--p 00008000 08:06 2891597                    /usr/lib/x86_64-linux-gnu/libXrender.so.1.3.0
7fcd7949e000-7fcd7949f000 rw-p 00009000 08:06 2891597                    /usr/lib/x86_64-linux-gnu/libXrender.so.1.3.0
7fcd7949f000-7fcd795cf000 r-xp 00000000 08:06 2891558                    /usr/lib/x86_64-linux-gnu/libX11.so.6.3.0
7fcd795cf000-7fcd797cf000 ---p 00130000 08:06 2891558                    /usr/lib/x86_64-linux-gnu/libX11.so.6.3.0
7fcd797cf000-7fcd797d0000 r--p 00130000 08:06 2891558                    /usr/lib/x86_64-linux-gnu/libX11.so.6.3.0
7fcd797d0000-7fcd797d4000 rw-p 00131000 08:06 2891558                    /usr/lib/x86_64-linux-gnu/libX11.so.6.3.0
7fcd797d4000-7fcd797e5000 r-xp 00000000 08:06 2891575                    /usr/lib/x86_64-linux-gnu/libXext.so.6.4.0
7fcd797e5000-7fcd799e4000 ---p 00011000 08:06 2891575                    /usr/lib/x86_64-linux-gnu/libXext.so.6.4.0
7fcd799e4000-7fcd799e5000 r--p 00010000 08:06 2891575                    /usr/lib/x86_64-linux-gnu/libXext.so.6.4.0
7fcd799e5000-7fcd799e6000 rw-p 00011000 08:06 2891575                    /usr/lib/x86_64-linux-gnu/libXext.so.6.4.0
7fcd799e7000-7fcd799e8000 r--s 00000000 08:06 917794                     /var/cache/fontconfig/c05880de57d1f5e948fdfacc138775d9-le64.cache-4
7fcd799e8000-7fcd799e9000 r--s 00000000 08:06 917804                     /var/cache/fontconfig/e7071f4a29fa870f4323321c154eba04-le64.cache-4
7fcd799e9000-7fcd799f0000 r--s 00000000 08:06 917775                     /var/cache/fontconfig/3047814df9a2f067bd2d96a2b9c36e5a-le64.cache-4
7fcd799f0000-7fcd79a03000 r--s 00000000 08:06 917798                     /var/cache/fontconfig/d52a8644073d54c13679302ca1180695-le64.cache-4
7fcd79a03000-7fcd79a57000 r-xp 00000000 08:06 3149772                    /usr/lib/jvm/java-8-oracle/jre/lib/amd64/libawt_xawt.so
7fcd79a57000-7fcd79c57000 ---p 00054000 08:06 3149772                    /usr/lib/jvm/java-8-oracle/jre/lib/amd64/libawt_xawt.so
7fcd79c57000-7fcd79c5b000 rw-p 00054000 08:06 3149772                    /usr/lib/jvm/java-8-oracle/jre/lib/amd64/libawt_xawt.so
7fcd79c5b000-7fcd79c5c000 rw-p 00000000 00:00 0 
7fcd79c5c000-7fcd79cfe000 r-xp 00000000 08:06 3149784                    /usr/lib/jvm/java-8-oracle/jre/lib/amd64/libawt.so
7fcd79cfe000-7fcd79efe000 ---p 000a2000 08:06 3149784                    /usr/lib/jvm/java-8-oracle/jre/lib/amd64/libawt.so
7fcd79efe000-7fcd79f0a000 rw-p 000a2000 08:06 3149784                    /usr/lib/jvm/java-8-oracle/jre/lib/amd64/libawt.so
7fcd79f0a000-7fcd79f2e000 rw-p 00000000 00:00 0 
7fcd79f2e000-7fcd79f2f000 ---p 00000000 00:00 0 
7fcd79f2f000-7fcd7a02f000 rw-p 00000000 00:00 0                          [stack:7163]
7fcd7a02f000-7fcd7a032000 ---p 00000000 00:00 0 
7fcd7a032000-7fcd7a130000 rw-p 00000000 00:00 0                          [stack:7162]
7fcd7a130000-7fcd7a133000 ---p 00000000 00:00 0 
7fcd7a133000-7fcd7a231000 rw-p 00000000 00:00 0                          [stack:7161]
7fcd7a231000-7fcd7a234000 ---p 00000000 00:00 0 
7fcd7a234000-7fcd7a332000 rw-p 00000000 00:00 0                          [stack:7160]
7fcd7a332000-7fcd7a335000 ---p 00000000 00:00 0 
7fcd7a335000-7fcd7a433000 rw-p 00000000 00:00 0                          [stack:7159]
7fcd7a433000-7fcd7a436000 ---p 00000000 00:00 0 
7fcd7a436000-7fcd7a534000 rw-p 00000000 00:00 0                          [stack:7158]
7fcd7a534000-7fcd7ac18000 r--p 00000000 08:06 2890563                    /usr/lib/locale/locale-archive
7fcd7ac18000-7fcd7ac1b000 ---p 00000000 00:00 0 
7fcd7ac1b000-7fcd7ad19000 rw-p 00000000 00:00 0                          [stack:7157]
7fcd7ad19000-7fcd7ad1c000 ---p 00000000 00:00 0 
7fcd7ad1c000-7fcd7ae1a000 rw-p 00000000 00:00 0                          [stack:7156]
7fcd7ae1a000-7fcd7ae1b000 ---p 00000000 00:00 0 
7fcd7ae1b000-7fcd7be2a000 rw-p 00000000 00:00 0                          [stack:7155]
7fcd7be2a000-7fcd7c000000 r--s 03cae000 08:06 2897646                    /usr/lib/jvm/java-8-oracle/jre/lib/rt.jar
7fcd7c000000-7fcd7c021000 rw-p 00000000 00:00 0 
7fcd7c021000-7fcd80000000 ---p 00000000 00:00 0 
7fcd80000000-7fcd80001000 r--s 00000000 08:06 917771                     /var/cache/fontconfig/0d8c3b2ac0904cb8a57a757ad11a4a08-le64.cache-4
7fcd80001000-7fcd80002000 r--s 00000000 08:06 917773                     /var/cache/fontconfig/1ac9eb803944fde146138c791f5cc56a-le64.cache-4
7fcd80002000-7fcd80003000 r--s 00000000 08:06 917801                     /var/cache/fontconfig/dc05db6664285cc2f12bf69c139ae4c3-le64.cache-4
7fcd80003000-7fcd80009000 r--s 00000000 08:06 917792                     /var/cache/fontconfig/b47c4e1ecd0709278f4910c18777a504-le64.cache-4
7fcd80009000-7fcd80016000 r--s 00000000 08:06 926744                     /var/cache/fontconfig/e13b20fdb08344e0e664864cc2ede53d-le64.cache-4
7fcd80016000-7fcd83930000 rw-p 00000000 00:00 0 
7fcd83930000-7fcd83931000 ---p 00000000 00:00 0 
7fcd83931000-7fcd83a31000 rw-p 00000000 00:00 0                          [stack:7152]
7fcd83a31000-7fcd83a32000 ---p 00000000 00:00 0 
7fcd83a32000-7fcd83b32000 rw-p 00000000 00:00 0                          [stack:7151]
7fcd83b32000-7fcd83b33000 ---p 00000000 00:00 0 
7fcd83b33000-7fcd83c33000 rw-p 00000000 00:00 0                          [stack:7150]
7fcd83c33000-7fcd83c34000 ---p 00000000 00:00 0 
7fcd83c34000-7fcd83d53000 rw-p 00000000 00:00 0                          [stack:7149]
7fcd83d53000-7fcd83f16000 ---p 00000000 00:00 0 
7fcd83f16000-7fcd83f35000 rw-p 00000000 00:00 0 
7fcd83f35000-7fcd840f7000 ---p 00000000 00:00 0 
7fcd840f7000-7fcd84107000 rw-p 00000000 00:00 0 
7fcd84107000-7fcd841e8000 ---p 00000000 00:00 0 
7fcd841e8000-7fcd841fa000 rw-p 00000000 00:00 0 
7fcd841fa000-7fcd845a9000 ---p 00000000 00:00 0 
7fcd845a9000-7fcd849c9000 rwxp 00000000 00:00 0 
7fcd849c9000-7fcd935a9000 ---p 00000000 00:00 0 
7fcd935a9000-7fcd935c3000 r-xp 00000000 08:06 3149765                    /usr/lib/jvm/java-8-oracle/jre/lib/amd64/libzip.so
7fcd935c3000-7fcd937c3000 ---p 0001a000 08:06 3149765                    /usr/lib/jvm/java-8-oracle/jre/lib/amd64/libzip.so
7fcd937c3000-7fcd937c4000 rw-p 0001a000 08:06 3149765                    /usr/lib/jvm/java-8-oracle/jre/lib/amd64/libzip.so
7fcd937c4000-7fcd937cf000 r-xp 00000000 08:06 13375663                   /lib/x86_64-linux-gnu/libnss_files-2.19.so
7fcd937cf000-7fcd939ce000 ---p 0000b000 08:06 13375663                   /lib/x86_64-linux-gnu/libnss_files-2.19.so
7fcd939ce000-7fcd939cf000 r--p 0000a000 08:06 13375663                   /lib/x86_64-linux-gnu/libnss_files-2.19.so
7fcd939cf000-7fcd939d0000 rw-p 0000b000 08:06 13375663                   /lib/x86_64-linux-gnu/libnss_files-2.19.so
7fcd939d0000-7fcd939db000 r-xp 00000000 08:06 13373484                   /lib/x86_64-linux-gnu/libnss_nis-2.19.so
7fcd939db000-7fcd93bda000 ---p 0000b000 08:06 13373484                   /lib/x86_64-linux-gnu/libnss_nis-2.19.so
7fcd93bda000-7fcd93bdb000 r--p 0000a000 08:06 13373484                   /lib/x86_64-linux-gnu/libnss_nis-2.19.so
7fcd93bdb000-7fcd93bdc000 rw-p 0000b000 08:06 13373484                   /lib/x86_64-linux-gnu/libnss_nis-2.19.so
7fcd93bdc000-7fcd93bf3000 r-xp 00000000 08:06 13373456                   /lib/x86_64-linux-gnu/libnsl-2.19.so
7fcd93bf3000-7fcd93df2000 ---p 00017000 08:06 13373456                   /lib/x86_64-linux-gnu/libnsl-2.19.so
7fcd93df2000-7fcd93df3000 r--p 00016000 08:06 13373456                   /lib/x86_64-linux-gnu/libnsl-2.19.so
7fcd93df3000-7fcd93df4000 rw-p 00017000 08:06 13373456                   /lib/x86_64-linux-gnu/libnsl-2.19.so
7fcd93df4000-7fcd93df6000 rw-p 00000000 00:00 0 
7fcd93df6000-7fcd93dff000 r-xp 00000000 08:06 13373409                   /lib/x86_64-linux-gnu/libnss_compat-2.19.so
7fcd93dff000-7fcd93ffe000 ---p 00009000 08:06 13373409                   /lib/x86_64-linux-gnu/libnss_compat-2.19.so
7fcd93ffe000-7fcd93fff000 r--p 00008000 08:06 13373409                   /lib/x86_64-linux-gnu/libnss_compat-2.19.so
7fcd93fff000-7fcd94000000 rw-p 00009000 08:06 13373409                   /lib/x86_64-linux-gnu/libnss_compat-2.19.so
7fcd94000000-7fcd9460d000 rw-p 00000000 00:00 0 
7fcd9460d000-7fcd98000000 ---p 00000000 00:00 0 
7fcd98000000-7fcd98009000 r--s 00000000 08:06 927419                     /var/cache/fontconfig/3f7329c5293ffd510edef78f73874cfd-le64.cache-4
7fcd98009000-7fcd98014000 r--s 00116000 08:06 3149822                    /usr/lib/jvm/java-8-oracle/jre/lib/ext/localedata.jar
7fcd98014000-7fcd98035000 rw-p 00000000 00:00 0 
7fcd98035000-7fcd9805f000 r-xp 00000000 08:06 3149771                    /usr/lib/jvm/java-8-oracle/jre/lib/amd64/libjava.so
7fcd9805f000-7fcd9825f000 ---p 0002a000 08:06 3149771                    /usr/lib/jvm/java-8-oracle/jre/lib/amd64/libjava.so
7fcd9825f000-7fcd98261000 rw-p 0002a000 08:06 3149771                    /usr/lib/jvm/java-8-oracle/jre/lib/amd64/libjava.so
7fcd98261000-7fcd9826e000 r-xp 00000000 08:06 3149749                    /usr/lib/jvm/java-8-oracle/jre/lib/amd64/libverify.so
7fcd9826e000-7fcd9846e000 ---p 0000d000 08:06 3149749                    /usr/lib/jvm/java-8-oracle/jre/lib/amd64/libverify.so
7fcd9846e000-7fcd98470000 rw-p 0000d000 08:06 3149749                    /usr/lib/jvm/java-8-oracle/jre/lib/amd64/libverify.so
7fcd98470000-7fcd98477000 r-xp 00000000 08:06 13373365                   /lib/x86_64-linux-gnu/librt-2.19.so
7fcd98477000-7fcd98676000 ---p 00007000 08:06 13373365                   /lib/x86_64-linux-gnu/librt-2.19.so
7fcd98676000-7fcd98677000 r--p 00006000 08:06 13373365                   /lib/x86_64-linux-gnu/librt-2.19.so
7fcd98677000-7fcd98678000 rw-p 00007000 08:06 13373365                   /lib/x86_64-linux-gnu/librt-2.19.so
7fcd98678000-7fcd9877d000 r-xp 00000000 08:06 13373421                   /lib/x86_64-linux-gnu/libm-2.19.so
7fcd9877d000-7fcd9897c000 ---p 00105000 08:06 13373421                   /lib/x86_64-linux-gnu/libm-2.19.so
7fcd9897c000-7fcd9897d000 r--p 00104000 08:06 13373421                   /lib/x86_64-linux-gnu/libm-2.19.so
7fcd9897d000-7fcd9897e000 rw-p 00105000 08:06 13373421                   /lib/x86_64-linux-gnu/libm-2.19.so
7fcd9897e000-7fcd995ec000 r-xp 00000000 08:06 3149745                    /usr/lib/jvm/java-8-oracle/jre/lib/amd64/server/libjvm.so
7fcd995ec000-7fcd997eb000 ---p 00c6e000 08:06 3149745                    /usr/lib/jvm/java-8-oracle/jre/lib/amd64/server/libjvm.so
7fcd997eb000-7fcd998c1000 rw-p 00c6d000 08:06 3149745                    /usr/lib/jvm/java-8-oracle/jre/lib/amd64/server/libjvm.so
7fcd998c1000-7fcd99904000 rw-p 00000000 00:00 0 
7fcd99904000-7fcd99abf000 r-xp 00000000 08:06 13373363                   /lib/x86_64-linux-gnu/libc-2.19.so
7fcd99abf000-7fcd99cbf000 ---p 001bb000 08:06 13373363                   /lib/x86_64-linux-gnu/libc-2.19.so
7fcd99cbf000-7fcd99cc3000 r--p 001bb000 08:06 13373363                   /lib/x86_64-linux-gnu/libc-2.19.so
7fcd99cc3000-7fcd99cc5000 rw-p 001bf000 08:06 13373363                   /lib/x86_64-linux-gnu/libc-2.19.so
7fcd99cc5000-7fcd99cca000 rw-p 00000000 00:00 0 
7fcd99cca000-7fcd99ccd000 r-xp 00000000 08:06 13373405                   /lib/x86_64-linux-gnu/libdl-2.19.so
7fcd99ccd000-7fcd99ecc000 ---p 00003000 08:06 13373405                   /lib/x86_64-linux-gnu/libdl-2.19.so
7fcd99ecc000-7fcd99ecd000 r--p 00002000 08:06 13373405                   /lib/x86_64-linux-gnu/libdl-2.19.so
7fcd99ecd000-7fcd99ece000 rw-p 00003000 08:06 13373405                   /lib/x86_64-linux-gnu/libdl-2.19.so
7fcd99ece000-7fcd99ee3000 r-xp 00000000 08:06 2895139                    /usr/lib/jvm/java-8-oracle/lib/amd64/jli/libjli.so
7fcd99ee3000-7fcd9a0e2000 ---p 00015000 08:06 2895139                    /usr/lib/jvm/java-8-oracle/lib/amd64/jli/libjli.so
7fcd9a0e2000-7fcd9a0e3000 rw-p 00014000 08:06 2895139                    /usr/lib/jvm/java-8-oracle/lib/amd64/jli/libjli.so
7fcd9a0e3000-7fcd9a0fc000 r-xp 00000000 08:06 13373494                   /lib/x86_64-linux-gnu/libpthread-2.19.so
7fcd9a0fc000-7fcd9a2fb000 ---p 00019000 08:06 13373494                   /lib/x86_64-linux-gnu/libpthread-2.19.so
7fcd9a2fb000-7fcd9a2fc000 r--p 00018000 08:06 13373494                   /lib/x86_64-linux-gnu/libpthread-2.19.so
7fcd9a2fc000-7fcd9a2fd000 rw-p 00019000 08:06 13373494                   /lib/x86_64-linux-gnu/libpthread-2.19.so
7fcd9a2fd000-7fcd9a301000 rw-p 00000000 00:00 0 
7fcd9a301000-7fcd9a324000 r-xp 00000000 08:06 13373350                   /lib/x86_64-linux-gnu/ld-2.19.so
7fcd9a324000-7fcd9a326000 r--s 00000000 08:06 917785                     /var/cache/fontconfig/767a8244fc0220cfb567a839d0392e0b-le64.cache-4
7fcd9a326000-7fcd9a327000 r--s 00000000 08:06 923908                     /var/cache/fontconfig/4794a0821666d79190d59a36cb4f44b5-le64.cache-4
7fcd9a327000-7fcd9a32b000 r--s 00000000 08:06 917799                     /var/cache/fontconfig/d589a48862398ed80a3d6066f4f56f4c-le64.cache-4
7fcd9a32b000-7fcd9a33e000 r--s 00344000 08:06 2897476                    /usr/lib/jvm/java-8-oracle/jre/lib/resources.jar
7fcd9a33e000-7fcd9a3ff000 rw-p 00000000 00:00 0 
7fcd9a3ff000-7fcd9a402000 ---p 00000000 00:00 0 
7fcd9a402000-7fcd9a504000 rw-p 00000000 00:00 0                          [stack:7148]
7fcd9a504000-7fcd9a505000 r--s 00000000 08:06 917781                     /var/cache/fontconfig/56cf4f4769d0f4abc89a4895d7bd3ae1-le64.cache-4
7fcd9a505000-7fcd9a506000 r--s 00000000 08:06 917793                     /var/cache/fontconfig/b9d506c9ac06c20b433354fa67a72993-le64.cache-4
7fcd9a506000-7fcd9a507000 r--s 00000000 08:06 917770                     /var/cache/fontconfig/0c9eb80ebd1c36541ebe2852d3bb0c49-le64.cache-4
7fcd9a507000-7fcd9a50b000 r--s 00000000 08:06 929081                     /var/cache/fontconfig/7ef2298fde41cc6eeb7af42e48b7d293-le64.cache-4
7fcd9a50b000-7fcd9a512000 r--s 00000000 08:06 3287063                    /usr/lib/x86_64-linux-gnu/gconv/gconv-modules.cache
7fcd9a512000-7fcd9a517000 r--s 002f8000 08:06 2895166                    /usr/lib/jvm/java-8-oracle/jre/lib/charsets.jar
7fcd9a517000-7fcd9a51f000 rw-s 00000000 08:06 15728832                   /tmp/hsperfdata_claudio/7142
7fcd9a51f000-7fcd9a520000 rw-p 00000000 00:00 0 
7fcd9a520000-7fcd9a521000 r--p 00000000 00:00 0 
7fcd9a521000-7fcd9a523000 rw-p 00000000 00:00 0 
7fcd9a523000-7fcd9a524000 r--p 00022000 08:06 13373350                   /lib/x86_64-linux-gnu/ld-2.19.so
7fcd9a524000-7fcd9a525000 rw-p 00023000 08:06 13373350                   /lib/x86_64-linux-gnu/ld-2.19.so
7fcd9a525000-7fcd9a526000 rw-p 00000000 00:00 0 
7fff6c271000-7fff6c292000 rw-p 00000000 00:00 0                          [stack]
7fff6c39f000-7fff6c3a1000 r-xp 00000000 00:00 0                          [vdso]
ffffffffff600000-ffffffffff601000 r-xp 00000000 00:00 0                  [vsyscall]

VM Arguments:
jvm_args: -Dfile.encoding=UTF-8 
java_command: br.ufrj.cos.expline.scicumulus.conversion.main.ScicumulusInstantiator
java_class_path (initial): /home/claudio/Área de Trabalho/Repositories/expline-scicumulus-instantiation/bin
Launcher Type: SUN_STANDARD

Environment Variables:
JAVA_HOME=/usr/lib/jvm/java-8-oracle
PATH=/usr/local/sbin:/usr/local/bin:/usr/sbin:/usr/bin:/sbin:/bin:/usr/games:/usr/local/games:/usr/lib/jvm/java-8-oracle/bin:/usr/lib/jvm/java-8-oracle/db/bin:/usr/lib/jvm/java-8-oracle/jre/bin
SHELL=/bin/bash
DISPLAY=:0.0

Signal Handlers:
SIGSEGV: [libjvm.so+0xa7a650], sa_mask[0]=11111111011111111101111111111110, sa_flags=SA_RESTART|SA_SIGINFO
SIGBUS: [libjvm.so+0xa7a650], sa_mask[0]=11111111011111111101111111111110, sa_flags=SA_RESTART|SA_SIGINFO
SIGFPE: [libjvm.so+0x8e28f0], sa_mask[0]=11111111011111111101111111111110, sa_flags=SA_RESTART|SA_SIGINFO
SIGPIPE: [libjvm.so+0x8e28f0], sa_mask[0]=11111111011111111101111111111110, sa_flags=SA_RESTART|SA_SIGINFO
SIGXFSZ: [libjvm.so+0x8e28f0], sa_mask[0]=11111111011111111101111111111110, sa_flags=SA_RESTART|SA_SIGINFO
SIGILL: [libjvm.so+0x8e28f0], sa_mask[0]=11111111011111111101111111111110, sa_flags=SA_RESTART|SA_SIGINFO
SIGUSR1: SIG_DFL, sa_mask[0]=00000000000000000000000000000000, sa_flags=none
SIGUSR2: [libjvm.so+0x8e4120], sa_mask[0]=00100000000000000000000000000000, sa_flags=SA_RESTART|SA_SIGINFO
SIGHUP: [libjvm.so+0x8e54e0], sa_mask[0]=11111111011111111101111111111110, sa_flags=SA_RESTART|SA_SIGINFO
SIGINT: [libjvm.so+0x8e54e0], sa_mask[0]=11111111011111111101111111111110, sa_flags=SA_RESTART|SA_SIGINFO
SIGTERM: [libjvm.so+0x8e54e0], sa_mask[0]=11111111011111111101111111111110, sa_flags=SA_RESTART|SA_SIGINFO
SIGQUIT: [libjvm.so+0x8e54e0], sa_mask[0]=11111111011111111101111111111110, sa_flags=SA_RESTART|SA_SIGINFO


---------------  S Y S T E M  ---------------

OS:DISTRIB_ID=Ubuntu
DISTRIB_RELEASE=14.04
DISTRIB_CODENAME=trusty
DISTRIB_DESCRIPTION="Ubuntu 14.04.2 LTS"

uname:Linux 3.13.0-45-generic #74-Ubuntu SMP Tue Jan 13 19:36:28 UTC 2015 x86_64
libc:glibc 2.19 NPTL 2.19 
rlimit: STACK 8192k, CORE 0k, NPROC 45977, NOFILE 4096, AS infinity
load average:0,55 0,70 0,78

/proc/meminfo:
MemTotal:        5906704 kB
MemFree:         3549128 kB
Buffers:          135852 kB
Cached:          1009184 kB
SwapCached:            0 kB
Active:          1260260 kB
Inactive:         722208 kB
Active(anon):     678568 kB
Inactive(anon):   165648 kB
Active(file):     581692 kB
Inactive(file):   556560 kB
Unevictable:          32 kB
Mlocked:              32 kB
SwapTotal:       1990652 kB
SwapFree:        1990368 kB
Dirty:              1604 kB
Writeback:             0 kB
AnonPages:        837636 kB
Mapped:            68476 kB
Shmem:              6612 kB
Slab:             296336 kB
SReclaimable:     262504 kB
SUnreclaim:        33832 kB
KernelStack:        3120 kB
PageTables:        12656 kB
NFS_Unstable:          0 kB
Bounce:                0 kB
WritebackTmp:          0 kB
CommitLimit:     4944004 kB
Committed_AS:    3086832 kB
VmallocTotal:   34359738367 kB
VmallocUsed:      551584 kB
VmallocChunk:   34359177692 kB
HardwareCorrupted:     0 kB
AnonHugePages:    632832 kB
HugePages_Total:       0
HugePages_Free:        0
HugePages_Rsvd:        0
HugePages_Surp:        0
Hugepagesize:       2048 kB
DirectMap4k:       72784 kB
DirectMap2M:     6012928 kB


CPU:total 4 (2 cores per cpu, 2 threads per core) family 6 model 37 stepping 5, cmov, cx8, fxsr, mmx, sse, sse2, sse3, ssse3, sse4.1, sse4.2, popcnt, ht, tsc, tscinvbit

/proc/cpuinfo:
processor	: 0
vendor_id	: GenuineIntel
cpu family	: 6
model		: 37
model name	: Intel(R) Core(TM) i3 CPU       M 370  @ 2.40GHz
stepping	: 5
microcode	: 0x2
cpu MHz		: 2394.000
cache size	: 3072 KB
physical id	: 0
siblings	: 4
core id		: 0
cpu cores	: 2
apicid		: 0
initial apicid	: 0
fpu		: yes
fpu_exception	: yes
cpuid level	: 11
wp		: yes
flags		: fpu vme de pse tsc msr pae mce cx8 apic sep mtrr pge mca cmov pat pse36 clflush dts acpi mmx fxsr sse sse2 ss ht tm pbe syscall nx rdtscp lm constant_tsc arch_perfmon pebs bts rep_good nopl xtopology nonstop_tsc aperfmperf pni dtes64 monitor ds_cpl vmx est tm2 ssse3 cx16 xtpr pdcm pcid sse4_1 sse4_2 popcnt lahf_lm arat dtherm tpr_shadow vnmi flexpriority ept vpid
bogomips	: 4788.16
clflush size	: 64
cache_alignment	: 64
address sizes	: 36 bits physical, 48 bits virtual
power management:

processor	: 1
vendor_id	: GenuineIntel
cpu family	: 6
model		: 37
model name	: Intel(R) Core(TM) i3 CPU       M 370  @ 2.40GHz
stepping	: 5
microcode	: 0x2
cpu MHz		: 2394.000
cache size	: 3072 KB
physical id	: 0
siblings	: 4
core id		: 2
cpu cores	: 2
apicid		: 4
initial apicid	: 4
fpu		: yes
fpu_exception	: yes
cpuid level	: 11
wp		: yes
flags		: fpu vme de pse tsc msr pae mce cx8 apic sep mtrr pge mca cmov pat pse36 clflush dts acpi mmx fxsr sse sse2 ss ht tm pbe syscall nx rdtscp lm constant_tsc arch_perfmon pebs bts rep_good nopl xtopology nonstop_tsc aperfmperf pni dtes64 monitor ds_cpl vmx est tm2 ssse3 cx16 xtpr pdcm pcid sse4_1 sse4_2 popcnt lahf_lm arat dtherm tpr_shadow vnmi flexpriority ept vpid
bogomips	: 4788.16
clflush size	: 64
cache_alignment	: 64
address sizes	: 36 bits physical, 48 bits virtual
power management:

processor	: 2
vendor_id	: GenuineIntel
cpu family	: 6
model		: 37
model name	: Intel(R) Core(TM) i3 CPU       M 370  @ 2.40GHz
stepping	: 5
microcode	: 0x2
cpu MHz		: 2394.000
cache size	: 3072 KB
physical id	: 0
siblings	: 4
core id		: 0
cpu cores	: 2
apicid		: 1
initial apicid	: 1
fpu		: yes
fpu_exception	: yes
cpuid level	: 11
wp		: yes
flags		: fpu vme de pse tsc msr pae mce cx8 apic sep mtrr pge mca cmov pat pse36 clflush dts acpi mmx fxsr sse sse2 ss ht tm pbe syscall nx rdtscp lm constant_tsc arch_perfmon pebs bts rep_good nopl xtopology nonstop_tsc aperfmperf pni dtes64 monitor ds_cpl vmx est tm2 ssse3 cx16 xtpr pdcm pcid sse4_1 sse4_2 popcnt lahf_lm arat dtherm tpr_shadow vnmi flexpriority ept vpid
bogomips	: 4788.16
clflush size	: 64
cache_alignment	: 64
address sizes	: 36 bits physical, 48 bits virtual
power management:

processor	: 3
vendor_id	: GenuineIntel
cpu family	: 6
model		: 37
model name	: Intel(R) Core(TM) i3 CPU       M 370  @ 2.40GHz
stepping	: 5
microcode	: 0x2
cpu MHz		: 2394.000
cache size	: 3072 KB
physical id	: 0
siblings	: 4
core id		: 2
cpu cores	: 2
apicid		: 5
initial apicid	: 5
fpu		: yes
fpu_exception	: yes
cpuid level	: 11
wp		: yes
flags		: fpu vme de pse tsc msr pae mce cx8 apic sep mtrr pge mca cmov pat pse36 clflush dts acpi mmx fxsr sse sse2 ss ht tm pbe syscall nx rdtscp lm constant_tsc arch_perfmon pebs bts rep_good nopl xtopology nonstop_tsc aperfmperf pni dtes64 monitor ds_cpl vmx est tm2 ssse3 cx16 xtpr pdcm pcid sse4_1 sse4_2 popcnt lahf_lm arat dtherm tpr_shadow vnmi flexpriority ept vpid
bogomips	: 4788.16
clflush size	: 64
cache_alignment	: 64
address sizes	: 36 bits physical, 48 bits virtual
power management:



Memory: 4k page, physical 5906704k(3549128k free), swap 1990652k(1990368k free)

vm_info: Java HotSpot(TM) 64-Bit Server VM (25.31-b07) for linux-amd64 JRE (1.8.0_31-b13), built on Dec 17 2014 20:40:15 by "java_re" with gcc 4.3.0 20080428 (Red Hat 4.3.0-8)

time: Sat Mar 21 20:07:40 2015
elapsed time: 7820 seconds (0d 2h 10m 20s)

