#
# A fatal error has been detected by the Java Runtime Environment:
#
#  SIGSEGV (0xb) at pc=0x00007ff5f50690ba, pid=5946, tid=140694095783680
#
# JRE version: Java(TM) SE Runtime Environment (8.0_31-b13) (build 1.8.0_31-b13)
# Java VM: Java HotSpot(TM) 64-Bit Server VM (25.31-b07 mixed mode linux-amd64 compressed oops)
# Problematic frame:
# v  ~BufferBlob::jni_fast_GetLongField
#
# Failed to write core dump. Core dumps have been disabled. To enable core dumping, try "ulimit -c unlimited" before starting Java again
#
# If you would like to submit a bug report, please visit:
#   http://bugreport.java.com/bugreport/crash.jsp
# The crash happened outside the Java Virtual Machine in native code.
# See problematic frame for where to report the bug.
#

---------------  T H R E A D  ---------------

Current thread (0x00007ff60421d000):  JavaThread "AWT-XAWT" daemon [_thread_in_native, id=5966, stack(0x00007ff5e589e000,0x00007ff5e599f000)]

siginfo: si_signo: 11 (SIGSEGV), si_code: 1 (SEGV_MAPERR), si_addr: 0x0000000000000000

Registers:
RAX=0x00007ff60b41d2e0, RBX=0x00007ff60421d1e8, RCX=0x00007ff60be77320, RDX=0x0000000000000042
RSP=0x00007ff5e599d5f8, RBP=0x00007ff5e599d620, RSI=0x0000000000000000, RDI=0x00007ff60421d1e8
R8 =0x0000000000000005, R9 =0x0000000000000000, R10=0x000000000000001c, R11=0x00007ff5f53cf818
R12=0x00007ff5ac00aef0, R13=0x0000000000000000, R14=0x00007ff5e77277c0, R15=0x00007ff60421d000
RIP=0x00007ff5f50690ba, EFLAGS=0x0000000000010246, CSGSFS=0x0000000000000033, ERR=0x0000000000000004
  TRAPNO=0x000000000000000e

Top of Stack: (sp=0x00007ff5e599d5f8)
0x00007ff5e599d5f8:   00007ff5e75060a1 00007ff5f4b23ae8
0x00007ff5e599d608:   00007ff5ac00aef0 00007ff5e599d6d0
0x00007ff5e599d618:   00007ff5e599d6a0 0000000000000000
0x00007ff5e599d628:   00007ff5e6fe9ae8 00007ff5f4b23ae8
0x00007ff5e599d638:   00007ff5e599d660 0000000000000000
0x00007ff5e599d648:   00007ff5e6fe19a3 00007ff5e599d6d0
0x00007ff5e599d658:   00007ff5e74ff39f 00007ff5e599d6b0
0x00007ff5e599d668:   00007ff5f53cf8b6 0000000000000000
0x00007ff5e599d678:   00007ff5f52a0976 00007ff5e599d6d0
0x00007ff5e599d688:   00007ff5f51741ac 00007ff5e599d730
0x00007ff5e599d698:   00000000e2188840 00000000e208b540
0x00007ff5e599d6a8:   0000000000000001 00007ff5e599d730
0x00007ff5e599d6b8:   00007ff5f5007160 00007ff5e599d730
0x00007ff5e599d6c8:   00007ff5f5007160 0000000000000000
0x00007ff5e599d6d8:   00007ff5f50074a0 00007ff5b4000e30
0x00007ff5e599d6e8:   00000000e21d22d0 00007ff5e599d6f0
0x00007ff5e599d6f8:   00007ff5f4cb2dd4 00007ff5e599d778
0x00007ff5e599d708:   00007ff5f4cbbe88 0000000000000000
0x00007ff5e599d718:   00007ff5f4cb2f08 00007ff5e599d6d0
0x00007ff5e599d728:   00007ff5e599d770 00007ff5e599d7c0
0x00007ff5e599d738:   00007ff5f500798d 0000000000000000
0x00007ff5e599d748:   00000000e2593878 0000000000000000
0x00007ff5e599d758:   0000000000000000 0000000000000000
0x00007ff5e599d768:   00000000e21d22d0 0000000000000000
0x00007ff5e599d778:   00000000e21893b8 00007ff5e599d780
0x00007ff5e599d788:   00007ff5f4cb2c15 00007ff5e599d7d0
0x00007ff5e599d798:   00007ff5f4cbbe88 0000000000000000
0x00007ff5e599d7a8:   00007ff5f4cb2c20 00007ff5e599d770
0x00007ff5e599d7b8:   00007ff5e599d7d0 00007ff5e599d818
0x00007ff5e599d7c8:   00007ff5f50079d2 00000000e21893b8
0x00007ff5e599d7d8:   00007ff5e599d7d8 00007ff5f482cc93
0x00007ff5e599d7e8:   00007ff5e599d828 00007ff5f489fb78 

Instructions: (pc=0x00007ff5f50690ba)
0x00007ff5f506909a:   00 00 00 00 00 00 44 8b 15 21 b7 3e 16 4c 8b ce
0x00007ff5f50690aa:   41 f6 c2 01 0f 85 2e 00 00 00 4d 33 ca 4d 33 ca
0x00007ff5f50690ba:   4d 8b 09 4c 8b da 49 c1 eb 02 4b 8b 04 19 49 bb
0x00007ff5f50690ca:   c8 47 45 0b f6 7f 00 00 4c 33 d8 4c 33 d8 45 3b 

Register to memory mapping:

RAX=0x00007ff60b41d2e0: <offset 0xf242e0> in /usr/lib/jvm/java-8-oracle/jre/lib/amd64/server/libjvm.so at 0x00007ff60a4f9000
RBX=0x00007ff60421d1e8 is an unknown value
RCX=0x00007ff60be77320: <offset 0x219320> in /lib/x86_64-linux-gnu/libpthread.so.0 at 0x00007ff60bc5e000
RDX=0x0000000000000042 is an unknown value
RSP=0x00007ff5e599d5f8 is pointing into the stack for thread: 0x00007ff60421d000
RBP=0x00007ff5e599d620 is pointing into the stack for thread: 0x00007ff60421d000
RSI=0x0000000000000000 is an unknown value
RDI=0x00007ff60421d1e8 is an unknown value
R8 =0x0000000000000005 is an unknown value
R9 =0x0000000000000000 is an unknown value
R10=0x000000000000001c is an unknown value
R11=0x00007ff5f53cf818 is at entry_point+24 in (nmethod*)0x00007ff5f53cf690
R12=0x00007ff5ac00aef0 is an unknown value
R13=0x0000000000000000 is an unknown value
R14=0x00007ff5e77277c0: <offset 0x2587c0> in /usr/lib/jvm/java-8-oracle/jre/lib/amd64/libawt_xawt.so at 0x00007ff5e74cf000
R15=0x00007ff60421d000 is a thread


Stack: [0x00007ff5e589e000,0x00007ff5e599f000],  sp=0x00007ff5e599d5f8,  free space=1021k
Native frames: (J=compiled Java code, j=interpreted, Vv=VM code, C=native code)
v  ~BufferBlob::jni_fast_GetLongField
C  [libX11.so.6+0x61ae8]  _XimServerDestroy+0x58

Java frames: (J=compiled Java code, j=interpreted, Vv=VM code)
J 1073  sun.awt.X11.XlibWrapper.XFilterEvent(JJ)Z (0 bytes) @ 0x00007ff5f53cf844 [0x00007ff5f53cf800+0x44]
j  sun.awt.X11.XToolkit.run(Z)V+300
j  sun.awt.X11.XToolkit.run()V+5
j  java.lang.Thread.run()V+11
v  ~StubRoutines::call_stub

---------------  P R O C E S S  ---------------

Java Threads: ( => current thread )
  0x00007ff604009800 JavaThread "DestroyJavaVM" [_thread_blocked, id=5949, stack(0x00007ff60bf7a000,0x00007ff60c07b000)]
  0x00007ff604355000 JavaThread "AWT-EventQueue-0" [_thread_blocked, id=5968, stack(0x00007ff5e4bf5000,0x00007ff5e4cf6000)]
  0x00007ff604353800 JavaThread "AWT-Shutdown" [_thread_blocked, id=5967, stack(0x00007ff5e4cf6000,0x00007ff5e4df7000)]
=>0x00007ff60421d000 JavaThread "AWT-XAWT" daemon [_thread_in_native, id=5966, stack(0x00007ff5e589e000,0x00007ff5e599f000)]
  0x00007ff6041fa000 JavaThread "Java2D Disposer" daemon [_thread_blocked, id=5965, stack(0x00007ff5e5daf000,0x00007ff5e5eb0000)]
  0x00007ff6040b8000 JavaThread "Service Thread" daemon [_thread_blocked, id=5963, stack(0x00007ff5e7afb000,0x00007ff5e7bfc000)]
  0x00007ff6040b0000 JavaThread "C1 CompilerThread2" daemon [_thread_blocked, id=5962, stack(0x00007ff5e7bfc000,0x00007ff5e7cfd000)]
  0x00007ff6040ae000 JavaThread "C2 CompilerThread1" daemon [_thread_blocked, id=5961, stack(0x00007ff5e7cfd000,0x00007ff5e7dfe000)]
  0x00007ff6040ab000 JavaThread "C2 CompilerThread0" daemon [_thread_blocked, id=5960, stack(0x00007ff5e7dfe000,0x00007ff5e7eff000)]
  0x00007ff6040a9000 JavaThread "Signal Dispatcher" daemon [_thread_blocked, id=5959, stack(0x00007ff5e7eff000,0x00007ff5e8000000)]
  0x00007ff60407c000 JavaThread "Finalizer" daemon [_thread_blocked, id=5958, stack(0x00007ff5ec7b4000,0x00007ff5ec8b5000)]
  0x00007ff60407a000 JavaThread "Reference Handler" daemon [_thread_blocked, id=5957, stack(0x00007ff5ec8b5000,0x00007ff5ec9b6000)]

Other Threads:
  0x00007ff604075000 VMThread [stack: 0x00007ff5ec9b6000,0x00007ff5ecab7000] [id=5956]
  0x00007ff6040ba000 WatcherThread [stack: 0x00007ff5e79fa000,0x00007ff5e7afb000] [id=5964]

VM state:not at safepoint (normal execution)

VM Mutex/Monitor currently owned by a thread: None

Heap:
 PSYoungGen      total 27648K, used 8676K [0x00000000e1f00000, 0x00000000e3d80000, 0x0000000100000000)
  eden space 24064K, 36% used [0x00000000e1f00000,0x00000000e2779350,0x00000000e3680000)
  from space 3584K, 0% used [0x00000000e3a00000,0x00000000e3a00000,0x00000000e3d80000)
  to   space 3584K, 0% used [0x00000000e3680000,0x00000000e3680000,0x00000000e3a00000)
 ParOldGen       total 62976K, used 0K [0x00000000a5c00000, 0x00000000a9980000, 0x00000000e1f00000)
  object space 62976K, 0% used [0x00000000a5c00000,0x00000000a5c00000,0x00000000a9980000)
 Metaspace       used 14810K, capacity 15048K, committed 15232K, reserved 1062912K
  class space    used 1808K, capacity 1869K, committed 1920K, reserved 1048576K

Card table byte_map: [0x00007ff608ac6000,0x00007ff608d99000] byte_map_base: 0x00007ff608598000

Marking Bits: (ParMarkBitMap*) 0x00007ff60b4542a0
 Begin Bits: [0x00007ff5ed2e0000, 0x00007ff5ee970000)
 End Bits:   [0x00007ff5ee970000, 0x00007ff5f0000000)

Polling page: 0x00007ff60c09b000

CodeCache: size=245760Kb used=3974Kb max_used=3974Kb free=241785Kb
 bounds [0x00007ff5f5000000, 0x00007ff5f53f0000, 0x00007ff604000000]
 total_blobs=1659 nmethods=1091 adapters=483
 compilation: enabled

Compilation events (10 events):
Event: 6243,284 Thread 0x00007ff6040b0000 1087   !   3       sun.awt.X11.XToolkit$1::dispatchEvent (34 bytes)
Event: 6243,285 Thread 0x00007ff6040b0000 nmethod 1087 0x00007ff5f53dfb90 code [0x00007ff5f53dfde0, 0x00007ff5f53e0bf8]
Event: 6243,286 Thread 0x00007ff6040b0000 1088       3       sun.awt.X11.XMSelection$1::dispatchEvent (10 bytes)
Event: 6243,286 Thread 0x00007ff6040b0000 nmethod 1088 0x00007ff5f53de390 code [0x00007ff5f53de540, 0x00007ff5f53de998]
Event: 6243,286 Thread 0x00007ff6040b0000 1089       3       sun.awt.X11.XMSelection::processRootEvent (32 bytes)
Event: 6243,286 Thread 0x00007ff6040b0000 nmethod 1089 0x00007ff5f53e12d0 code [0x00007ff5f53e1480, 0x00007ff5f53e1858]
Event: 9995,732 Thread 0x00007ff6040b0000 1090       1       sun.awt.X11.Native::getByte (8 bytes)
Event: 9995,732 Thread 0x00007ff6040b0000 nmethod 1090 0x00007ff5f53dc8d0 code [0x00007ff5f53dca20, 0x00007ff5f53dcb30]
Event: 9995,732 Thread 0x00007ff6040b0000 1091       3       sun.awt.XSettings$Update::needBytes (65 bytes)
Event: 9995,733 Thread 0x00007ff6040b0000 nmethod 1091 0x00007ff5f53e1ad0 code [0x00007ff5f53e1d00, 0x00007ff5f53e2978]

GC Heap History (0 events):
No events

Deoptimization events (8 events):
Event: 0,391 Thread 0x00007ff604009800 Uncommon trap: reason=class_check action=maybe_recompile pc=0x00007ff5f51a45f8 method=java.io.DataInputStream.readChar()C @ 4
Event: 0,391 Thread 0x00007ff604009800 Uncommon trap: reason=class_check action=maybe_recompile pc=0x00007ff5f51a45f8 method=java.io.DataInputStream.readChar()C @ 4
Event: 0,391 Thread 0x00007ff604009800 Uncommon trap: reason=class_check action=maybe_recompile pc=0x00007ff5f51a45f8 method=java.io.DataInputStream.readChar()C @ 4
Event: 0,391 Thread 0x00007ff604009800 Uncommon trap: reason=class_check action=maybe_recompile pc=0x00007ff5f51a45f8 method=java.io.DataInputStream.readChar()C @ 4
Event: 0,428 Thread 0x00007ff604009800 Uncommon trap: reason=class_check action=maybe_recompile pc=0x00007ff5f51a563c method=java.io.DataInputStream.readInt()I @ 4
Event: 0,428 Thread 0x00007ff604009800 Uncommon trap: reason=class_check action=maybe_recompile pc=0x00007ff5f51a563c method=java.io.DataInputStream.readInt()I @ 4
Event: 0,428 Thread 0x00007ff604009800 Uncommon trap: reason=class_check action=maybe_recompile pc=0x00007ff5f51a563c method=java.io.DataInputStream.readInt()I @ 4
Event: 0,428 Thread 0x00007ff604009800 Uncommon trap: reason=class_check action=maybe_recompile pc=0x00007ff5f51a563c method=java.io.DataInputStream.readInt()I @ 4

Internal exceptions (10 events):
Event: 0,446 Thread 0x00007ff604009800 Exception <a 'java/security/PrivilegedActionException'> (0x00000000e23ad420) thrown at [/HUDSON/workspace/8-2-build-linux-amd64/jdk8u31/2394/hotspot/src/share/vm/prims/jvm.cpp, line 1312]
Event: 0,447 Thread 0x00007ff604009800 Exception <a 'java/security/PrivilegedActionException'> (0x00000000e23b16a0) thrown at [/HUDSON/workspace/8-2-build-linux-amd64/jdk8u31/2394/hotspot/src/share/vm/prims/jvm.cpp, line 1312]
Event: 0,447 Thread 0x00007ff604009800 Exception <a 'java/security/PrivilegedActionException'> (0x00000000e23b5720) thrown at [/HUDSON/workspace/8-2-build-linux-amd64/jdk8u31/2394/hotspot/src/share/vm/prims/jvm.cpp, line 1312]
Event: 0,448 Thread 0x00007ff604009800 Exception <a 'java/security/PrivilegedActionException'> (0x00000000e23b9ab8) thrown at [/HUDSON/workspace/8-2-build-linux-amd64/jdk8u31/2394/hotspot/src/share/vm/prims/jvm.cpp, line 1312]
Event: 0,448 Thread 0x00007ff604009800 Exception <a 'java/security/PrivilegedActionException'> (0x00000000e23bdb98) thrown at [/HUDSON/workspace/8-2-build-linux-amd64/jdk8u31/2394/hotspot/src/share/vm/prims/jvm.cpp, line 1312]
Event: 0,449 Thread 0x00007ff604009800 Exception <a 'java/security/PrivilegedActionException'> (0x00000000e23c1b80) thrown at [/HUDSON/workspace/8-2-build-linux-amd64/jdk8u31/2394/hotspot/src/share/vm/prims/jvm.cpp, line 1312]
Event: 0,470 Thread 0x00007ff604009800 Exception <a 'java/security/PrivilegedActionException'> (0x00000000e23d6430) thrown at [/HUDSON/workspace/8-2-build-linux-amd64/jdk8u31/2394/hotspot/src/share/vm/prims/jvm.cpp, line 1312]
Event: 0,605 Thread 0x00007ff604009800 Exception <a 'java/security/PrivilegedActionException'> (0x00000000e25095a0) thrown at [/HUDSON/workspace/8-2-build-linux-amd64/jdk8u31/2394/hotspot/src/share/vm/prims/jvm.cpp, line 1312]
Event: 0,608 Thread 0x00007ff604009800 Exception <a 'java/security/PrivilegedActionException'> (0x00000000e250df48) thrown at [/HUDSON/workspace/8-2-build-linux-amd64/jdk8u31/2394/hotspot/src/share/vm/prims/jvm.cpp, line 1312]
Event: 1,069 Thread 0x00007ff604355000 Exception <a 'java/lang/UnsupportedOperationException': > (0x00000000e25be890) thrown at [/HUDSON/workspace/8-2-build-linux-amd64/jdk8u31/2394/hotspot/src/share/vm/prims/jni.cpp, line 742]

Events (10 events):
Event: 6,892 loading class sun/awt/X11/XErrorEvent
Event: 6,892 loading class sun/awt/X11/XErrorEvent done
Event: 3337,323 loading class sun/awt/X11/XkbEvent
Event: 3337,335 loading class sun/awt/X11/XkbEvent done
Event: 3337,335 loading class sun/awt/X11/XkbAnyEvent
Event: 3337,336 loading class sun/awt/X11/XkbAnyEvent done
Event: 9995,731 loading class sun/awt/X11/XAWTXSettings$1
Event: 9995,731 loading class sun/awt/X11/XAWTXSettings$1 done
Event: 9995,872 loading class sun/awt/X11/XDestroyWindowEvent
Event: 9995,991 loading class sun/awt/X11/XDestroyWindowEvent done


Dynamic libraries:
00400000-00401000 r-xp 00000000 08:06 3149874                            /usr/lib/jvm/java-8-oracle/bin/java
00600000-00601000 rw-p 00000000 08:06 3149874                            /usr/lib/jvm/java-8-oracle/bin/java
008ad000-008ce000 rw-p 00000000 00:00 0                                  [heap]
a5c00000-a9980000 rw-p 00000000 00:00 0 
a9980000-e1f00000 ---p 00000000 00:00 0 
e1f00000-e3d80000 rw-p 00000000 00:00 0 
e3d80000-100000000 ---p 00000000 00:00 0 
100000000-1001e0000 rw-p 00000000 00:00 0 
1001e0000-140000000 ---p 00000000 00:00 0 
7ff5a8000000-7ff5a8021000 rw-p 00000000 00:00 0 
7ff5a8021000-7ff5ac000000 ---p 00000000 00:00 0 
7ff5ac000000-7ff5ac03f000 rw-p 00000000 00:00 0 
7ff5ac03f000-7ff5b0000000 ---p 00000000 00:00 0 
7ff5b0000000-7ff5b0021000 rw-p 00000000 00:00 0 
7ff5b0021000-7ff5b4000000 ---p 00000000 00:00 0 
7ff5b4000000-7ff5b402b000 rw-p 00000000 00:00 0 
7ff5b402b000-7ff5b8000000 ---p 00000000 00:00 0 
7ff5b8000000-7ff5b8021000 rw-p 00000000 00:00 0 
7ff5b8021000-7ff5bc000000 ---p 00000000 00:00 0 
7ff5bc000000-7ff5bc021000 rw-p 00000000 00:00 0 
7ff5bc021000-7ff5c0000000 ---p 00000000 00:00 0 
7ff5c0000000-7ff5c00d3000 rw-p 00000000 00:00 0 
7ff5c00d3000-7ff5c4000000 ---p 00000000 00:00 0 
7ff5c4000000-7ff5c475f000 rw-p 00000000 00:00 0 
7ff5c475f000-7ff5c8000000 ---p 00000000 00:00 0 
7ff5c8000000-7ff5c8021000 rw-p 00000000 00:00 0 
7ff5c8021000-7ff5cc000000 ---p 00000000 00:00 0 
7ff5cc000000-7ff5cc0dc000 rw-p 00000000 00:00 0 
7ff5cc0dc000-7ff5d0000000 ---p 00000000 00:00 0 
7ff5d0000000-7ff5d0021000 rw-p 00000000 00:00 0 
7ff5d0021000-7ff5d4000000 ---p 00000000 00:00 0 
7ff5d4000000-7ff5d4021000 rw-p 00000000 00:00 0 
7ff5d4021000-7ff5d8000000 ---p 00000000 00:00 0 
7ff5d8000000-7ff5d8021000 rw-p 00000000 00:00 0 
7ff5d8021000-7ff5dc000000 ---p 00000000 00:00 0 
7ff5dc000000-7ff5dc021000 rw-p 00000000 00:00 0 
7ff5dc021000-7ff5e0000000 ---p 00000000 00:00 0 
7ff5e0000000-7ff5e0021000 rw-p 00000000 00:00 0 
7ff5e0021000-7ff5e4000000 ---p 00000000 00:00 0 
7ff5e49f5000-7ff5e4af5000 rw-p 00000000 00:00 0 
7ff5e4af5000-7ff5e4bf5000 ---p 00000000 00:00 0 
7ff5e4bf5000-7ff5e4bf8000 ---p 00000000 00:00 0 
7ff5e4bf8000-7ff5e4cf6000 rw-p 00000000 00:00 0                          [stack:5968]
7ff5e4cf6000-7ff5e4cf9000 ---p 00000000 00:00 0 
7ff5e4cf9000-7ff5e4ff7000 rw-p 00000000 00:00 0                          [stack:5967]
7ff5e4ff7000-7ff5e5060000 r-xp 00000000 08:06 3149737                    /usr/lib/jvm/java-8-oracle/jre/lib/amd64/libt2k.so
7ff5e5060000-7ff5e525f000 ---p 00069000 08:06 3149737                    /usr/lib/jvm/java-8-oracle/jre/lib/amd64/libt2k.so
7ff5e525f000-7ff5e5266000 rw-p 00068000 08:06 3149737                    /usr/lib/jvm/java-8-oracle/jre/lib/amd64/libt2k.so
7ff5e5266000-7ff5e5276000 rw-p 00000000 00:00 0 
7ff5e5276000-7ff5e5287000 r-xp 00000000 08:06 3149767                    /usr/lib/jvm/java-8-oracle/jre/lib/amd64/libnio.so
7ff5e5287000-7ff5e5486000 ---p 00011000 08:06 3149767                    /usr/lib/jvm/java-8-oracle/jre/lib/amd64/libnio.so
7ff5e5486000-7ff5e5487000 rw-p 00010000 08:06 3149767                    /usr/lib/jvm/java-8-oracle/jre/lib/amd64/libnio.so
7ff5e5487000-7ff5e549d000 r-xp 00000000 08:06 3149777                    /usr/lib/jvm/java-8-oracle/jre/lib/amd64/libnet.so
7ff5e549d000-7ff5e569d000 ---p 00016000 08:06 3149777                    /usr/lib/jvm/java-8-oracle/jre/lib/amd64/libnet.so
7ff5e569d000-7ff5e569e000 rw-p 00016000 08:06 3149777                    /usr/lib/jvm/java-8-oracle/jre/lib/amd64/libnet.so
7ff5e569e000-7ff5e589e000 rw-p 00000000 00:00 0 
7ff5e589e000-7ff5e58a1000 ---p 00000000 00:00 0 
7ff5e58a1000-7ff5e599f000 rw-p 00000000 00:00 0                          [stack:5966]
7ff5e599f000-7ff5e59a4000 r-xp 00000000 08:06 2891577                    /usr/lib/x86_64-linux-gnu/libXfixes.so.3.1.0
7ff5e59a4000-7ff5e5ba3000 ---p 00005000 08:06 2891577                    /usr/lib/x86_64-linux-gnu/libXfixes.so.3.1.0
7ff5e5ba3000-7ff5e5ba4000 r--p 00004000 08:06 2891577                    /usr/lib/x86_64-linux-gnu/libXfixes.so.3.1.0
7ff5e5ba4000-7ff5e5ba5000 rw-p 00005000 08:06 2891577                    /usr/lib/x86_64-linux-gnu/libXfixes.so.3.1.0
7ff5e5ba5000-7ff5e5bae000 r-xp 00000000 08:06 2891569                    /usr/lib/x86_64-linux-gnu/libXcursor.so.1.0.2
7ff5e5bae000-7ff5e5dad000 ---p 00009000 08:06 2891569                    /usr/lib/x86_64-linux-gnu/libXcursor.so.1.0.2
7ff5e5dad000-7ff5e5dae000 r--p 00008000 08:06 2891569                    /usr/lib/x86_64-linux-gnu/libXcursor.so.1.0.2
7ff5e5dae000-7ff5e5daf000 rw-p 00009000 08:06 2891569                    /usr/lib/x86_64-linux-gnu/libXcursor.so.1.0.2
7ff5e5daf000-7ff5e5db2000 ---p 00000000 00:00 0 
7ff5e5db2000-7ff5e5eb0000 rw-p 00000000 00:00 0                          [stack:5965]
7ff5e5eb0000-7ff5e5ec6000 r-xp 00000000 08:06 13373313                   /lib/x86_64-linux-gnu/libgcc_s.so.1
7ff5e5ec6000-7ff5e60c5000 ---p 00016000 08:06 13373313                   /lib/x86_64-linux-gnu/libgcc_s.so.1
7ff5e60c5000-7ff5e60c6000 rw-p 00015000 08:06 13373313                   /lib/x86_64-linux-gnu/libgcc_s.so.1
7ff5e60c6000-7ff5e612b000 r-xp 00000000 08:06 3149779                    /usr/lib/jvm/java-8-oracle/jre/lib/amd64/libfontmanager.so
7ff5e612b000-7ff5e632a000 ---p 00065000 08:06 3149779                    /usr/lib/jvm/java-8-oracle/jre/lib/amd64/libfontmanager.so
7ff5e632a000-7ff5e632e000 rw-p 00064000 08:06 3149779                    /usr/lib/jvm/java-8-oracle/jre/lib/amd64/libfontmanager.so
7ff5e632e000-7ff5e633f000 rw-p 00000000 00:00 0 
7ff5e633f000-7ff5e6344000 r-xp 00000000 08:06 2891573                    /usr/lib/x86_64-linux-gnu/libXdmcp.so.6.0.0
7ff5e6344000-7ff5e6543000 ---p 00005000 08:06 2891573                    /usr/lib/x86_64-linux-gnu/libXdmcp.so.6.0.0
7ff5e6543000-7ff5e6544000 r--p 00004000 08:06 2891573                    /usr/lib/x86_64-linux-gnu/libXdmcp.so.6.0.0
7ff5e6544000-7ff5e6545000 rw-p 00005000 08:06 2891573                    /usr/lib/x86_64-linux-gnu/libXdmcp.so.6.0.0
7ff5e6545000-7ff5e6547000 r-xp 00000000 08:06 2891562                    /usr/lib/x86_64-linux-gnu/libXau.so.6.0.0
7ff5e6547000-7ff5e6747000 ---p 00002000 08:06 2891562                    /usr/lib/x86_64-linux-gnu/libXau.so.6.0.0
7ff5e6747000-7ff5e6748000 r--p 00002000 08:06 2891562                    /usr/lib/x86_64-linux-gnu/libXau.so.6.0.0
7ff5e6748000-7ff5e6749000 rw-p 00003000 08:06 2891562                    /usr/lib/x86_64-linux-gnu/libXau.so.6.0.0
7ff5e6749000-7ff5e6766000 r-xp 00000000 08:06 2892632                    /usr/lib/x86_64-linux-gnu/libxcb.so.1.1.0
7ff5e6766000-7ff5e6966000 ---p 0001d000 08:06 2892632                    /usr/lib/x86_64-linux-gnu/libxcb.so.1.1.0
7ff5e6966000-7ff5e6967000 r--p 0001d000 08:06 2892632                    /usr/lib/x86_64-linux-gnu/libxcb.so.1.1.0
7ff5e6967000-7ff5e6968000 rw-p 0001e000 08:06 2892632                    /usr/lib/x86_64-linux-gnu/libxcb.so.1.1.0
7ff5e6968000-7ff5e6977000 r-xp 00000000 08:06 2891583                    /usr/lib/x86_64-linux-gnu/libXi.so.6.1.0
7ff5e6977000-7ff5e6b76000 ---p 0000f000 08:06 2891583                    /usr/lib/x86_64-linux-gnu/libXi.so.6.1.0
7ff5e6b76000-7ff5e6b77000 r--p 0000e000 08:06 2891583                    /usr/lib/x86_64-linux-gnu/libXi.so.6.1.0
7ff5e6b77000-7ff5e6b78000 rw-p 0000f000 08:06 2891583                    /usr/lib/x86_64-linux-gnu/libXi.so.6.1.0
7ff5e6b78000-7ff5e6b7d000 r-xp 00000000 08:06 2891603                    /usr/lib/x86_64-linux-gnu/libXtst.so.6.1.0
7ff5e6b7d000-7ff5e6d7c000 ---p 00005000 08:06 2891603                    /usr/lib/x86_64-linux-gnu/libXtst.so.6.1.0
7ff5e6d7c000-7ff5e6d7d000 r--p 00004000 08:06 2891603                    /usr/lib/x86_64-linux-gnu/libXtst.so.6.1.0
7ff5e6d7d000-7ff5e6d7e000 rw-p 00005000 08:06 2891603                    /usr/lib/x86_64-linux-gnu/libXtst.so.6.1.0
7ff5e6d7e000-7ff5e6d87000 r-xp 00000000 08:06 2891597                    /usr/lib/x86_64-linux-gnu/libXrender.so.1.3.0
7ff5e6d87000-7ff5e6f86000 ---p 00009000 08:06 2891597                    /usr/lib/x86_64-linux-gnu/libXrender.so.1.3.0
7ff5e6f86000-7ff5e6f87000 r--p 00008000 08:06 2891597                    /usr/lib/x86_64-linux-gnu/libXrender.so.1.3.0
7ff5e6f87000-7ff5e6f88000 rw-p 00009000 08:06 2891597                    /usr/lib/x86_64-linux-gnu/libXrender.so.1.3.0
7ff5e6f88000-7ff5e70b8000 r-xp 00000000 08:06 2891558                    /usr/lib/x86_64-linux-gnu/libX11.so.6.3.0
7ff5e70b8000-7ff5e72b8000 ---p 00130000 08:06 2891558                    /usr/lib/x86_64-linux-gnu/libX11.so.6.3.0
7ff5e72b8000-7ff5e72b9000 r--p 00130000 08:06 2891558                    /usr/lib/x86_64-linux-gnu/libX11.so.6.3.0
7ff5e72b9000-7ff5e72bd000 rw-p 00131000 08:06 2891558                    /usr/lib/x86_64-linux-gnu/libX11.so.6.3.0
7ff5e72bd000-7ff5e72ce000 r-xp 00000000 08:06 2891575                    /usr/lib/x86_64-linux-gnu/libXext.so.6.4.0
7ff5e72ce000-7ff5e74cd000 ---p 00011000 08:06 2891575                    /usr/lib/x86_64-linux-gnu/libXext.so.6.4.0
7ff5e74cd000-7ff5e74ce000 r--p 00010000 08:06 2891575                    /usr/lib/x86_64-linux-gnu/libXext.so.6.4.0
7ff5e74ce000-7ff5e74cf000 rw-p 00011000 08:06 2891575                    /usr/lib/x86_64-linux-gnu/libXext.so.6.4.0
7ff5e74cf000-7ff5e7523000 r-xp 00000000 08:06 3149772                    /usr/lib/jvm/java-8-oracle/jre/lib/amd64/libawt_xawt.so
7ff5e7523000-7ff5e7723000 ---p 00054000 08:06 3149772                    /usr/lib/jvm/java-8-oracle/jre/lib/amd64/libawt_xawt.so
7ff5e7723000-7ff5e7727000 rw-p 00054000 08:06 3149772                    /usr/lib/jvm/java-8-oracle/jre/lib/amd64/libawt_xawt.so
7ff5e7727000-7ff5e7728000 rw-p 00000000 00:00 0 
7ff5e7728000-7ff5e77ca000 r-xp 00000000 08:06 3149784                    /usr/lib/jvm/java-8-oracle/jre/lib/amd64/libawt.so
7ff5e77ca000-7ff5e79ca000 ---p 000a2000 08:06 3149784                    /usr/lib/jvm/java-8-oracle/jre/lib/amd64/libawt.so
7ff5e79ca000-7ff5e79d6000 rw-p 000a2000 08:06 3149784                    /usr/lib/jvm/java-8-oracle/jre/lib/amd64/libawt.so
7ff5e79d6000-7ff5e79fa000 rw-p 00000000 00:00 0 
7ff5e79fa000-7ff5e79fb000 ---p 00000000 00:00 0 
7ff5e79fb000-7ff5e7afb000 rw-p 00000000 00:00 0                          [stack:5964]
7ff5e7afb000-7ff5e7afe000 ---p 00000000 00:00 0 
7ff5e7afe000-7ff5e7bfc000 rw-p 00000000 00:00 0                          [stack:5963]
7ff5e7bfc000-7ff5e7bff000 ---p 00000000 00:00 0 
7ff5e7bff000-7ff5e7cfd000 rw-p 00000000 00:00 0                          [stack:5962]
7ff5e7cfd000-7ff5e7d00000 ---p 00000000 00:00 0 
7ff5e7d00000-7ff5e7dfe000 rw-p 00000000 00:00 0                          [stack:5961]
7ff5e7dfe000-7ff5e7e01000 ---p 00000000 00:00 0 
7ff5e7e01000-7ff5e7eff000 rw-p 00000000 00:00 0                          [stack:5960]
7ff5e7eff000-7ff5e7f02000 ---p 00000000 00:00 0 
7ff5e7f02000-7ff5e8000000 rw-p 00000000 00:00 0                          [stack:5959]
7ff5e8000000-7ff5e8021000 rw-p 00000000 00:00 0 
7ff5e8021000-7ff5ec000000 ---p 00000000 00:00 0 
7ff5ec007000-7ff5ec038000 rw-p 00000000 00:00 0 
7ff5ec038000-7ff5ec039000 r--s 00000000 08:06 917794                     /var/cache/fontconfig/c05880de57d1f5e948fdfacc138775d9-le64.cache-4
7ff5ec039000-7ff5ec044000 r--s 00000000 08:06 917788                     /var/cache/fontconfig/945677eb7aeaf62f1d50efc3fb3ec7d8-le64.cache-4
7ff5ec044000-7ff5ec04a000 r--s 00000000 08:06 917774                     /var/cache/fontconfig/2cd17615ca594fa2959ae173292e504c-le64.cache-4
7ff5ec04a000-7ff5ec04b000 r--s 00000000 08:06 917804                     /var/cache/fontconfig/e7071f4a29fa870f4323321c154eba04-le64.cache-4
7ff5ec04b000-7ff5ec052000 r--s 00000000 08:06 917791                     /var/cache/fontconfig/a755afe4a08bf5b97852ceb7400b47bc-le64.cache-4
7ff5ec052000-7ff5ec056000 r--s 00000000 08:06 929082                     /var/cache/fontconfig/6d41288fd70b0be22e8c3a91e032eec0-le64.cache-4
7ff5ec056000-7ff5ec06a000 r--s 00000000 08:06 917769                     /var/cache/fontconfig/04aabc0a78ac019cf9454389977116d2-le64.cache-4
7ff5ec06a000-7ff5ec06e000 r--s 00000000 08:06 917777                     /var/cache/fontconfig/385c0604a188198f04d133e54aba7fe7-le64.cache-4
7ff5ec06e000-7ff5ec073000 r--s 00000000 08:06 917787                     /var/cache/fontconfig/8801497958630a81b71ace7c5f9b32a8-le64.cache-4
7ff5ec073000-7ff5ec07a000 r--s 00000000 08:06 917775                     /var/cache/fontconfig/3047814df9a2f067bd2d96a2b9c36e5a-le64.cache-4
7ff5ec07a000-7ff5ec08d000 r--s 00000000 08:06 917798                     /var/cache/fontconfig/d52a8644073d54c13679302ca1180695-le64.cache-4
7ff5ec08d000-7ff5ec096000 r--s 00000000 08:06 927419                     /var/cache/fontconfig/3f7329c5293ffd510edef78f73874cfd-le64.cache-4
7ff5ec096000-7ff5ec0a3000 r--s 00000000 08:06 926744                     /var/cache/fontconfig/e13b20fdb08344e0e664864cc2ede53d-le64.cache-4
7ff5ec0a3000-7ff5ec0ae000 r--s 00116000 08:06 3149822                    /usr/lib/jvm/java-8-oracle/jre/lib/ext/localedata.jar
7ff5ec0ae000-7ff5ec0d0000 r--p 00000000 08:06 4599592                    /usr/share/locale-langpack/pt_BR/LC_MESSAGES/libc.mo
7ff5ec0d0000-7ff5ec7b4000 r--p 00000000 08:06 2890563                    /usr/lib/locale/locale-archive
7ff5ec7b4000-7ff5ec7b7000 ---p 00000000 00:00 0 
7ff5ec7b7000-7ff5ec8b5000 rw-p 00000000 00:00 0                          [stack:5958]
7ff5ec8b5000-7ff5ec8b8000 ---p 00000000 00:00 0 
7ff5ec8b8000-7ff5ec9b6000 rw-p 00000000 00:00 0                          [stack:5957]
7ff5ec9b6000-7ff5ec9b7000 ---p 00000000 00:00 0 
7ff5ec9b7000-7ff5f0000000 rw-p 00000000 00:00 0                          [stack:5956]
7ff5f0000000-7ff5f0021000 rw-p 00000000 00:00 0 
7ff5f0021000-7ff5f4000000 ---p 00000000 00:00 0 
7ff5f4000000-7ff5f4001000 r--s 00000000 08:06 917771                     /var/cache/fontconfig/0d8c3b2ac0904cb8a57a757ad11a4a08-le64.cache-4
7ff5f4001000-7ff5f4002000 r--s 00000000 08:06 917773                     /var/cache/fontconfig/1ac9eb803944fde146138c791f5cc56a-le64.cache-4
7ff5f4002000-7ff5f4003000 r--s 00000000 08:06 917801                     /var/cache/fontconfig/dc05db6664285cc2f12bf69c139ae4c3-le64.cache-4
7ff5f4003000-7ff5f462a000 rw-p 00000000 00:00 0 
7ff5f462a000-7ff5f4800000 r--s 03cae000 08:06 2897646                    /usr/lib/jvm/java-8-oracle/jre/lib/rt.jar
7ff5f4800000-7ff5f5000000 rw-p 00000000 00:00 0 
7ff5f5000000-7ff5f53f0000 rwxp 00000000 00:00 0 
7ff5f53f0000-7ff604000000 ---p 00000000 00:00 0 
7ff604000000-7ff6045dc000 rw-p 00000000 00:00 0 
7ff6045dc000-7ff608000000 ---p 00000000 00:00 0 
7ff608000000-7ff608006000 r--s 00000000 08:06 917792                     /var/cache/fontconfig/b47c4e1ecd0709278f4910c18777a504-le64.cache-4
7ff608006000-7ff6084e0000 rw-p 00000000 00:00 0 
7ff6084e0000-7ff6084e1000 ---p 00000000 00:00 0 
7ff6084e1000-7ff6085e1000 rw-p 00000000 00:00 0                          [stack:5955]
7ff6085e1000-7ff6085e2000 ---p 00000000 00:00 0 
7ff6085e2000-7ff6086e2000 rw-p 00000000 00:00 0                          [stack:5954]
7ff6086e2000-7ff6086e3000 ---p 00000000 00:00 0 
7ff6086e3000-7ff6087e3000 rw-p 00000000 00:00 0                          [stack:5953]
7ff6087e3000-7ff6087e4000 ---p 00000000 00:00 0 
7ff6087e4000-7ff608903000 rw-p 00000000 00:00 0                          [stack:5952]
7ff608903000-7ff608ac6000 ---p 00000000 00:00 0 
7ff608ac6000-7ff608ae5000 rw-p 00000000 00:00 0 
7ff608ae5000-7ff608ca7000 ---p 00000000 00:00 0 
7ff608ca7000-7ff608cb7000 rw-p 00000000 00:00 0 
7ff608cb7000-7ff608d98000 ---p 00000000 00:00 0 
7ff608d98000-7ff608da9000 rw-p 00000000 00:00 0 
7ff608da9000-7ff609159000 ---p 00000000 00:00 0 
7ff609159000-7ff609173000 r-xp 00000000 08:06 3149765                    /usr/lib/jvm/java-8-oracle/jre/lib/amd64/libzip.so
7ff609173000-7ff609373000 ---p 0001a000 08:06 3149765                    /usr/lib/jvm/java-8-oracle/jre/lib/amd64/libzip.so
7ff609373000-7ff609374000 rw-p 0001a000 08:06 3149765                    /usr/lib/jvm/java-8-oracle/jre/lib/amd64/libzip.so
7ff609374000-7ff60937f000 r-xp 00000000 08:06 13375663                   /lib/x86_64-linux-gnu/libnss_files-2.19.so
7ff60937f000-7ff60957e000 ---p 0000b000 08:06 13375663                   /lib/x86_64-linux-gnu/libnss_files-2.19.so
7ff60957e000-7ff60957f000 r--p 0000a000 08:06 13375663                   /lib/x86_64-linux-gnu/libnss_files-2.19.so
7ff60957f000-7ff609580000 rw-p 0000b000 08:06 13375663                   /lib/x86_64-linux-gnu/libnss_files-2.19.so
7ff609580000-7ff60958b000 r-xp 00000000 08:06 13373484                   /lib/x86_64-linux-gnu/libnss_nis-2.19.so
7ff60958b000-7ff60978a000 ---p 0000b000 08:06 13373484                   /lib/x86_64-linux-gnu/libnss_nis-2.19.so
7ff60978a000-7ff60978b000 r--p 0000a000 08:06 13373484                   /lib/x86_64-linux-gnu/libnss_nis-2.19.so
7ff60978b000-7ff60978c000 rw-p 0000b000 08:06 13373484                   /lib/x86_64-linux-gnu/libnss_nis-2.19.so
7ff60978c000-7ff6097a3000 r-xp 00000000 08:06 13373456                   /lib/x86_64-linux-gnu/libnsl-2.19.so
7ff6097a3000-7ff6099a2000 ---p 00017000 08:06 13373456                   /lib/x86_64-linux-gnu/libnsl-2.19.so
7ff6099a2000-7ff6099a3000 r--p 00016000 08:06 13373456                   /lib/x86_64-linux-gnu/libnsl-2.19.so
7ff6099a3000-7ff6099a4000 rw-p 00017000 08:06 13373456                   /lib/x86_64-linux-gnu/libnsl-2.19.so
7ff6099a4000-7ff6099a6000 rw-p 00000000 00:00 0 
7ff6099a6000-7ff6099af000 r-xp 00000000 08:06 13373409                   /lib/x86_64-linux-gnu/libnss_compat-2.19.so
7ff6099af000-7ff609bae000 ---p 00009000 08:06 13373409                   /lib/x86_64-linux-gnu/libnss_compat-2.19.so
7ff609bae000-7ff609baf000 r--p 00008000 08:06 13373409                   /lib/x86_64-linux-gnu/libnss_compat-2.19.so
7ff609baf000-7ff609bb0000 rw-p 00009000 08:06 13373409                   /lib/x86_64-linux-gnu/libnss_compat-2.19.so
7ff609bb0000-7ff609bda000 r-xp 00000000 08:06 3149771                    /usr/lib/jvm/java-8-oracle/jre/lib/amd64/libjava.so
7ff609bda000-7ff609dda000 ---p 0002a000 08:06 3149771                    /usr/lib/jvm/java-8-oracle/jre/lib/amd64/libjava.so
7ff609dda000-7ff609ddc000 rw-p 0002a000 08:06 3149771                    /usr/lib/jvm/java-8-oracle/jre/lib/amd64/libjava.so
7ff609ddc000-7ff609de9000 r-xp 00000000 08:06 3149749                    /usr/lib/jvm/java-8-oracle/jre/lib/amd64/libverify.so
7ff609de9000-7ff609fe9000 ---p 0000d000 08:06 3149749                    /usr/lib/jvm/java-8-oracle/jre/lib/amd64/libverify.so
7ff609fe9000-7ff609feb000 rw-p 0000d000 08:06 3149749                    /usr/lib/jvm/java-8-oracle/jre/lib/amd64/libverify.so
7ff609feb000-7ff609ff2000 r-xp 00000000 08:06 13373365                   /lib/x86_64-linux-gnu/librt-2.19.so
7ff609ff2000-7ff60a1f1000 ---p 00007000 08:06 13373365                   /lib/x86_64-linux-gnu/librt-2.19.so
7ff60a1f1000-7ff60a1f2000 r--p 00006000 08:06 13373365                   /lib/x86_64-linux-gnu/librt-2.19.so
7ff60a1f2000-7ff60a1f3000 rw-p 00007000 08:06 13373365                   /lib/x86_64-linux-gnu/librt-2.19.so
7ff60a1f3000-7ff60a2f8000 r-xp 00000000 08:06 13373421                   /lib/x86_64-linux-gnu/libm-2.19.so
7ff60a2f8000-7ff60a4f7000 ---p 00105000 08:06 13373421                   /lib/x86_64-linux-gnu/libm-2.19.so
7ff60a4f7000-7ff60a4f8000 r--p 00104000 08:06 13373421                   /lib/x86_64-linux-gnu/libm-2.19.so
7ff60a4f8000-7ff60a4f9000 rw-p 00105000 08:06 13373421                   /lib/x86_64-linux-gnu/libm-2.19.so
7ff60a4f9000-7ff60b167000 r-xp 00000000 08:06 3149745                    /usr/lib/jvm/java-8-oracle/jre/lib/amd64/server/libjvm.so
7ff60b167000-7ff60b366000 ---p 00c6e000 08:06 3149745                    /usr/lib/jvm/java-8-oracle/jre/lib/amd64/server/libjvm.so
7ff60b366000-7ff60b43c000 rw-p 00c6d000 08:06 3149745                    /usr/lib/jvm/java-8-oracle/jre/lib/amd64/server/libjvm.so
7ff60b43c000-7ff60b47f000 rw-p 00000000 00:00 0 
7ff60b47f000-7ff60b63a000 r-xp 00000000 08:06 13373363                   /lib/x86_64-linux-gnu/libc-2.19.so
7ff60b63a000-7ff60b83a000 ---p 001bb000 08:06 13373363                   /lib/x86_64-linux-gnu/libc-2.19.so
7ff60b83a000-7ff60b83e000 r--p 001bb000 08:06 13373363                   /lib/x86_64-linux-gnu/libc-2.19.so
7ff60b83e000-7ff60b840000 rw-p 001bf000 08:06 13373363                   /lib/x86_64-linux-gnu/libc-2.19.so
7ff60b840000-7ff60b845000 rw-p 00000000 00:00 0 
7ff60b845000-7ff60b848000 r-xp 00000000 08:06 13373405                   /lib/x86_64-linux-gnu/libdl-2.19.so
7ff60b848000-7ff60ba47000 ---p 00003000 08:06 13373405                   /lib/x86_64-linux-gnu/libdl-2.19.so
7ff60ba47000-7ff60ba48000 r--p 00002000 08:06 13373405                   /lib/x86_64-linux-gnu/libdl-2.19.so
7ff60ba48000-7ff60ba49000 rw-p 00003000 08:06 13373405                   /lib/x86_64-linux-gnu/libdl-2.19.so
7ff60ba49000-7ff60ba5e000 r-xp 00000000 08:06 2895139                    /usr/lib/jvm/java-8-oracle/lib/amd64/jli/libjli.so
7ff60ba5e000-7ff60bc5d000 ---p 00015000 08:06 2895139                    /usr/lib/jvm/java-8-oracle/lib/amd64/jli/libjli.so
7ff60bc5d000-7ff60bc5e000 rw-p 00014000 08:06 2895139                    /usr/lib/jvm/java-8-oracle/lib/amd64/jli/libjli.so
7ff60bc5e000-7ff60bc77000 r-xp 00000000 08:06 13373494                   /lib/x86_64-linux-gnu/libpthread-2.19.so
7ff60bc77000-7ff60be76000 ---p 00019000 08:06 13373494                   /lib/x86_64-linux-gnu/libpthread-2.19.so
7ff60be76000-7ff60be77000 r--p 00018000 08:06 13373494                   /lib/x86_64-linux-gnu/libpthread-2.19.so
7ff60be77000-7ff60be78000 rw-p 00019000 08:06 13373494                   /lib/x86_64-linux-gnu/libpthread-2.19.so
7ff60be78000-7ff60be7c000 rw-p 00000000 00:00 0 
7ff60be7c000-7ff60be9f000 r-xp 00000000 08:06 13373350                   /lib/x86_64-linux-gnu/ld-2.19.so
7ff60be9f000-7ff60bea1000 r--s 00000000 08:06 917785                     /var/cache/fontconfig/767a8244fc0220cfb567a839d0392e0b-le64.cache-4
7ff60bea1000-7ff60bea2000 r--s 00000000 08:06 923908                     /var/cache/fontconfig/4794a0821666d79190d59a36cb4f44b5-le64.cache-4
7ff60bea2000-7ff60bea6000 r--s 00000000 08:06 917799                     /var/cache/fontconfig/d589a48862398ed80a3d6066f4f56f4c-le64.cache-4
7ff60bea6000-7ff60beb9000 r--s 00344000 08:06 2897476                    /usr/lib/jvm/java-8-oracle/jre/lib/resources.jar
7ff60beb9000-7ff60bf7a000 rw-p 00000000 00:00 0 
7ff60bf7a000-7ff60bf7d000 ---p 00000000 00:00 0 
7ff60bf7d000-7ff60c07f000 rw-p 00000000 00:00 0                          [stack:5949]
7ff60c07f000-7ff60c080000 r--s 00000000 08:06 917781                     /var/cache/fontconfig/56cf4f4769d0f4abc89a4895d7bd3ae1-le64.cache-4
7ff60c080000-7ff60c081000 r--s 00000000 08:06 917793                     /var/cache/fontconfig/b9d506c9ac06c20b433354fa67a72993-le64.cache-4
7ff60c081000-7ff60c082000 r--s 00000000 08:06 917770                     /var/cache/fontconfig/0c9eb80ebd1c36541ebe2852d3bb0c49-le64.cache-4
7ff60c082000-7ff60c086000 r--s 00000000 08:06 929081                     /var/cache/fontconfig/7ef2298fde41cc6eeb7af42e48b7d293-le64.cache-4
7ff60c086000-7ff60c08d000 r--s 00000000 08:06 3287063                    /usr/lib/x86_64-linux-gnu/gconv/gconv-modules.cache
7ff60c08d000-7ff60c092000 r--s 002f8000 08:06 2895166                    /usr/lib/jvm/java-8-oracle/jre/lib/charsets.jar
7ff60c092000-7ff60c09a000 rw-s 00000000 08:06 15728841                   /tmp/hsperfdata_claudio/5946
7ff60c09a000-7ff60c09b000 rw-p 00000000 00:00 0 
7ff60c09b000-7ff60c09c000 r--p 00000000 00:00 0 
7ff60c09c000-7ff60c09e000 rw-p 00000000 00:00 0 
7ff60c09e000-7ff60c09f000 r--p 00022000 08:06 13373350                   /lib/x86_64-linux-gnu/ld-2.19.so
7ff60c09f000-7ff60c0a0000 rw-p 00023000 08:06 13373350                   /lib/x86_64-linux-gnu/ld-2.19.so
7ff60c0a0000-7ff60c0a1000 rw-p 00000000 00:00 0 
7fffdcdbd000-7fffdcdde000 rw-p 00000000 00:00 0                          [stack]
7fffdcdfe000-7fffdce00000 r-xp 00000000 00:00 0                          [vdso]
ffffffffff600000-ffffffffff601000 r-xp 00000000 00:00 0                  [vsyscall]

VM Arguments:
jvm_args: -Dfile.encoding=UTF-8 
java_command: br.ufrj.cos.expline.scicumulus.conversion.main.ScicumulusInstantiator
java_class_path (initial): /home/claudio/Área de Trabalho/Repositories/expline-scicumulus-instantiation/bin
Launcher Type: SUN_STANDARD

Environment Variables:
JAVA_HOME=/usr/lib/jvm/java-8-oracle
PATH=/usr/local/sbin:/usr/local/bin:/usr/sbin:/usr/bin:/sbin:/bin:/usr/games:/usr/local/games:/usr/lib/jvm/java-8-oracle/bin:/usr/lib/jvm/java-8-oracle/db/bin:/usr/lib/jvm/java-8-oracle/jre/bin
SHELL=/bin/bash
DISPLAY=:0.0

Signal Handlers:
SIGSEGV: [libjvm.so+0xa7a650], sa_mask[0]=11111111011111111101111111111110, sa_flags=SA_RESTART|SA_SIGINFO
SIGBUS: [libjvm.so+0xa7a650], sa_mask[0]=11111111011111111101111111111110, sa_flags=SA_RESTART|SA_SIGINFO
SIGFPE: [libjvm.so+0x8e28f0], sa_mask[0]=11111111011111111101111111111110, sa_flags=SA_RESTART|SA_SIGINFO
SIGPIPE: [libjvm.so+0x8e28f0], sa_mask[0]=11111111011111111101111111111110, sa_flags=SA_RESTART|SA_SIGINFO
SIGXFSZ: [libjvm.so+0x8e28f0], sa_mask[0]=11111111011111111101111111111110, sa_flags=SA_RESTART|SA_SIGINFO
SIGILL: [libjvm.so+0x8e28f0], sa_mask[0]=11111111011111111101111111111110, sa_flags=SA_RESTART|SA_SIGINFO
SIGUSR1: SIG_DFL, sa_mask[0]=00000000000000000000000000000000, sa_flags=none
SIGUSR2: [libjvm.so+0x8e4120], sa_mask[0]=00100000000000000000000000000000, sa_flags=SA_RESTART|SA_SIGINFO
SIGHUP: [libjvm.so+0x8e54e0], sa_mask[0]=11111111011111111101111111111110, sa_flags=SA_RESTART|SA_SIGINFO
SIGINT: [libjvm.so+0x8e54e0], sa_mask[0]=11111111011111111101111111111110, sa_flags=SA_RESTART|SA_SIGINFO
SIGTERM: [libjvm.so+0x8e54e0], sa_mask[0]=11111111011111111101111111111110, sa_flags=SA_RESTART|SA_SIGINFO
SIGQUIT: [libjvm.so+0x8e54e0], sa_mask[0]=11111111011111111101111111111110, sa_flags=SA_RESTART|SA_SIGINFO


---------------  S Y S T E M  ---------------

OS:DISTRIB_ID=Ubuntu
DISTRIB_RELEASE=14.04
DISTRIB_CODENAME=trusty
DISTRIB_DESCRIPTION="Ubuntu 14.04.2 LTS"

uname:Linux 3.13.0-45-generic #74-Ubuntu SMP Tue Jan 13 19:36:28 UTC 2015 x86_64
libc:glibc 2.19 NPTL 2.19 
rlimit: STACK 8192k, CORE 0k, NPROC 45977, NOFILE 4096, AS infinity
load average:0,55 0,70 0,78

/proc/meminfo:
MemTotal:        5906704 kB
MemFree:         3549128 kB
Buffers:          135852 kB
Cached:          1009184 kB
SwapCached:            0 kB
Active:          1260260 kB
Inactive:         722208 kB
Active(anon):     678568 kB
Inactive(anon):   165648 kB
Active(file):     581692 kB
Inactive(file):   556560 kB
Unevictable:          32 kB
Mlocked:              32 kB
SwapTotal:       1990652 kB
SwapFree:        1990368 kB
Dirty:              1604 kB
Writeback:             0 kB
AnonPages:        837636 kB
Mapped:            68476 kB
Shmem:              6612 kB
Slab:             296336 kB
SReclaimable:     262504 kB
SUnreclaim:        33832 kB
KernelStack:        3120 kB
PageTables:        12656 kB
NFS_Unstable:          0 kB
Bounce:                0 kB
WritebackTmp:          0 kB
CommitLimit:     4944004 kB
Committed_AS:    3086832 kB
VmallocTotal:   34359738367 kB
VmallocUsed:      551584 kB
VmallocChunk:   34359177692 kB
HardwareCorrupted:     0 kB
AnonHugePages:    632832 kB
HugePages_Total:       0
HugePages_Free:        0
HugePages_Rsvd:        0
HugePages_Surp:        0
Hugepagesize:       2048 kB
DirectMap4k:       72784 kB
DirectMap2M:     6012928 kB


CPU:total 4 (2 cores per cpu, 2 threads per core) family 6 model 37 stepping 5, cmov, cx8, fxsr, mmx, sse, sse2, sse3, ssse3, sse4.1, sse4.2, popcnt, ht, tsc, tscinvbit

/proc/cpuinfo:
processor	: 0
vendor_id	: GenuineIntel
cpu family	: 6
model		: 37
model name	: Intel(R) Core(TM) i3 CPU       M 370  @ 2.40GHz
stepping	: 5
microcode	: 0x2
cpu MHz		: 2394.000
cache size	: 3072 KB
physical id	: 0
siblings	: 4
core id		: 0
cpu cores	: 2
apicid		: 0
initial apicid	: 0
fpu		: yes
fpu_exception	: yes
cpuid level	: 11
wp		: yes
flags		: fpu vme de pse tsc msr pae mce cx8 apic sep mtrr pge mca cmov pat pse36 clflush dts acpi mmx fxsr sse sse2 ss ht tm pbe syscall nx rdtscp lm constant_tsc arch_perfmon pebs bts rep_good nopl xtopology nonstop_tsc aperfmperf pni dtes64 monitor ds_cpl vmx est tm2 ssse3 cx16 xtpr pdcm pcid sse4_1 sse4_2 popcnt lahf_lm arat dtherm tpr_shadow vnmi flexpriority ept vpid
bogomips	: 4788.16
clflush size	: 64
cache_alignment	: 64
address sizes	: 36 bits physical, 48 bits virtual
power management:

processor	: 1
vendor_id	: GenuineIntel
cpu family	: 6
model		: 37
model name	: Intel(R) Core(TM) i3 CPU       M 370  @ 2.40GHz
stepping	: 5
microcode	: 0x2
cpu MHz		: 2394.000
cache size	: 3072 KB
physical id	: 0
siblings	: 4
core id		: 2
cpu cores	: 2
apicid		: 4
initial apicid	: 4
fpu		: yes
fpu_exception	: yes
cpuid level	: 11
wp		: yes
flags		: fpu vme de pse tsc msr pae mce cx8 apic sep mtrr pge mca cmov pat pse36 clflush dts acpi mmx fxsr sse sse2 ss ht tm pbe syscall nx rdtscp lm constant_tsc arch_perfmon pebs bts rep_good nopl xtopology nonstop_tsc aperfmperf pni dtes64 monitor ds_cpl vmx est tm2 ssse3 cx16 xtpr pdcm pcid sse4_1 sse4_2 popcnt lahf_lm arat dtherm tpr_shadow vnmi flexpriority ept vpid
bogomips	: 4788.16
clflush size	: 64
cache_alignment	: 64
address sizes	: 36 bits physical, 48 bits virtual
power management:

processor	: 2
vendor_id	: GenuineIntel
cpu family	: 6
model		: 37
model name	: Intel(R) Core(TM) i3 CPU       M 370  @ 2.40GHz
stepping	: 5
microcode	: 0x2
cpu MHz		: 2394.000
cache size	: 3072 KB
physical id	: 0
siblings	: 4
core id		: 0
cpu cores	: 2
apicid		: 1
initial apicid	: 1
fpu		: yes
fpu_exception	: yes
cpuid level	: 11
wp		: yes
flags		: fpu vme de pse tsc msr pae mce cx8 apic sep mtrr pge mca cmov pat pse36 clflush dts acpi mmx fxsr sse sse2 ss ht tm pbe syscall nx rdtscp lm constant_tsc arch_perfmon pebs bts rep_good nopl xtopology nonstop_tsc aperfmperf pni dtes64 monitor ds_cpl vmx est tm2 ssse3 cx16 xtpr pdcm pcid sse4_1 sse4_2 popcnt lahf_lm arat dtherm tpr_shadow vnmi flexpriority ept vpid
bogomips	: 4788.16
clflush size	: 64
cache_alignment	: 64
address sizes	: 36 bits physical, 48 bits virtual
power management:

processor	: 3
vendor_id	: GenuineIntel
cpu family	: 6
model		: 37
model name	: Intel(R) Core(TM) i3 CPU       M 370  @ 2.40GHz
stepping	: 5
microcode	: 0x2
cpu MHz		: 2394.000
cache size	: 3072 KB
physical id	: 0
siblings	: 4
core id		: 2
cpu cores	: 2
apicid		: 5
initial apicid	: 5
fpu		: yes
fpu_exception	: yes
cpuid level	: 11
wp		: yes
flags		: fpu vme de pse tsc msr pae mce cx8 apic sep mtrr pge mca cmov pat pse36 clflush dts acpi mmx fxsr sse sse2 ss ht tm pbe syscall nx rdtscp lm constant_tsc arch_perfmon pebs bts rep_good nopl xtopology nonstop_tsc aperfmperf pni dtes64 monitor ds_cpl vmx est tm2 ssse3 cx16 xtpr pdcm pcid sse4_1 sse4_2 popcnt lahf_lm arat dtherm tpr_shadow vnmi flexpriority ept vpid
bogomips	: 4788.16
clflush size	: 64
cache_alignment	: 64
address sizes	: 36 bits physical, 48 bits virtual
power management:



Memory: 4k page, physical 5906704k(3549128k free), swap 1990652k(1990368k free)

vm_info: Java HotSpot(TM) 64-Bit Server VM (25.31-b07) for linux-amd64 JRE (1.8.0_31-b13), built on Dec 17 2014 20:40:15 by "java_re" with gcc 4.3.0 20080428 (Red Hat 4.3.0-8)

time: Sat Mar 21 20:07:40 2015
elapsed time: 9997 seconds (0d 2h 46m 37s)

