#
# A fatal error has been detected by the Java Runtime Environment:
#
#  SIGSEGV (0xb) at pc=0x00007fd2b10690ba, pid=3992, tid=140542658045696
#
# JRE version: Java(TM) SE Runtime Environment (8.0_31-b13) (build 1.8.0_31-b13)
# Java VM: Java HotSpot(TM) 64-Bit Server VM (25.31-b07 mixed mode linux-amd64 compressed oops)
# Problematic frame:
# v  ~BufferBlob::jni_fast_GetLongField
#
# Failed to write core dump. Core dumps have been disabled. To enable core dumping, try "ulimit -c unlimited" before starting Java again
#
# If you would like to submit a bug report, please visit:
#   http://bugreport.java.com/bugreport/crash.jsp
# The crash happened outside the Java Virtual Machine in native code.
# See problematic frame for where to report the bug.
#

---------------  T H R E A D  ---------------

Current thread (0x00007fd2c029e000):  JavaThread "AWT-XAWT" daemon [_thread_in_native, id=4013, stack(0x00007fd2a3256000,0x00007fd2a3357000)]

siginfo: si_signo: 11 (SIGSEGV), si_code: 1 (SEGV_MAPERR), si_addr: 0x0000000000000000

Registers:
RAX=0x00007fd2c8df72e0, RBX=0x00007fd2c029e1e8, RCX=0x00007fd2c9851320, RDX=0x0000000000000042
RSP=0x00007fd2a33554f8, RBP=0x00007fd2a3355520, RSI=0x0000000000000000, RDI=0x00007fd2c029e1e8
R8 =0x0000000000000005, R9 =0x0000000000000000, R10=0x000000000000007a, R11=0x00007fd2b13fc2d8
R12=0x00007fd2680169c0, R13=0x0000000000000000, R14=0x00007fd2a900d7c0, R15=0x00007fd2c029e000
RIP=0x00007fd2b10690ba, EFLAGS=0x0000000000010246, CSGSFS=0x0000000000000033, ERR=0x0000000000000004
  TRAPNO=0x000000000000000e

Top of Stack: (sp=0x00007fd2a33554f8)
0x00007fd2a33554f8:   00007fd2a8dec0a1 00007fd2c570bd48
0x00007fd2a3355508:   00007fd2680169c0 00007fd2a33555d0
0x00007fd2a3355518:   00007fd2a33555a0 0000000000000000
0x00007fd2a3355528:   00007fd2a88cfae8 00007fd2c570bd48
0x00007fd2a3355538:   00007fd2a3355560 0000000000000000
0x00007fd2a3355548:   00007fd2a88c79a3 00007fd2a33555d0
0x00007fd2a3355558:   00007fd2a8de539f 00007fd2a33555b0
0x00007fd2a3355568:   00007fd2b13fc376 0000000000000000
0x00007fd2a3355578:   00007fd2b124acb6 00007fd2a33555d0
0x00007fd2a3355588:   00007fd2b116fb6c 00000000e21d2570
0x00007fd2a3355598:   00007fd2b12ea334 00000000e208f7a8
0x00007fd2a33555a8:   00000000e218cba8 00007fd2a3355630
0x00007fd2a33555b8:   00007fd2b1007160 00007fd2a3355630
0x00007fd2a33555c8:   00007fd2b1007160 0000000000000000
0x00007fd2a33555d8:   00007fd2b10074a0 00007fd270000e30
0x00007fd2a33555e8:   00000000e21d2570 00007fd2a33555f0
0x00007fd2a33555f8:   00007fd2c589bcd4 00007fd2a3355678
0x00007fd2a3355608:   00007fd2c58a4e78 0000000000000000
0x00007fd2a3355618:   00007fd2c589be08 00007fd2a33555d0
0x00007fd2a3355628:   00007fd2a3355670 00007fd2a33556c0
0x00007fd2a3355638:   00007fd2b100798d 0000000000000000
0x00007fd2a3355648:   00000000e2488b08 0000000000000000
0x00007fd2a3355658:   0000000000000000 0000000000000000
0x00007fd2a3355668:   00000000e21d2570 0000000000000000
0x00007fd2a3355678:   00000000e218d6c0 00007fd2a3355680
0x00007fd2a3355688:   00007fd2c589bb15 00007fd2a33556d0
0x00007fd2a3355698:   00007fd2c58a4e78 0000000000000000
0x00007fd2a33556a8:   00007fd2c589bb20 00007fd2a3355670
0x00007fd2a33556b8:   00007fd2a33556d0 00007fd2a3355718
0x00007fd2a33556c8:   00007fd2b10079d2 00000000e218d6c0
0x00007fd2a33556d8:   00007fd2a33556d8 00007fd2c5414c93
0x00007fd2a33556e8:   00007fd2a3355728 00007fd2c5487b78 

Instructions: (pc=0x00007fd2b10690ba)
0x00007fd2b106909a:   00 00 00 00 00 00 44 8b 15 21 57 dc 17 4c 8b ce
0x00007fd2b10690aa:   41 f6 c2 01 0f 85 2e 00 00 00 4d 33 ca 4d 33 ca
0x00007fd2b10690ba:   4d 8b 09 4c 8b da 49 c1 eb 02 4b 8b 04 19 49 bb
0x00007fd2b10690ca:   c8 e7 e2 c8 d2 7f 00 00 4c 33 d8 4c 33 d8 45 3b 

Register to memory mapping:

RAX=0x00007fd2c8df72e0: <offset 0xf242e0> in /usr/lib/jvm/java-8-oracle/jre/lib/amd64/server/libjvm.so at 0x00007fd2c7ed3000
RBX=0x00007fd2c029e1e8 is an unknown value
RCX=0x00007fd2c9851320: <offset 0x219320> in /lib/x86_64-linux-gnu/libpthread.so.0 at 0x00007fd2c9638000
RDX=0x0000000000000042 is an unknown value
RSP=0x00007fd2a33554f8 is pointing into the stack for thread: 0x00007fd2c029e000
RBP=0x00007fd2a3355520 is pointing into the stack for thread: 0x00007fd2c029e000
RSI=0x0000000000000000 is an unknown value
RDI=0x00007fd2c029e1e8 is an unknown value
R8 =0x0000000000000005 is an unknown value
R9 =0x0000000000000000 is an unknown value
R10=0x000000000000007a is an unknown value
R11=0x00007fd2b13fc2d8 is at entry_point+24 in (nmethod*)0x00007fd2b13fc150
R12=0x00007fd2680169c0 is an unknown value
R13=0x0000000000000000 is an unknown value
R14=0x00007fd2a900d7c0: <offset 0x2587c0> in /usr/lib/jvm/java-8-oracle/jre/lib/amd64/libawt_xawt.so at 0x00007fd2a8db5000
R15=0x00007fd2c029e000 is a thread


Stack: [0x00007fd2a3256000,0x00007fd2a3357000],  sp=0x00007fd2a33554f8,  free space=1021k
Native frames: (J=compiled Java code, j=interpreted, Vv=VM code, C=native code)
v  ~BufferBlob::jni_fast_GetLongField
C  [libX11.so.6+0x61ae8]  _XimServerDestroy+0x58

Java frames: (J=compiled Java code, j=interpreted, Vv=VM code)
J 1133  sun.awt.X11.XlibWrapper.XFilterEvent(JJ)Z (0 bytes) @ 0x00007fd2b13fc304 [0x00007fd2b13fc2c0+0x44]
j  sun.awt.X11.XToolkit.run(Z)V+300
j  sun.awt.X11.XToolkit.run()V+5
j  java.lang.Thread.run()V+11
v  ~StubRoutines::call_stub

---------------  P R O C E S S  ---------------

Java Threads: ( => current thread )
  0x00007fd268020800 JavaThread "TimerQueue" daemon [_thread_blocked, id=4016, stack(0x00007fd2a24ac000,0x00007fd2a25ad000)]
  0x00007fd2c0009800 JavaThread "DestroyJavaVM" [_thread_blocked, id=3998, stack(0x00007fd2c9954000,0x00007fd2c9a55000)]
  0x00007fd2c035b000 JavaThread "AWT-EventQueue-0" [_thread_blocked, id=4015, stack(0x00007fd2a2e54000,0x00007fd2a2f55000)]
  0x00007fd2c0359000 JavaThread "AWT-Shutdown" [_thread_blocked, id=4014, stack(0x00007fd2a2f55000,0x00007fd2a3056000)]
=>0x00007fd2c029e000 JavaThread "AWT-XAWT" daemon [_thread_in_native, id=4013, stack(0x00007fd2a3256000,0x00007fd2a3357000)]
  0x00007fd2c027b000 JavaThread "Java2D Disposer" daemon [_thread_blocked, id=4012, stack(0x00007fd2b0013000,0x00007fd2b0114000)]
  0x00007fd2c00d8000 JavaThread "Service Thread" daemon [_thread_blocked, id=4010, stack(0x00007fd2b0215000,0x00007fd2b0316000)]
  0x00007fd2c00b0000 JavaThread "C1 CompilerThread2" daemon [_thread_blocked, id=4009, stack(0x00007fd2b0316000,0x00007fd2b0417000)]
  0x00007fd2c00ae000 JavaThread "C2 CompilerThread1" daemon [_thread_blocked, id=4008, stack(0x00007fd2b0417000,0x00007fd2b0518000)]
  0x00007fd2c00ab000 JavaThread "C2 CompilerThread0" daemon [_thread_blocked, id=4007, stack(0x00007fd2b0518000,0x00007fd2b0619000)]
  0x00007fd2c00a9000 JavaThread "Signal Dispatcher" daemon [_thread_blocked, id=4006, stack(0x00007fd2b0619000,0x00007fd2b071a000)]
  0x00007fd2c007c000 JavaThread "Finalizer" daemon [_thread_blocked, id=4005, stack(0x00007fd2b0dfe000,0x00007fd2b0eff000)]
  0x00007fd2c007a000 JavaThread "Reference Handler" daemon [_thread_blocked, id=4004, stack(0x00007fd2b0eff000,0x00007fd2b1000000)]

Other Threads:
  0x00007fd2c0075000 VMThread [stack: 0x00007fd2c40b9000,0x00007fd2c41ba000] [id=4003]
  0x00007fd2c00da000 WatcherThread [stack: 0x00007fd2b0114000,0x00007fd2b0215000] [id=4011]

VM state:not at safepoint (normal execution)

VM Mutex/Monitor currently owned by a thread: None

Heap:
 PSYoungGen      total 27648K, used 19752K [0x00000000e1f00000, 0x00000000e3d80000, 0x0000000100000000)
  eden space 24064K, 82% used [0x00000000e1f00000,0x00000000e324a1a0,0x00000000e3680000)
  from space 3584K, 0% used [0x00000000e3a00000,0x00000000e3a00000,0x00000000e3d80000)
  to   space 3584K, 0% used [0x00000000e3680000,0x00000000e3680000,0x00000000e3a00000)
 ParOldGen       total 62976K, used 0K [0x00000000a5c00000, 0x00000000a9980000, 0x00000000e1f00000)
  object space 62976K, 0% used [0x00000000a5c00000,0x00000000a5c00000,0x00000000a9980000)
 Metaspace       used 15673K, capacity 15920K, committed 16000K, reserved 1062912K
  class space    used 1833K, capacity 1901K, committed 1920K, reserved 1048576K

Card table byte_map: [0x00007fd2c64a0000,0x00007fd2c6773000] byte_map_base: 0x00007fd2c5f72000

Marking Bits: (ParMarkBitMap*) 0x00007fd2c8e2e2a0
 Begin Bits: [0x00007fd2a92e0000, 0x00007fd2aa970000)
 End Bits:   [0x00007fd2aa970000, 0x00007fd2ac000000)

Polling page: 0x00007fd2c9a75000

CodeCache: size=245760Kb used=6213Kb max_used=6217Kb free=239546Kb
 bounds [0x00007fd2b1000000, 0x00007fd2b1620000, 0x00007fd2c0000000]
 total_blobs=2400 nmethods=1801 adapters=513
 compilation: enabled

Compilation events (10 events):
Event: 54,152 Thread 0x00007fd2c00b0000 1820       3       javax.swing.JComponent::getNextFocusableComponent (10 bytes)
Event: 54,152 Thread 0x00007fd2c00b0000 nmethod 1820 0x00007fd2b15fb150 code [0x00007fd2b15fb2c0, 0x00007fd2b15fb5c8]
Event: 54,153 Thread 0x00007fd2c00b0000 1821   !   3       java.awt.Container::isParentOf (49 bytes)
Event: 54,154 Thread 0x00007fd2c00b0000 nmethod 1821 0x00007fd2b15fa6d0 code [0x00007fd2b15fa880, 0x00007fd2b15faf88]
Event: 54,154 Thread 0x00007fd2c00b0000 1822   !   3       java.awt.KeyboardFocusManager::getPermanentFocusOwner (42 bytes)
Event: 54,155 Thread 0x00007fd2c00b0000 nmethod 1822 0x00007fd2b1616690 code [0x00007fd2b1616820, 0x00007fd2b1616c68]
Event: 54,155 Thread 0x00007fd2c00b0000 1823  s    3       java.awt.KeyboardFocusManager::getMostRecentFocusOwner (29 bytes)
Event: 54,156 Thread 0x00007fd2c00b0000 nmethod 1823 0x00007fd2b1615d50 code [0x00007fd2b1615ee0, 0x00007fd2b1616528]
Event: 142,797 Thread 0x00007fd2c00b0000 1824       3       java.util.Vector$Itr::hasNext (20 bytes)
Event: 142,797 Thread 0x00007fd2c00b0000 nmethod 1824 0x00007fd2b15fa2d0 code [0x00007fd2b15fa440, 0x00007fd2b15fa610]

GC Heap History (0 events):
No events

Deoptimization events (10 events):
Event: 3,608 Thread 0x00007fd2c035b000 Uncommon trap: reason=class_check action=maybe_recompile pc=0x00007fd2b11b41a4 method=java.lang.String.equals(Ljava/lang/Object;)Z @ 8
Event: 4,771 Thread 0x00007fd2c035b000 Uncommon trap: reason=bimorphic action=maybe_recompile pc=0x00007fd2b12bbb58 method=java.util.HashMap.putVal(ILjava/lang/Object;Ljava/lang/Object;ZZ)Ljava/lang/Object; @ 203
Event: 4,772 Thread 0x00007fd2c035b000 Uncommon trap: reason=bimorphic action=maybe_recompile pc=0x00007fd2b12bbb58 method=java.util.HashMap.putVal(ILjava/lang/Object;Ljava/lang/Object;ZZ)Ljava/lang/Object; @ 203
Event: 4,772 Thread 0x00007fd2c035b000 Uncommon trap: reason=bimorphic action=maybe_recompile pc=0x00007fd2b12bbb58 method=java.util.HashMap.putVal(ILjava/lang/Object;Ljava/lang/Object;ZZ)Ljava/lang/Object; @ 203
Event: 4,772 Thread 0x00007fd2c035b000 Uncommon trap: reason=bimorphic action=maybe_recompile pc=0x00007fd2b12bbb58 method=java.util.HashMap.putVal(ILjava/lang/Object;Ljava/lang/Object;ZZ)Ljava/lang/Object; @ 203
Event: 5,496 Thread 0x00007fd2c035b000 Uncommon trap: reason=class_check action=maybe_recompile pc=0x00007fd2b11b41a4 method=java.lang.String.equals(Ljava/lang/Object;)Z @ 8
Event: 5,496 Thread 0x00007fd2c035b000 Uncommon trap: reason=class_check action=maybe_recompile pc=0x00007fd2b11b41a4 method=java.lang.String.equals(Ljava/lang/Object;)Z @ 8
Event: 22,560 Thread 0x00007fd2c035b000 Uncommon trap: reason=unreached action=reinterpret pc=0x00007fd2b149fbd4 method=java.awt.Container$MouseEventTargetFilter.accept(Ljava/awt/Component;)Z @ 57
Event: 33,076 Thread 0x00007fd2c035b000 Uncommon trap: reason=unreached action=reinterpret pc=0x00007fd2b1539000 method=java.awt.EventQueue.getPriority(Ljava/awt/AWTEvent;)I @ 4
Event: 33,076 Thread 0x00007fd2c035b000 Uncommon trap: reason=unreached action=reinterpret pc=0x00007fd2b152c3e0 method=java.awt.EventQueue.eventToCacheIndex(Ljava/awt/AWTEvent;)I @ 71

Internal exceptions (10 events):
Event: 0,539 Thread 0x00007fd2c0009800 Exception <a 'java/security/PrivilegedActionException'> (0x00000000e242ccd0) thrown at [/HUDSON/workspace/8-2-build-linux-amd64/jdk8u31/2394/hotspot/src/share/vm/prims/jvm.cpp, line 1312]
Event: 0,540 Thread 0x00007fd2c0009800 Exception <a 'java/security/PrivilegedActionException'> (0x00000000e242fd98) thrown at [/HUDSON/workspace/8-2-build-linux-amd64/jdk8u31/2394/hotspot/src/share/vm/prims/jvm.cpp, line 1312]
Event: 0,951 Thread 0x00007fd2c035b000 Exception <a 'java/lang/UnsupportedOperationException': > (0x00000000e24d1518) thrown at [/HUDSON/workspace/8-2-build-linux-amd64/jdk8u31/2394/hotspot/src/share/vm/prims/jni.cpp, line 742]
Event: 31,233 Thread 0x00007fd2c035b000 Exception <a 'java/lang/UnsupportedOperationException': > (0x00000000e2ebcf88) thrown at [/HUDSON/workspace/8-2-build-linux-amd64/jdk8u31/2394/hotspot/src/share/vm/prims/jni.cpp, line 742]
Event: 38,308 Thread 0x00007fd2c035b000 Exception <a 'java/security/PrivilegedActionException'> (0x00000000e3001e58) thrown at [/HUDSON/workspace/8-2-build-linux-amd64/jdk8u31/2394/hotspot/src/share/vm/prims/jvm.cpp, line 1312]
Event: 38,308 Thread 0x00007fd2c035b000 Exception <a 'java/security/PrivilegedActionException'> (0x00000000e30036c0) thrown at [/HUDSON/workspace/8-2-build-linux-amd64/jdk8u31/2394/hotspot/src/share/vm/prims/jvm.cpp, line 1312]
Event: 38,309 Thread 0x00007fd2c035b000 Exception <a 'java/security/PrivilegedActionException'> (0x00000000e30060c0) thrown at [/HUDSON/workspace/8-2-build-linux-amd64/jdk8u31/2394/hotspot/src/share/vm/prims/jvm.cpp, line 1312]
Event: 38,309 Thread 0x00007fd2c035b000 Exception <a 'java/security/PrivilegedActionException'> (0x00000000e3007970) thrown at [/HUDSON/workspace/8-2-build-linux-amd64/jdk8u31/2394/hotspot/src/share/vm/prims/jvm.cpp, line 1312]
Event: 43,803 Thread 0x00007fd2c035b000 Exception <a 'java/lang/UnsupportedOperationException': > (0x00000000e30d02f0) thrown at [/HUDSON/workspace/8-2-build-linux-amd64/jdk8u31/2394/hotspot/src/share/vm/prims/jni.cpp, line 742]
Event: 51,430 Thread 0x00007fd2c035b000 Exception <a 'java/lang/UnsupportedOperationException': > (0x00000000e314e1d0) thrown at [/HUDSON/workspace/8-2-build-linux-amd64/jdk8u31/2394/hotspot/src/share/vm/prims/jni.cpp, line 742]

Events (10 events):
Event: 114,506 loading class sun/awt/X11/XSelectionClearEvent done
Event: 114,506 Executing VM operation: RevokeBias
Event: 114,506 Executing VM operation: RevokeBias done
Event: 114,506 loading class sun/awt/datatransfer/SunClipboard$2
Event: 114,507 loading class sun/awt/datatransfer/SunClipboard$2 done
Event: 114,507 Executing VM operation: RevokeBias
Event: 114,507 Executing VM operation: RevokeBias done
Event: 142,798 Thread 0x00007fd2c00b0000 flushing nmethod 0x00007fd2b113ff50
Event: 496,976 loading class sun/awt/X11/XDestroyWindowEvent
Event: 496,977 loading class sun/awt/X11/XDestroyWindowEvent done


Dynamic libraries:
00400000-00401000 r-xp 00000000 08:06 3149874                            /usr/lib/jvm/java-8-oracle/bin/java
00600000-00601000 rw-p 00000000 08:06 3149874                            /usr/lib/jvm/java-8-oracle/bin/java
00da8000-00dc9000 rw-p 00000000 00:00 0                                  [heap]
a5c00000-a9980000 rw-p 00000000 00:00 0 
a9980000-e1f00000 ---p 00000000 00:00 0 
e1f00000-e3d80000 rw-p 00000000 00:00 0 
e3d80000-100000000 ---p 00000000 00:00 0 
100000000-1001e0000 rw-p 00000000 00:00 0 
1001e0000-140000000 ---p 00000000 00:00 0 
7fd25c000000-7fd25c021000 rw-p 00000000 00:00 0 
7fd25c021000-7fd260000000 ---p 00000000 00:00 0 
7fd260000000-7fd260021000 rw-p 00000000 00:00 0 
7fd260021000-7fd264000000 ---p 00000000 00:00 0 
7fd264000000-7fd264021000 rw-p 00000000 00:00 0 
7fd264021000-7fd268000000 ---p 00000000 00:00 0 
7fd268000000-7fd26829a000 rw-p 00000000 00:00 0 
7fd26829a000-7fd26c000000 ---p 00000000 00:00 0 
7fd26c000000-7fd26c021000 rw-p 00000000 00:00 0 
7fd26c021000-7fd270000000 ---p 00000000 00:00 0 
7fd270000000-7fd270029000 rw-p 00000000 00:00 0 
7fd270029000-7fd274000000 ---p 00000000 00:00 0 
7fd274000000-7fd274021000 rw-p 00000000 00:00 0 
7fd274021000-7fd278000000 ---p 00000000 00:00 0 
7fd278000000-7fd278021000 rw-p 00000000 00:00 0 
7fd278021000-7fd27c000000 ---p 00000000 00:00 0 
7fd27c000000-7fd27cc77000 rw-p 00000000 00:00 0 
7fd27cc77000-7fd280000000 ---p 00000000 00:00 0 
7fd280000000-7fd280718000 rw-p 00000000 00:00 0 
7fd280718000-7fd284000000 ---p 00000000 00:00 0 
7fd284000000-7fd284021000 rw-p 00000000 00:00 0 
7fd284021000-7fd288000000 ---p 00000000 00:00 0 
7fd288000000-7fd28888c000 rw-p 00000000 00:00 0 
7fd28888c000-7fd28c000000 ---p 00000000 00:00 0 
7fd28c000000-7fd28c021000 rw-p 00000000 00:00 0 
7fd28c021000-7fd290000000 ---p 00000000 00:00 0 
7fd290000000-7fd290021000 rw-p 00000000 00:00 0 
7fd290021000-7fd294000000 ---p 00000000 00:00 0 
7fd294000000-7fd294021000 rw-p 00000000 00:00 0 
7fd294021000-7fd298000000 ---p 00000000 00:00 0 
7fd298000000-7fd298021000 rw-p 00000000 00:00 0 
7fd298021000-7fd29c000000 ---p 00000000 00:00 0 
7fd29c000000-7fd29c021000 rw-p 00000000 00:00 0 
7fd29c021000-7fd2a0000000 ---p 00000000 00:00 0 
7fd2a21ab000-7fd2a21ae000 ---p 00000000 00:00 0 
7fd2a21ae000-7fd2a246c000 rw-p 00000000 00:00 0 
7fd2a246c000-7fd2a24ac000 ---p 00000000 00:00 0 
7fd2a24ac000-7fd2a24af000 ---p 00000000 00:00 0 
7fd2a24af000-7fd2a25ad000 rw-p 00000000 00:00 0                          [stack:4016]
7fd2a25ad000-7fd2a2616000 r-xp 00000000 08:06 3149737                    /usr/lib/jvm/java-8-oracle/jre/lib/amd64/libt2k.so
7fd2a2616000-7fd2a2815000 ---p 00069000 08:06 3149737                    /usr/lib/jvm/java-8-oracle/jre/lib/amd64/libt2k.so
7fd2a2815000-7fd2a281c000 rw-p 00068000 08:06 3149737                    /usr/lib/jvm/java-8-oracle/jre/lib/amd64/libt2k.so
7fd2a281c000-7fd2a282c000 rw-p 00000000 00:00 0 
7fd2a282c000-7fd2a283d000 r-xp 00000000 08:06 3149767                    /usr/lib/jvm/java-8-oracle/jre/lib/amd64/libnio.so
7fd2a283d000-7fd2a2a3c000 ---p 00011000 08:06 3149767                    /usr/lib/jvm/java-8-oracle/jre/lib/amd64/libnio.so
7fd2a2a3c000-7fd2a2a3d000 rw-p 00010000 08:06 3149767                    /usr/lib/jvm/java-8-oracle/jre/lib/amd64/libnio.so
7fd2a2a3d000-7fd2a2a53000 r-xp 00000000 08:06 3149777                    /usr/lib/jvm/java-8-oracle/jre/lib/amd64/libnet.so
7fd2a2a53000-7fd2a2c53000 ---p 00016000 08:06 3149777                    /usr/lib/jvm/java-8-oracle/jre/lib/amd64/libnet.so
7fd2a2c53000-7fd2a2c54000 rw-p 00016000 08:06 3149777                    /usr/lib/jvm/java-8-oracle/jre/lib/amd64/libnet.so
7fd2a2c54000-7fd2a2e54000 rw-p 00000000 00:00 0 
7fd2a2e54000-7fd2a2e57000 ---p 00000000 00:00 0 
7fd2a2e57000-7fd2a2f55000 rw-p 00000000 00:00 0                          [stack:4015]
7fd2a2f55000-7fd2a2f58000 ---p 00000000 00:00 0 
7fd2a2f58000-7fd2a3256000 rw-p 00000000 00:00 0                          [stack:4014]
7fd2a3256000-7fd2a3259000 ---p 00000000 00:00 0 
7fd2a3259000-7fd2a3357000 rw-p 00000000 00:00 0                          [stack:4013]
7fd2a3357000-7fd2a335c000 r-xp 00000000 08:06 2891577                    /usr/lib/x86_64-linux-gnu/libXfixes.so.3.1.0
7fd2a335c000-7fd2a355b000 ---p 00005000 08:06 2891577                    /usr/lib/x86_64-linux-gnu/libXfixes.so.3.1.0
7fd2a355b000-7fd2a355c000 r--p 00004000 08:06 2891577                    /usr/lib/x86_64-linux-gnu/libXfixes.so.3.1.0
7fd2a355c000-7fd2a355d000 rw-p 00005000 08:06 2891577                    /usr/lib/x86_64-linux-gnu/libXfixes.so.3.1.0
7fd2a355d000-7fd2a3566000 r-xp 00000000 08:06 2891569                    /usr/lib/x86_64-linux-gnu/libXcursor.so.1.0.2
7fd2a3566000-7fd2a3765000 ---p 00009000 08:06 2891569                    /usr/lib/x86_64-linux-gnu/libXcursor.so.1.0.2
7fd2a3765000-7fd2a3766000 r--p 00008000 08:06 2891569                    /usr/lib/x86_64-linux-gnu/libXcursor.so.1.0.2
7fd2a3766000-7fd2a3767000 rw-p 00009000 08:06 2891569                    /usr/lib/x86_64-linux-gnu/libXcursor.so.1.0.2
7fd2a3767000-7fd2a377d000 r-xp 00000000 08:06 13373313                   /lib/x86_64-linux-gnu/libgcc_s.so.1
7fd2a377d000-7fd2a397c000 ---p 00016000 08:06 13373313                   /lib/x86_64-linux-gnu/libgcc_s.so.1
7fd2a397c000-7fd2a397d000 rw-p 00015000 08:06 13373313                   /lib/x86_64-linux-gnu/libgcc_s.so.1
7fd2a397d000-7fd2a39e2000 r-xp 00000000 08:06 3149779                    /usr/lib/jvm/java-8-oracle/jre/lib/amd64/libfontmanager.so
7fd2a39e2000-7fd2a3be1000 ---p 00065000 08:06 3149779                    /usr/lib/jvm/java-8-oracle/jre/lib/amd64/libfontmanager.so
7fd2a3be1000-7fd2a3be5000 rw-p 00064000 08:06 3149779                    /usr/lib/jvm/java-8-oracle/jre/lib/amd64/libfontmanager.so
7fd2a3be5000-7fd2a3bf6000 rw-p 00000000 00:00 0 
7fd2a3bf6000-7fd2a3bfb000 r-xp 00000000 08:06 2891573                    /usr/lib/x86_64-linux-gnu/libXdmcp.so.6.0.0
7fd2a3bfb000-7fd2a3dfa000 ---p 00005000 08:06 2891573                    /usr/lib/x86_64-linux-gnu/libXdmcp.so.6.0.0
7fd2a3dfa000-7fd2a3dfb000 r--p 00004000 08:06 2891573                    /usr/lib/x86_64-linux-gnu/libXdmcp.so.6.0.0
7fd2a3dfb000-7fd2a3dfc000 rw-p 00005000 08:06 2891573                    /usr/lib/x86_64-linux-gnu/libXdmcp.so.6.0.0
7fd2a3dfc000-7fd2a3dfe000 r-xp 00000000 08:06 2891562                    /usr/lib/x86_64-linux-gnu/libXau.so.6.0.0
7fd2a3dfe000-7fd2a3ffe000 ---p 00002000 08:06 2891562                    /usr/lib/x86_64-linux-gnu/libXau.so.6.0.0
7fd2a3ffe000-7fd2a3fff000 r--p 00002000 08:06 2891562                    /usr/lib/x86_64-linux-gnu/libXau.so.6.0.0
7fd2a3fff000-7fd2a4000000 rw-p 00003000 08:06 2891562                    /usr/lib/x86_64-linux-gnu/libXau.so.6.0.0
7fd2a4000000-7fd2a4021000 rw-p 00000000 00:00 0 
7fd2a4021000-7fd2a8000000 ---p 00000000 00:00 0 
7fd2a8013000-7fd2a802f000 r--s 00393000 08:06 3149826                    /usr/lib/jvm/java-8-oracle/jre/lib/ext/cldrdata.jar
7fd2a802f000-7fd2a804c000 r-xp 00000000 08:06 2892632                    /usr/lib/x86_64-linux-gnu/libxcb.so.1.1.0
7fd2a804c000-7fd2a824c000 ---p 0001d000 08:06 2892632                    /usr/lib/x86_64-linux-gnu/libxcb.so.1.1.0
7fd2a824c000-7fd2a824d000 r--p 0001d000 08:06 2892632                    /usr/lib/x86_64-linux-gnu/libxcb.so.1.1.0
7fd2a824d000-7fd2a824e000 rw-p 0001e000 08:06 2892632                    /usr/lib/x86_64-linux-gnu/libxcb.so.1.1.0
7fd2a824e000-7fd2a825d000 r-xp 00000000 08:06 2891583                    /usr/lib/x86_64-linux-gnu/libXi.so.6.1.0
7fd2a825d000-7fd2a845c000 ---p 0000f000 08:06 2891583                    /usr/lib/x86_64-linux-gnu/libXi.so.6.1.0
7fd2a845c000-7fd2a845d000 r--p 0000e000 08:06 2891583                    /usr/lib/x86_64-linux-gnu/libXi.so.6.1.0
7fd2a845d000-7fd2a845e000 rw-p 0000f000 08:06 2891583                    /usr/lib/x86_64-linux-gnu/libXi.so.6.1.0
7fd2a845e000-7fd2a8463000 r-xp 00000000 08:06 2891603                    /usr/lib/x86_64-linux-gnu/libXtst.so.6.1.0
7fd2a8463000-7fd2a8662000 ---p 00005000 08:06 2891603                    /usr/lib/x86_64-linux-gnu/libXtst.so.6.1.0
7fd2a8662000-7fd2a8663000 r--p 00004000 08:06 2891603                    /usr/lib/x86_64-linux-gnu/libXtst.so.6.1.0
7fd2a8663000-7fd2a8664000 rw-p 00005000 08:06 2891603                    /usr/lib/x86_64-linux-gnu/libXtst.so.6.1.0
7fd2a8664000-7fd2a866d000 r-xp 00000000 08:06 2891597                    /usr/lib/x86_64-linux-gnu/libXrender.so.1.3.0
7fd2a866d000-7fd2a886c000 ---p 00009000 08:06 2891597                    /usr/lib/x86_64-linux-gnu/libXrender.so.1.3.0
7fd2a886c000-7fd2a886d000 r--p 00008000 08:06 2891597                    /usr/lib/x86_64-linux-gnu/libXrender.so.1.3.0
7fd2a886d000-7fd2a886e000 rw-p 00009000 08:06 2891597                    /usr/lib/x86_64-linux-gnu/libXrender.so.1.3.0
7fd2a886e000-7fd2a899e000 r-xp 00000000 08:06 2891558                    /usr/lib/x86_64-linux-gnu/libX11.so.6.3.0
7fd2a899e000-7fd2a8b9e000 ---p 00130000 08:06 2891558                    /usr/lib/x86_64-linux-gnu/libX11.so.6.3.0
7fd2a8b9e000-7fd2a8b9f000 r--p 00130000 08:06 2891558                    /usr/lib/x86_64-linux-gnu/libX11.so.6.3.0
7fd2a8b9f000-7fd2a8ba3000 rw-p 00131000 08:06 2891558                    /usr/lib/x86_64-linux-gnu/libX11.so.6.3.0
7fd2a8ba3000-7fd2a8bb4000 r-xp 00000000 08:06 2891575                    /usr/lib/x86_64-linux-gnu/libXext.so.6.4.0
7fd2a8bb4000-7fd2a8db3000 ---p 00011000 08:06 2891575                    /usr/lib/x86_64-linux-gnu/libXext.so.6.4.0
7fd2a8db3000-7fd2a8db4000 r--p 00010000 08:06 2891575                    /usr/lib/x86_64-linux-gnu/libXext.so.6.4.0
7fd2a8db4000-7fd2a8db5000 rw-p 00011000 08:06 2891575                    /usr/lib/x86_64-linux-gnu/libXext.so.6.4.0
7fd2a8db5000-7fd2a8e09000 r-xp 00000000 08:06 3149772                    /usr/lib/jvm/java-8-oracle/jre/lib/amd64/libawt_xawt.so
7fd2a8e09000-7fd2a9009000 ---p 00054000 08:06 3149772                    /usr/lib/jvm/java-8-oracle/jre/lib/amd64/libawt_xawt.so
7fd2a9009000-7fd2a900d000 rw-p 00054000 08:06 3149772                    /usr/lib/jvm/java-8-oracle/jre/lib/amd64/libawt_xawt.so
7fd2a900d000-7fd2a900e000 rw-p 00000000 00:00 0 
7fd2a900e000-7fd2a90b0000 r-xp 00000000 08:06 3149784                    /usr/lib/jvm/java-8-oracle/jre/lib/amd64/libawt.so
7fd2a90b0000-7fd2a92b0000 ---p 000a2000 08:06 3149784                    /usr/lib/jvm/java-8-oracle/jre/lib/amd64/libawt.so
7fd2a92b0000-7fd2a92bc000 rw-p 000a2000 08:06 3149784                    /usr/lib/jvm/java-8-oracle/jre/lib/amd64/libawt.so
7fd2a92bc000-7fd2ac000000 rw-p 00000000 00:00 0 
7fd2ac000000-7fd2ac021000 rw-p 00000000 00:00 0 
7fd2ac021000-7fd2b0000000 ---p 00000000 00:00 0 
7fd2b0013000-7fd2b0016000 ---p 00000000 00:00 0 
7fd2b0016000-7fd2b0114000 rw-p 00000000 00:00 0                          [stack:4012]
7fd2b0114000-7fd2b0115000 ---p 00000000 00:00 0 
7fd2b0115000-7fd2b0215000 rw-p 00000000 00:00 0                          [stack:4011]
7fd2b0215000-7fd2b0218000 ---p 00000000 00:00 0 
7fd2b0218000-7fd2b0316000 rw-p 00000000 00:00 0                          [stack:4010]
7fd2b0316000-7fd2b0319000 ---p 00000000 00:00 0 
7fd2b0319000-7fd2b0417000 rw-p 00000000 00:00 0                          [stack:4009]
7fd2b0417000-7fd2b041a000 ---p 00000000 00:00 0 
7fd2b041a000-7fd2b0518000 rw-p 00000000 00:00 0                          [stack:4008]
7fd2b0518000-7fd2b051b000 ---p 00000000 00:00 0 
7fd2b051b000-7fd2b0619000 rw-p 00000000 00:00 0                          [stack:4007]
7fd2b0619000-7fd2b061c000 ---p 00000000 00:00 0 
7fd2b061c000-7fd2b071a000 rw-p 00000000 00:00 0                          [stack:4006]
7fd2b071a000-7fd2b0dfe000 r--p 00000000 08:06 2890563                    /usr/lib/locale/locale-archive
7fd2b0dfe000-7fd2b0e01000 ---p 00000000 00:00 0 
7fd2b0e01000-7fd2b0eff000 rw-p 00000000 00:00 0                          [stack:4005]
7fd2b0eff000-7fd2b0f02000 ---p 00000000 00:00 0 
7fd2b0f02000-7fd2b1000000 rw-p 00000000 00:00 0                          [stack:4004]
7fd2b1000000-7fd2b1620000 rwxp 00000000 00:00 0 
7fd2b1620000-7fd2c0000000 ---p 00000000 00:00 0 
7fd2c0000000-7fd2c0635000 rw-p 00000000 00:00 0 
7fd2c0635000-7fd2c4000000 ---p 00000000 00:00 0 
7fd2c4018000-7fd2c4019000 r--s 00000000 08:06 917794                     /var/cache/fontconfig/c05880de57d1f5e948fdfacc138775d9-le64.cache-4
7fd2c4019000-7fd2c4024000 r--s 00000000 08:06 917788                     /var/cache/fontconfig/945677eb7aeaf62f1d50efc3fb3ec7d8-le64.cache-4
7fd2c4024000-7fd2c402a000 r--s 00000000 08:06 917774                     /var/cache/fontconfig/2cd17615ca594fa2959ae173292e504c-le64.cache-4
7fd2c402a000-7fd2c402b000 r--s 00000000 08:06 917804                     /var/cache/fontconfig/e7071f4a29fa870f4323321c154eba04-le64.cache-4
7fd2c402b000-7fd2c402c000 r--s 00000000 08:06 917771                     /var/cache/fontconfig/0d8c3b2ac0904cb8a57a757ad11a4a08-le64.cache-4
7fd2c402c000-7fd2c4033000 r--s 00000000 08:06 917791                     /var/cache/fontconfig/a755afe4a08bf5b97852ceb7400b47bc-le64.cache-4
7fd2c4033000-7fd2c4037000 r--s 00000000 08:06 929082                     /var/cache/fontconfig/6d41288fd70b0be22e8c3a91e032eec0-le64.cache-4
7fd2c4037000-7fd2c404b000 r--s 00000000 08:06 917769                     /var/cache/fontconfig/04aabc0a78ac019cf9454389977116d2-le64.cache-4
7fd2c404b000-7fd2c404c000 r--s 00000000 08:06 917773                     /var/cache/fontconfig/1ac9eb803944fde146138c791f5cc56a-le64.cache-4
7fd2c404c000-7fd2c4050000 r--s 00000000 08:06 917777                     /var/cache/fontconfig/385c0604a188198f04d133e54aba7fe7-le64.cache-4
7fd2c4050000-7fd2c4051000 r--s 00000000 08:06 917801                     /var/cache/fontconfig/dc05db6664285cc2f12bf69c139ae4c3-le64.cache-4
7fd2c4051000-7fd2c4056000 r--s 00000000 08:06 917787                     /var/cache/fontconfig/8801497958630a81b71ace7c5f9b32a8-le64.cache-4
7fd2c4056000-7fd2c405d000 r--s 00000000 08:06 917775                     /var/cache/fontconfig/3047814df9a2f067bd2d96a2b9c36e5a-le64.cache-4
7fd2c405d000-7fd2c4063000 r--s 00000000 08:06 917792                     /var/cache/fontconfig/b47c4e1ecd0709278f4910c18777a504-le64.cache-4
7fd2c4063000-7fd2c4076000 r--s 00000000 08:06 917798                     /var/cache/fontconfig/d52a8644073d54c13679302ca1180695-le64.cache-4
7fd2c4076000-7fd2c407f000 r--s 00000000 08:06 927419                     /var/cache/fontconfig/3f7329c5293ffd510edef78f73874cfd-le64.cache-4
7fd2c407f000-7fd2c408c000 r--s 00000000 08:06 926744                     /var/cache/fontconfig/e13b20fdb08344e0e664864cc2ede53d-le64.cache-4
7fd2c408c000-7fd2c4097000 r--s 00116000 08:06 3149822                    /usr/lib/jvm/java-8-oracle/jre/lib/ext/localedata.jar
7fd2c4097000-7fd2c40b9000 r--p 00000000 08:06 4599592                    /usr/share/locale-langpack/pt_BR/LC_MESSAGES/libc.mo
7fd2c40b9000-7fd2c40ba000 ---p 00000000 00:00 0 
7fd2c40ba000-7fd2c519c000 rw-p 00000000 00:00 0                          [stack:4003]
7fd2c519c000-7fd2c5372000 r--s 03cae000 08:06 2897646                    /usr/lib/jvm/java-8-oracle/jre/lib/rt.jar
7fd2c5372000-7fd2c5eba000 rw-p 00000000 00:00 0 
7fd2c5eba000-7fd2c5ebb000 ---p 00000000 00:00 0 
7fd2c5ebb000-7fd2c5fbb000 rw-p 00000000 00:00 0                          [stack:4002]
7fd2c5fbb000-7fd2c5fbc000 ---p 00000000 00:00 0 
7fd2c5fbc000-7fd2c60bc000 rw-p 00000000 00:00 0                          [stack:4001]
7fd2c60bc000-7fd2c60bd000 ---p 00000000 00:00 0 
7fd2c60bd000-7fd2c61bd000 rw-p 00000000 00:00 0                          [stack:4000]
7fd2c61bd000-7fd2c61be000 ---p 00000000 00:00 0 
7fd2c61be000-7fd2c62dd000 rw-p 00000000 00:00 0                          [stack:3999]
7fd2c62dd000-7fd2c64a0000 ---p 00000000 00:00 0 
7fd2c64a0000-7fd2c64bf000 rw-p 00000000 00:00 0 
7fd2c64bf000-7fd2c6681000 ---p 00000000 00:00 0 
7fd2c6681000-7fd2c6691000 rw-p 00000000 00:00 0 
7fd2c6691000-7fd2c6772000 ---p 00000000 00:00 0 
7fd2c6772000-7fd2c678c000 rw-p 00000000 00:00 0 
7fd2c678c000-7fd2c6b33000 ---p 00000000 00:00 0 
7fd2c6b33000-7fd2c6b4d000 r-xp 00000000 08:06 3149765                    /usr/lib/jvm/java-8-oracle/jre/lib/amd64/libzip.so
7fd2c6b4d000-7fd2c6d4d000 ---p 0001a000 08:06 3149765                    /usr/lib/jvm/java-8-oracle/jre/lib/amd64/libzip.so
7fd2c6d4d000-7fd2c6d4e000 rw-p 0001a000 08:06 3149765                    /usr/lib/jvm/java-8-oracle/jre/lib/amd64/libzip.so
7fd2c6d4e000-7fd2c6d59000 r-xp 00000000 08:06 13375663                   /lib/x86_64-linux-gnu/libnss_files-2.19.so
7fd2c6d59000-7fd2c6f58000 ---p 0000b000 08:06 13375663                   /lib/x86_64-linux-gnu/libnss_files-2.19.so
7fd2c6f58000-7fd2c6f59000 r--p 0000a000 08:06 13375663                   /lib/x86_64-linux-gnu/libnss_files-2.19.so
7fd2c6f59000-7fd2c6f5a000 rw-p 0000b000 08:06 13375663                   /lib/x86_64-linux-gnu/libnss_files-2.19.so
7fd2c6f5a000-7fd2c6f65000 r-xp 00000000 08:06 13373484                   /lib/x86_64-linux-gnu/libnss_nis-2.19.so
7fd2c6f65000-7fd2c7164000 ---p 0000b000 08:06 13373484                   /lib/x86_64-linux-gnu/libnss_nis-2.19.so
7fd2c7164000-7fd2c7165000 r--p 0000a000 08:06 13373484                   /lib/x86_64-linux-gnu/libnss_nis-2.19.so
7fd2c7165000-7fd2c7166000 rw-p 0000b000 08:06 13373484                   /lib/x86_64-linux-gnu/libnss_nis-2.19.so
7fd2c7166000-7fd2c717d000 r-xp 00000000 08:06 13373456                   /lib/x86_64-linux-gnu/libnsl-2.19.so
7fd2c717d000-7fd2c737c000 ---p 00017000 08:06 13373456                   /lib/x86_64-linux-gnu/libnsl-2.19.so
7fd2c737c000-7fd2c737d000 r--p 00016000 08:06 13373456                   /lib/x86_64-linux-gnu/libnsl-2.19.so
7fd2c737d000-7fd2c737e000 rw-p 00017000 08:06 13373456                   /lib/x86_64-linux-gnu/libnsl-2.19.so
7fd2c737e000-7fd2c7380000 rw-p 00000000 00:00 0 
7fd2c7380000-7fd2c7389000 r-xp 00000000 08:06 13373409                   /lib/x86_64-linux-gnu/libnss_compat-2.19.so
7fd2c7389000-7fd2c7588000 ---p 00009000 08:06 13373409                   /lib/x86_64-linux-gnu/libnss_compat-2.19.so
7fd2c7588000-7fd2c7589000 r--p 00008000 08:06 13373409                   /lib/x86_64-linux-gnu/libnss_compat-2.19.so
7fd2c7589000-7fd2c758a000 rw-p 00009000 08:06 13373409                   /lib/x86_64-linux-gnu/libnss_compat-2.19.so
7fd2c758a000-7fd2c75b4000 r-xp 00000000 08:06 3149771                    /usr/lib/jvm/java-8-oracle/jre/lib/amd64/libjava.so
7fd2c75b4000-7fd2c77b4000 ---p 0002a000 08:06 3149771                    /usr/lib/jvm/java-8-oracle/jre/lib/amd64/libjava.so
7fd2c77b4000-7fd2c77b6000 rw-p 0002a000 08:06 3149771                    /usr/lib/jvm/java-8-oracle/jre/lib/amd64/libjava.so
7fd2c77b6000-7fd2c77c3000 r-xp 00000000 08:06 3149749                    /usr/lib/jvm/java-8-oracle/jre/lib/amd64/libverify.so
7fd2c77c3000-7fd2c79c3000 ---p 0000d000 08:06 3149749                    /usr/lib/jvm/java-8-oracle/jre/lib/amd64/libverify.so
7fd2c79c3000-7fd2c79c5000 rw-p 0000d000 08:06 3149749                    /usr/lib/jvm/java-8-oracle/jre/lib/amd64/libverify.so
7fd2c79c5000-7fd2c79cc000 r-xp 00000000 08:06 13373365                   /lib/x86_64-linux-gnu/librt-2.19.so
7fd2c79cc000-7fd2c7bcb000 ---p 00007000 08:06 13373365                   /lib/x86_64-linux-gnu/librt-2.19.so
7fd2c7bcb000-7fd2c7bcc000 r--p 00006000 08:06 13373365                   /lib/x86_64-linux-gnu/librt-2.19.so
7fd2c7bcc000-7fd2c7bcd000 rw-p 00007000 08:06 13373365                   /lib/x86_64-linux-gnu/librt-2.19.so
7fd2c7bcd000-7fd2c7cd2000 r-xp 00000000 08:06 13373421                   /lib/x86_64-linux-gnu/libm-2.19.so
7fd2c7cd2000-7fd2c7ed1000 ---p 00105000 08:06 13373421                   /lib/x86_64-linux-gnu/libm-2.19.so
7fd2c7ed1000-7fd2c7ed2000 r--p 00104000 08:06 13373421                   /lib/x86_64-linux-gnu/libm-2.19.so
7fd2c7ed2000-7fd2c7ed3000 rw-p 00105000 08:06 13373421                   /lib/x86_64-linux-gnu/libm-2.19.so
7fd2c7ed3000-7fd2c8b41000 r-xp 00000000 08:06 3149745                    /usr/lib/jvm/java-8-oracle/jre/lib/amd64/server/libjvm.so
7fd2c8b41000-7fd2c8d40000 ---p 00c6e000 08:06 3149745                    /usr/lib/jvm/java-8-oracle/jre/lib/amd64/server/libjvm.so
7fd2c8d40000-7fd2c8e16000 rw-p 00c6d000 08:06 3149745                    /usr/lib/jvm/java-8-oracle/jre/lib/amd64/server/libjvm.so
7fd2c8e16000-7fd2c8e59000 rw-p 00000000 00:00 0 
7fd2c8e59000-7fd2c9014000 r-xp 00000000 08:06 13373363                   /lib/x86_64-linux-gnu/libc-2.19.so
7fd2c9014000-7fd2c9214000 ---p 001bb000 08:06 13373363                   /lib/x86_64-linux-gnu/libc-2.19.so
7fd2c9214000-7fd2c9218000 r--p 001bb000 08:06 13373363                   /lib/x86_64-linux-gnu/libc-2.19.so
7fd2c9218000-7fd2c921a000 rw-p 001bf000 08:06 13373363                   /lib/x86_64-linux-gnu/libc-2.19.so
7fd2c921a000-7fd2c921f000 rw-p 00000000 00:00 0 
7fd2c921f000-7fd2c9222000 r-xp 00000000 08:06 13373405                   /lib/x86_64-linux-gnu/libdl-2.19.so
7fd2c9222000-7fd2c9421000 ---p 00003000 08:06 13373405                   /lib/x86_64-linux-gnu/libdl-2.19.so
7fd2c9421000-7fd2c9422000 r--p 00002000 08:06 13373405                   /lib/x86_64-linux-gnu/libdl-2.19.so
7fd2c9422000-7fd2c9423000 rw-p 00003000 08:06 13373405                   /lib/x86_64-linux-gnu/libdl-2.19.so
7fd2c9423000-7fd2c9438000 r-xp 00000000 08:06 2895139                    /usr/lib/jvm/java-8-oracle/lib/amd64/jli/libjli.so
7fd2c9438000-7fd2c9637000 ---p 00015000 08:06 2895139                    /usr/lib/jvm/java-8-oracle/lib/amd64/jli/libjli.so
7fd2c9637000-7fd2c9638000 rw-p 00014000 08:06 2895139                    /usr/lib/jvm/java-8-oracle/lib/amd64/jli/libjli.so
7fd2c9638000-7fd2c9651000 r-xp 00000000 08:06 13373494                   /lib/x86_64-linux-gnu/libpthread-2.19.so
7fd2c9651000-7fd2c9850000 ---p 00019000 08:06 13373494                   /lib/x86_64-linux-gnu/libpthread-2.19.so
7fd2c9850000-7fd2c9851000 r--p 00018000 08:06 13373494                   /lib/x86_64-linux-gnu/libpthread-2.19.so
7fd2c9851000-7fd2c9852000 rw-p 00019000 08:06 13373494                   /lib/x86_64-linux-gnu/libpthread-2.19.so
7fd2c9852000-7fd2c9856000 rw-p 00000000 00:00 0 
7fd2c9856000-7fd2c9879000 r-xp 00000000 08:06 13373350                   /lib/x86_64-linux-gnu/ld-2.19.so
7fd2c9879000-7fd2c987b000 r--s 00000000 08:06 917785                     /var/cache/fontconfig/767a8244fc0220cfb567a839d0392e0b-le64.cache-4
7fd2c987b000-7fd2c987c000 r--s 00000000 08:06 923908                     /var/cache/fontconfig/4794a0821666d79190d59a36cb4f44b5-le64.cache-4
7fd2c987c000-7fd2c9880000 r--s 00000000 08:06 917799                     /var/cache/fontconfig/d589a48862398ed80a3d6066f4f56f4c-le64.cache-4
7fd2c9880000-7fd2c9893000 r--s 00344000 08:06 2897476                    /usr/lib/jvm/java-8-oracle/jre/lib/resources.jar
7fd2c9893000-7fd2c9954000 rw-p 00000000 00:00 0 
7fd2c9954000-7fd2c9957000 ---p 00000000 00:00 0 
7fd2c9957000-7fd2c9a59000 rw-p 00000000 00:00 0                          [stack:3998]
7fd2c9a59000-7fd2c9a5a000 r--s 00000000 08:06 917781                     /var/cache/fontconfig/56cf4f4769d0f4abc89a4895d7bd3ae1-le64.cache-4
7fd2c9a5a000-7fd2c9a5b000 r--s 00000000 08:06 917793                     /var/cache/fontconfig/b9d506c9ac06c20b433354fa67a72993-le64.cache-4
7fd2c9a5b000-7fd2c9a5c000 r--s 00000000 08:06 917770                     /var/cache/fontconfig/0c9eb80ebd1c36541ebe2852d3bb0c49-le64.cache-4
7fd2c9a5c000-7fd2c9a60000 r--s 00000000 08:06 929081                     /var/cache/fontconfig/7ef2298fde41cc6eeb7af42e48b7d293-le64.cache-4
7fd2c9a60000-7fd2c9a67000 r--s 00000000 08:06 3287063                    /usr/lib/x86_64-linux-gnu/gconv/gconv-modules.cache
7fd2c9a67000-7fd2c9a6c000 r--s 002f8000 08:06 2895166                    /usr/lib/jvm/java-8-oracle/jre/lib/charsets.jar
7fd2c9a6c000-7fd2c9a74000 rw-s 00000000 08:06 15728860                   /tmp/hsperfdata_claudio/3992
7fd2c9a74000-7fd2c9a75000 rw-p 00000000 00:00 0 
7fd2c9a75000-7fd2c9a76000 r--p 00000000 00:00 0 
7fd2c9a76000-7fd2c9a78000 rw-p 00000000 00:00 0 
7fd2c9a78000-7fd2c9a79000 r--p 00022000 08:06 13373350                   /lib/x86_64-linux-gnu/ld-2.19.so
7fd2c9a79000-7fd2c9a7a000 rw-p 00023000 08:06 13373350                   /lib/x86_64-linux-gnu/ld-2.19.so
7fd2c9a7a000-7fd2c9a7b000 rw-p 00000000 00:00 0 
7fffd2fa2000-7fffd2fc3000 rw-p 00000000 00:00 0                          [stack]
7fffd2ffe000-7fffd3000000 r-xp 00000000 00:00 0                          [vdso]
ffffffffff600000-ffffffffff601000 r-xp 00000000 00:00 0                  [vsyscall]

VM Arguments:
jvm_args: -Dfile.encoding=UTF-8 
java_command: br.ufrj.cos.expline.scicumulus.conversion.main.ScicumulusInstantiator
java_class_path (initial): /home/claudio/Área de Trabalho/Repositories/expline-scicumulus-instantiation/bin
Launcher Type: SUN_STANDARD

Environment Variables:
JAVA_HOME=/usr/lib/jvm/java-8-oracle
PATH=/usr/local/sbin:/usr/local/bin:/usr/sbin:/usr/bin:/sbin:/bin:/usr/games:/usr/local/games:/usr/lib/jvm/java-8-oracle/bin:/usr/lib/jvm/java-8-oracle/db/bin:/usr/lib/jvm/java-8-oracle/jre/bin
SHELL=/bin/bash
DISPLAY=:0.0

Signal Handlers:
SIGSEGV: [libjvm.so+0xa7a650], sa_mask[0]=11111111011111111101111111111110, sa_flags=SA_RESTART|SA_SIGINFO
SIGBUS: [libjvm.so+0xa7a650], sa_mask[0]=11111111011111111101111111111110, sa_flags=SA_RESTART|SA_SIGINFO
SIGFPE: [libjvm.so+0x8e28f0], sa_mask[0]=11111111011111111101111111111110, sa_flags=SA_RESTART|SA_SIGINFO
SIGPIPE: [libjvm.so+0x8e28f0], sa_mask[0]=11111111011111111101111111111110, sa_flags=SA_RESTART|SA_SIGINFO
SIGXFSZ: [libjvm.so+0x8e28f0], sa_mask[0]=11111111011111111101111111111110, sa_flags=SA_RESTART|SA_SIGINFO
SIGILL: [libjvm.so+0x8e28f0], sa_mask[0]=11111111011111111101111111111110, sa_flags=SA_RESTART|SA_SIGINFO
SIGUSR1: SIG_DFL, sa_mask[0]=00000000000000000000000000000000, sa_flags=none
SIGUSR2: [libjvm.so+0x8e4120], sa_mask[0]=00100000000000000000000000000000, sa_flags=SA_RESTART|SA_SIGINFO
SIGHUP: [libjvm.so+0x8e54e0], sa_mask[0]=11111111011111111101111111111110, sa_flags=SA_RESTART|SA_SIGINFO
SIGINT: [libjvm.so+0x8e54e0], sa_mask[0]=11111111011111111101111111111110, sa_flags=SA_RESTART|SA_SIGINFO
SIGTERM: [libjvm.so+0x8e54e0], sa_mask[0]=11111111011111111101111111111110, sa_flags=SA_RESTART|SA_SIGINFO
SIGQUIT: [libjvm.so+0x8e54e0], sa_mask[0]=11111111011111111101111111111110, sa_flags=SA_RESTART|SA_SIGINFO


---------------  S Y S T E M  ---------------

OS:DISTRIB_ID=Ubuntu
DISTRIB_RELEASE=14.04
DISTRIB_CODENAME=trusty
DISTRIB_DESCRIPTION="Ubuntu 14.04.2 LTS"

uname:Linux 3.13.0-45-generic #74-Ubuntu SMP Tue Jan 13 19:36:28 UTC 2015 x86_64
libc:glibc 2.19 NPTL 2.19 
rlimit: STACK 8192k, CORE 0k, NPROC 45977, NOFILE 4096, AS infinity
load average:0,02 0,20 0,52

/proc/meminfo:
MemTotal:        5906704 kB
MemFree:         3049864 kB
Buffers:          264236 kB
Cached:          1400172 kB
SwapCached:            0 kB
Active:          1761148 kB
Inactive:         737000 kB
Active(anon):     834676 kB
Inactive(anon):    91936 kB
Active(file):     926472 kB
Inactive(file):   645064 kB
Unevictable:          32 kB
Mlocked:              32 kB
SwapTotal:       1990652 kB
SwapFree:        1990652 kB
Dirty:               228 kB
Writeback:             0 kB
AnonPages:        777700 kB
Mapped:           135316 kB
Shmem:             93248 kB
Slab:             266508 kB
SReclaimable:     235748 kB
SUnreclaim:        30760 kB
KernelStack:        4160 kB
PageTables:        12956 kB
NFS_Unstable:          0 kB
Bounce:                0 kB
WritebackTmp:          0 kB
CommitLimit:     4944004 kB
Committed_AS:    2581308 kB
VmallocTotal:   34359738367 kB
VmallocUsed:      551664 kB
VmallocChunk:   34359176380 kB
HardwareCorrupted:     0 kB
AnonHugePages:    579584 kB
HugePages_Total:       0
HugePages_Free:        0
HugePages_Rsvd:        0
HugePages_Surp:        0
Hugepagesize:       2048 kB
DirectMap4k:       58448 kB
DirectMap2M:     6027264 kB


CPU:total 4 (2 cores per cpu, 2 threads per core) family 6 model 37 stepping 5, cmov, cx8, fxsr, mmx, sse, sse2, sse3, ssse3, sse4.1, sse4.2, popcnt, ht, tsc, tscinvbit

/proc/cpuinfo:
processor	: 0
vendor_id	: GenuineIntel
cpu family	: 6
model		: 37
model name	: Intel(R) Core(TM) i3 CPU       M 370  @ 2.40GHz
stepping	: 5
microcode	: 0x2
cpu MHz		: 2394.000
cache size	: 3072 KB
physical id	: 0
siblings	: 4
core id		: 0
cpu cores	: 2
apicid		: 0
initial apicid	: 0
fpu		: yes
fpu_exception	: yes
cpuid level	: 11
wp		: yes
flags		: fpu vme de pse tsc msr pae mce cx8 apic sep mtrr pge mca cmov pat pse36 clflush dts acpi mmx fxsr sse sse2 ss ht tm pbe syscall nx rdtscp lm constant_tsc arch_perfmon pebs bts rep_good nopl xtopology nonstop_tsc aperfmperf pni dtes64 monitor ds_cpl vmx est tm2 ssse3 cx16 xtpr pdcm pcid sse4_1 sse4_2 popcnt lahf_lm arat dtherm tpr_shadow vnmi flexpriority ept vpid
bogomips	: 4787.77
clflush size	: 64
cache_alignment	: 64
address sizes	: 36 bits physical, 48 bits virtual
power management:

processor	: 1
vendor_id	: GenuineIntel
cpu family	: 6
model		: 37
model name	: Intel(R) Core(TM) i3 CPU       M 370  @ 2.40GHz
stepping	: 5
microcode	: 0x2
cpu MHz		: 2394.000
cache size	: 3072 KB
physical id	: 0
siblings	: 4
core id		: 2
cpu cores	: 2
apicid		: 4
initial apicid	: 4
fpu		: yes
fpu_exception	: yes
cpuid level	: 11
wp		: yes
flags		: fpu vme de pse tsc msr pae mce cx8 apic sep mtrr pge mca cmov pat pse36 clflush dts acpi mmx fxsr sse sse2 ss ht tm pbe syscall nx rdtscp lm constant_tsc arch_perfmon pebs bts rep_good nopl xtopology nonstop_tsc aperfmperf pni dtes64 monitor ds_cpl vmx est tm2 ssse3 cx16 xtpr pdcm pcid sse4_1 sse4_2 popcnt lahf_lm arat dtherm tpr_shadow vnmi flexpriority ept vpid
bogomips	: 4787.77
clflush size	: 64
cache_alignment	: 64
address sizes	: 36 bits physical, 48 bits virtual
power management:

processor	: 2
vendor_id	: GenuineIntel
cpu family	: 6
model		: 37
model name	: Intel(R) Core(TM) i3 CPU       M 370  @ 2.40GHz
stepping	: 5
microcode	: 0x2
cpu MHz		: 1995.000
cache size	: 3072 KB
physical id	: 0
siblings	: 4
core id		: 0
cpu cores	: 2
apicid		: 1
initial apicid	: 1
fpu		: yes
fpu_exception	: yes
cpuid level	: 11
wp		: yes
flags		: fpu vme de pse tsc msr pae mce cx8 apic sep mtrr pge mca cmov pat pse36 clflush dts acpi mmx fxsr sse sse2 ss ht tm pbe syscall nx rdtscp lm constant_tsc arch_perfmon pebs bts rep_good nopl xtopology nonstop_tsc aperfmperf pni dtes64 monitor ds_cpl vmx est tm2 ssse3 cx16 xtpr pdcm pcid sse4_1 sse4_2 popcnt lahf_lm arat dtherm tpr_shadow vnmi flexpriority ept vpid
bogomips	: 4787.77
clflush size	: 64
cache_alignment	: 64
address sizes	: 36 bits physical, 48 bits virtual
power management:

processor	: 3
vendor_id	: GenuineIntel
cpu family	: 6
model		: 37
model name	: Intel(R) Core(TM) i3 CPU       M 370  @ 2.40GHz
stepping	: 5
microcode	: 0x2
cpu MHz		: 2394.000
cache size	: 3072 KB
physical id	: 0
siblings	: 4
core id		: 2
cpu cores	: 2
apicid		: 5
initial apicid	: 5
fpu		: yes
fpu_exception	: yes
cpuid level	: 11
wp		: yes
flags		: fpu vme de pse tsc msr pae mce cx8 apic sep mtrr pge mca cmov pat pse36 clflush dts acpi mmx fxsr sse sse2 ss ht tm pbe syscall nx rdtscp lm constant_tsc arch_perfmon pebs bts rep_good nopl xtopology nonstop_tsc aperfmperf pni dtes64 monitor ds_cpl vmx est tm2 ssse3 cx16 xtpr pdcm pcid sse4_1 sse4_2 popcnt lahf_lm arat dtherm tpr_shadow vnmi flexpriority ept vpid
bogomips	: 4787.77
clflush size	: 64
cache_alignment	: 64
address sizes	: 36 bits physical, 48 bits virtual
power management:



Memory: 4k page, physical 5906704k(3068072k free), swap 1990652k(1990652k free)

vm_info: Java HotSpot(TM) 64-Bit Server VM (25.31-b07) for linux-amd64 JRE (1.8.0_31-b13), built on Dec 17 2014 20:40:15 by "java_re" with gcc 4.3.0 20080428 (Red Hat 4.3.0-8)

time: Mon Mar  2 11:04:08 2015
elapsed time: 497 seconds (0d 0h 8m 17s)

